********************************PLQ worker 58********************************
Received tuples: 0
Received punctuations: 0
Average deque size: 0
Average pane instances closed per punct.: 0
Average processing time per tuple (us): 0
********************************PLQ worker 18********************************
Received tuples: 33507
Received punctuations: 42
Average deque size: 1.64286
Average pane instances closed per punct.: 3.25
Average processing time per tuple (us): 134.253
********************************PLQ worker 10********************************
Received tuples: 71415
Received punctuations: 265
Average deque size: 0.649057
Average pane instances closed per punct.: 2.38235
Average processing time per tuple (us): 161.067
********************************PLQ worker 20********************************
Received tuples: 138284
Received punctuations: 369
Average deque size: 0.520325
Average pane instances closed per punct.: 1.62264
Average processing time per tuple (us): 160.687
********************************PLQ worker 54********************************
Received tuples: 0
Received punctuations: 0
Average deque size: 0
Average pane instances closed per punct.: 0
Average processing time per tuple (us): 0
********************************PLQ worker 56********************************
Received tuples: 0
Received punctuations: 0
Average deque size: 0
Average pane instances closed per punct.: 0
Average processing time per tuple (us): 0
********************************PLQ worker 6********************************
Received tuples: 246147
Received punctuations: 372
Average deque size: 1.6828
Average pane instances closed per punct.: 3.66667
Average processing time per tuple (us): 155.637
********************************PLQ worker 28********************************
Received tuples: 27270
Received punctuations: 12
Average deque size: 2.25
Average pane instances closed per punct.: 6.33333
Average processing time per tuple (us): 211.291
********************************PLQ worker 22********************************
Received tuples: 321675
Received punctuations: 359
Average deque size: 1.13649
Average pane instances closed per punct.: 3.48333
Average processing time per tuple (us): 155.267
********************************PLQ worker 57********************************
Received tuples: 0
Received punctuations: 0
Average deque size: 0
Average pane instances closed per punct.: 0
Average processing time per tuple (us): 0
********************************PLQ worker 53********************************
Received tuples: 0
Received punctuations: 0
Average deque size: 0
Average pane instances closed per punct.: 0
Average processing time per tuple (us): 0
********************************PLQ worker 55********************************
Received tuples: 0
Received punctuations: 0
Average deque size: 0
Average pane instances closed per punct.: 0
Average processing time per tuple (us): 0
********************************PLQ worker 43********************************
Received tuples: 0
Received punctuations: 0
Average deque size: 0
Average pane instances closed per punct.: 0
Average processing time per tuple (us): 0
********************************PLQ worker 44********************************
Received tuples: 0
Received punctuations: 0
Average deque size: 0
Average pane instances closed per punct.: 0
Average processing time per tuple (us): 0
********************************PLQ worker 4********************************
Received tuples: 618219
Received punctuations: 656
Average deque size: 1.85518
Average pane instances closed per punct.: 4.65546
Average processing time per tuple (us): 151.013
********************************PLQ worker 52********************************
Received tuples: 0
Received punctuations: 0
Average deque size: 0
Average pane instances closed per punct.: 0
Average processing time per tuple (us): 0
********************************PLQ worker 26********************************
Received tuples: 0
Received punctuations: 0
Average deque size: 0
Average pane instances closed per punct.: 0
Average processing time per tuple (us): 0
********************************PLQ worker 46********************************
Received tuples: 0
Received punctuations: 0
Average deque size: 0
Average pane instances closed per punct.: 0
Average processing time per tuple (us): 0
********************************PLQ worker 40********************************
Received tuples: 0
Received punctuations: 0
Average deque size: 0
Average pane instances closed per punct.: 0
Average processing time per tuple (us): 0
********************************PLQ worker 17********************************
Received tuples: 0
Received punctuations: 0
Average deque size: 0
Average pane instances closed per punct.: 0
Average processing time per tuple (us): 0
********************************PLQ worker 19********************************
Received tuples: 0
Received punctuations: 0
Average deque size: 0
Average pane instances closed per punct.: 0
Average processing time per tuple (us): 0
********************************PLQ worker 29********************************
Received tuples: 0
Received punctuations: 0
Average deque size: 0
Average pane instances closed per punct.: 0
Average processing time per tuple (us): 0
********************************PLQ worker 38********************************
Received tuples: 0
Received punctuations: 0
Average deque size: 0
Average pane instances closed per punct.: 0
Average processing time per tuple (us): 0
********************************PLQ worker 30********************************
Received tuples: 0
Received punctuations: 0
Average deque size: 0
Average pane instances closed per punct.: 0
Average processing time per tuple (us): 0
********************************PLQ worker 32********************************
Received tuples: 47678
Received punctuations: 27
Average deque size: 1.96296
Average pane instances closed per punct.: 4.875
Average processing time per tuple (us): 127.204
********************************PLQ worker 31********************************
Received tuples: 249510
Received punctuations: 201
Average deque size: 1.49751
Average pane instances closed per punct.: 4
Average processing time per tuple (us): 132.481
********************************PLQ worker 33********************************
Received tuples: 27106
Received punctuations: 20
Average deque size: 2.15
Average pane instances closed per punct.: 4.2
Average processing time per tuple (us): 127.437
********************************PLQ worker 42********************************
Received tuples: 0
Received punctuations: 0
Average deque size: 0
Average pane instances closed per punct.: 0
Average processing time per tuple (us): 0
********************************PLQ worker 12********************************
Received tuples: 94169
Received punctuations: 310
Average deque size: 0.470968
Average pane instances closed per punct.: 1.77273
Average processing time per tuple (us): 147.859
********************************PLQ worker 16********************************
Received tuples: 98096
Received punctuations: 298
Average deque size: 0.409396
Average pane instances closed per punct.: 1.56098
Average processing time per tuple (us): 152.96
********************************PLQ worker 13********************************
Received tuples: 169424
Received punctuations: 378
Average deque size: 0.648148
Average pane instances closed per punct.: 2.44
Average processing time per tuple (us): 157.847
********************************PLQ worker 34********************************
Received tuples: 0
Received punctuations: 0
Average deque size: 0
Average pane instances closed per punct.: 0
Average processing time per tuple (us): 0
********************************PLQ worker 48********************************
Received tuples: 0
Received punctuations: 0
Average deque size: 0
Average pane instances closed per punct.: 0
Average processing time per tuple (us): 0
********************************PLQ worker 23********************************
Received tuples: 487141
Received punctuations: 323
Average deque size: 1.78947
Average pane instances closed per punct.: 4.65753
Average processing time per tuple (us): 140.315
********************************PLQ worker 24********************************
Received tuples: 359199
Received punctuations: 264
Average deque size: 1.6553
Average pane instances closed per punct.: 4.55
Average processing time per tuple (us): 128.399
********************************PLQ worker 5********************************
Received tuples: 110342
Received punctuations: 275
Average deque size: 1.13818
Average pane instances closed per punct.: 3.09091
Average processing time per tuple (us): 204.506
********************************PLQ worker 50********************************
Received tuples: 0
Received punctuations: 0
Average deque size: 0
Average pane instances closed per punct.: 0
Average processing time per tuple (us): 0
********************************PLQ worker 37********************************
Received tuples: 10122
Received punctuations: 6
Average deque size: 1.5
Average pane instances closed per punct.: 9
Average processing time per tuple (us): 92.9615
********************************PLQ worker 47********************************
Received tuples: 0
Received punctuations: 0
Average deque size: 0
Average pane instances closed per punct.: 0
Average processing time per tuple (us): 0
********************************PLQ worker 51********************************
Received tuples: 0
Received punctuations: 0
Average deque size: 0
Average pane instances closed per punct.: 0
Average processing time per tuple (us): 0
********************************PLQ worker 36********************************
Received tuples: 124267
Received punctuations: 62
Average deque size: 3.59677
Average pane instances closed per punct.: 7.58333
Average processing time per tuple (us): 149.486
********************************PLQ worker 49********************************
Received tuples: 0
Received punctuations: 0
Average deque size: 0
Average pane instances closed per punct.: 0
Average processing time per tuple (us): 0
********************************PLQ worker 9********************************
Received tuples: 74632
Received punctuations: 265
Average deque size: 0.649057
Average pane instances closed per punct.: 2.4
Average processing time per tuple (us): 151.121
********************************PLQ worker 45********************************
Received tuples: 0
Received punctuations: 0
Average deque size: 0
Average pane instances closed per punct.: 0
Average processing time per tuple (us): 0
********************************PLQ worker 39********************************
Received tuples: 0
Received punctuations: 0
Average deque size: 0
Average pane instances closed per punct.: 0
Average processing time per tuple (us): 0
********************************PLQ worker 25********************************
Received tuples: 0
Received punctuations: 0
Average deque size: 0
Average pane instances closed per punct.: 0
Average processing time per tuple (us): 0
********************************PLQ worker 7********************************
Received tuples: 35975
Received punctuations: 114
Average deque size: 0.964912
Average pane instances closed per punct.: 3.9375
Average processing time per tuple (us): 121.963
********************************PLQ worker 27********************************
Received tuples: 0
Received punctuations: 0
Average deque size: 0
Average pane instances closed per punct.: 0
Average processing time per tuple (us): 0
********************************PLQ worker 8********************************
Received tuples: 70942
Received punctuations: 265
Average deque size: 0.675472
Average pane instances closed per punct.: 2.54545
Average processing time per tuple (us): 130.296
********************************PLQ worker 35********************************
Received tuples: 127196
Received punctuations: 62
Average deque size: 3.48387
Average pane instances closed per punct.: 7.33333
Average processing time per tuple (us): 136.417
********************************PLQ worker 41********************************
Received tuples: 0
Received punctuations: 0
Average deque size: 0
Average pane instances closed per punct.: 0
Average processing time per tuple (us): 0
********************************PLQ worker 11********************************
Received tuples: 75567
Received punctuations: 296
Average deque size: 0.351351
Average pane instances closed per punct.: 1.35135
Average processing time per tuple (us): 170.317
********************************PLQ worker 14********************************
Received tuples: 92513
Received punctuations: 353
Average deque size: 0.478754
Average pane instances closed per punct.: 1.7234
Average processing time per tuple (us): 150.541
********************************PLQ worker 2********************************
Received tuples: 578796
Received punctuations: 588
Average deque size: 2.10204
Average pane instances closed per punct.: 4.80189
Average processing time per tuple (us): 156.428
********************************PLQ worker 1********************************
Received tuples: 555052
Received punctuations: 685
Average deque size: 1.83942
Average pane instances closed per punct.: 4.0339
Average processing time per tuple (us): 169.285
********************************PLQ worker 15********************************
Received tuples: 771324
Received punctuations: 711
Average deque size: 1.25598
Average pane instances closed per punct.: 4.225
Average processing time per tuple (us): 162.629
********************************PLQ worker 21********************************
Received tuples: 304272
Received punctuations: 472
Average deque size: 0.978814
Average pane instances closed per punct.: 2.69231
Average processing time per tuple (us): 144.513
********************************PLQ worker 0********************************
Received tuples: 628482
Received punctuations: 863
Average deque size: 1.69641
Average pane instances closed per punct.: 4.08633
Average processing time per tuple (us): 237.889
********************************PLQ worker 3********************************
Received tuples: 227978
Received punctuations: 338
Average deque size: 1.61834
Average pane instances closed per punct.: 4.27451
Average processing time per tuple (us): 220.567
