****************WLQ worker 9****************
Received WLQ tasks: 390
Average no. of tuples in the results set of a window: 4181.72
Average processing time per WLQ task (us): 295561
****************WLQ worker 14****************
Received WLQ tasks: 268
Average no. of tuples in the results set of a window: 4269.76
Average processing time per WLQ task (us): 291645
****************WLQ worker 17****************
Received WLQ tasks: 223
Average no. of tuples in the results set of a window: 4158.54
Average processing time per WLQ task (us): 265958
****************WLQ worker 2****************
Received WLQ tasks: 388
Average no. of tuples in the results set of a window: 4232.21
Average processing time per WLQ task (us): 292484
****************WLQ worker 42****************
Received WLQ tasks: 321
Average no. of tuples in the results set of a window: 4567.2
Average processing time per WLQ task (us): 347515
****************WLQ worker 56****************
Received WLQ tasks: 984
Average no. of tuples in the results set of a window: 4170.24
Average processing time per WLQ task (us): 301590
****************WLQ worker 18****************
Received WLQ tasks: 331
Average no. of tuples in the results set of a window: 4704.39
Average processing time per WLQ task (us): 383560
****************WLQ worker 12****************
Received WLQ tasks: 362
Average no. of tuples in the results set of a window: 3984.88
Average processing time per WLQ task (us): 248087
****************WLQ worker 32****************
Received WLQ tasks: 191
Average no. of tuples in the results set of a window: 4509.91
Average processing time per WLQ task (us): 321083
****************WLQ worker 29****************
Received WLQ tasks: 262
Average no. of tuples in the results set of a window: 5059.86
Average processing time per WLQ task (us): 304090
****************WLQ worker 10****************
Received WLQ tasks: 414
Average no. of tuples in the results set of a window: 4120.42
Average processing time per WLQ task (us): 343303
****************WLQ worker 7****************
Received WLQ tasks: 400
Average no. of tuples in the results set of a window: 4215.82
Average processing time per WLQ task (us): 310232
****************WLQ worker 30****************
Received WLQ tasks: 167
Average no. of tuples in the results set of a window: 5327.42
Average processing time per WLQ task (us): 387009
****************WLQ worker 0****************
Received WLQ tasks: 222
Average no. of tuples in the results set of a window: 4517.94
Average processing time per WLQ task (us): 438712
****************WLQ worker 11****************
Received WLQ tasks: 403
Average no. of tuples in the results set of a window: 4271.3
Average processing time per WLQ task (us): 310485
****************WLQ worker 1****************
Received WLQ tasks: 257
Average no. of tuples in the results set of a window: 4458.83
Average processing time per WLQ task (us): 293743
****************WLQ worker 25****************
Received WLQ tasks: 339
Average no. of tuples in the results set of a window: 4553.13
Average processing time per WLQ task (us): 379211
****************WLQ worker 27****************
Received WLQ tasks: 242
Average no. of tuples in the results set of a window: 4884.25
Average processing time per WLQ task (us): 413428
****************WLQ worker 26****************
Received WLQ tasks: 240
Average no. of tuples in the results set of a window: 5037.37
Average processing time per WLQ task (us): 403014
****************WLQ worker 23****************
Received WLQ tasks: 296
Average no. of tuples in the results set of a window: 4798.45
Average processing time per WLQ task (us): 330993
****************WLQ worker 24****************
Received WLQ tasks: 328
Average no. of tuples in the results set of a window: 4372.19
Average processing time per WLQ task (us): 387781
****************WLQ worker 34****************
Received WLQ tasks: 144
Average no. of tuples in the results set of a window: 5038.85
Average processing time per WLQ task (us): 408514
****************WLQ worker 33****************
Received WLQ tasks: 173
Average no. of tuples in the results set of a window: 5158.29
Average processing time per WLQ task (us): 314772
****************WLQ worker 28****************
Received WLQ tasks: 229
Average no. of tuples in the results set of a window: 5174.62
Average processing time per WLQ task (us): 368188
****************WLQ worker 20****************
Received WLQ tasks: 376
Average no. of tuples in the results set of a window: 4762.84
Average processing time per WLQ task (us): 311243
****************WLQ worker 19****************
Received WLQ tasks: 287
Average no. of tuples in the results set of a window: 4839.41
Average processing time per WLQ task (us): 389906
****************WLQ worker 36****************
Received WLQ tasks: 135
Average no. of tuples in the results set of a window: 4946.62
Average processing time per WLQ task (us): 459609
****************WLQ worker 35****************
Received WLQ tasks: 177
Average no. of tuples in the results set of a window: 4969.15
Average processing time per WLQ task (us): 358009
****************WLQ worker 38****************
Received WLQ tasks: 322
Average no. of tuples in the results set of a window: 5036.94
Average processing time per WLQ task (us): 346088
****************WLQ worker 37****************
Received WLQ tasks: 273
Average no. of tuples in the results set of a window: 4933.68
Average processing time per WLQ task (us): 380490
****************WLQ worker 22****************
Received WLQ tasks: 186
Average no. of tuples in the results set of a window: 5058.33
Average processing time per WLQ task (us): 328612
****************WLQ worker 21****************
Received WLQ tasks: 223
Average no. of tuples in the results set of a window: 4707.5
Average processing time per WLQ task (us): 433707
****************WLQ worker 41****************
Received WLQ tasks: 305
Average no. of tuples in the results set of a window: 4692
Average processing time per WLQ task (us): 352141
****************WLQ worker 46****************
Received WLQ tasks: 163
Average no. of tuples in the results set of a window: 4241.79
Average processing time per WLQ task (us): 347173
****************WLQ worker 55****************
Received WLQ tasks: 988
Average no. of tuples in the results set of a window: 4234.95
Average processing time per WLQ task (us): 303096
****************WLQ worker 50****************
Received WLQ tasks: 931
Average no. of tuples in the results set of a window: 4052.72
Average processing time per WLQ task (us): 274167
****************WLQ worker 45****************
Received WLQ tasks: 219
Average no. of tuples in the results set of a window: 4161.09
Average processing time per WLQ task (us): 305408
****************WLQ worker 47****************
Received WLQ tasks: 184
Average no. of tuples in the results set of a window: 4203.09
Average processing time per WLQ task (us): 348001
****************WLQ worker 48****************
Received WLQ tasks: 256
Average no. of tuples in the results set of a window: 3864.29
Average processing time per WLQ task (us): 270723
****************WLQ worker 54****************
Received WLQ tasks: 949
Average no. of tuples in the results set of a window: 4239.72
Average processing time per WLQ task (us): 310657
****************WLQ worker 53****************
Received WLQ tasks: 934
Average no. of tuples in the results set of a window: 4185.08
Average processing time per WLQ task (us): 315106
****************WLQ worker 44****************
Received WLQ tasks: 201
Average no. of tuples in the results set of a window: 4283.33
Average processing time per WLQ task (us): 377632
****************WLQ worker 43****************
Received WLQ tasks: 294
Average no. of tuples in the results set of a window: 4752.46
Average processing time per WLQ task (us): 347382
****************WLQ worker 40****************
Received WLQ tasks: 276
Average no. of tuples in the results set of a window: 5131.7
Average processing time per WLQ task (us): 354306
****************WLQ worker 39****************
Received WLQ tasks: 329
Average no. of tuples in the results set of a window: 4859.47
Average processing time per WLQ task (us): 292347
****************WLQ worker 49****************
Received WLQ tasks: 664
Average no. of tuples in the results set of a window: 4154
Average processing time per WLQ task (us): 331565
****************WLQ worker 58****************
Received WLQ tasks: 1025
Average no. of tuples in the results set of a window: 4106.32
Average processing time per WLQ task (us): 310893
****************WLQ worker 57****************
Received WLQ tasks: 1012
Average no. of tuples in the results set of a window: 4142.62
Average processing time per WLQ task (us): 293835
****************WLQ worker 52****************
Received WLQ tasks: 973
Average no. of tuples in the results set of a window: 4144.31
Average processing time per WLQ task (us): 291335
****************WLQ worker 51****************
Received WLQ tasks: 959
Average no. of tuples in the results set of a window: 4122.43
Average processing time per WLQ task (us): 295120
****************WLQ worker 5****************
Received WLQ tasks: 466
Average no. of tuples in the results set of a window: 4141.27
Average processing time per WLQ task (us): 272489
****************WLQ worker 6****************
Received WLQ tasks: 393
Average no. of tuples in the results set of a window: 4218.13
Average processing time per WLQ task (us): 347197
****************WLQ worker 31****************
Received WLQ tasks: 172
Average no. of tuples in the results set of a window: 4520.71
Average processing time per WLQ task (us): 374773
****************WLQ worker 15****************
Received WLQ tasks: 249
Average no. of tuples in the results set of a window: 4809.59
Average processing time per WLQ task (us): 320105
****************WLQ worker 16****************
Received WLQ tasks: 319
Average no. of tuples in the results set of a window: 4460.61
Average processing time per WLQ task (us): 344492
****************WLQ worker 8****************
Received WLQ tasks: 356
Average no. of tuples in the results set of a window: 4220.27
Average processing time per WLQ task (us): 359271
****************WLQ worker 4****************
Received WLQ tasks: 399
Average no. of tuples in the results set of a window: 4154.23
Average processing time per WLQ task (us): 315648
****************WLQ worker 3****************
Received WLQ tasks: 397
Average no. of tuples in the results set of a window: 4468.69
Average processing time per WLQ task (us): 340018
****************WLQ worker 13****************
Received WLQ tasks: 339
Average no. of tuples in the results set of a window: 4279.54
Average processing time per WLQ task (us): 273529
