****************WLQ worker 5****************
Received WLQ tasks: 395
Average no. of tuples in the results set of a window: 4130.57
Average processing time per WLQ task (us): 396487
****************WLQ worker 6****************
Received WLQ tasks: 375
Average no. of tuples in the results set of a window: 4199.8
Average processing time per WLQ task (us): 349328
****************WLQ worker 17****************
Received WLQ tasks: 552
Average no. of tuples in the results set of a window: 4299.03
Average processing time per WLQ task (us): 337802
****************WLQ worker 18****************
Received WLQ tasks: 514
Average no. of tuples in the results set of a window: 4138.68
Average processing time per WLQ task (us): 341541
****************WLQ worker 20****************
Received WLQ tasks: 381
Average no. of tuples in the results set of a window: 4618.18
Average processing time per WLQ task (us): 422050
****************WLQ worker 19****************
Received WLQ tasks: 485
Average no. of tuples in the results set of a window: 4419.58
Average processing time per WLQ task (us): 385862
****************WLQ worker 16****************
Received WLQ tasks: 413
Average no. of tuples in the results set of a window: 4329.66
Average processing time per WLQ task (us): 358111
****************WLQ worker 15****************
Received WLQ tasks: 181
Average no. of tuples in the results set of a window: 4479.92
Average processing time per WLQ task (us): 449600
****************WLQ worker 9****************
Received WLQ tasks: 398
Average no. of tuples in the results set of a window: 4167.12
Average processing time per WLQ task (us): 355373
****************WLQ worker 10****************
Received WLQ tasks: 388
Average no. of tuples in the results set of a window: 4463.97
Average processing time per WLQ task (us): 443681
****************WLQ worker 14****************
Received WLQ tasks: 351
Average no. of tuples in the results set of a window: 4685.64
Average processing time per WLQ task (us): 413815
****************WLQ worker 13****************
Received WLQ tasks: 393
Average no. of tuples in the results set of a window: 4486.1
Average processing time per WLQ task (us): 344100
****************WLQ worker 7****************
Received WLQ tasks: 422
Average no. of tuples in the results set of a window: 4194.94
Average processing time per WLQ task (us): 389091
****************WLQ worker 8****************
Received WLQ tasks: 414
Average no. of tuples in the results set of a window: 4318.23
Average processing time per WLQ task (us): 353609
****************WLQ worker 4****************
Received WLQ tasks: 220
Average no. of tuples in the results set of a window: 4404.33
Average processing time per WLQ task (us): 453842
****************WLQ worker 3****************
Received WLQ tasks: 363
Average no. of tuples in the results set of a window: 4178.23
Average processing time per WLQ task (us): 399105
****************WLQ worker 26****************
Received WLQ tasks: 500
Average no. of tuples in the results set of a window: 4575.93
Average processing time per WLQ task (us): 393200
****************WLQ worker 25****************
Received WLQ tasks: 434
Average no. of tuples in the results set of a window: 4502.56
Average processing time per WLQ task (us): 466663
****************WLQ worker 12****************
Received WLQ tasks: 403
Average no. of tuples in the results set of a window: 4322.54
Average processing time per WLQ task (us): 379750
****************WLQ worker 11****************
Received WLQ tasks: 365
Average no. of tuples in the results set of a window: 4435.13
Average processing time per WLQ task (us): 414358
****************WLQ worker 22****************
Received WLQ tasks: 416
Average no. of tuples in the results set of a window: 4620
Average processing time per WLQ task (us): 285846
****************WLQ worker 21****************
Received WLQ tasks: 347
Average no. of tuples in the results set of a window: 4297.61
Average processing time per WLQ task (us): 331153
****************WLQ worker 1****************
Received WLQ tasks: 281
Average no. of tuples in the results set of a window: 4386.8
Average processing time per WLQ task (us): 273138
****************WLQ worker 2****************
Received WLQ tasks: 300
Average no. of tuples in the results set of a window: 3973
Average processing time per WLQ task (us): 348035
****************WLQ worker 29****************
Received WLQ tasks: 516
Average no. of tuples in the results set of a window: 4749.13
Average processing time per WLQ task (us): 403404
****************WLQ worker 30****************
Received WLQ tasks: 553
Average no. of tuples in the results set of a window: 4554.62
Average processing time per WLQ task (us): 359358
****************WLQ worker 27****************
Received WLQ tasks: 457
Average no. of tuples in the results set of a window: 4715.79
Average processing time per WLQ task (us): 437977
****************WLQ worker 28****************
Received WLQ tasks: 571
Average no. of tuples in the results set of a window: 4487.17
Average processing time per WLQ task (us): 345585
****************WLQ worker 35****************
Received WLQ tasks: 551
Average no. of tuples in the results set of a window: 4538.84
Average processing time per WLQ task (us): 349844
****************WLQ worker 36****************
Received WLQ tasks: 464
Average no. of tuples in the results set of a window: 4672.49
Average processing time per WLQ task (us): 426348
****************WLQ worker 31****************
Received WLQ tasks: 474
Average no. of tuples in the results set of a window: 4179.23
Average processing time per WLQ task (us): 344556
****************WLQ worker 32****************
Received WLQ tasks: 532
Average no. of tuples in the results set of a window: 4367.27
Average processing time per WLQ task (us): 393139
****************WLQ worker 34****************
Received WLQ tasks: 502
Average no. of tuples in the results set of a window: 4683.68
Average processing time per WLQ task (us): 443886
****************WLQ worker 24****************
Received WLQ tasks: 391
Average no. of tuples in the results set of a window: 4249.53
Average processing time per WLQ task (us): 309335
****************WLQ worker 23****************
Received WLQ tasks: 326
Average no. of tuples in the results set of a window: 4185.74
Average processing time per WLQ task (us): 427463
****************WLQ worker 33****************
Received WLQ tasks: 476
Average no. of tuples in the results set of a window: 4499.75
Average processing time per WLQ task (us): 472440
****************WLQ worker 39****************
Received WLQ tasks: 500
Average no. of tuples in the results set of a window: 4695.62
Average processing time per WLQ task (us): 416661
****************WLQ worker 40****************
Received WLQ tasks: 486
Average no. of tuples in the results set of a window: 4514.25
Average processing time per WLQ task (us): 452208
****************WLQ worker 0****************
Received WLQ tasks: 186
Average no. of tuples in the results set of a window: 4267.33
Average processing time per WLQ task (us): 470063
****************WLQ worker 41****************
Received WLQ tasks: 442
Average no. of tuples in the results set of a window: 4433.98
Average processing time per WLQ task (us): 516825
****************WLQ worker 38****************
Received WLQ tasks: 502
Average no. of tuples in the results set of a window: 4613.64
Average processing time per WLQ task (us): 444396
****************WLQ worker 37****************
Received WLQ tasks: 473
Average no. of tuples in the results set of a window: 4453.69
Average processing time per WLQ task (us): 442487
****************WLQ worker 53****************
Received WLQ tasks: 714
Average no. of tuples in the results set of a window: 4184.18
Average processing time per WLQ task (us): 400613
****************WLQ worker 54****************
Received WLQ tasks: 694
Average no. of tuples in the results set of a window: 4367.59
Average processing time per WLQ task (us): 433051
****************WLQ worker 47****************
Received WLQ tasks: 715
Average no. of tuples in the results set of a window: 4046.96
Average processing time per WLQ task (us): 406025
****************WLQ worker 48****************
Received WLQ tasks: 726
Average no. of tuples in the results set of a window: 4190.79
Average processing time per WLQ task (us): 415276
****************WLQ worker 57****************
Received WLQ tasks: 696
Average no. of tuples in the results set of a window: 4274.27
Average processing time per WLQ task (us): 454481
****************WLQ worker 58****************
Received WLQ tasks: 774
Average no. of tuples in the results set of a window: 4194.22
Average processing time per WLQ task (us): 427554
****************WLQ worker 55****************
Received WLQ tasks: 647
Average no. of tuples in the results set of a window: 4291.22
Average processing time per WLQ task (us): 462413
****************WLQ worker 56****************
Received WLQ tasks: 761
Average no. of tuples in the results set of a window: 4204.29
Average processing time per WLQ task (us): 404556
****************WLQ worker 50****************
Received WLQ tasks: 638
Average no. of tuples in the results set of a window: 4274.84
Average processing time per WLQ task (us): 465549
****************WLQ worker 49****************
Received WLQ tasks: 650
Average no. of tuples in the results set of a window: 4266.1
Average processing time per WLQ task (us): 459099
****************WLQ worker 45****************
Received WLQ tasks: 553
Average no. of tuples in the results set of a window: 4221.6
Average processing time per WLQ task (us): 417938
****************WLQ worker 46****************
Received WLQ tasks: 587
Average no. of tuples in the results set of a window: 4274.16
Average processing time per WLQ task (us): 409235
****************WLQ worker 43****************
Received WLQ tasks: 424
Average no. of tuples in the results set of a window: 4521.74
Average processing time per WLQ task (us): 487106
****************WLQ worker 44****************
Received WLQ tasks: 461
Average no. of tuples in the results set of a window: 4685.37
Average processing time per WLQ task (us): 445839
****************WLQ worker 52****************
Received WLQ tasks: 783
Average no. of tuples in the results set of a window: 4178.11
Average processing time per WLQ task (us): 379935
****************WLQ worker 51****************
Received WLQ tasks: 678
Average no. of tuples in the results set of a window: 4292.2
Average processing time per WLQ task (us): 453192
****************WLQ worker 42****************
Received WLQ tasks: 511
Average no. of tuples in the results set of a window: 4706.09
Average processing time per WLQ task (us): 444451
