********************************PLQ worker 33********************************
Received tuples: 0
Received punctuations: 0
Average deque size: 0
Average pane instances closed per punct.: 0
Average processing time per tuple (us): 0
********************************PLQ worker 21********************************
Received tuples: 116916
Received punctuations: 226
Average deque size: 0.774336
Average pane instances closed per punct.: 2.85294
Average processing time per tuple (us): 147.44
********************************PLQ worker 46********************************
Received tuples: 0
Received punctuations: 0
Average deque size: 0
Average pane instances closed per punct.: 0
Average processing time per tuple (us): 0
********************************PLQ worker 43********************************
Received tuples: 0
Received punctuations: 0
Average deque size: 0
Average pane instances closed per punct.: 0
Average processing time per tuple (us): 0
********************************PLQ worker 41********************************
Received tuples: 0
Received punctuations: 0
Average deque size: 0
Average pane instances closed per punct.: 0
Average processing time per tuple (us): 0
********************************PLQ worker 48********************************
Received tuples: 0
Received punctuations: 0
Average deque size: 0
Average pane instances closed per punct.: 0
Average processing time per tuple (us): 0
********************************PLQ worker 22********************************
Received tuples: 97050
Received punctuations: 216
Average deque size: 0.685185
Average pane instances closed per punct.: 2.52778
Average processing time per tuple (us): 164.969
********************************PLQ worker 15********************************
Received tuples: 70383
Received punctuations: 115
Average deque size: 0.86087
Average pane instances closed per punct.: 2.6087
Average processing time per tuple (us): 150.615
********************************PLQ worker 19********************************
Received tuples: 4839
Received punctuations: 17
Average deque size: 1.52941
Average pane instances closed per punct.: 5
Average processing time per tuple (us): 39.7967
********************************PLQ worker 34********************************
Received tuples: 0
Received punctuations: 0
Average deque size: 0
Average pane instances closed per punct.: 0
Average processing time per tuple (us): 0
********************************PLQ worker 36********************************
Received tuples: 0
Received punctuations: 0
Average deque size: 0
Average pane instances closed per punct.: 0
Average processing time per tuple (us): 0
********************************PLQ worker 39********************************
Received tuples: 0
Received punctuations: 0
Average deque size: 0
Average pane instances closed per punct.: 0
Average processing time per tuple (us): 0
********************************PLQ worker 16********************************
Received tuples: 184993
Received punctuations: 268
Average deque size: 0.914179
Average pane instances closed per punct.: 3.55556
Average processing time per tuple (us): 160.541
********************************PLQ worker 38********************************
Received tuples: 0
Received punctuations: 0
Average deque size: 0
Average pane instances closed per punct.: 0
Average processing time per tuple (us): 0
********************************PLQ worker 50********************************
Received tuples: 0
Received punctuations: 0
Average deque size: 0
Average pane instances closed per punct.: 0
Average processing time per tuple (us): 0
********************************PLQ worker 55********************************
Received tuples: 0
Received punctuations: 0
Average deque size: 0
Average pane instances closed per punct.: 0
Average processing time per tuple (us): 0
********************************PLQ worker 32********************************
Received tuples: 0
Received punctuations: 0
Average deque size: 0
Average pane instances closed per punct.: 0
Average processing time per tuple (us): 0
********************************PLQ worker 42********************************
Received tuples: 0
Received punctuations: 0
Average deque size: 0
Average pane instances closed per punct.: 0
Average processing time per tuple (us): 0
********************************PLQ worker 53********************************
Received tuples: 0
Received punctuations: 0
Average deque size: 0
Average pane instances closed per punct.: 0
Average processing time per tuple (us): 0
********************************PLQ worker 52********************************
Received tuples: 0
Received punctuations: 0
Average deque size: 0
Average pane instances closed per punct.: 0
Average processing time per tuple (us): 0
********************************PLQ worker 25********************************
Received tuples: 171258
Received punctuations: 221
Average deque size: 1.05882
Average pane instances closed per punct.: 3.84615
Average processing time per tuple (us): 163.299
********************************PLQ worker 40********************************
Received tuples: 0
Received punctuations: 0
Average deque size: 0
Average pane instances closed per punct.: 0
Average processing time per tuple (us): 0
********************************PLQ worker 29********************************
Received tuples: 0
Received punctuations: 0
Average deque size: 0
Average pane instances closed per punct.: 0
Average processing time per tuple (us): 0
********************************PLQ worker 10********************************
Received tuples: 45124
Received punctuations: 100
Average deque size: 0.72
Average pane instances closed per punct.: 2.5
Average processing time per tuple (us): 124.795
********************************PLQ worker 14********************************
Received tuples: 157703
Received punctuations: 176
Average deque size: 0.585227
Average pane instances closed per punct.: 3.19048
Average processing time per tuple (us): 291.446
********************************PLQ worker 17********************************
Received tuples: 4815
Received punctuations: 17
Average deque size: 1.88235
Average pane instances closed per punct.: 5
Average processing time per tuple (us): 48.0498
********************************PLQ worker 13********************************
Received tuples: 76437
Received punctuations: 149
Average deque size: 0.751678
Average pane instances closed per punct.: 2.95455
Average processing time per tuple (us): 195.372
********************************PLQ worker 23********************************
Received tuples: 209695
Received punctuations: 245
Average deque size: 1.03673
Average pane instances closed per punct.: 4.39024
Average processing time per tuple (us): 152.447
********************************PLQ worker 45********************************
Received tuples: 0
Received punctuations: 0
Average deque size: 0
Average pane instances closed per punct.: 0
Average processing time per tuple (us): 0
********************************PLQ worker 11********************************
Received tuples: 28903
Received punctuations: 77
Average deque size: 0.350649
Average pane instances closed per punct.: 1.61538
Average processing time per tuple (us): 161.274
********************************PLQ worker 12********************************
Received tuples: 31983
Received punctuations: 124
Average deque size: 0.475806
Average pane instances closed per punct.: 1.41176
Average processing time per tuple (us): 144
********************************PLQ worker 44********************************
Received tuples: 0
Received punctuations: 0
Average deque size: 0
Average pane instances closed per punct.: 0
Average processing time per tuple (us): 0
********************************PLQ worker 47********************************
Received tuples: 0
Received punctuations: 0
Average deque size: 0
Average pane instances closed per punct.: 0
Average processing time per tuple (us): 0
********************************PLQ worker 24********************************
Received tuples: 370431
Received punctuations: 332
Average deque size: 1.11747
Average pane instances closed per punct.: 4.60377
Average processing time per tuple (us): 207.261
********************************PLQ worker 57********************************
Received tuples: 0
Received punctuations: 0
Average deque size: 0
Average pane instances closed per punct.: 0
Average processing time per tuple (us): 0
********************************PLQ worker 20********************************
Received tuples: 4275
Received punctuations: 17
Average deque size: 1.52941
Average pane instances closed per punct.: 5
Average processing time per tuple (us): 45.6593
********************************PLQ worker 58********************************
Received tuples: 0
Received punctuations: 0
Average deque size: 0
Average pane instances closed per punct.: 0
Average processing time per tuple (us): 0
********************************PLQ worker 54********************************
Received tuples: 0
Received punctuations: 0
Average deque size: 0
Average pane instances closed per punct.: 0
Average processing time per tuple (us): 0
********************************PLQ worker 35********************************
Received tuples: 0
Received punctuations: 0
Average deque size: 0
Average pane instances closed per punct.: 0
Average processing time per tuple (us): 0
********************************PLQ worker 18********************************
Received tuples: 4635
Received punctuations: 17
Average deque size: 1.82353
Average pane instances closed per punct.: 5
Average processing time per tuple (us): 44.0565
********************************PLQ worker 49********************************
Received tuples: 0
Received punctuations: 0
Average deque size: 0
Average pane instances closed per punct.: 0
Average processing time per tuple (us): 0
********************************PLQ worker 56********************************
Received tuples: 0
Received punctuations: 0
Average deque size: 0
Average pane instances closed per punct.: 0
Average processing time per tuple (us): 0
********************************PLQ worker 26********************************
Received tuples: 0
Received punctuations: 0
Average deque size: 0
Average pane instances closed per punct.: 0
Average processing time per tuple (us): 0
********************************PLQ worker 27********************************
Received tuples: 0
Received punctuations: 0
Average deque size: 0
Average pane instances closed per punct.: 0
Average processing time per tuple (us): 0
********************************PLQ worker 28********************************
Received tuples: 0
Received punctuations: 0
Average deque size: 0
Average pane instances closed per punct.: 0
Average processing time per tuple (us): 0
********************************PLQ worker 31********************************
Received tuples: 0
Received punctuations: 0
Average deque size: 0
Average pane instances closed per punct.: 0
Average processing time per tuple (us): 0
********************************PLQ worker 51********************************
Received tuples: 0
Received punctuations: 0
Average deque size: 0
Average pane instances closed per punct.: 0
Average processing time per tuple (us): 0
********************************PLQ worker 30********************************
Received tuples: 0
Received punctuations: 0
Average deque size: 0
Average pane instances closed per punct.: 0
Average processing time per tuple (us): 0
********************************PLQ worker 5********************************
Received tuples: 427412
Received punctuations: 341
Average deque size: 3.04985
Average pane instances closed per punct.: 5.16667
Average processing time per tuple (us): 234.786
********************************PLQ worker 9********************************
Received tuples: 137595
Received punctuations: 247
Average deque size: 1.59514
Average pane instances closed per punct.: 2.63043
Average processing time per tuple (us): 136.286
********************************PLQ worker 8********************************
Received tuples: 73797
Received punctuations: 186
Average deque size: 0.61828
Average pane instances closed per punct.: 2.2
Average processing time per tuple (us): 160.18
********************************PLQ worker 3********************************
Received tuples: 394976
Received punctuations: 384
Average deque size: 1.42708
Average pane instances closed per punct.: 4.50769
Average processing time per tuple (us): 171.597
********************************PLQ worker 4********************************
Received tuples: 493733
Received punctuations: 397
Average deque size: 2.98741
Average pane instances closed per punct.: 4.51685
Average processing time per tuple (us): 159.01
********************************PLQ worker 6********************************
Received tuples: 443674
Received punctuations: 588
Average deque size: 1.86054
Average pane instances closed per punct.: 3.42574
Average processing time per tuple (us): 165.977
********************************PLQ worker 7********************************
Received tuples: 146753
Received punctuations: 250
Average deque size: 0.776
Average pane instances closed per punct.: 2.87179
Average processing time per tuple (us): 192.533
********************************PLQ worker 37********************************
Received tuples: 679705
Received punctuations: 441
Average deque size: 1.48526
Average pane instances closed per punct.: 6.41667
Average processing time per tuple (us): 229.908
********************************PLQ worker 2********************************
Received tuples: 740463
Received punctuations: 716
Average deque size: 2.09218
Average pane instances closed per punct.: 4.36364
Average processing time per tuple (us): 182.941
********************************PLQ worker 0********************************
Received tuples: 1007568
Received punctuations: 1114
Average deque size: 1.99102
Average pane instances closed per punct.: 4.51462
Average processing time per tuple (us): 256.099
********************************PLQ worker 1********************************
Received tuples: 627136
Received punctuations: 692
Average deque size: 1.86272
Average pane instances closed per punct.: 3.66667
Average processing time per tuple (us): 299.246
