****************WLQ worker 13****************
Received WLQ tasks: 377
Average no. of tuples in the results set of a window: 4038.31
Average processing time per WLQ task (us): 281241
****************WLQ worker 5****************
Received WLQ tasks: 457
Average no. of tuples in the results set of a window: 4378.45
Average processing time per WLQ task (us): 335177
****************WLQ worker 21****************
Received WLQ tasks: 305
Average no. of tuples in the results set of a window: 4509.33
Average processing time per WLQ task (us): 240449
****************WLQ worker 29****************
Received WLQ tasks: 296
Average no. of tuples in the results set of a window: 4761.82
Average processing time per WLQ task (us): 316535
****************WLQ worker 43****************
Received WLQ tasks: 702
Average no. of tuples in the results set of a window: 4537.32
Average processing time per WLQ task (us): 314308
****************WLQ worker 6****************
Received WLQ tasks: 493
Average no. of tuples in the results set of a window: 4067.07
Average processing time per WLQ task (us): 303217
****************WLQ worker 11****************
Received WLQ tasks: 331
Average no. of tuples in the results set of a window: 4379.28
Average processing time per WLQ task (us): 373831
****************WLQ worker 25****************
Received WLQ tasks: 342
Average no. of tuples in the results set of a window: 4756.54
Average processing time per WLQ task (us): 295983
****************WLQ worker 26****************
Received WLQ tasks: 344
Average no. of tuples in the results set of a window: 4424.7
Average processing time per WLQ task (us): 335204
****************WLQ worker 22****************
Received WLQ tasks: 185
Average no. of tuples in the results set of a window: 4672.64
Average processing time per WLQ task (us): 327193
****************WLQ worker 3****************
Received WLQ tasks: 289
Average no. of tuples in the results set of a window: 4469.09
Average processing time per WLQ task (us): 294974
****************WLQ worker 35****************
Received WLQ tasks: 301
Average no. of tuples in the results set of a window: 4299.73
Average processing time per WLQ task (us): 286378
****************WLQ worker 58****************
Received WLQ tasks: 863
Average no. of tuples in the results set of a window: 4258.22
Average processing time per WLQ task (us): 385018
****************WLQ worker 36****************
Received WLQ tasks: 399
Average no. of tuples in the results set of a window: 4123.42
Average processing time per WLQ task (us): 367339
****************WLQ worker 4****************
Received WLQ tasks: 321
Average no. of tuples in the results set of a window: 4349.53
Average processing time per WLQ task (us): 332486
****************WLQ worker 24****************
Received WLQ tasks: 244
Average no. of tuples in the results set of a window: 4842.4
Average processing time per WLQ task (us): 420318
****************WLQ worker 23****************
Received WLQ tasks: 300
Average no. of tuples in the results set of a window: 4746.11
Average processing time per WLQ task (us): 318713
****************WLQ worker 0****************
Received WLQ tasks: 270
Average no. of tuples in the results set of a window: 4558.65
Average processing time per WLQ task (us): 378177
****************WLQ worker 27****************
Received WLQ tasks: 309
Average no. of tuples in the results set of a window: 4631.26
Average processing time per WLQ task (us): 317605
****************WLQ worker 28****************
Received WLQ tasks: 280
Average no. of tuples in the results set of a window: 4741.77
Average processing time per WLQ task (us): 301807
****************WLQ worker 32****************
Received WLQ tasks: 262
Average no. of tuples in the results set of a window: 4594.07
Average processing time per WLQ task (us): 337819
****************WLQ worker 31****************
Received WLQ tasks: 234
Average no. of tuples in the results set of a window: 4639.88
Average processing time per WLQ task (us): 392697
****************WLQ worker 7****************
Received WLQ tasks: 461
Average no. of tuples in the results set of a window: 3901.07
Average processing time per WLQ task (us): 287665
****************WLQ worker 8****************
Received WLQ tasks: 324
Average no. of tuples in the results set of a window: 4290.67
Average processing time per WLQ task (us): 337383
****************WLQ worker 30****************
Received WLQ tasks: 272
Average no. of tuples in the results set of a window: 4598.15
Average processing time per WLQ task (us): 328521
****************WLQ worker 15****************
Received WLQ tasks: 369
Average no. of tuples in the results set of a window: 4739.15
Average processing time per WLQ task (us): 337696
****************WLQ worker 20****************
Received WLQ tasks: 131
Average no. of tuples in the results set of a window: 4635.64
Average processing time per WLQ task (us): 308673
****************WLQ worker 19****************
Received WLQ tasks: 208
Average no. of tuples in the results set of a window: 4146.62
Average processing time per WLQ task (us): 347018
****************WLQ worker 41****************
Received WLQ tasks: 871
Average no. of tuples in the results set of a window: 4206.26
Average processing time per WLQ task (us): 357213
****************WLQ worker 42****************
Received WLQ tasks: 716
Average no. of tuples in the results set of a window: 4430.28
Average processing time per WLQ task (us): 296666
****************WLQ worker 39****************
Received WLQ tasks: 745
Average no. of tuples in the results set of a window: 4180.51
Average processing time per WLQ task (us): 312848
****************WLQ worker 40****************
Received WLQ tasks: 979
Average no. of tuples in the results set of a window: 4144.9
Average processing time per WLQ task (us): 307128
****************WLQ worker 34****************
Received WLQ tasks: 257
Average no. of tuples in the results set of a window: 4485.29
Average processing time per WLQ task (us): 326505
****************WLQ worker 33****************
Received WLQ tasks: 245
Average no. of tuples in the results set of a window: 4145.15
Average processing time per WLQ task (us): 315860
****************WLQ worker 46****************
Received WLQ tasks: 799
Average no. of tuples in the results set of a window: 4344.82
Average processing time per WLQ task (us): 257818
****************WLQ worker 45****************
Received WLQ tasks: 669
Average no. of tuples in the results set of a window: 4520.65
Average processing time per WLQ task (us): 322416
****************WLQ worker 37****************
Received WLQ tasks: 623
Average no. of tuples in the results set of a window: 4010.88
Average processing time per WLQ task (us): 313244
****************WLQ worker 49****************
Received WLQ tasks: 191
Average no. of tuples in the results set of a window: 5061.3
Average processing time per WLQ task (us): 418188
****************WLQ worker 50****************
Received WLQ tasks: 251
Average no. of tuples in the results set of a window: 5114.42
Average processing time per WLQ task (us): 299233
****************WLQ worker 38****************
Received WLQ tasks: 801
Average no. of tuples in the results set of a window: 4127.46
Average processing time per WLQ task (us): 294027
****************WLQ worker 47****************
Received WLQ tasks: 197
Average no. of tuples in the results set of a window: 5045.47
Average processing time per WLQ task (us): 379157
****************WLQ worker 48****************
Received WLQ tasks: 227
Average no. of tuples in the results set of a window: 5298.12
Average processing time per WLQ task (us): 326716
****************WLQ worker 16****************
Received WLQ tasks: 400
Average no. of tuples in the results set of a window: 4557.43
Average processing time per WLQ task (us): 315335
****************WLQ worker 44****************
Received WLQ tasks: 724
Average no. of tuples in the results set of a window: 4306.81
Average processing time per WLQ task (us): 301985
****************WLQ worker 51****************
Received WLQ tasks: 35
Average no. of tuples in the results set of a window: 5628.5
Average processing time per WLQ task (us): 304608
****************WLQ worker 52****************
Received WLQ tasks: 14
Average no. of tuples in the results set of a window: 5683.5
Average processing time per WLQ task (us): 851590
****************WLQ worker 56****************
Received WLQ tasks: 0
Average no. of tuples in the results set of a window: 0
Average processing time per WLQ task (us): 0
****************WLQ worker 55****************
Received WLQ tasks: 0
Average no. of tuples in the results set of a window: 0
Average processing time per WLQ task (us): 0
****************WLQ worker 53****************
Received WLQ tasks: 0
Average no. of tuples in the results set of a window: 0
Average processing time per WLQ task (us): 0
****************WLQ worker 54****************
Received WLQ tasks: 0
Average no. of tuples in the results set of a window: 0
Average processing time per WLQ task (us): 0
****************WLQ worker 57****************
Received WLQ tasks: 0
Average no. of tuples in the results set of a window: 0
Average processing time per WLQ task (us): 0
****************WLQ worker 9****************
Received WLQ tasks: 431
Average no. of tuples in the results set of a window: 4256.03
Average processing time per WLQ task (us): 308525
****************WLQ worker 14****************
Received WLQ tasks: 361
Average no. of tuples in the results set of a window: 4329.53
Average processing time per WLQ task (us): 342421
****************WLQ worker 18****************
Received WLQ tasks: 404
Average no. of tuples in the results set of a window: 4459.64
Average processing time per WLQ task (us): 349336
****************WLQ worker 10****************
Received WLQ tasks: 285
Average no. of tuples in the results set of a window: 4130.56
Average processing time per WLQ task (us): 322658
****************WLQ worker 1****************
Received WLQ tasks: 442
Average no. of tuples in the results set of a window: 4231.07
Average processing time per WLQ task (us): 322548
****************WLQ worker 2****************
Received WLQ tasks: 545
Average no. of tuples in the results set of a window: 4044.02
Average processing time per WLQ task (us): 276733
****************WLQ worker 12****************
Received WLQ tasks: 422
Average no. of tuples in the results set of a window: 4285.24
Average processing time per WLQ task (us): 283430
****************WLQ worker 17****************
Received WLQ tasks: 347
Average no. of tuples in the results set of a window: 4414.33
Average processing time per WLQ task (us): 296567
