****************WLQ worker 2****************
Received WLQ tasks: 536
Average no. of tuples in the results set of a window: 4172.91
Average processing time per WLQ task (us): 296174
****************WLQ worker 34****************
Received WLQ tasks: 575
Average no. of tuples in the results set of a window: 4113.41
Average processing time per WLQ task (us): 300833
****************WLQ worker 20****************
Received WLQ tasks: 224
Average no. of tuples in the results set of a window: 4072.5
Average processing time per WLQ task (us): 286904
****************WLQ worker 58****************
Received WLQ tasks: 878
Average no. of tuples in the results set of a window: 4096.93
Average processing time per WLQ task (us): 372446
****************WLQ worker 56****************
Received WLQ tasks: 0
Average no. of tuples in the results set of a window: 0
Average processing time per WLQ task (us): 0
****************WLQ worker 51****************
Received WLQ tasks: 0
Average no. of tuples in the results set of a window: 0
Average processing time per WLQ task (us): 0
****************WLQ worker 29****************
Received WLQ tasks: 520
Average no. of tuples in the results set of a window: 4453.8
Average processing time per WLQ task (us): 335242
****************WLQ worker 8****************
Received WLQ tasks: 419
Average no. of tuples in the results set of a window: 4475.24
Average processing time per WLQ task (us): 300406
****************WLQ worker 6****************
Received WLQ tasks: 304
Average no. of tuples in the results set of a window: 4174.52
Average processing time per WLQ task (us): 270761
****************WLQ worker 13****************
Received WLQ tasks: 358
Average no. of tuples in the results set of a window: 4500.8
Average processing time per WLQ task (us): 346546
****************WLQ worker 14****************
Received WLQ tasks: 302
Average no. of tuples in the results set of a window: 4383.97
Average processing time per WLQ task (us): 308989
****************WLQ worker 15****************
Received WLQ tasks: 285
Average no. of tuples in the results set of a window: 4665.16
Average processing time per WLQ task (us): 377835
****************WLQ worker 24****************
Received WLQ tasks: 342
Average no. of tuples in the results set of a window: 4943.73
Average processing time per WLQ task (us): 341024
****************WLQ worker 23****************
Received WLQ tasks: 374
Average no. of tuples in the results set of a window: 4833.87
Average processing time per WLQ task (us): 323994
****************WLQ worker 0****************
Received WLQ tasks: 411
Average no. of tuples in the results set of a window: 4108.02
Average processing time per WLQ task (us): 307978
****************WLQ worker 27****************
Received WLQ tasks: 340
Average no. of tuples in the results set of a window: 4518
Average processing time per WLQ task (us): 357487
****************WLQ worker 16****************
Received WLQ tasks: 235
Average no. of tuples in the results set of a window: 4249.36
Average processing time per WLQ task (us): 292695
****************WLQ worker 41****************
Received WLQ tasks: 681
Average no. of tuples in the results set of a window: 4342.04
Average processing time per WLQ task (us): 304321
****************WLQ worker 42****************
Received WLQ tasks: 710
Average no. of tuples in the results set of a window: 4397.79
Average processing time per WLQ task (us): 290945
****************WLQ worker 11****************
Received WLQ tasks: 369
Average no. of tuples in the results set of a window: 4254.23
Average processing time per WLQ task (us): 302820
****************WLQ worker 12****************
Received WLQ tasks: 414
Average no. of tuples in the results set of a window: 4282.26
Average processing time per WLQ task (us): 304821
****************WLQ worker 40****************
Received WLQ tasks: 657
Average no. of tuples in the results set of a window: 4319.74
Average processing time per WLQ task (us): 318860
****************WLQ worker 39****************
Received WLQ tasks: 696
Average no. of tuples in the results set of a window: 4375.93
Average processing time per WLQ task (us): 313409
****************WLQ worker 45****************
Received WLQ tasks: 676
Average no. of tuples in the results set of a window: 4342.36
Average processing time per WLQ task (us): 317120
****************WLQ worker 32****************
Received WLQ tasks: 519
Average no. of tuples in the results set of a window: 4367.24
Average processing time per WLQ task (us): 348627
****************WLQ worker 31****************
Received WLQ tasks: 328
Average no. of tuples in the results set of a window: 4714.27
Average processing time per WLQ task (us): 324030
****************WLQ worker 33****************
Received WLQ tasks: 552
Average no. of tuples in the results set of a window: 4261.61
Average processing time per WLQ task (us): 336550
****************WLQ worker 46****************
Received WLQ tasks: 0
Average no. of tuples in the results set of a window: 0
Average processing time per WLQ task (us): 0
****************WLQ worker 44****************
Received WLQ tasks: 708
Average no. of tuples in the results set of a window: 4341.4
Average processing time per WLQ task (us): 299402
****************WLQ worker 36****************
Received WLQ tasks: 187
Average no. of tuples in the results set of a window: 4378.39
Average processing time per WLQ task (us): 320928
****************WLQ worker 35****************
Received WLQ tasks: 337
Average no. of tuples in the results set of a window: 4128.35
Average processing time per WLQ task (us): 326887
****************WLQ worker 38****************
Received WLQ tasks: 265
Average no. of tuples in the results set of a window: 4041.04
Average processing time per WLQ task (us): 265574
****************WLQ worker 37****************
Received WLQ tasks: 162
Average no. of tuples in the results set of a window: 4484.65
Average processing time per WLQ task (us): 354603
****************WLQ worker 50****************
Received WLQ tasks: 0
Average no. of tuples in the results set of a window: 0
Average processing time per WLQ task (us): 0
****************WLQ worker 49****************
Received WLQ tasks: 0
Average no. of tuples in the results set of a window: 0
Average processing time per WLQ task (us): 0
****************WLQ worker 47****************
Received WLQ tasks: 0
Average no. of tuples in the results set of a window: 0
Average processing time per WLQ task (us): 0
****************WLQ worker 48****************
Received WLQ tasks: 0
Average no. of tuples in the results set of a window: 0
Average processing time per WLQ task (us): 0
****************WLQ worker 57****************
Received WLQ tasks: 0
Average no. of tuples in the results set of a window: 0
Average processing time per WLQ task (us): 0
****************WLQ worker 9****************
Received WLQ tasks: 362
Average no. of tuples in the results set of a window: 3968.72
Average processing time per WLQ task (us): 300618
****************WLQ worker 10****************
Received WLQ tasks: 396
Average no. of tuples in the results set of a window: 4292.41
Average processing time per WLQ task (us): 323392
****************WLQ worker 53****************
Received WLQ tasks: 0
Average no. of tuples in the results set of a window: 0
Average processing time per WLQ task (us): 0
****************WLQ worker 54****************
Received WLQ tasks: 0
Average no. of tuples in the results set of a window: 0
Average processing time per WLQ task (us): 0
****************WLQ worker 55****************
Received WLQ tasks: 0
Average no. of tuples in the results set of a window: 0
Average processing time per WLQ task (us): 0
****************WLQ worker 52****************
Received WLQ tasks: 0
Average no. of tuples in the results set of a window: 0
Average processing time per WLQ task (us): 0
****************WLQ worker 25****************
Received WLQ tasks: 329
Average no. of tuples in the results set of a window: 4820.06
Average processing time per WLQ task (us): 377565
****************WLQ worker 26****************
Received WLQ tasks: 305
Average no. of tuples in the results set of a window: 4480.49
Average processing time per WLQ task (us): 415107
****************WLQ worker 28****************
Received WLQ tasks: 252
Average no. of tuples in the results set of a window: 3924.38
Average processing time per WLQ task (us): 323844
****************WLQ worker 30****************
Received WLQ tasks: 347
Average no. of tuples in the results set of a window: 4719.33
Average processing time per WLQ task (us): 331729
****************WLQ worker 21****************
Received WLQ tasks: 319
Average no. of tuples in the results set of a window: 4732
Average processing time per WLQ task (us): 346963
****************WLQ worker 22****************
Received WLQ tasks: 382
Average no. of tuples in the results set of a window: 4818.89
Average processing time per WLQ task (us): 323257
****************WLQ worker 19****************
Received WLQ tasks: 200
Average no. of tuples in the results set of a window: 4303
Average processing time per WLQ task (us): 371188
****************WLQ worker 1****************
Received WLQ tasks: 501
Average no. of tuples in the results set of a window: 4362.76
Average processing time per WLQ task (us): 291180
****************WLQ worker 4****************
Received WLQ tasks: 443
Average no. of tuples in the results set of a window: 4136.28
Average processing time per WLQ task (us): 296336
****************WLQ worker 3****************
Received WLQ tasks: 419
Average no. of tuples in the results set of a window: 4318.19
Average processing time per WLQ task (us): 300613
****************WLQ worker 5****************
Received WLQ tasks: 437
Average no. of tuples in the results set of a window: 4312.72
Average processing time per WLQ task (us): 296821
****************WLQ worker 18****************
Received WLQ tasks: 306
Average no. of tuples in the results set of a window: 4570.62
Average processing time per WLQ task (us): 344894
****************WLQ worker 17****************
Received WLQ tasks: 270
Average no. of tuples in the results set of a window: 4601.84
Average processing time per WLQ task (us): 316504
****************WLQ worker 43****************
Received WLQ tasks: 674
Average no. of tuples in the results set of a window: 4374.12
Average processing time per WLQ task (us): 323989
****************WLQ worker 7****************
Received WLQ tasks: 319
Average no. of tuples in the results set of a window: 4167.52
Average processing time per WLQ task (us): 271744
