****************WLQ worker 2****************
Received WLQ tasks: 303
Average no. of tuples in the results set of a window: 4430.9
Average processing time per WLQ task (us): 463599
****************WLQ worker 1****************
Received WLQ tasks: 394
Average no. of tuples in the results set of a window: 4345.81
Average processing time per WLQ task (us): 465353
****************WLQ worker 9****************
Received WLQ tasks: 456
Average no. of tuples in the results set of a window: 4301.72
Average processing time per WLQ task (us): 438730
****************WLQ worker 10****************
Received WLQ tasks: 527
Average no. of tuples in the results set of a window: 4353.89
Average processing time per WLQ task (us): 454619
****************WLQ worker 0****************
Received WLQ tasks: 92
Average no. of tuples in the results set of a window: 3909.78
Average processing time per WLQ task (us): 975677
****************WLQ worker 11****************
Received WLQ tasks: 572
Average no. of tuples in the results set of a window: 4082.02
Average processing time per WLQ task (us): 408527
****************WLQ worker 12****************
Received WLQ tasks: 508
Average no. of tuples in the results set of a window: 4534.44
Average processing time per WLQ task (us): 450773
****************WLQ worker 8****************
Received WLQ tasks: 459
Average no. of tuples in the results set of a window: 4321.43
Average processing time per WLQ task (us): 486021
****************WLQ worker 7****************
Received WLQ tasks: 373
Average no. of tuples in the results set of a window: 4360.93
Average processing time per WLQ task (us): 529018
****************WLQ worker 20****************
Received WLQ tasks: 558
Average no. of tuples in the results set of a window: 4360.32
Average processing time per WLQ task (us): 480093
****************WLQ worker 19****************
Received WLQ tasks: 505
Average no. of tuples in the results set of a window: 4324.36
Average processing time per WLQ task (us): 533438
****************WLQ worker 6****************
Received WLQ tasks: 369
Average no. of tuples in the results set of a window: 4493.75
Average processing time per WLQ task (us): 522739
****************WLQ worker 5****************
Received WLQ tasks: 417
Average no. of tuples in the results set of a window: 4239.46
Average processing time per WLQ task (us): 436747
****************WLQ worker 39****************
Received WLQ tasks: 447
Average no. of tuples in the results set of a window: 4428.09
Average processing time per WLQ task (us): 578608
****************WLQ worker 40****************
Received WLQ tasks: 527
Average no. of tuples in the results set of a window: 4188.76
Average processing time per WLQ task (us): 442359
****************WLQ worker 33****************
Received WLQ tasks: 413
Average no. of tuples in the results set of a window: 4567.63
Average processing time per WLQ task (us): 588354
****************WLQ worker 34****************
Received WLQ tasks: 483
Average no. of tuples in the results set of a window: 4561.68
Average processing time per WLQ task (us): 515685
****************WLQ worker 17****************
Received WLQ tasks: 542
Average no. of tuples in the results set of a window: 4220.05
Average processing time per WLQ task (us): 508147
****************WLQ worker 26****************
Received WLQ tasks: 455
Average no. of tuples in the results set of a window: 4496.19
Average processing time per WLQ task (us): 486856
****************WLQ worker 25****************
Received WLQ tasks: 350
Average no. of tuples in the results set of a window: 4598.33
Average processing time per WLQ task (us): 489132
****************WLQ worker 18****************
Received WLQ tasks: 540
Average no. of tuples in the results set of a window: 4367.28
Average processing time per WLQ task (us): 522741
****************WLQ worker 32****************
Received WLQ tasks: 504
Average no. of tuples in the results set of a window: 4410.12
Average processing time per WLQ task (us): 462514
****************WLQ worker 31****************
Received WLQ tasks: 460
Average no. of tuples in the results set of a window: 4636.89
Average processing time per WLQ task (us): 520828
****************WLQ worker 24****************
Received WLQ tasks: 326
Average no. of tuples in the results set of a window: 4439.48
Average processing time per WLQ task (us): 558219
****************WLQ worker 23****************
Received WLQ tasks: 429
Average no. of tuples in the results set of a window: 4242.16
Average processing time per WLQ task (us): 484918
****************WLQ worker 29****************
Received WLQ tasks: 450
Average no. of tuples in the results set of a window: 4431.89
Average processing time per WLQ task (us): 516003
****************WLQ worker 21****************
Received WLQ tasks: 398
Average no. of tuples in the results set of a window: 4536.18
Average processing time per WLQ task (us): 537390
****************WLQ worker 27****************
Received WLQ tasks: 418
Average no. of tuples in the results set of a window: 4489.52
Average processing time per WLQ task (us): 577044
****************WLQ worker 28****************
Received WLQ tasks: 433
Average no. of tuples in the results set of a window: 4588.68
Average processing time per WLQ task (us): 552599
****************WLQ worker 22****************
Received WLQ tasks: 398
Average no. of tuples in the results set of a window: 4513.58
Average processing time per WLQ task (us): 516167
****************WLQ worker 30****************
Received WLQ tasks: 411
Average no. of tuples in the results set of a window: 4454.69
Average processing time per WLQ task (us): 540438
****************WLQ worker 42****************
Received WLQ tasks: 533
Average no. of tuples in the results set of a window: 4300.67
Average processing time per WLQ task (us): 475362
****************WLQ worker 41****************
Received WLQ tasks: 565
Average no. of tuples in the results set of a window: 4002.18
Average processing time per WLQ task (us): 489171
****************WLQ worker 53****************
Received WLQ tasks: 606
Average no. of tuples in the results set of a window: 4338.74
Average processing time per WLQ task (us): 497496
****************WLQ worker 54****************
Received WLQ tasks: 667
Average no. of tuples in the results set of a window: 4152.34
Average processing time per WLQ task (us): 449737
****************WLQ worker 14****************
Received WLQ tasks: 459
Average no. of tuples in the results set of a window: 4298.58
Average processing time per WLQ task (us): 442074
****************WLQ worker 13****************
Received WLQ tasks: 455
Average no. of tuples in the results set of a window: 4483.31
Average processing time per WLQ task (us): 469483
****************WLQ worker 16****************
Received WLQ tasks: 461
Average no. of tuples in the results set of a window: 4156
Average processing time per WLQ task (us): 486893
****************WLQ worker 15****************
Received WLQ tasks: 482
Average no. of tuples in the results set of a window: 4241.39
Average processing time per WLQ task (us): 440314
****************WLQ worker 51****************
Received WLQ tasks: 645
Average no. of tuples in the results set of a window: 4274.82
Average processing time per WLQ task (us): 482646
****************WLQ worker 52****************
Received WLQ tasks: 678
Average no. of tuples in the results set of a window: 4154.38
Average processing time per WLQ task (us): 466072
****************WLQ worker 55****************
Received WLQ tasks: 607
Average no. of tuples in the results set of a window: 4290.21
Average processing time per WLQ task (us): 499883
****************WLQ worker 56****************
Received WLQ tasks: 653
Average no. of tuples in the results set of a window: 4065.86
Average processing time per WLQ task (us): 459139
****************WLQ worker 4****************
Received WLQ tasks: 392
Average no. of tuples in the results set of a window: 4409.22
Average processing time per WLQ task (us): 476855
****************WLQ worker 3****************
Received WLQ tasks: 475
Average no. of tuples in the results set of a window: 4127.65
Average processing time per WLQ task (us): 417556
****************WLQ worker 44****************
Received WLQ tasks: 539
Average no. of tuples in the results set of a window: 4370.72
Average processing time per WLQ task (us): 515941
****************WLQ worker 43****************
Received WLQ tasks: 558
Average no. of tuples in the results set of a window: 4236.78
Average processing time per WLQ task (us): 526542
****************WLQ worker 37****************
Received WLQ tasks: 214
Average no. of tuples in the results set of a window: 4503.69
Average processing time per WLQ task (us): 508933
****************WLQ worker 38****************
Received WLQ tasks: 441
Average no. of tuples in the results set of a window: 4431.85
Average processing time per WLQ task (us): 528975
****************WLQ worker 35****************
Received WLQ tasks: 414
Average no. of tuples in the results set of a window: 4689
Average processing time per WLQ task (us): 590421
****************WLQ worker 36****************
Received WLQ tasks: 466
Average no. of tuples in the results set of a window: 4604.81
Average processing time per WLQ task (us): 521903
****************WLQ worker 47****************
Received WLQ tasks: 569
Average no. of tuples in the results set of a window: 4449.54
Average processing time per WLQ task (us): 450827
****************WLQ worker 48****************
Received WLQ tasks: 529
Average no. of tuples in the results set of a window: 4608.08
Average processing time per WLQ task (us): 501229
****************WLQ worker 49****************
Received WLQ tasks: 638
Average no. of tuples in the results set of a window: 4393.31
Average processing time per WLQ task (us): 442829
****************WLQ worker 50****************
Received WLQ tasks: 651
Average no. of tuples in the results set of a window: 4313.77
Average processing time per WLQ task (us): 471753
****************WLQ worker 46****************
Received WLQ tasks: 605
Average no. of tuples in the results set of a window: 4177.62
Average processing time per WLQ task (us): 462240
****************WLQ worker 45****************
Received WLQ tasks: 561
Average no. of tuples in the results set of a window: 4254.58
Average processing time per WLQ task (us): 456631
****************WLQ worker 57****************
Received WLQ tasks: 585
Average no. of tuples in the results set of a window: 4269.5
Average processing time per WLQ task (us): 487156
****************WLQ worker 58****************
Received WLQ tasks: 770
Average no. of tuples in the results set of a window: 4159.38
Average processing time per WLQ task (us): 430417
