#time control_step plq_rho plq_splitting wlq_rho nw_plq nw_wlq wlq_idle wlq_win_tasks wlq_merge_tasks none [watts]
0 0 5.57367 1 6.64E-05 1 1 0 1 0 1 
2.5 1 4.62727 1.16667 0.205848 2 1 0 9 0 1 
5 2 3.79774 1.46154 3.83333 3 1 0 6 0 1 
7.5 3 3.26446 1.41667 2.71651 4 2 0.150215 14 0 1 
10 4 2.9201 3.15385 1.55541 5 3 0.0941606 31 0 1 
12.5 5 2.95637 4 2.19144 6 5 0.241373 22 0 1 
15 6 1.30969 3 3.21986 8 8 0.0818982 50 0 1 
17.5 7 0.667521 4.61538 4.50774 10 12 0.0972812 104 0 1 
20 8 0.461234 5.53846 5.28575 7 18 0.0942826 132 0 1 
22.5 9 0.622488 4.5 2.6147 4 27 0.0560451 281 0 1 
25 10 1.14226 3.15385 1.26226 3 41 0.0665723 418 0 1 
27.5 11 0.716306 4 0.785617 4 55 0.412518 264 0 1 
30 12 0.581166 4 0.9933 4 45 0.6219 140 0 1 
32.5 13 0.752673 3.16667 0.821161 3 50 0.630767 150 0 1 
35 14 1.07915 3 0.713115 3 44 0.670258 102 0 1 
37.5 15 1.13827 3.91667 0.819087 4 39 0.756514 93 0 1 
40 16 0.594088 4.92308 1.03871 5 39 0.523592 187 0 1 
42.5 17 0.429653 4.25 0.955862 4 46 0.473049 202 0 1 
45 18 1.59213 2.30769 0.671774 2 49 0.70172 99 0 1 
47.5 19 1.4788 2.83333 0.395831 3 47 0.883317 63 0 1 
50 20 0.907683 4.38462 0.763509 5 35 0.608364 168 0 1 
52.5 21 0.216059 5.16667 0.960254 6 29 0.364151 215 0 1 
55 22 0.664609 3.23077 0.751037 3 31 0.547526 151 0 1 
57.5 23 1.00279 2.75 0.702407 3 25 0.615555 85 0 1 
60 24 0.710861 3.23077 0.935597 4 21 0.371733 124 0 1 
62.5 25 0.760983 3.16667 0.936704 4 23 0.389007 119 0 1 
65 26 0.721947 3.30769 0.858846 4 24 0.406662 129 0 1 
67.5 27 0.819926 3.16667 0.943802 4 22 0.359808 116 0 1 
70 28 0.740544 3.15385 0.933155 4 23 0.390579 121 0 1 
72.5 29 0.92591 3.16667 0.983574 4 24 0.397702 113 0 1 
75 30 0.636894 3.23077 0.890589 5 27 0.421331 127 0 1 
77.5 31 0.878019 3.08333 0.818025 4 27 0.457057 112 0 1 
80 32 0.811226 3 0.890831 4 24 0.413246 117 0 1 
82.5 33 0.843436 3.91667 1.04694 4 24 0.461458 120 0 1 
85 34 0.844866 3.46154 0.923377 4 28 0.375682 146 0 1 
87.5 35 0.720593 3.25 0.953394 4 29 0.50866 121 0 1 
90 36 0.833073 2.30769 0.694498 4 32 0.431589 124 0 1 
92.5 37 0.912328 2.58333 0.599352 4 24 0.653186 72 0 1 
95 38 0.970818 2.69231 0.906645 4 16 0.33467 110 0 1 
97.5 39 0.832037 2.5 0.894714 5 17 0.183547 98 0 1 
100 40 1.25232 3.07692 1.12236 5 17 0.387117 84 0 1 
102.5 41 0.672857 2.33333 0.852296 7 23 0.367611 115 0 1 
105 42 0.79484 3.15385 1.08505 6 21 0.312256 100 0 1 
107.5 43 0.78247 3.16667 1.03821 6 26 0.393934 116 0 1 
110 44 1.1889 3 0.925492 6 30 0.432687 110 0 1 
112.5 45 0.885988 2.16667 0.748147 8 36 0.566052 106 0 1 
115 46 0.978532 2 0.615989 8 29 0.549872 83 0 1 
117.5 47 0.778511 3.5 1.13414 9 22 0.471395 92 0 1 
120 48 0.72768 2 0.776354 9 28 0.457826 107 0 1 
122.5 49 0.845038 2 0.673478 7 23 0.489697 80 0 1 
125 50 0.814417 2.84615 0.994533 6 16 0.292466 95 0 1 
127.5 51 0.700464 2.16667 0.871967 6 18 0.326779 90 0 1 
130 52 1.60437 1.69231 0.588056 5 17 0.508975 55 0 1 
132.5 53 0.677198 3.91667 1.33179 8 15 0.177361 111 0 1 
135 54 0.733938 2.53846 1.04284 6 23 0.28933 121 0 1 
137.5 55 0.705618 2.83333 0.86552 5 27 0.415121 111 0 1 
140 56 0.815495 3.30769 0.919017 5 25 0.407949 114 0 1 
142.5 57 0.91883 2.66667 0.855283 5 26 0.484378 106 0 1 
145 58 0.842023 2.61538 0.912036 6 25 0.432453 102 0 1 
147.5 59 0.893861 2.75 0.933677 6 25 0.452587 95 0 1 
150 60 0.679081 2.23077 0.793396 7 26 0.391441 112 0 1 
152.5 61 0.890984 2.91667 0.870023 6 22 0.54091 83 0 1 
155 62 0.788545 2.46154 1.03118 7 21 0.254815 105 0 1 
157.5 63 0.742524 2.15385 0.732124 7 24 0.446984 91 0 1 
160 64 1.22988 2.41667 0.684068 6 19 0.612578 69 0 1 
#162.5 65 0.73289 2.07692 0.989127 8 17 0.203711 98 0 1 
#165 66 1.14536 2 0.582658 7 19 0.419354 72 0 1 
#167.5 67 1.14649 2.30769 0.80358 9 15 0.438674 80 0 1 
#170 68 0.53244 2 1.01591 12 15 0.10084 74 0 1 
#172.5 69 0 0 0.490959 0 17 0.890392 8 0 1 