#control_step plq_rho plq_splitting wlq_rho nw_plq nw_wlq wlq_idle wlq_win_tasks wlq_merge_tasks [watts]
0 1.29896 1 0.503589 1 1 0.496411 10 0 194.388
1 1.00741 1.8 21.0771 2 1 0.189342 6 0 95.4985
2 0.507348 1.5 12.9751 2 2 0.255079 13 0 95.8112
3 1.90801 1.25 10.8493 1 3 0.13831 21 0 96.1471
4 1.40324 1.5 5.0529 2 5 0.0360595 48 0 98.3968
5 0.641095 1.7 4.93474 3 8 0.068407 81 0 100.855
6 0.764007 1.22222 2.91318 2 12 0.0924893 125 0 103.265
7 0.775454 1 1.93479 2 18 0.149258 145 0 107.114
8 0.939429 1.2 0.967238 2 27 0.12034 240 30 113.885
9 1.11601 1 0.477607 2 30 0.595972 50 15 114.026
10 0.931834 1.63636 0.581172 3 19 0.558881 69 24 108.269
11 0.911537 1.7 0.861968 3 12 0.347938 68 11 104.613
12 0.843328 1.25 1.09541 3 11 0.116961 67 2 103.224
13 0.546565 1.05556 0.95394 3 14 0.118306 93 11 105.131
14 0.58356 1.1 0.35182 2 15 0.655738 50 11 104.358
15 0.510371 1 0.498301 2 8 0.47447 39 1 99.9847
16 1.30488 1.26316 0.972878 1 4 0.0277138 70 0 97.2616
17 0.633709 1 1.87931 2 5 0.176471 49 0 98.3246
18 0.912751 1 1.14411 2 8 0.143593 81 0 100.173
19 0.879495 1.2 0.848544 2 10 0.151395 78 2 101.864
20 0.834304 1.09524 1.43303 2 9 0.112094 76 0 101.276
21 1.22152 1.9 0.98003 2 14 0.445361 83 11 104.224
22 0.969335 1.75 1.08524 3 18 0.369727 74 21 108.159
23 0.711428 2 0.904051 3 22 0.246018 109 32 111.305
24 0.637996 1.5 0.685389 2 22 0.257337 66 18 109.35
25 0.581857 1 0.511609 2 16 0.662857 76 15 105.186
26 0.981855 1.22222 0.921056 2 8 0.370233 48 0 100.623
27 0.651367 1.5 1.25475 2 9 0.102471 70 1 101.411
28 0.951354 1 0.665226 2 13 0.272243 74 1 103.919
29 0.604309 1.2 1.09166 2 10 0.335558 77 7 102.284
30 0.582548 1 0.843122 2 12 0.208188 79 7 103.325
31 0.618774 1 0.755215 2 11 0.493687 58 5 102.098
32 1.17909 1.5 0.854904 2 9 0.640375 42 0 100.737
33 0.550758 1.8 1.7317 3 10 0.13879 75 1 103.176
34 0.669951 1.2 0.892996 2 15 0.0860476 113 16 105.797
35 0.640477 1 0.519854 2 15 0.578312 71 15 104.811
36 1.29241 1.18182 0.937101 2 8 0.725242 24 0 100.522
37 0.590343 1.72727 1.65482 3 10 0.13048 78 0 102.981
38 0.661665 1.22222 0.892982 2 15 0.0894993 112 5 105.924
39 0.638509 1 0.576646 2 15 0.593558 74 10 104.762
40 0.465558 1 0.719971 2 9 0.203076 49 2 101.57
41 0.874962 1.16667 0.699439 1 7 0.549733 70 4 98.4827
42 2.42995 1 0.592143 1 5 0.327982 31 0 97.5778
43 1.78232 1.22222 0.694688 2 4 0.974995 6 0 97.3404
44 0.871351 1.91667 8.61127 3 4 0.0610131 24 0 98.386
45 0.805098 1.9 7.61179 3 6 0.147849 35 0 99.3222
46 1.10262 1.45455 3.68882 3 9 0.106356 86 0 102.025
47 0.861471 1.33333 3.08192 3 14 0.0689487 123 0 105.587
48 1.00234 1.90909 2.0821 3 21 0.311652 151 0 110.333
49 0.903274 1.90909 1.26428 3 32 0.28126 213 0 118.268
50 0.766461 1.91667 0.648705 3 47 0.386651 134 92 129.088
51 0.92498 1.90909 0.587617 3 32 0.557261 57 49 118.031
52 0.942123 2 0.62968 3 21 0.468201 69 41 110.193
53 0.808404 2.35 1.8857 3 15 0.118893 90 28 105.833
54 0.949827 2.09091 1.56116 3 23 0.338525 112 6 111.493
55 1.04883 1.90909 0.972098 3 35 0.360233 134 38 120.346
56 0.952205 2 0.74556 4 40 0.257146 85 66 125.538
57 0.846301 1.9 0.673145 4 34 0.37221 55 45 119.441
58 0.847572 1.81818 0.750285 4 24 0.342665 61 40 113.78
59 0.82884 1.95238 1.21326 4 20 0.231664 96 35 111.439
60 0.937306 1.8 0.842785 4 28 0.267084 92 60 115.499
61 1.12906 1.90909 0.784632 4 26 0.257611 66 46 113.915
62 0.901295 2.3 0.671281 5 25 0.391401 54 42 113.935
63 0.979585 2.5 0.99791 5 18 0.27447 73 22 110.724
64 0.807116 1.77273 1.48173 6 21 0.0687967 119 14 113.008
65 0.769212 1 0.773045 5 32 0.386534 95 26 119.259
66 0.913205 1.1 0.424883 4 27 0.615723 47 13 114.081
67 0.851333 1.7 0.641335 4 14 0.489728 57 25 105.914
68 0.898526 1.54545 1.50966 4 9 0.169164 54 0 103.517
69 0.704108 1.25 1.41759 4 14 0.107339 104 2 106.051
70 0.704285 1 0.699862 3 21 0.360861 90 13 109.817
71 1.14506 1.1 0.382476 2 16 0.620589 45 10 105.505
72 0.62744 2.27273 1.22785 3 10 0.353368 76 0 102.581
73 0.849447 1.7 1.70174 2 14 0.0503309 122 2 105.036
74 0.594402 1.11111 0.634466 2 21 0.38651 104 41 109.206
75 0.979473 1.1 0.454402 2 14 0.547218 47 8 104.112
76 0.949648 1.9 1.21226 2 8 0.457925 52 1 100.68
77 0.941118 1.91667 1.51697 2 11 0.12448 95 0 103.01
78 0.87466 2 1.391 2 17 0.0754909 147 4 107.365
79 0.702173 2 0.94457 2 26 0.267489 138 56 113.407
80 0.891587 1.5 0.613043 2 28 0.413071 74 52 113.536
81 0.787161 2 0.505764 2 18 0.574355 63 32 107.322
82 0.94504 1.72727 1.58177 2 9 0.213687 57 0 102.39
83 0.962397 1.45455 0.916701 2 14 0.158454 109 10 105.116
84 0.893109 1.81818 0.760163 2 15 0.206295 86 19 105.405
85 0.555771 1.6 1.35578 2 12 0.114087 100 15 103.863
86 0.810068 1 0.638232 2 18 0.414631 79 11 106.642
87 0.690604 1 0.523857 2 12 0.514375 55 0 102.923
88 0.698971 1 1.22213 2 7 0.307643 61 0 99.3638
89 0.660198 1 0.97005 2 10 0.343708 73 0 101.448
90 0.784671 1 0.582337 2 11 0.405523 58 3 102.04
91 0.969742 1 0.771505 2 7 0.313411 48 0 99.383
92 0.955821 1.45455 1.81892 2 6 0.20113 38 0 99.1244
93 0.826589 1.52381 2.99308 2 9 0.0697032 67 0 101.4
94 0.885939 1 1.68095 2 14 0.325508 97 0 104.394
95 0.701148 1 0.760225 2 21 0.277338 136 4 109.621
96 0.870611 1 0.379691 2 17 0.620129 41 9 105.743
97 0.741049 1.15 1.34692 2 9 0.194942 78 0 101.269
98 0.703645 1 0.73175 2 14 0.428346 79 6 104.374
99 0.830027 1 0.664136 2 11 0.380292 55 2 102.784
100 0.746217 1.8 1.08692 2 8 0.313308 61 0 100.611
101 0.802774 1 1.26227 2 10 0.107723 93 1 102.213
102 0.798664 1 0.766823 2 14 0.305669 72 8 104.698
103 0.671072 1 0.564808 2 12 0.42264 45 5 102.985
104 0.950518 1 0.846291 2 7 0.278576 52 0 99.7361
105 0.725042 1 1.85079 2 7 0.136622 46 0 99.826
106 1.51908 1.1 1.05001 2 11 0.306993 82 1 102.658
107 0.871509 1.54545 0.818942 3 15 0.232674 91 11 106.072
108 0.686358 1.31579 0.84711 3 13 0.269484 70 16 105.401
109 1.10203 1.3 0.953065 2 12 0.31973 78 5 103.256
110 0.818989 2 0.849288 3 14 0.317547 85 20 105.063
111 0.764108 1.81818 1.19632 3 13 0.155184 79 7 104.896
112 0.995641 1.72727 0.83424 3 18 0.178743 94 31 108.191
113 0.843616 1.81818 0.673662 3 17 0.353821 70 32 107.486
114 0.850963 1.81818 1.49454 3 12 0.0792282 90 2 104.472
115 0.840968 1.7 1.2256 3 18 0.0606336 142 13 108.545
116 0.800911 1.81818 0.612399 3 25 0.4369 79 56 112.294
117 0.710975 1.6 0.643424 3 16 0.462235 62 20 107.187
118 1.37207 1.2 0.618496 2 11 0.363918 60 1 102.627
119 1.07681 1.63636 0.838235 3 10 0.366869 74 5 102.787
120 0.967484 1.90909 3.60932 4 10 0.0510849 59 0 103.535
121 0.799338 1.55556 2.25584 4 15 0.314019 83 0 106.482
122 0.911418 1.1 1.26339 3 23 0.0874402 157 0 112.796
123 0.842889 1.18182 0.598549 3 33 0.361296 85 27 117.818
124 0.904294 1.45455 0.466266 3 21 0.578151 58 22 108.95
125 0.776407 1.90476 1.77323 3 11 0.160659 103 3 103.421
126 0.866682 1.9 1.43926 3 17 0.32653 100 3 107.177
127 0.842752 2 1.08725 3 26 0.291088 138 15 113.852
128 0.902919 2 0.736965 3 32 0.281579 86 67 118.466
129 0.78187 2.2 0.789742 3 26 0.320461 64 45 115.35
130 0.934407 2.16667 0.810411 3 22 0.285554 85 44 112.412
131 0.800652 1.81818 1.50938 3 20 0.135739 100 28 110.461
132 0.863481 1 0.726235 3 30 0.36665 97 27 115.722
133 0.810866 2.1 0.529183 3 23 0.532051 54 46 111.586
134 0.827903 2.09091 1.58631 3 12 0.351897 61 0 104.786
135 0.954364 1.27273 1.07256 3 18 0.128927 111 1 108.493
136 0.822157 1.91667 0.661366 3 22 0.336351 81 51 110.868
137 1.02549 1.4 1.40516 3 15 0.196413 84 6 106.247
138 0.886591 1.63636 0.743075 3 23 0.441009 73 55 111.335
139 1.05849 1.54545 0.727335 3 18 0.319712 63 34 108.474
140 0.824549 1.81818 0.816087 4 16 0.374758 60 26 107.578
141 0.877812 1.81818 1.48106 4 14 0.0934587 68 4 106.493
142 1.06762 1.9 0.858316 4 21 0.178697 108 27 111.895
143 0.931234 1.72727 0.956228 5 21 0.237356 117 32 112.009
144 1.02303 2 0.965529 5 23 0.325492 76 42 112.722
145 0.843052 1.90909 0.667625 6 26 0.420716 80 52 115.016
146 1.03175 1.8 0.871038 5 18 0.193785 60 34 110.318
147 0.998159 1.90909 0.882747 6 18 0.278367 79 23 110.685
148 1.05907 1.81818 1.03807 7 18 0.101505 78 17 111.767
149 1.0429 2 1.34072 8 22 0.144407 122 22 114.82
150 0.879742 1.90909 0.75296 9 33 0.374041 92 72 122.855
151 0.897794 1.9 0.749283 9 27 0.2752 59 42 119.472
152 1.07273 1.90909 0.722835 9 22 0.350464 75 31 115.688
153 1.05373 1.6 0.799538 11 19 0.24378 66 16 114.643
154 0.854447 1.86364 1.34349 13 18 0.234357 101 27 114.587
155 0.87949 2 0.751396 12 27 0.364697 117 53 120.086
156 0.97463 1.90909 0.770088 12 22 0.333884 57 45 116.657
157 0.968235 1.9 0.933082 13 19 0.285389 68 24 115.691
158 0.955018 1.81818 0.917945 14 20 0.216824 82 20 117.296
159 0.899803 1.90909 0.880041 15 21 0.119831 83 28 118.53
160 0.803818 1.9 1.57041 15 20 0.177036 103 17 118.303
161 1.12923 1.90909 0.907359 13 30 0.296437 107 59 123.532
162 0.979143 1.9 0.67697 17 34 0.335485 60 44 128.737
163 0.861208 1.90909 0.750261 19 27 0.32061 75 34 125.902
164 0.853268 1.9 0.79269 18 22 0.299625 61 33 120.815
165 0.912513 1.95238 1.50321 17 19 0.140594 102 29 119.637
166 0.155462 -nan 0.832833 17 29 0.203329 68 44 115.136
167 0 -nan 0.514173 0 27 0.662273 4 0 109.497
