****************WLQ worker 13****************
Received WLQ tasks: 124
Average no. of tuples in the results set of a window: 5298.56
Average processing time per WLQ task (us): 473685
****************WLQ worker 16****************
Received WLQ tasks: 106
Average no. of tuples in the results set of a window: 5056.58
Average processing time per WLQ task (us): 527595
****************WLQ worker 27****************
Received WLQ tasks: 87
Average no. of tuples in the results set of a window: 5211.88
Average processing time per WLQ task (us): 557160
****************WLQ worker 39****************
Received WLQ tasks: 270
Average no. of tuples in the results set of a window: 5237.5
Average processing time per WLQ task (us): 502898
****************WLQ worker 41****************
Received WLQ tasks: 246
Average no. of tuples in the results set of a window: 5090.83
Average processing time per WLQ task (us): 490617
****************WLQ worker 31****************
Received WLQ tasks: 254
Average no. of tuples in the results set of a window: 5038.26
Average processing time per WLQ task (us): 465627
****************WLQ worker 0****************
Received WLQ tasks: 114
Average no. of tuples in the results set of a window: 5105.38
Average processing time per WLQ task (us): 441570
****************WLQ worker 28****************
Received WLQ tasks: 145
Average no. of tuples in the results set of a window: 5079.8
Average processing time per WLQ task (us): 429355
****************WLQ worker 20****************
Received WLQ tasks: 118
Average no. of tuples in the results set of a window: 5147.6
Average processing time per WLQ task (us): 458282
****************WLQ worker 40****************
Received WLQ tasks: 248
Average no. of tuples in the results set of a window: 5073.37
Average processing time per WLQ task (us): 527369
****************WLQ worker 10****************
Received WLQ tasks: 119
Average no. of tuples in the results set of a window: 5303.27
Average processing time per WLQ task (us): 549099
****************WLQ worker 18****************
Received WLQ tasks: 102
Average no. of tuples in the results set of a window: 5085.5
Average processing time per WLQ task (us): 609536
****************WLQ worker 17****************
Received WLQ tasks: 110
Average no. of tuples in the results set of a window: 5379.44
Average processing time per WLQ task (us): 509197
****************WLQ worker 11****************
Received WLQ tasks: 108
Average no. of tuples in the results set of a window: 5533.36
Average processing time per WLQ task (us): 613907
****************WLQ worker 8****************
Received WLQ tasks: 129
Average no. of tuples in the results set of a window: 5131.27
Average processing time per WLQ task (us): 500776
****************WLQ worker 7****************
Received WLQ tasks: 121
Average no. of tuples in the results set of a window: 5146.45
Average processing time per WLQ task (us): 525242
****************WLQ worker 34****************
Received WLQ tasks: 219
Average no. of tuples in the results set of a window: 5130.68
Average processing time per WLQ task (us): 528298
****************WLQ worker 33****************
Received WLQ tasks: 227
Average no. of tuples in the results set of a window: 5119.77
Average processing time per WLQ task (us): 522364
****************WLQ worker 49****************
Received WLQ tasks: 262
Average no. of tuples in the results set of a window: 5083.6
Average processing time per WLQ task (us): 444063
****************WLQ worker 50****************
Received WLQ tasks: 243
Average no. of tuples in the results set of a window: 5217
Average processing time per WLQ task (us): 566892
****************WLQ worker 42****************
Received WLQ tasks: 278
Average no. of tuples in the results set of a window: 5254.7
Average processing time per WLQ task (us): 445581
****************WLQ worker 57****************
Received WLQ tasks: 250
Average no. of tuples in the results set of a window: 5096.74
Average processing time per WLQ task (us): 474980
****************WLQ worker 58****************
Received WLQ tasks: 307
Average no. of tuples in the results set of a window: 5060.12
Average processing time per WLQ task (us): 465840
****************WLQ worker 23****************
Received WLQ tasks: 132
Average no. of tuples in the results set of a window: 5139.2
Average processing time per WLQ task (us): 555437
****************WLQ worker 24****************
Received WLQ tasks: 153
Average no. of tuples in the results set of a window: 5102.55
Average processing time per WLQ task (us): 431982
****************WLQ worker 21****************
Received WLQ tasks: 139
Average no. of tuples in the results set of a window: 5451.43
Average processing time per WLQ task (us): 428202
****************WLQ worker 22****************
Received WLQ tasks: 185
Average no. of tuples in the results set of a window: 5072.38
Average processing time per WLQ task (us): 410565
****************WLQ worker 46****************
Received WLQ tasks: 248
Average no. of tuples in the results set of a window: 5163.76
Average processing time per WLQ task (us): 478458
****************WLQ worker 45****************
Received WLQ tasks: 253
Average no. of tuples in the results set of a window: 5043.89
Average processing time per WLQ task (us): 543180
****************WLQ worker 25****************
Received WLQ tasks: 163
Average no. of tuples in the results set of a window: 5196.8
Average processing time per WLQ task (us): 471536
****************WLQ worker 26****************
Received WLQ tasks: 119
Average no. of tuples in the results set of a window: 5176.29
Average processing time per WLQ task (us): 558066
****************WLQ worker 35****************
Received WLQ tasks: 252
Average no. of tuples in the results set of a window: 5078.42
Average processing time per WLQ task (us): 458047
****************WLQ worker 36****************
Received WLQ tasks: 281
Average no. of tuples in the results set of a window: 5186.1
Average processing time per WLQ task (us): 442016
****************WLQ worker 43****************
Received WLQ tasks: 244
Average no. of tuples in the results set of a window: 5163.42
Average processing time per WLQ task (us): 542276
****************WLQ worker 44****************
Received WLQ tasks: 292
Average no. of tuples in the results set of a window: 5162.32
Average processing time per WLQ task (us): 404870
****************WLQ worker 56****************
Received WLQ tasks: 220
Average no. of tuples in the results set of a window: 5116.55
Average processing time per WLQ task (us): 541650
****************WLQ worker 55****************
Received WLQ tasks: 266
Average no. of tuples in the results set of a window: 4941.92
Average processing time per WLQ task (us): 475314
****************WLQ worker 52****************
Received WLQ tasks: 252
Average no. of tuples in the results set of a window: 5015
Average processing time per WLQ task (us): 489002
****************WLQ worker 51****************
Received WLQ tasks: 287
Average no. of tuples in the results set of a window: 4984.1
Average processing time per WLQ task (us): 421708
****************WLQ worker 32****************
Received WLQ tasks: 61
Average no. of tuples in the results set of a window: 4613.14
Average processing time per WLQ task (us): 453232
****************WLQ worker 47****************
Received WLQ tasks: 268
Average no. of tuples in the results set of a window: 5339.39
Average processing time per WLQ task (us): 446188
****************WLQ worker 48****************
Received WLQ tasks: 263
Average no. of tuples in the results set of a window: 5082.54
Average processing time per WLQ task (us): 484620
****************WLQ worker 1****************
Received WLQ tasks: 106
Average no. of tuples in the results set of a window: 5141.3
Average processing time per WLQ task (us): 512486
****************WLQ worker 2****************
Received WLQ tasks: 89
Average no. of tuples in the results set of a window: 5168.37
Average processing time per WLQ task (us): 514764
****************WLQ worker 6****************
Received WLQ tasks: 123
Average no. of tuples in the results set of a window: 5231.6
Average processing time per WLQ task (us): 511620
****************WLQ worker 14****************
Received WLQ tasks: 113
Average no. of tuples in the results set of a window: 5351
Average processing time per WLQ task (us): 489137
****************WLQ worker 38****************
Received WLQ tasks: 262
Average no. of tuples in the results set of a window: 4986.48
Average processing time per WLQ task (us): 502373
****************WLQ worker 37****************
Received WLQ tasks: 298
Average no. of tuples in the results set of a window: 4954.91
Average processing time per WLQ task (us): 417557
****************WLQ worker 19****************
Received WLQ tasks: 130
Average no. of tuples in the results set of a window: 5022.9
Average processing time per WLQ task (us): 496206
****************WLQ worker 4****************
Received WLQ tasks: 121
Average no. of tuples in the results set of a window: 4950.77
Average processing time per WLQ task (us): 526433
****************WLQ worker 53****************
Received WLQ tasks: 262
Average no. of tuples in the results set of a window: 5127
Average processing time per WLQ task (us): 478377
****************WLQ worker 54****************
Received WLQ tasks: 231
Average no. of tuples in the results set of a window: 4966.62
Average processing time per WLQ task (us): 524314
****************WLQ worker 3****************
Received WLQ tasks: 108
Average no. of tuples in the results set of a window: 5267.78
Average processing time per WLQ task (us): 497417
****************WLQ worker 5****************
Received WLQ tasks: 129
Average no. of tuples in the results set of a window: 5410.77
Average processing time per WLQ task (us): 629292
****************WLQ worker 15****************
Received WLQ tasks: 112
Average no. of tuples in the results set of a window: 5245.44
Average processing time per WLQ task (us): 452591
****************WLQ worker 30****************
Received WLQ tasks: 242
Average no. of tuples in the results set of a window: 5047.55
Average processing time per WLQ task (us): 496666
****************WLQ worker 29****************
Received WLQ tasks: 128
Average no. of tuples in the results set of a window: 4783.1
Average processing time per WLQ task (us): 422924
****************WLQ worker 12****************
Received WLQ tasks: 111
Average no. of tuples in the results set of a window: 5202.12
Average processing time per WLQ task (us): 650675
****************WLQ worker 9****************
Received WLQ tasks: 0
Average no. of tuples in the results set of a window: 0
Average processing time per WLQ task (us): 0
