****************WLQ worker 23****************
Received WLQ tasks: 560
Average no. of tuples in the results set of a window: 4734.19
Average processing time per WLQ task (us): 548969
****************WLQ worker 22****************
Received WLQ tasks: 431
Average no. of tuples in the results set of a window: 4412.28
Average processing time per WLQ task (us): 487470
****************WLQ worker 37****************
Received WLQ tasks: 708
Average no. of tuples in the results set of a window: 4836.55
Average processing time per WLQ task (us): 555017
****************WLQ worker 13****************
Received WLQ tasks: 481
Average no. of tuples in the results set of a window: 4927.48
Average processing time per WLQ task (us): 556618
****************WLQ worker 19****************
Received WLQ tasks: 345
Average no. of tuples in the results set of a window: 4871.3
Average processing time per WLQ task (us): 548716
****************WLQ worker 47****************
Received WLQ tasks: 847
Average no. of tuples in the results set of a window: 4839.15
Average processing time per WLQ task (us): 518902
****************WLQ worker 15****************
Received WLQ tasks: 478
Average no. of tuples in the results set of a window: 4815.52
Average processing time per WLQ task (us): 515462
****************WLQ worker 46****************
Received WLQ tasks: 818
Average no. of tuples in the results set of a window: 4804.76
Average processing time per WLQ task (us): 549178
****************WLQ worker 2****************
Received WLQ tasks: 498
Average no. of tuples in the results set of a window: 4546.53
Average processing time per WLQ task (us): 454006
****************WLQ worker 1****************
Received WLQ tasks: 448
Average no. of tuples in the results set of a window: 4501.23
Average processing time per WLQ task (us): 437695
****************WLQ worker 3****************
Received WLQ tasks: 444
Average no. of tuples in the results set of a window: 4721.83
Average processing time per WLQ task (us): 478156
****************WLQ worker 54****************
Received WLQ tasks: 1055
Average no. of tuples in the results set of a window: 4584.59
Average processing time per WLQ task (us): 545790
****************WLQ worker 53****************
Received WLQ tasks: 1095
Average no. of tuples in the results set of a window: 4511.42
Average processing time per WLQ task (us): 504837
****************WLQ worker 58****************
Received WLQ tasks: 1162
Average no. of tuples in the results set of a window: 4493.59
Average processing time per WLQ task (us): 492979
****************WLQ worker 57****************
Received WLQ tasks: 1066
Average no. of tuples in the results set of a window: 4588.39
Average processing time per WLQ task (us): 519549
****************WLQ worker 25****************
Received WLQ tasks: 524
Average no. of tuples in the results set of a window: 5046.19
Average processing time per WLQ task (us): 633272
****************WLQ worker 0****************
Received WLQ tasks: 328
Average no. of tuples in the results set of a window: 4641.81
Average processing time per WLQ task (us): 523132
****************WLQ worker 24****************
Received WLQ tasks: 497
Average no. of tuples in the results set of a window: 5017.71
Average processing time per WLQ task (us): 553909
****************WLQ worker 21****************
Received WLQ tasks: 365
Average no. of tuples in the results set of a window: 4687.26
Average processing time per WLQ task (us): 538312
****************WLQ worker 10****************
Received WLQ tasks: 397
Average no. of tuples in the results set of a window: 4698.64
Average processing time per WLQ task (us): 480750
****************WLQ worker 7****************
Received WLQ tasks: 509
Average no. of tuples in the results set of a window: 4654.38
Average processing time per WLQ task (us): 475076
****************WLQ worker 6****************
Received WLQ tasks: 419
Average no. of tuples in the results set of a window: 4738.81
Average processing time per WLQ task (us): 524011
****************WLQ worker 31****************
Received WLQ tasks: 60
Average no. of tuples in the results set of a window: 4899.4
Average processing time per WLQ task (us): 432935
****************WLQ worker 32****************
Received WLQ tasks: 174
Average no. of tuples in the results set of a window: 4913.24
Average processing time per WLQ task (us): 557091
****************WLQ worker 51****************
Received WLQ tasks: 946
Average no. of tuples in the results set of a window: 4652.7
Average processing time per WLQ task (us): 520426
****************WLQ worker 39****************
Received WLQ tasks: 171
Average no. of tuples in the results set of a window: 4644.21
Average processing time per WLQ task (us): 495007
****************WLQ worker 38****************
Received WLQ tasks: 654
Average no. of tuples in the results set of a window: 4910.15
Average processing time per WLQ task (us): 625664
****************WLQ worker 8****************
Received WLQ tasks: 500
Average no. of tuples in the results set of a window: 4633.55
Average processing time per WLQ task (us): 496907
****************WLQ worker 35****************
Received WLQ tasks: 325
Average no. of tuples in the results set of a window: 4664.9
Average processing time per WLQ task (us): 506778
****************WLQ worker 36****************
Received WLQ tasks: 112
Average no. of tuples in the results set of a window: 4664.05
Average processing time per WLQ task (us): 637513
****************WLQ worker 40****************
Received WLQ tasks: 145
Average no. of tuples in the results set of a window: 4817.57
Average processing time per WLQ task (us): 613843
****************WLQ worker 34****************
Received WLQ tasks: 467
Average no. of tuples in the results set of a window: 4767.66
Average processing time per WLQ task (us): 507129
****************WLQ worker 33****************
Received WLQ tasks: 259
Average no. of tuples in the results set of a window: 4763.19
Average processing time per WLQ task (us): 466318
****************WLQ worker 14****************
Received WLQ tasks: 522
Average no. of tuples in the results set of a window: 4884.81
Average processing time per WLQ task (us): 556875
****************WLQ worker 11****************
Received WLQ tasks: 364
Average no. of tuples in the results set of a window: 4781.44
Average processing time per WLQ task (us): 516435
****************WLQ worker 12****************
Received WLQ tasks: 447
Average no. of tuples in the results set of a window: 4719.26
Average processing time per WLQ task (us): 506201
****************WLQ worker 20****************
Received WLQ tasks: 354
Average no. of tuples in the results set of a window: 4752.11
Average processing time per WLQ task (us): 534843
****************WLQ worker 30****************
Received WLQ tasks: 542
Average no. of tuples in the results set of a window: 5019.39
Average processing time per WLQ task (us): 490468
****************WLQ worker 28****************
Received WLQ tasks: 500
Average no. of tuples in the results set of a window: 5068.06
Average processing time per WLQ task (us): 594433
****************WLQ worker 27****************
Received WLQ tasks: 433
Average no. of tuples in the results set of a window: 5040.72
Average processing time per WLQ task (us): 583803
****************WLQ worker 26****************
Received WLQ tasks: 455
Average no. of tuples in the results set of a window: 5069.72
Average processing time per WLQ task (us): 560548
****************WLQ worker 41****************
Received WLQ tasks: 173
Average no. of tuples in the results set of a window: 4787.35
Average processing time per WLQ task (us): 480537
****************WLQ worker 42****************
Received WLQ tasks: 193
Average no. of tuples in the results set of a window: 4549.22
Average processing time per WLQ task (us): 459223
****************WLQ worker 44****************
Received WLQ tasks: 15
Average no. of tuples in the results set of a window: 3652.67
Average processing time per WLQ task (us): 443290
****************WLQ worker 43****************
Received WLQ tasks: 196
Average no. of tuples in the results set of a window: 4416.96
Average processing time per WLQ task (us): 489887
****************WLQ worker 45****************
Received WLQ tasks: 17
Average no. of tuples in the results set of a window: 3525
Average processing time per WLQ task (us): 402543
****************WLQ worker 18****************
Received WLQ tasks: 267
Average no. of tuples in the results set of a window: 5065.13
Average processing time per WLQ task (us): 687809
****************WLQ worker 17****************
Received WLQ tasks: 368
Average no. of tuples in the results set of a window: 4894.98
Average processing time per WLQ task (us): 564576
****************WLQ worker 29****************
Received WLQ tasks: 465
Average no. of tuples in the results set of a window: 5011.78
Average processing time per WLQ task (us): 602927
****************WLQ worker 49****************
Received WLQ tasks: 955
Average no. of tuples in the results set of a window: 4752.72
Average processing time per WLQ task (us): 519089
****************WLQ worker 50****************
Received WLQ tasks: 942
Average no. of tuples in the results set of a window: 4622.06
Average processing time per WLQ task (us): 529205
****************WLQ worker 48****************
Received WLQ tasks: 813
Average no. of tuples in the results set of a window: 4872.27
Average processing time per WLQ task (us): 564408
****************WLQ worker 16****************
Received WLQ tasks: 371
Average no. of tuples in the results set of a window: 4827.35
Average processing time per WLQ task (us): 560310
****************WLQ worker 55****************
Received WLQ tasks: 1072
Average no. of tuples in the results set of a window: 4475.01
Average processing time per WLQ task (us): 515831
****************WLQ worker 56****************
Received WLQ tasks: 1107
Average no. of tuples in the results set of a window: 4484.39
Average processing time per WLQ task (us): 501308
****************WLQ worker 52****************
Received WLQ tasks: 1099
Average no. of tuples in the results set of a window: 4486.1
Average processing time per WLQ task (us): 496653
****************WLQ worker 4****************
Received WLQ tasks: 454
Average no. of tuples in the results set of a window: 4575.66
Average processing time per WLQ task (us): 494899
****************WLQ worker 9****************
Received WLQ tasks: 476
Average no. of tuples in the results set of a window: 4617.12
Average processing time per WLQ task (us): 470264
****************WLQ worker 5****************
Received WLQ tasks: 397
Average no. of tuples in the results set of a window: 4695.49
Average processing time per WLQ task (us): 507471
