#control_step plq_rho plq_splitting wlq_rho nw_plq nw_wlq [watts]
0 13.8756 1 0 1 0
1 10.2316 1.2 0 2 0
2 11.2096 1.64 0 3 0
3 5.06282 2.44 0 5 0
4 2.1715 3.2 0 8 0
5 1.37536 4.44 0 12 0
6 0.597452 9.88 0 18 0
7 0.747852 7.04 0 11 0
8 1.33327 5.12 0 9 0
9 1.25189 8.12 0 14 0
10 0.845011 15.2 0 20 0
11 0.751448 8.64 0 10 0
12 1.02103 5.4 0 8 0
13 0.965149 7.68 0 12 0
14 0.775891 9.96 0 13 0
15 1.23134 5.07692 0 7 0
16 1.1751 5.625 0 11 0
17 0.675897 9.88462 0 17 0
18 0.521964 10.9583 0 12 0
19 1.20235 6.34615 0 6 0
20 0.653253 7.92 0 8 0
21 0.87016 6.28 0 6 0
22 0.961683 6 0 6 0
23 0.865361 6 0 6 0
24 0.98893 6 0 6 0
25 0.866056 7 0 7 0
26 0.787936 6.96 0 7 0
27 1.08283 6.16 0 6 0
28 0.785324 7.96 0 8 0
29 0.827288 7.16 0 7 0
30 1.01672 6.16 0 6 0
31 0.839016 7.92 0 8 0
32 0.859368 7.16 0 7 0
33 0.97091 6.2 0 6 0
34 0.711041 7 0 7 0
35 1.02329 5.36 0 5 0
36 0.908546 7.56 0 8 0
37 0.625009 7.88 0 8 0
38 0.97647 5.16 0 5 0
39 0.956704 6.76 0 8 0
40 0.864017 5.68 0 9 0
41 0.804291 4.72 0 9 0
42 1.02534 4.84 0 8 0
43 0.877912 5.36 0 10 0
44 0.965773 4.4 0 10 0
45 0.917558 4.96 0 11 0
46 0.824367 4.04 0 11 0
47 0.96441 3.48 0 10 0
48 0.859127 3.88 0 11 0
49 0.910903 4.04 0 10 0
50 0.822993 4.65 0 10 0
