#control_step plq_rho plq_splitting wlq_rho nw_plq nw_wlq [watts]
0 10.2649 1 0 1 0
1 9.20488 1.32 0 2 0
2 9.04913 1.76 0 3 0
3 3.91872 2.48 0 5 0
4 2.13237 3.24 0 8 0
5 1.32553 5 0 12 0
6 0.722535 11.36 0 18 0
7 0.928431 6.88 0 9 0
8 0.800929 6 0 9 0
9 1.00961 4.32 0 7 0
10 0.772693 7.24 0 11 0
11 0.697596 6.4 0 9 0
12 1.08467 4.36 0 7 0
13 0.909627 7.08 0 11 0
14 0.83894 8.36 0 11 0
15 1.05003 5.28 0 6 0
16 0.700131 5.96 0 7 0
17 1.02616 4.84 0 5 0
18 0.768287 6 0 6 0
19 0.873655 5.16 0 5 0
20 1.04316 5 0 5 0
21 0.775674 5.96 0 6 0
22 1.5065 4.4 0 4 0
23 1.21772 5.8 0 6 0
24 0.70278 7.92 0 8 0
25 0.702431 6.32 0 6 0
26 0.980198 5.2 0 5 0
27 0.717484 5.96 0 6 0
28 1.07701 5.2 0 5 0
29 0.77518 5.96 0 6 0
30 1.21945 5.12 0 5 0
31 0.820444 6.88462 0 7 0
32 0.774203 5.41667 0 6 0
33 1.00796 4.72 0 5 0
34 0.824323 4.92 0 6 0
35 1.09925 4.6 0 5 0
36 0.889818 5.4 0 6 0
37 1.05047 5.57692 0 6 0
38 0.846248 4.8 0 7 0
39 0.99012 3.88 0 7 0
40 0.887502 3.92 0 8 0
41 0.889015 4.28 0 8 0
42 1.08062 5.88 0 8 0
43 0.743101 4.24 0 12 0
44 0.810615 3.72 0 10 0
45 0.834247 3.48 0 9 0
46 1.01005 3.6 0 8 0
47 0.825823 3.72 0 9 0
48 1.02459 3.68 0 8 0
49 0.841311 3.92 0 9 0
50 1.03226 3.36 0 8 0
51 0.897153 3.56 0 9 0
52 0.838669 3.48 0 9 0
53 0.997425 3.4 0 8 0
54 0.980713 3 0 9 0
55 0.88201 3.04 0 10 0
56 0.953365 3.28 0 10 0
57 1.03972 3.12 0 11 0
58 0.973684 2.68 0 13 0
