****************WLQ worker 23****************
Received WLQ tasks: 711
Average no. of tuples in the results set of a window: 5013.6
Average processing time per WLQ task (us): 328389
****************WLQ worker 24****************
Received WLQ tasks: 744
Average no. of tuples in the results set of a window: 4768.95
Average processing time per WLQ task (us): 336168
****************WLQ worker 3****************
Received WLQ tasks: 509
Average no. of tuples in the results set of a window: 4522.92
Average processing time per WLQ task (us): 290206
****************WLQ worker 4****************
Received WLQ tasks: 778
Average no. of tuples in the results set of a window: 4580.03
Average processing time per WLQ task (us): 290603
****************WLQ worker 6****************
Received WLQ tasks: 726
Average no. of tuples in the results set of a window: 4450.73
Average processing time per WLQ task (us): 294110
****************WLQ worker 5****************
Received WLQ tasks: 737
Average no. of tuples in the results set of a window: 4575.36
Average processing time per WLQ task (us): 286703
****************WLQ worker 1****************
Received WLQ tasks: 673
Average no. of tuples in the results set of a window: 4606.37
Average processing time per WLQ task (us): 304687
****************WLQ worker 2****************
Received WLQ tasks: 531
Average no. of tuples in the results set of a window: 4393.42
Average processing time per WLQ task (us): 276238
****************WLQ worker 11****************
Received WLQ tasks: 417
Average no. of tuples in the results set of a window: 5050.02
Average processing time per WLQ task (us): 345126
****************WLQ worker 12****************
Received WLQ tasks: 530
Average no. of tuples in the results set of a window: 4553.57
Average processing time per WLQ task (us): 282696
****************WLQ worker 0****************
Received WLQ tasks: 504
Average no. of tuples in the results set of a window: 4552.33
Average processing time per WLQ task (us): 315909
****************WLQ worker 9****************
Received WLQ tasks: 523
Average no. of tuples in the results set of a window: 4592.12
Average processing time per WLQ task (us): 303368
****************WLQ worker 10****************
Received WLQ tasks: 540
Average no. of tuples in the results set of a window: 4646
Average processing time per WLQ task (us): 296900
****************WLQ worker 25****************
Received WLQ tasks: 582
Average no. of tuples in the results set of a window: 4633.08
Average processing time per WLQ task (us): 358404
****************WLQ worker 26****************
Received WLQ tasks: 675
Average no. of tuples in the results set of a window: 4652.88
Average processing time per WLQ task (us): 325335
****************WLQ worker 21****************
Received WLQ tasks: 553
Average no. of tuples in the results set of a window: 5088.4
Average processing time per WLQ task (us): 382042
****************WLQ worker 22****************
Received WLQ tasks: 644
Average no. of tuples in the results set of a window: 5112.28
Average processing time per WLQ task (us): 355725
****************WLQ worker 57****************
Received WLQ tasks: 0
Average no. of tuples in the results set of a window: 0
Average processing time per WLQ task (us): 0
****************WLQ worker 58****************
Received WLQ tasks: 1784
Average no. of tuples in the results set of a window: 4539.59
Average processing time per WLQ task (us): 311194
****************WLQ worker 7****************
Received WLQ tasks: 681
Average no. of tuples in the results set of a window: 4493.24
Average processing time per WLQ task (us): 282510
****************WLQ worker 19****************
Received WLQ tasks: 499
Average no. of tuples in the results set of a window: 4856.84
Average processing time per WLQ task (us): 315634
****************WLQ worker 20****************
Received WLQ tasks: 565
Average no. of tuples in the results set of a window: 5037.1
Average processing time per WLQ task (us): 361796
****************WLQ worker 18****************
Received WLQ tasks: 483
Average no. of tuples in the results set of a window: 4902.68
Average processing time per WLQ task (us): 322069
****************WLQ worker 17****************
Received WLQ tasks: 535
Average no. of tuples in the results set of a window: 5034.98
Average processing time per WLQ task (us): 307043
****************WLQ worker 53****************
Received WLQ tasks: 1616
Average no. of tuples in the results set of a window: 4576.44
Average processing time per WLQ task (us): 326783
****************WLQ worker 16****************
Received WLQ tasks: 562
Average no. of tuples in the results set of a window: 4829.25
Average processing time per WLQ task (us): 326456
****************WLQ worker 15****************
Received WLQ tasks: 553
Average no. of tuples in the results set of a window: 4935.54
Average processing time per WLQ task (us): 338089
****************WLQ worker 14****************
Received WLQ tasks: 558
Average no. of tuples in the results set of a window: 4795.42
Average processing time per WLQ task (us): 326081
****************WLQ worker 13****************
Received WLQ tasks: 532
Average no. of tuples in the results set of a window: 4688.92
Average processing time per WLQ task (us): 301511
****************WLQ worker 8****************
Received WLQ tasks: 521
Average no. of tuples in the results set of a window: 4524.5
Average processing time per WLQ task (us): 294203
****************WLQ worker 41****************
Received WLQ tasks: 38
Average no. of tuples in the results set of a window: 3568.75
Average processing time per WLQ task (us): 193285
****************WLQ worker 42****************
Received WLQ tasks: 34
Average no. of tuples in the results set of a window: 3639.2
Average processing time per WLQ task (us): 201083
****************WLQ worker 54****************
Received WLQ tasks: 0
Average no. of tuples in the results set of a window: 0
Average processing time per WLQ task (us): 0
****************WLQ worker 50****************
Received WLQ tasks: 1702
Average no. of tuples in the results set of a window: 4502.97
Average processing time per WLQ task (us): 312618
****************WLQ worker 49****************
Received WLQ tasks: 1497
Average no. of tuples in the results set of a window: 4659.97
Average processing time per WLQ task (us): 319419
****************WLQ worker 30****************
Received WLQ tasks: 493
Average no. of tuples in the results set of a window: 4952.04
Average processing time per WLQ task (us): 335209
****************WLQ worker 29****************
Received WLQ tasks: 545
Average no. of tuples in the results set of a window: 4991.39
Average processing time per WLQ task (us): 339761
****************WLQ worker 51****************
Received WLQ tasks: 1659
Average no. of tuples in the results set of a window: 4588.41
Average processing time per WLQ task (us): 321194
****************WLQ worker 52****************
Received WLQ tasks: 1735
Average no. of tuples in the results set of a window: 4594.37
Average processing time per WLQ task (us): 306792
****************WLQ worker 27****************
Received WLQ tasks: 401
Average no. of tuples in the results set of a window: 4884.36
Average processing time per WLQ task (us): 334546
****************WLQ worker 28****************
Received WLQ tasks: 381
Average no. of tuples in the results set of a window: 5024.66
Average processing time per WLQ task (us): 356555
****************WLQ worker 35****************
Received WLQ tasks: 79
Average no. of tuples in the results set of a window: 4464.86
Average processing time per WLQ task (us): 271928
****************WLQ worker 36****************
Received WLQ tasks: 330
Average no. of tuples in the results set of a window: 4733.41
Average processing time per WLQ task (us): 297494
****************WLQ worker 45****************
Received WLQ tasks: 402
Average no. of tuples in the results set of a window: 4942.86
Average processing time per WLQ task (us): 329418
****************WLQ worker 46****************
Received WLQ tasks: 164
Average no. of tuples in the results set of a window: 4668
Average processing time per WLQ task (us): 330278
****************WLQ worker 48****************
Received WLQ tasks: 1419
Average no. of tuples in the results set of a window: 4677.44
Average processing time per WLQ task (us): 332406
****************WLQ worker 47****************
Received WLQ tasks: 1424
Average no. of tuples in the results set of a window: 4682.56
Average processing time per WLQ task (us): 323023
****************WLQ worker 34****************
Received WLQ tasks: 282
Average no. of tuples in the results set of a window: 4823.75
Average processing time per WLQ task (us): 334125
****************WLQ worker 33****************
Received WLQ tasks: 332
Average no. of tuples in the results set of a window: 4811.78
Average processing time per WLQ task (us): 301177
****************WLQ worker 31****************
Received WLQ tasks: 379
Average no. of tuples in the results set of a window: 4846.72
Average processing time per WLQ task (us): 323548
****************WLQ worker 32****************
Received WLQ tasks: 292
Average no. of tuples in the results set of a window: 4927.28
Average processing time per WLQ task (us): 329732
****************WLQ worker 37****************
Received WLQ tasks: 327
Average no. of tuples in the results set of a window: 4565.74
Average processing time per WLQ task (us): 291355
****************WLQ worker 38****************
Received WLQ tasks: 47
Average no. of tuples in the results set of a window: 5701
Average processing time per WLQ task (us): 240436
****************WLQ worker 43****************
Received WLQ tasks: 329
Average no. of tuples in the results set of a window: 4948.63
Average processing time per WLQ task (us): 369310
****************WLQ worker 44****************
Received WLQ tasks: 416
Average no. of tuples in the results set of a window: 4998.67
Average processing time per WLQ task (us): 330991
****************WLQ worker 39****************
Received WLQ tasks: 26
Average no. of tuples in the results set of a window: 5166.33
Average processing time per WLQ task (us): 389345
****************WLQ worker 40****************
Received WLQ tasks: 31
Average no. of tuples in the results set of a window: 4421.75
Average processing time per WLQ task (us): 299331
****************WLQ worker 56****************
Received WLQ tasks: 0
Average no. of tuples in the results set of a window: 0
Average processing time per WLQ task (us): 0
****************WLQ worker 55****************
Received WLQ tasks: 0
Average no. of tuples in the results set of a window: 0
Average processing time per WLQ task (us): 0
