****************WLQ worker 8****************
Received WLQ tasks: 292
Average no. of tuples in the results set of a window: 5549.17
Average processing time per WLQ task (us): 468332
****************WLQ worker 18****************
Received WLQ tasks: 239
Average no. of tuples in the results set of a window: 5683.12
Average processing time per WLQ task (us): 673472
****************WLQ worker 37****************
Received WLQ tasks: 485
Average no. of tuples in the results set of a window: 5591.62
Average processing time per WLQ task (us): 467775
****************WLQ worker 50****************
Received WLQ tasks: 421
Average no. of tuples in the results set of a window: 5565.71
Average processing time per WLQ task (us): 542700
****************WLQ worker 0****************
Received WLQ tasks: 66
Average no. of tuples in the results set of a window: 5285.6
Average processing time per WLQ task (us): 504828
****************WLQ worker 7****************
Received WLQ tasks: 249
Average no. of tuples in the results set of a window: 5663
Average processing time per WLQ task (us): 549328
****************WLQ worker 12****************
Received WLQ tasks: 291
Average no. of tuples in the results set of a window: 5455.04
Average processing time per WLQ task (us): 536617
****************WLQ worker 1****************
Received WLQ tasks: 159
Average no. of tuples in the results set of a window: 5763.5
Average processing time per WLQ task (us): 567962
****************WLQ worker 9****************
Received WLQ tasks: 292
Average no. of tuples in the results set of a window: 5778.41
Average processing time per WLQ task (us): 482815
****************WLQ worker 10****************
Received WLQ tasks: 302
Average no. of tuples in the results set of a window: 5633.68
Average processing time per WLQ task (us): 510595
****************WLQ worker 21****************
Received WLQ tasks: 323
Average no. of tuples in the results set of a window: 5506.84
Average processing time per WLQ task (us): 491644
****************WLQ worker 13****************
Received WLQ tasks: 259
Average no. of tuples in the results set of a window: 5370.82
Average processing time per WLQ task (us): 470725
****************WLQ worker 11****************
Received WLQ tasks: 263
Average no. of tuples in the results set of a window: 5603.21
Average processing time per WLQ task (us): 537611
****************WLQ worker 17****************
Received WLQ tasks: 245
Average no. of tuples in the results set of a window: 5603.3
Average processing time per WLQ task (us): 571923
****************WLQ worker 23****************
Received WLQ tasks: 372
Average no. of tuples in the results set of a window: 5538.06
Average processing time per WLQ task (us): 541661
****************WLQ worker 24****************
Received WLQ tasks: 318
Average no. of tuples in the results set of a window: 5627.79
Average processing time per WLQ task (us): 571316
****************WLQ worker 2****************
Received WLQ tasks: 176
Average no. of tuples in the results set of a window: 5639.27
Average processing time per WLQ task (us): 453012
****************WLQ worker 20****************
Received WLQ tasks: 343
Average no. of tuples in the results set of a window: 5496.56
Average processing time per WLQ task (us): 474194
****************WLQ worker 19****************
Received WLQ tasks: 330
Average no. of tuples in the results set of a window: 5565.27
Average processing time per WLQ task (us): 514045
****************WLQ worker 16****************
Received WLQ tasks: 202
Average no. of tuples in the results set of a window: 5698.81
Average processing time per WLQ task (us): 539000
****************WLQ worker 15****************
Received WLQ tasks: 181
Average no. of tuples in the results set of a window: 5704.08
Average processing time per WLQ task (us): 491022
****************WLQ worker 44****************
Received WLQ tasks: 414
Average no. of tuples in the results set of a window: 5577.02
Average processing time per WLQ task (us): 577094
****************WLQ worker 43****************
Received WLQ tasks: 483
Average no. of tuples in the results set of a window: 5579.7
Average processing time per WLQ task (us): 466024
****************WLQ worker 51****************
Received WLQ tasks: 480
Average no. of tuples in the results set of a window: 5429.71
Average processing time per WLQ task (us): 436235
****************WLQ worker 52****************
Received WLQ tasks: 471
Average no. of tuples in the results set of a window: 5562.41
Average processing time per WLQ task (us): 467959
****************WLQ worker 5****************
Received WLQ tasks: 275
Average no. of tuples in the results set of a window: 5660.35
Average processing time per WLQ task (us): 498454
****************WLQ worker 6****************
Received WLQ tasks: 262
Average no. of tuples in the results set of a window: 5464.4
Average processing time per WLQ task (us): 424867
****************WLQ worker 39****************
Received WLQ tasks: 451
Average no. of tuples in the results set of a window: 5613.17
Average processing time per WLQ task (us): 532331
****************WLQ worker 40****************
Received WLQ tasks: 462
Average no. of tuples in the results set of a window: 5481.33
Average processing time per WLQ task (us): 460351
****************WLQ worker 38****************
Received WLQ tasks: 429
Average no. of tuples in the results set of a window: 5564.81
Average processing time per WLQ task (us): 528833
****************WLQ worker 22****************
Received WLQ tasks: 290
Average no. of tuples in the results set of a window: 5571.5
Average processing time per WLQ task (us): 525863
****************WLQ worker 14****************
Received WLQ tasks: 305
Average no. of tuples in the results set of a window: 5449.17
Average processing time per WLQ task (us): 475813
****************WLQ worker 57****************
Received WLQ tasks: 423
Average no. of tuples in the results set of a window: 5408.06
Average processing time per WLQ task (us): 517360
****************WLQ worker 58****************
Received WLQ tasks: 488
Average no. of tuples in the results set of a window: 5495.1
Average processing time per WLQ task (us): 512412
****************WLQ worker 26****************
Received WLQ tasks: 348
Average no. of tuples in the results set of a window: 5665.82
Average processing time per WLQ task (us): 467540
****************WLQ worker 25****************
Received WLQ tasks: 373
Average no. of tuples in the results set of a window: 5582.96
Average processing time per WLQ task (us): 487828
****************WLQ worker 47****************
Received WLQ tasks: 447
Average no. of tuples in the results set of a window: 5517.38
Average processing time per WLQ task (us): 516822
****************WLQ worker 48****************
Received WLQ tasks: 436
Average no. of tuples in the results set of a window: 5522.26
Average processing time per WLQ task (us): 488887
****************WLQ worker 55****************
Received WLQ tasks: 460
Average no. of tuples in the results set of a window: 5565.74
Average processing time per WLQ task (us): 474333
****************WLQ worker 56****************
Received WLQ tasks: 440
Average no. of tuples in the results set of a window: 5527.67
Average processing time per WLQ task (us): 500269
****************WLQ worker 29****************
Received WLQ tasks: 455
Average no. of tuples in the results set of a window: 5537.65
Average processing time per WLQ task (us): 504303
****************WLQ worker 30****************
Received WLQ tasks: 450
Average no. of tuples in the results set of a window: 5473.53
Average processing time per WLQ task (us): 482005
****************WLQ worker 49****************
Received WLQ tasks: 444
Average no. of tuples in the results set of a window: 5436.95
Average processing time per WLQ task (us): 499658
****************WLQ worker 27****************
Received WLQ tasks: 365
Average no. of tuples in the results set of a window: 5517.21
Average processing time per WLQ task (us): 503079
****************WLQ worker 28****************
Received WLQ tasks: 446
Average no. of tuples in the results set of a window: 5580.32
Average processing time per WLQ task (us): 450850
****************WLQ worker 53****************
Received WLQ tasks: 508
Average no. of tuples in the results set of a window: 5464.58
Average processing time per WLQ task (us): 428433
****************WLQ worker 54****************
Received WLQ tasks: 426
Average no. of tuples in the results set of a window: 5526.74
Average processing time per WLQ task (us): 523072
****************WLQ worker 45****************
Received WLQ tasks: 468
Average no. of tuples in the results set of a window: 5557.13
Average processing time per WLQ task (us): 465591
****************WLQ worker 46****************
Received WLQ tasks: 434
Average no. of tuples in the results set of a window: 5547.81
Average processing time per WLQ task (us): 527156
****************WLQ worker 42****************
Received WLQ tasks: 467
Average no. of tuples in the results set of a window: 5468.74
Average processing time per WLQ task (us): 491775
****************WLQ worker 41****************
Received WLQ tasks: 413
Average no. of tuples in the results set of a window: 5530.05
Average processing time per WLQ task (us): 572987
****************WLQ worker 33****************
Received WLQ tasks: 445
Average no. of tuples in the results set of a window: 5505.19
Average processing time per WLQ task (us): 480913
****************WLQ worker 34****************
Received WLQ tasks: 426
Average no. of tuples in the results set of a window: 5451.6
Average processing time per WLQ task (us): 556453
****************WLQ worker 31****************
Received WLQ tasks: 432
Average no. of tuples in the results set of a window: 5554.92
Average processing time per WLQ task (us): 530876
****************WLQ worker 3****************
Received WLQ tasks: 282
Average no. of tuples in the results set of a window: 5748.59
Average processing time per WLQ task (us): 445220
****************WLQ worker 32****************
Received WLQ tasks: 417
Average no. of tuples in the results set of a window: 5611.94
Average processing time per WLQ task (us): 539001
****************WLQ worker 35****************
Received WLQ tasks: 420
Average no. of tuples in the results set of a window: 5651.43
Average processing time per WLQ task (us): 539815
****************WLQ worker 36****************
Received WLQ tasks: 447
Average no. of tuples in the results set of a window: 5528.93
Average processing time per WLQ task (us): 458758
****************WLQ worker 4****************
Received WLQ tasks: 260
Average no. of tuples in the results set of a window: 5632.87
Average processing time per WLQ task (us): 437872
