#control_step plq_rho plq_splitting wlq_rho nw_plq nw_wlq wlq_idle wlq_win_tasks wlq_merge_tasks [watts]
0 5.29225 1 7.6852e-05 1 1 0.999923 1 0 142.226
1 4.30233 1.3 2.26276 2 1 0.676748 3 0 95.7175
2 3.59996 1.25 7.09961 3 2 0.101032 5 0 97.4238
3 2.97537 1.5 16.9857 4 3 0.123995 7 0 98.7874
4 2.0857 2.42857 13.9172 5 5 0.222893 14 0 100.76
5 1.14007 3.72222 32.0105 6 8 0.411161 18 0 103.809
6 0.232383 5.2 27.5663 7 12 0.18714 35 0 106.785
7 0.652275 3.54545 21.6204 4 18 0.135247 54 0 109.964
8 0.786251 2.90909 11.6309 3 27 0.192762 101 0 116.623
9 0.820727 2.9 5.97273 3 41 0.215066 196 0 128.001
10 0.706091 2.95238 3.03555 3 56 0.0919673 451 0 141.928
11 5.01424 1.1 2.71958 1 58 0.0498423 344 0 142.541
12 5.83758 1 1.63624 1 58 0.0383221 345 26 142.399
13 5.23415 1 0.897262 1 58 0.188677 119 114 142.107
14 4.72397 1 0.798273 1 57 0.524973 41 13 136.072
15 4.43712 1.13333 0.606607 2 57 0.509495 36 2 134.731
16 5.37983 1 0 2 50 0.846883 0 0 127.626
17 4.83904 1.1 0 3 38 0.947368 0 0 118.125
18 1.34211 1.9 0.198929 5 29 0.879279 44 26 115.284
19 0.502766 2.81818 3.39603 8 22 0.365295 57 6 115.659
20 2.9505 4.27273 4.1593 4 33 0.252478 111 0 122.712
21 2.98526 2.09091 1.32388 5 50 0.236724 188 85 137.292
22 1.27412 3.1 0.756965 4 55 0.36984 111 105 139.877
23 0.900261 3 2.421 4 53 0.166829 135 15 141.929
24 1.3064 2.54545 1.66709 3 56 0.168071 199 1 142.418
25 1.42116 2 1.08369 3 56 0.13899 170 127 142.203
26 1.33058 2 0.880942 3 56 0.381544 72 56 138.522
27 1.00792 2.68182 1.24654 3 55 0.347975 81 35 139.603
28 1.69968 2.2 0.618912 2 57 0.409636 34 32 137.544
29 1.52297 2 0.738203 2 51 0.501328 79 68 133.311
30 4.54305 1.81818 0.922629 3 53 0.486551 87 92 136.793
31 0.997923 1.7 0.791442 3 56 0.276583 98 51 140.723
32 0.931151 3 0.856372 3 51 0.3541 108 52 138.282
33 0.902476 3 0.725215 3 48 0.430964 78 63 132.11
34 0.683622 3 1.84126 3 38 0.1922 128 21 126.134
35 1.07576 2.54545 0.978698 2 57 0.219257 203 158 141.576
36 1.33698 2 0.840126 2 57 0.272378 101 117 139.809
37 1.26918 2 0.675393 2 56 0.473818 56 47 135.966
38 2.94225 1.85714 0.635245 3 53 0.568527 66 46 133.623
39 1.17062 2.45455 1.05275 5 49 0.51477 96 45 132.839
40 0.442659 4.2 1.17155 6 53 0.232181 192 105 141.001
41 1.39328 4.36364 0.923549 2 57 0.200015 169 175 141.864
42 1.32809 2 0.751482 2 57 0.44029 45 47 136.327
43 1.40604 2 1.05247 2 56 0.630972 40 39 134.384
44 1.62377 2 0.659429 2 57 0.576131 30 17 135.642
45 1.3544 2 0.654411 2 54 0.609097 47 49 135.362
46 3.47984 1.54545 0.663128 3 51 0.546986 59 50 134.111
47 1.42684 2.8 0.715181 5 49 0.512834 87 61 134.225
48 0.371899 4.1 2.05055 8 50 0.253687 148 100 139.945
49 0.857401 3.27273 1.20929 3 56 0.128213 269 160 142.252
50 1.05485 2.27273 0.883807 2 57 0.19783 95 116 140.776
51 1.20249 2 0.684562 2 57 0.536458 58 53 136.963
52 1.10973 2 0.687042 2 52 0.431335 58 53 133.661
53 0.930123 2.3 0.628018 3 45 0.493086 65 52 130.181
54 0.543932 3 1.26105 3 32 0.325158 129 92 121.955
55 1.18701 2.27273 0.908905 2 46 0.412793 71 108 128.757
56 0.786434 2.90909 0.675388 3 55 0.386607 82 113 137.024
57 0.591829 3 0.791611 3 40 0.369669 84 80 128.242
58 1.21802 2.7 0.881758 2 35 0.254775 80 61 123.229
59 0.860776 2.66667 1.5909 3 40 0.327936 79 76 125.822
60 0.543822 3 0.843578 3 56 0.474507 109 142 137.573
61 1.24567 2.27273 0.858902 2 52 0.524504 64 62 135.377
62 0.782409 2.81818 0.705679 3 56 0.338797 81 109 138.03
63 0.591579 3 0.701297 3 42 0.441385 72 78 128.799
64 0.615123 3 0.877014 3 32 0.263072 80 73 120.69
65 1.12462 2.5 0.923564 2 31 0.27514 93 69 119.656
66 0.646366 3 1.28523 3 36 0.220211 128 68 123.98
67 1.08116 2.36364 0.73154 2 53 0.383584 82 110 134.899
68 1.29079 2 0.698529 2 47 0.546853 54 50 129.377
69 1.01885 2.4 0.644047 3 46 0.439593 68 60 129.608
70 0.362786 3.54545 0.793936 4 37 0.345648 111 85 125.86
71 1.09829 3.04762 0.900833 2 32 0.238233 124 89 120.456
72 1.09456 2 0.792927 2 36 0.305325 70 44 121.885
73 1.1461 2 0.77418 2 34 0.310786 61 48 121.156
74 1.00371 2.63636 1.23465 3 32 0.150368 132 71 120.526
75 0.593842 3 0.779697 3 44 0.315444 86 110 130.514
76 1.20953 2.81818 0.848424 2 37 0.276813 81 79 124.809
77 0.683627 2.54545 1.25312 3 40 0.371886 102 80 126.462
78 1.05041 2.1 0.698042 2 56 0.487348 73 111 136.555
79 1.18606 2 0.832631 2 48 0.500225 52 51 131.349
80 0.844944 2.54545 0.611287 3 50 0.443136 84 74 132.966
81 0.6591 3 0.873696 3 32 0.308696 83 68 122.209
82 0.645259 3 0.898992 3 30 0.214178 82 70 118.606
83 0.646011 3 1.88291 3 30 0.168431 129 50 118.823
84 1.57183 2.18182 0.764554 2 45 0.301715 72 93 129.327
85 1.21878 2.7 1.01926 3 49 0.377438 94 105 132.866
86 0.540961 3.72727 0.768925 4 55 0.311411 114 132 139.808
87 0.643351 3.8 0.912742 3 46 0.290995 92 100 134.696
88 0.681599 3 1.2769 3 47 0.28296 104 126 132.339
89 1.25612 2.1 0.626859 2 57 0.44507 48 63 137.494
90 1.27458 2 0.750421 2 50 0.445545 52 49 134.403
91 1.08225 2.3 0.814481 3 51 0.435036 102 109 135.091
92 0.396865 3.63636 0.761148 4 49 0.401188 87 119 134.321
93 1.24349 2.85714 0.869983 2 40 0.278548 92 103 126.822
94 0.717551 3 1.05177 3 46 0.443401 98 102 130.43
95 0.564607 3 0.661114 3 55 0.448942 83 128 137.352
96 1.16829 2.36364 0.844962 2 39 0.403171 65 66 127.463
97 0.820263 2.63636 0.81606 3 41 0.296478 77 74 126.621
98 0.59706 3 0.803146 3 37 0.345557 87 79 124.872
99 1.34552 2.45 0.90454 2 33 0.225456 78 70 120.511
100 1.05227 2.90909 1.27842 3 41 0.406151 88 75 126.04
101 0.700241 3 0.793347 3 56 0.353206 98 139 138.946
102 0.636206 3 0.833317 3 46 0.401236 79 88 134.007
103 0.609983 3 0.878806 3 41 0.329626 84 84 127.977
104 1.31025 2.81818 0.854723 2 40 0.257986 91 70 125.474
105 0.924383 2.52381 1.14191 3 48 0.378206 92 100 131.538
106 0.628062 3 0.63414 3 56 0.474656 81 127 137.833
107 0.655296 3 1.14457 3 37 0.430166 75 51 126.116
108 0.62271 3 0.887726 3 48 0.266872 102 148 133.3
109 0.627352 3 0.725473 3 47 0.422852 65 77 132.101
110 0.594196 3 0.87374 3 37 0.278131 87 82 126.649
111 1.36418 2.75 0.905724 2 36 0.23497 92 75 122.728
112 1.05117 2.52381 1.34241 3 45 0.477343 77 66 128.572
113 1.36469 2.1 0.570054 2 57 0.487144 57 75 136.75
114 1.39482 2 0.697773 2 48 0.519704 47 48 132.803
115 1.51643 2.45455 0.894667 3 48 0.505959 85 75 130.501
116 0.68769 3.2 0.792461 5 54 0.314402 108 129 139.807
117 0.390938 4.9 0.898643 4 45 0.311243 115 137 134.78
118 1.24513 3.09091 0.907933 2 45 0.21386 115 115 130.463
119 0.99852 2.81818 0.883434 3 55 0.411863 105 132 137.529
120 0.459303 3.81818 0.804971 4 55 0.316216 87 137 139.157
121 1.39654 3 0.764748 2 48 0.4179 72 85 133.705
122 1.10718 2.45455 0.723331 3 52 0.502434 71 66 135.117
123 0.450718 3.41667 0.960106 4 46 0.29476 93 100 132.559
124 1.27354 3 0.743349 2 49 0.332625 96 121 133.201
125 0.965729 2.81818 1.01729 3 50 0.41261 100 104 133.948
126 0.649142 3 0.756978 3 56 0.346601 90 123 139.503
127 0.646468 3 0.776332 3 46 0.411741 68 83 132.832
128 0.664542 3 0.841223 3 38 0.365154 81 84 126.493
129 0.586486 3 0.923915 3 34 0.216682 87 78 123.041
130 1.17419 2.52381 0.872217 2 35 0.271122 96 65 121.973
131 0.0950042 -nan 0.878649 3 39 0.252095 86 52 121.774
132 0 -nan 0.551407 0 38 0.768297 5 0 116.634
