#second results avg_latency(ms)
0 0 0
1 0 0
2 0 0
3 1 3048.67
4 1 4785.33
5 1 5341.31
6 1 6885.91
7 1 7323.01
8 1 8187.3
9 1 8925.85
10 1 9673.71
11 1 10332.9
12 1 10798.3
13 1 11992.6
14 1 12544.8
15 4 13138.5
16 6 13746.8
17 0 0
18 1 14332.1
19 1 15901.3
20 3 16216.1
21 6 16022.7
22 1 16279
23 20 15252.5
24 30 11186.2
25 9 8803.84
26 4 8333.89
27 25 6142.53
28 3 4587.32
29 7 4621.77
30 9 3907.78
31 2 3945.1
32 2 4803.79
33 10 4148.82
34 2 4059.8
35 5 4350.16
36 2 4761.31
37 1 5010.4
38 7 5505.58
39 3 5443.88
40 16 4660.01
41 2 3780.6
42 1 4648.16
43 1 5536.11
44 2 6016.17
45 4 6369.76
46 4 6644.04
47 0 0
48 2 7611.57
49 12 7383.27
50 2 7212.86
51 1 7825.77
52 6 8138.14
53 2 8363.99
54 2 9125.28
55 9 8717.1
56 19 6979.48
57 3 5665.24
58 11 5625.85
59 4 5221.8
60 13 4200.4
61 2 3944.65
62 3 4508.98
63 5 4421.82
64 1 4983.03
65 2 5637.48
66 2 6131.12
67 3 6520
68 6 6657.89
69 1 6794.24
70 8 6970.53
71 11 6173.22
72 1 5655.56
73 12 6207.33
74 6 5220.27
75 1 5234.56
76 3 5900.41
77 9 5456.55
78 4 5586.29
79 5 5889.23
80 2 5407.7
81 9 5431.1
82 2 5476.69
83 4 5827.44
84 7 5642.07
85 7 5521.07
86 2 5504.74
87 2 6238.96
88 7 6498.04
89 2 6301.49
90 9 6609.39
91 2 5952.98
92 8 6248.83
93 2 5976.54
94 2 6431.09
95 9 6469.72
96 0 0
97 9 6595.65
98 13 5857.42
99 10 4396.22
100 6 3780.81
101 1 3929.24
102 11 4057.17
103 4 3322.21
104 5 3558.45
105 1 4308.74
106 3 4628.81
107 3 5059.27
108 6 4757.41
109 10 4045.87
110 3 4199.34
111 2 4371.3
112 0 0
113 1 6434.01
114 1 7183.1
115 3 7817.29
116 8 7780.73
117 2 7686.11
118 1 8341.82
119 4 8973.52
120 10 7983.88
121 17 6594.87
122 4 5695.32
123 12 4826.03
124 2 4385.64
125 2 5274.36
126 2 5642.79
127 8 5798.62
128 3 5852.33
129 7 5728.75
130 1 6115.77
131 10 6155.89
132 9 5144.95
133 1 5382.89
134 1 5847.69
135 1 6387.85
136 1 7335.52
137 11 7073.27
138 14 5648.06
139 2 5120.23
140 4 5161.84
141 1 6337.56
142 2 6828.65
143 13 5649.18
144 4 5439.92
145 1 6016.21
146 3 6509.78
147 3 6610.99
148 23 5327.53
149 1 3961.83
150 1 4920.03
151 1 5579.25
152 1 6413.38
153 1 6897.16
154 1 7897.78
155 5 8101.89
156 3 8446.6
157 1 8641.8
158 1 9598.38
159 18 8869.04
160 1 8435.08
161 12 7903.59
162 9 6666.39
163 2 6686.99
164 0 0
165 18 6706.67
166 1 5642.32
167 1 6391.41
168 2 7389.96
169 0 0
170 12 7956.79
171 2 7597.61
172 8 7349.8
173 22 5286.53
174 2 4053.92
175 3 4370.78
176 1 5510.55
177 1 5873.95
178 2 6397.79
179 3 7299.84
180 17 5877.84
181 1 5419.15
182 1 6448.69
183 10 5795.95
184 2 5831.63
185 9 5955.84
186 1 5714.69
187 1 6727.04
188 11 6564.56
189 1 5710.9
190 10 5700.37
191 2 5563.45
192 4 6001.33
193 1 6764.93
194 1 7112.42
195 1 8650.93
196 3 8609.9
197 16 7722.91
198 1 7311.11
199 1 8163.94
200 0 0
201 2 9816.89
202 20 8815.14
203 4 7380.3
204 6 6786.41
205 8 6470
206 3 6714.22
207 4 6979.05
208 5 6876.95
209 9 6737.05
210 1 6867.82
211 2 7717.51
212 10 7184.46
213 8 6524.31
214 2 6398.64
215 1 7040.15
216 0 0
217 19 6856.83
218 1 5852.25
219 2 6343.21
220 9 6555.98
221 2 6623.55
222 0 0
223 12 7274.85
224 9 6080.49
225 1 6081.27
226 3 6852.82
227 2 7460.41
228 4 7485.53
229 3 7942.36
230 14 7343.9
231 6 6473.29
232 1 6435.28
233 5 6905.06
234 14 5650.76
235 1 5963.01
236 2 6073.02
237 8 6064.53
238 1 6555.56
239 1 6897.16
240 1 7634.46
241 18 7090.82
242 3 5894.75
243 2 6790.76
244 3 6847.14
245 3 7181.61
246 3 7971.44
247 0 0
248 22 6993.65
249 7 5304.73
250 2 5403.2
251 1 6064.83
252 1 6748.41
253 11 6281.57
254 2 6136.63
255 7 6327.59
256 1 6232.25
257 11 6854.73
258 3 6450.62
259 0 0
260 5 7060.57
261 3 7510.01
262 10 7298.74
263 8 6025.37
264 1 6662.96
265 2 7268.31
266 5 7660.63
267 4 7346.62
268 1 7874.56
269 20 7099.25
270 1 5988.72
271 1 6845.24
272 1 7538.68
273 0 0
274 10 7947.69
275 1 7785.93
276 8 8244.92
277 1 8251.51
278 2 8822.87
279 7 9363.37
280 0 0
281 13 9007.21
282 0 0
283 0 0
284 11 9734.71
285 10 8658.17
286 10 7328.24
287 1 7448.73
288 18 6474.83
289 1 6033.81
290 2 6585.57
291 9 6243.27
292 0 0
293 5 7313.74
294 7 6828.76
295 2 7023.08
296 11 6946.83
297 12 5271.33
298 5 4708.78
299 1 4902.49
300 2 5676.48
301 17 5087.49
302 0 0
303 1 5230.89
304 3 5823.1
305 2 6430.62
306 5 6461.17
307 1 6854.93
308 1 7711.08
309 4 8353.17
310 10 7648.83
311 2 7773.03
312 20 6575.01
313 8 4827.93
314 8 3889.54
315 1 4252.39
316 3 4570.82
317 8 4801.89
318 3 4785.5
319 8 4433.63
320 1 4263.55
321 7 4818.84
322 5 4546.43
323 2 4975.18
324 6 4911.14
325 2 5264.74
326 2 5890.92
327 8 5580.66
328 2 5930.71
329 1 6604.43
330 8 6393.7
331 2 6683.83
332 2 7407.97
333 7 6802.41
334 4 7065.1
335 7 7179.38
336 10 6284.95
337 3 6305.43
338 1 7112.28
339 4 7153.29
340 15 5994.39
341 8 5023.6
342 2 4925.51
343 2 5546.49
344 8 5359.55
345 1 5858.28
346 1 6009.87
347 10 6354.56
348 8 5759.48
349 1 5635.92
350 2 6147.35
351 10 6267.59
352 2 6060.12
353 7 5910
354 2 6574.3
355 10 6034.8
356 1 5721.91
357 8 6101.05
358 1 6509.08
359 2 6702.19
360 5 7206.3
361 4 6833.83
362 2 7441.95
363 9 7461.44
364 3 7297.98
365 1 7990.7
366 7 7720.38
367 1 8056.65
368 3 8873.34
369 9 8926.27
370 15 7383.16
371 6 6150
372 1 6639.64
373 8 6441.54
374 2 6274.31
375 8 6744.37
376 2 6584.89
377 9 6499.15
378 1 6485.94
379 3 6975.85
380 7 7055.11
381 1 7150.71
382 11 7077.26
383 4 6713.26
384 7 6358.94
385 1 7089.18
386 9 6711.55
387 1 6439.01
388 8 6831.43
389 2 6837.92
390 8 6650.84
391 2 7244.99
392 1 7802.92
393 14 6794.79
394 6 5741.45
395 9 5886.22
396 2 5361.81
397 8 5369.05
398 2 5318.43
399 9 5148.88
400 3 5134.21
401 8 4835.48
402 6 4662.41
403 3 4322.45
404 1 4980.68
405 10 5293.49
406 2 5059.89
407 1 5556.4
408 9 5889.24
409 2 5492.91
410 3 6053.63
411 6 6081.89
412 4 6217.04
413 7 5700
414 2 6158.62
415 11 6050.48
416 5 5432.19
417 6 5056.75
418 7 4863.29
419 1 5005.53
420 3 5623.31
421 7 5784.17
422 1 5736.51
423 2 6379.26
424 6 7159.74
425 4 6485.27
426 2 6872.28
427 2 7901.2
428 2 8114.25
429 7 8266.46
430 8 8006.4
431 2 7869.98
432 2 8838.38
433 3 8922.29
434 1 9562.55
435 7 9460.85
436 9 9610.5
437 0 0
438 1 9925.06
439 30 8007.66
440 2 6166.89
441 10 5823.68
442 2 5395.66
443 11 5137.84
444 6 4330.69
445 10 4084.34
446 2 3961.94
447 4 4274.02
448 4 4050.27
449 2 4548.23
450 5 5161.89
451 6 5108.7
452 3 5024.59
453 8 4831.66
454 2 5178.85
455 3 5749.77
456 7 5322.65
457 1 5377.34
458 8 5772.52
459 2 5859.07
460 1 6602.42
461 11 6489.93
462 9 5468.98
463 2 5098.15
464 3 5948.64
465 8 5449.65
466 8 5051.16
467 2 4808.37
468 3 5492.59
469 7 5303.79
470 2 5255.41
471 9 5346.04
472 2 5532.99
473 6 5628.95
474 2 5731.62
475 2 6400.44
476 8 6676.72
477 1 6560.03
478 2 7044.12
479 9 6850
480 2 6873.1
481 10 6792.71
482 6 6279.14
483 3 6323.13
484 1 6572.82
485 3 7402.18
486 7 7287.9
487 3 7451.69
488 9 7576.15
489 2 7200.38
490 0 0
491 11 7834.78
492 0 0
493 11 7639.91
494 1 7752.05
495 10 7466.14
496 0 0
497 11 6931.88
498 0 0
499 17 6578.46
500 2 5594.06
501 2 6278.07
502 9 6007.34
503 9 5584.23
504 1 5615.13
505 2 5680.14
506 9 5607.42
507 0 0
508 7 6431.22
509 4 5912.44
510 3 6453.91
511 7 6116.29
512 3 6295.83
513 10 5848.3
514 3 5605.73
515 5 6117.86
516 2 6321.62
517 6 6688.18
518 5 6171.37
519 10 6114.49
520 2 5955.12
521 5 6317.37
522 6 5792.3
523 3 6316.48
524 7 5847.86
525 2 6141.51
526 8 6123.44
527 3 6128.5
528 1 6821.46
529 7 6633.75
530 11 6032.99
531 2 5749.65
532 8 5929.65
533 1 6276.35
534 13 5734.88
535 7 4377.91
536 2 4628.32
537 8 4847.26
538 2 4508.19
539 3 5041.53
540 14 4141.63
541 3 3725.13
542 2 4177.34
543 6 4047.33
544 1 5032.73
545 1 5527.44
546 3 5975.33
547 6 5898.43
548 3 6168.1
549 1 6618.71
550 2 7663.59
551 7 7584.51
552 2 7854.42
553 7 7978.51
554 13 7051.68
555 7 6129.82
556 7 5550.8
557 4 5279.51
558 3 5872.03
559 8 5751.74
560 2 5866.33
561 9 5810.93
562 3 5362.93
563 2 5837.11
564 7 5551.93
565 2 6195.15
566 2 6813.64
567 7 6320.81
568 4 6624.44
569 6 6406.31
570 2 6709.77
571 2 7612.24
572 11 6788.11
573 7 6468.99
574 3 6281.92
575 9 6081.72
576 2 6062.41
577 8 5971.08
578 3 5766.02
579 7 6133.33
580 3 5753.57
581 0 0
582 3 7312.49
583 9 6874.22
584 2 7112.01
585 8 7193.34
586 9 6140.52
587 5 6013.78
588 1 6051.32
589 10 6398.71
590 5 5744.54
591 2 5980.12
592 16 5266.13
593 1 4926.69
594 2 5116.71
595 3 5689.4
596 4 5879
597 1 6872.66
598 0 0
599 3 8121.82
600 10 8066.77
601 15 6688.15
602 5 5165.75
603 4 5656.89
604 7 4933.83
605 2 5489.04
606 16 4379.55
607 2 3899.06
608 2 4475.42
609 10 3853.31
610 5 3411.85
611 1 4383.33
612 2 4912.2
613 9 4768.9
614 2 4785.88
615 2 5334.88
616 14 4710.9
617 3 3791.73
618 1 4682.29
619 2 5083.28
620 9 4882.59
621 6 4801.25
622 4 4672.68
623 3 5017.04
624 9 4443.79
625 7 3916.48
626 0 0
627 2 5192.66
628 5 5602.38
629 13 4829.22
630 3 4098.47
631 1 4799.79
632 14 4499.53
633 0 0
634 2 4605.23
635 2 5403.13
636 9 5038.58
637 2 5116.56
638 1 6005.38
639 2 6212.51
640 7 6286.76
641 19 4731.42
642 4 3785.56
643 4 3732.6
644 5 3736.62
645 8 3587.99
646 1 3743.31
647 9 3929.64
648 5 3477.62
649 3 3593.39
650 2 3966.66
651 6 4183.97
652 2 4294.92
653 2 4878.67
654 1 5861.37
655 1 6387.75
656 5 6895.5
657 4 7014.24
658 13 6365.95
659 1 5740.56
660 18 5069.78
661 5 3668.76
662 2 4089.89
663 6 4186.24
664 1 4631.65
665 9 4376.21
666 4 4145.04
667 9 3874.81
668 0 0
669 0 0
670 1 5637.52
671 3 6267.12
672 8 6690.56
673 2 6560.68
674 2 6913.99
675 2 7482.13
676 2 8244.27
677 7 8076.74
678 8 7838.01
679 2 7862.05
680 13 7700.77
681 12 5454.57
682 12 3903.66
683 0 0
684 0 0
685 0 0
686 1 6871.99
687 2 7779.33
688 1 8324.56
689 21 7322.19
690 14 5134.87
691 2 4189.22
692 3 4819.64
693 9 4359.73
694 3 4192.93
695 7 4121.27
696 3 4444.94
697 6 4503.35
698 2 4707.23
699 13 4372.7
700 4 3585.54
701 4 3448.05
702 6 3433.04
703 3 3825.11
704 5 4034.2
705 2 4039.75
706 1 4898.2
707 16 3867.9
708 3 3321.39
709 1 3635.07
710 7 4088.36
711 2 3970.84
712 9 4162.23
713 5 3679.84
714 2 3846.99
715 4 4425.05
716 10 4172.69
717 1 3800.8
718 2 4363.18
719 4 4870.1
720 3 5397.71
721 8 5510.01
