#second results avg_latency(ms)
0 0 0
1 4 1690.86
2 4 2246.32
3 6 3060.76
4 3 3444.34
5 9 2970.01
6 8 2469.48
7 0 0
8 2 3282
9 9 3340.63
10 0 0
11 4 4041.96
12 6 3754.5
13 11 3304.15
14 8 2548.25
15 0 0
16 4 3418.73
17 7 3010.8
18 5 3100.94
19 5 2608
20 1 3354.76
21 4 3906.87
22 7 3435.88
23 3 3792.87
24 7 3484.83
25 5 3615.21
26 5 3239.59
27 3 3647.46
28 5 3943.02
29 5 3668.34
30 9 3406.18
31 1 3512.94
32 11 3447.77
33 7 2283
34 1 3005.06
35 5 3088.68
36 4 2882.61
37 9 2584.07
38 3 2837.2
39 6 2486.09
40 5 2952.39
41 4 2577.55
42 2 3324.79
43 8 2975.77
44 7 2901.15
45 4 2249.02
46 2 3190.45
47 3 3326.57
48 6 3372.78
49 10 3037.96
50 1 3200.91
51 9 3119.14
52 1 3307.82
53 1 3822.06
54 3 4262.22
55 7 4238.86
56 2 4441.16
57 3 4834.97
58 10 4401.25
59 7 3646.14
60 10 3108.33
61 6 2658.54
62 2 2324.43
63 10 2782.44
64 0 0
65 5 3065.61
66 5 3233.38
67 3 3389.91
68 7 3195.99
69 8 2983.7
70 1 3138.68
71 7 3004.76
72 2 3372.52
73 2 3777.59
74 10 3118.32
75 5 3200.62
76 5 2786.56
77 10 2640.84
78 1 2670.94
79 6 2360.71
80 2 3002.07
81 3 3296.76
82 5 3687.33
83 1 4386.71
84 12 3695.94
85 6 2477.31
86 2 3308.55
87 7 3009.7
88 5 3267.25
89 7 2465.84
90 1 3350.88
91 4 3517.9
92 5 3823.16
93 2 4036.68
94 11 3456.19
95 5 2926.6
96 3 3031.59
97 8 2781.1
98 3 3326.09
99 8 2780.01
100 8 2607.28
101 1 2942.71
102 9 2425.52
103 1 2793.24
104 7 2565.65
105 0 0
106 3 3660.62
107 4 4066.39
108 8 3562.89
109 6 3113.66
110 4 3432.64
111 6 3499.67
112 2 3695.33
113 2 3972.88
114 11 4037.5
115 6 3211.05
116 1 3399.06
117 3 4057.15
118 7 3985.89
119 7 3629.82
120 3 3428.09
121 3 4135.17
122 8 4220.62
123 2 3985.32
124 1 4914.27
125 9 4382.09
126 9 4039.91
127 1 3687.31
128 2 4489.96
129 10 4479.45
130 3 4373.38
131 8 4060.24
132 3 3876.76
133 2 4393.1
134 5 4632.19
135 1 5186.3
136 7 5632.16
137 4 5065.04
138 2 5292.59
139 9 5191.17
140 9 4896.81
141 2 4503.03
142 2 5381.73
143 9 4813.04
144 2 4932.79
145 8 5251.8
146 5 4954.27
147 4 4493.43
148 3 5328.06
149 8 5023.71
150 4 4810.14
151 7 4644.52
152 9 4392.21
153 1 3674.89
154 4 4600.58
155 7 4249.43
156 1 4812.59
157 3 5209.63
158 7 5172.26
159 7 4911.31
160 3 4634.41
161 11 4758.35
162 1 4721.99
163 9 4303.74
164 10 3284.83
165 7 2980.39
166 2 2357.07
167 2 3513.49
168 2 4237.88
169 7 4351.32
170 1 4556.24
171 10 4090.54
172 2 4156.83
173 9 3928.28
174 9 3235.65
175 2 3302.29
176 8 2707.98
177 0 0
178 5 3626.14
179 6 3092.35
180 1 4091.66
181 1 4655.6
182 20 3671.42
183 0 0
184 2 3495.13
185 3 3950.74
186 14 2962.9
187 0 0
188 4 3391.03
189 3 3571.36
190 6 3575.88
191 3 4061.95
192 7 3957.87
193 2 3946.06
194 8 3919.57
195 2 3937.52
196 6 4153.2
197 5 3858.47
198 8 4044.48
199 3 3383.46
200 10 3373.19
201 2 3435.65
202 5 3477.52
203 4 3634.29
204 1 3698.45
205 10 3724.2
206 4 3789.09
207 7 3437.37
208 4 3457.59
209 5 3325.74
210 4 3706.67
211 4 3807.98
212 4 3651.71
213 10 3825.56
214 8 2583.06
215 2 2999.56
216 7 2852.85
217 1 3316.54
218 10 2928.04
219 1 3019.85
220 8 2578.6
221 1 3150.36
222 9 3172.89
223 1 3394.32
224 11 2779.02
225 0 0
226 8 3202.12
227 3 2519.17
228 5 3182.6
229 5 2859.17
230 1 3832.32
231 3 4420.74
232 8 3810.1
233 10 3308.71
234 1 3411.87
235 10 3032.3
236 1 3373.29
237 4 3577.34
238 7 2975.44
239 9 2813.92
240 1 3027.75
241 8 2925.35
242 0 0
243 10 3241.33
244 0 0
245 11 3118.07
246 0 0
247 5 3332.78
248 6 2770.77
249 4 3238.45
250 6 3167.57
251 1 3520.97
252 10 3234.49
253 3 3280.5
254 7 3177.05
255 5 3127.64
256 5 2586.17
257 1 3364.33
258 9 3132.37
259 8 2738.12
260 0 0
261 4 3455.13
262 7 3584.23
263 8 2792.78
264 0 0
265 8 3251.2
266 2 3053.56
267 3 3829.1
268 7 3789.46
269 1 3964.82
270 11 3668.34
271 8 2769.69
272 1 2579.83
273 7 3438.02
274 4 3086.3
275 1 3628.87
276 4 4179.15
277 7 3588.18
278 1 4285.21
279 9 3943.81
280 2 4010.97
281 9 3735.28
282 2 3581.81
283 9 3921.07
284 1 3822.92
285 4 4282.32
286 7 3933.49
287 7 3873.06
288 4 3529.03
289 6 3635.14
290 4 3395.22
291 4 3791.59
292 7 3884.53
293 4 3601.94
294 7 3641.47
295 9 2840.49
296 1 3315.84
297 2 3749.74
298 2 3825.05
299 7 4363.77
300 1 4852.61
301 9 4728.99
302 1 4782.62
303 3 4865.81
304 9 4746.65
305 9 3746.08
306 10 3504.35
307 3 3174.5
308 2 3390.82
309 5 3281.81
310 10 3265.34
311 0 0
312 7 3598.57
313 4 3252.68
314 0 0
315 2 4679.16
316 8 4593.78
317 2 4687.24
318 9 4597.89
319 1 4736.72
320 7 4998.13
321 2 4575.34
322 12 4708.24
323 2 4397.42
324 2 4882.82
325 6 5153.86
326 4 4843.62
327 7 4849.39
328 4 4901.08
329 8 4941.12
330 10 3807.87
331 6 3368.4
332 3 2889.93
333 3 3578.18
334 2 3900.59
335 6 4366.98
336 2 4480.78
337 11 4240.59
338 4 3861.45
339 6 3366.47
340 2 3873.18
341 3 4211.85
342 15 3744.22
343 1 3467.58
344 1 3791.46
345 8 4062.41
346 2 3744.35
347 10 3770.51
348 1 3826.17
349 8 3867.77
350 3 3555.82
351 1 4588.97
352 6 4749.92
353 5 4399.86
354 8 4253.84
355 1 3867.02
356 8 4298.24
357 4 4133.07
358 7 4218.78
359 2 4239.51
360 2 4632.93
361 10 4338.41
362 1 4425.16
363 9 4465.95
364 10 3825.18
365 1 3605.16
366 3 4200.34
367 2 4600.06
368 8 4498.83
369 4 4388.74
370 4 4269.26
371 3 4835.16
372 8 4631.39
373 4 4646.8
374 6 4612.67
375 1 4769.85
376 10 4992.56
377 4 4466.26
378 6 4170.33
379 4 4602.46
380 6 4320.54
381 1 5049.53
382 3 5352.12
383 11 4642.13
384 7 4175.06
385 1 4535.36
386 10 4321.74
387 1 4335.15
388 8 3976.99
389 5 4000.76
390 6 3685.35
391 1 3810.54
392 2 4844.22
393 9 4573.86
394 3 4657.11
395 7 4611.46
396 3 4393.44
397 8 4597.57
398 1 4529.1
399 3 5155.6
400 8 5191.84
401 3 4961.2
402 7 4858.65
403 2 5021.62
404 9 4701.78
405 3 4850.35
406 5 5075.92
407 4 4783.86
408 9 4576.99
409 1 4617.77
410 9 4686.05
411 2 4619.89
412 3 5313.04
413 7 4873.31
414 3 4952.04
415 7 4999.28
416 2 5177.57
417 2 5613.89
418 5 5918.96
