#control_step plq_rho plq_splitting wlq_rho nw_plq nw_wlq wlq_idle wlq_win_tasks wlq_merge_tasks [watts]
0 0.901077 1.38889 0.276743 6 38 0.791494 82 32 210.745
1 0.584782 1.45455 0.259037 6 38 0.789111 50 31 121.087
2 0.857134 1 0.224877 6 38 0.840864 37 8 120.464
3 0.72253 1.6 0.462033 6 38 0.767949 76 52 121.508
4 0.665465 1.16667 0.339591 6 38 0.704236 61 36 121.579
5 0.638338 1 0.315552 6 38 0.798234 33 12 120.82
6 0.692687 1 0.279815 6 38 0.849785 41 14 120.795
7 0.920538 1 0.258461 6 38 0.850581 41 9 120.68
8 0.759781 1.52381 0.500509 6 38 0.746522 80 63 121.74
9 0.754444 1.90909 0.384916 6 38 0.696029 65 51 121.659
10 0.845547 1.81818 0.340522 6 38 0.72537 64 40 121.706
11 0.813702 1.18182 0.33772 6 38 0.720395 45 22 121.693
12 0.573753 1.45455 0.289316 6 38 0.767496 42 38 121.327
13 0.640648 1 0.271894 6 38 0.800038 63 21 120.839
14 0.499627 1 0.236155 6 38 0.836632 40 11 120.738
15 0.609431 1 0.170218 6 38 0.90691 33 12 120.543
16 0.578919 1 0.256122 6 38 0.833848 72 19 121.04
17 0.611736 1 0.245698 6 38 0.829684 48 11 121.045
18 0.787379 1.7 0.196356 6 38 0.84915 49 36 121.203
19 0.768353 1 0.34022 6 38 0.78452 42 13 121.144
20 0.877774 1.2 0.252399 6 38 0.844604 42 18 121.142
21 0.88457 1.90909 0.484367 6 38 0.713446 94 83 122.75
22 0.843889 1.81818 0.495818 6 38 0.530329 67 58 123.103
23 0.615589 1 0.443662 6 38 0.610139 44 14 121.935
24 0.59191 1 0.251768 6 38 0.860351 32 13 120.787
25 0.777621 1.1 0.246515 6 38 0.852061 70 30 121.191
26 0.841445 1 0.300911 6 38 0.774862 43 12 121.569
27 0.624005 1 0.338329 6 38 0.799893 33 12 121.167
28 0.785827 1.3 0.217284 6 38 0.849561 49 16 121.19
29 0.565744 1 0.370539 6 38 0.765224 73 27 121.354
30 0.571541 1 0.235001 6 38 0.841506 48 12 121.005
31 0.84299 1 0.214969 6 38 0.891225 26 9 120.659
32 0.802476 1.1 0.344444 6 38 0.801357 72 28 121.77
33 0.621872 1 0.407972 6 38 0.68067 46 9 121.51
34 0.590073 1 0.263816 6 38 0.879045 33 12 120.663
35 0.84106 1 0.192236 6 38 0.876548 46 14 120.791
36 0.709743 1.47619 0.336067 6 38 0.827778 82 49 121.482
37 0.662029 1 0.413993 6 38 0.656254 52 17 121.661
38 0.545818 1 0.229194 6 38 0.849549 33 12 120.694
39 0.492931 1 0.276921 6 38 0.840353 63 25 120.985
40 0.484242 1 0.203299 6 38 0.862182 46 11 120.786
41 0.849018 1 0.251699 6 38 0.891083 35 5 120.651
42 0.872261 1.36364 0.265754 6 38 0.816332 43 32 121.578
43 0.847046 1.3 0.417781 6 38 0.69543 78 46 121.816
44 0.839526 1.8 0.33672 6 38 0.731477 49 41 121.89
45 0.874826 1.45455 0.35475 6 38 0.679323 56 30 122.257
46 0.788664 1.7 0.29347 6 38 0.75811 42 43 121.679
47 0.825623 1.54545 0.396909 6 38 0.696181 49 36 121.86
48 0.757139 1.86364 0.483296 6 38 0.674891 96 86 122.608
49 0.809232 1.9 0.469542 6 38 0.593265 65 44 123.003
50 0.764296 1.83333 0.520904 6 38 0.560986 60 52 122.418
51 0.796843 2 0.467287 6 38 0.609267 65 52 122.68
52 0.785449 2.1 0.465613 6 38 0.636684 56 49 122.604
53 0.833591 2.5 0.559255 6 38 0.536169 58 67 123.136
54 0.849331 1.95455 0.956178 6 38 0.470253 77 69 123.838
55 0.814769 2 0.72519 6 38 0.443178 83 75 124.016
56 0.819819 2.2 0.638394 6 38 0.421366 73 59 123.902
57 0.883478 2 0.599555 6 38 0.478905 57 46 123.556
58 0.840559 1.90909 0.670427 6 38 0.369878 62 49 123.303
59 0.796035 1.9 0.540293 6 38 0.561113 52 43 122.988
60 0.869641 1.86364 0.636305 6 38 0.556385 87 79 123.068
61 0.793255 2 0.58952 6 38 0.525069 61 62 123.184
62 0.825231 2 0.547999 6 38 0.518229 61 57 123.285
63 0.894623 2 0.647691 6 38 0.409293 68 48 123.422
64 0.76225 1.4 0.499604 6 38 0.581837 44 28 122.416
65 0.693847 1 0.494411 6 38 0.739178 61 25 121.306
66 1.11905 1.8 0.26155 6 38 0.808919 57 35 121.368
67 0.828237 1.90909 0.443891 6 38 0.61567 63 54 122.243
68 0.739995 1.54545 0.337129 6 38 0.723675 48 37 121.598
69 0.725998 1.4 0.304713 6 38 0.755786 44 26 121.124
70 0.883948 1.14286 0.229482 6 38 0.871779 71 24 120.779
71 0.718679 2.09091 0.366936 6 38 0.71464 65 63 121.868
72 0.72198 1.09091 0.403381 6 38 0.660697 54 18 121.911
73 0.677054 1.3 0.228475 6 38 0.829343 41 24 121.092
74 0.7628 1 0.285139 6 38 0.81732 35 10 120.768
75 0.889297 1.63636 0.414677 6 38 0.787241 79 61 121.589
76 0.927986 1.90909 0.418732 6 38 0.682771 64 66 121.981
77 0.914 1.75 0.439261 6 38 0.640754 58 53 122.217
78 0.891438 1.90909 0.435331 6 38 0.660063 58 51 122.222
79 0.805514 1.18182 0.391657 6 38 0.707852 45 25 121.72
80 0.940822 1.63636 0.314787 6 38 0.757312 59 31 121.513
81 0.869044 1.8 0.374563 6 38 0.701125 51 39 121.659
82 0.847701 1.57143 0.392351 6 38 0.747376 77 61 121.555
83 0.827956 1.81818 0.379332 6 38 0.735225 64 53 121.738
84 0.558406 1.4 0.362903 6 38 0.665823 48 32 121.864
85 0.790335 1 0.284504 6 38 0.831736 32 13 120.798
86 0.668732 1 0.315855 6 38 0.829336 69 22 121.014
87 0.678815 1 0.296031 6 38 0.803267 43 11 120.985
88 0.624777 1 0.251575 6 38 0.874772 35 15 120.707
89 0.699843 1 0.196361 6 38 0.852442 44 16 120.66
90 0.727509 1 0.253788 6 38 0.848656 43 12 120.868
91 0.895538 1.47619 0.338061 6 38 0.837611 65 40 121.068
92 0.828911 1 0.545117 6 38 0.660229 58 36 121.879
93 0.760064 1 0.3004 6 38 0.788462 49 17 121.206
94 0.733955 1 0.267699 6 38 0.813078 41 14 120.758
95 0.658476 1 0.274089 6 38 0.832139 38 12 120.657
96 0.670441 1.15789 0.281398 6 38 0.84637 69 28 120.902
97 0.666223 1 0.285132 6 38 0.788116 49 19 120.914
98 0.723392 1 0.258956 6 38 0.833956 43 12 120.882
99 0.833256 1.4 0.218532 6 38 0.822413 43 27 121.111
100 0.739081 1.27273 0.260914 6 38 0.796175 47 23 120.857
101 0.687789 1.15 0.347231 6 38 0.822811 66 37 120.932
102 0.696542 1 0.271673 6 38 0.794837 48 14 120.934
103 0.799134 1 0.31638 6 38 0.823867 33 7 120.704
104 0.674128 1.05263 0.298711 6 38 0.833963 59 32 121.107
105 0.887235 1.3 0.290864 6 38 0.767782 54 18 121.054
106 0.759431 1.9 0.267635 6 38 0.774536 53 44 121.33
107 0.590016 1.75 0.327913 6 38 0.729308 55 50 121.33
108 0.851317 1 0.3502 6 38 0.774518 38 7 120.614
109 0.70575 1.72727 0.406424 6 38 0.787073 83 75 121.153
110 0.858571 1.81818 0.438137 6 38 0.652737 70 51 121.838
111 0.751745 1.90909 0.414136 6 38 0.651667 60 51 121.762
112 0.875748 1.63636 0.395417 6 38 0.688032 56 39 121.622
113 0.961916 1.81818 0.375042 6 38 0.703549 53 47 121.72
114 0.89417 1.72727 0.39671 6 38 0.670167 52 43 121.606
115 0.836478 1.4 0.360991 6 38 0.728513 42 28 121.009
116 0.853882 1.27273 0.401327 6 38 0.759556 77 48 121.28
117 0.772681 1.2 0.359702 6 38 0.716283 57 18 121.045
118 0.880709 1.72727 0.282816 6 38 0.785416 51 39 121.186
119 0.856716 2 0.496406 6 38 0.57169 57 48 122.179
120 0.826548 1.90909 0.522768 6 38 0.578706 64 41 122.57
121 0.911212 1.18182 0.475649 6 38 0.596945 46 19 121.706
122 0.865741 1.05 0.406789 6 38 0.736322 69 33 121.205
123 0.788932 1.36364 0.291859 6 38 0.79074 53 25 121.24
124 1.03107 1.7 0.27716 6 38 0.767098 50 35 121.254
125 0.824214 1.9 0.407026 6 38 0.685761 58 37 121.546
126 0.796266 1.95238 0.71541 6 38 0.569859 86 75 122.586
127 0.781325 1.91667 0.601159 6 38 0.504779 72 67 122.913
128 0.749075 2.4 0.683839 6 38 0.378673 73 58 123.217
129 0.840079 2 0.532704 6 38 0.552916 61 51 122.682
130 0.827647 1.75 0.609298 6 38 0.479169 66 43 122.875
131 0.769203 1.8 0.482422 6 38 0.601773 50 43 122.212
132 0.796475 1.57143 0.470964 6 38 0.726979 69 29 120.891
133 0.731268 2 0.48306 6 38 0.684942 77 87 122.148
134 0.757567 1.72727 0.550647 6 38 0.519373 72 37 122.09
135 0.911163 1.54545 0.359678 6 38 0.718451 54 34 121.419
136 0.781457 1.33333 0.352752 6 38 0.65712 47 19 121.619
137 0.81221 1.81818 0.32785 6 38 0.760938 55 45 121.481
138 0.951387 1.63636 0.456168 6 38 0.624386 46 44 121.519
139 0.917459 1.81818 0.418163 6 38 0.722922 86 56 121.642
140 1.06512 1.9 0.439483 6 38 0.630059 73 70 122.608
141 0.993489 1.90909 0.575386 6 38 0.49732 70 41 122.22
142 1.02061 1.81818 0.451757 6 38 0.624476 62 41 122.251
143 0.916424 1.72727 0.440855 6 38 0.63582 54 42 122.089
144 0.91782 2 0.45376 6 38 0.638278 54 46 121.876
145 0.86125 1.81818 0.592098 6 38 0.553728 85 82 122.065
146 0.940164 2 0.470428 6 38 0.622416 77 49 122.797
147 0.985418 1.90909 0.590932 6 38 0.474362 54 52 122.955
148 0.835882 2 0.524268 6 38 0.54394 56 49 122.652
149 0.744854 1.81818 0.523867 6 38 0.5492 58 43 122.611
150 0.833379 1.95 0.639624 6 38 0.531276 89 75 122.853
151 0.790416 2 0.585851 6 38 0.553627 67 60 122.75
152 0.87757 1.90909 0.537039 6 38 0.496496 63 48 122.851
153 0.937674 1.81818 0.522085 6 38 0.529032 67 41 122.317
154 0.849106 2 0.442545 6 38 0.651349 55 45 122.099
155 1.08513 1.90909 0.42198 6 38 0.62863 54 51 121.97
156 1.00765 1.85714 0.490071 6 38 0.64692 82 85 122.561
157 0.981804 1.90909 0.597613 6 38 0.472563 69 54 122.902
158 0.974332 1.90909 0.526677 6 38 0.581021 61 46 122.771
159 0.943955 1.90909 0.551861 6 38 0.52129 59 49 122.99
160 0.869897 1.90909 0.6391 6 38 0.422155 64 46 122.986
161 0.766445 2 0.562274 6 38 0.52026 58 52 122.947
162 0.770119 2.28571 0.73391 6 38 0.538535 79 75 123.051
163 0.695767 2.7 0.656391 6 38 0.404751 81 125 123.429
164 0.758418 2.18182 0.595657 6 38 0.496821 67 59 123.398
165 0.399172 -nan 0.661005 6 38 0.404058 62 60 120.589
166 0 -nan 0.525982 6 38 0.738809 7 0 115.454
