****************WLQ worker 0****************
Received WLQ tasks: 0
Average no. of tuples in the results set of a window: 0
Average processing time per WLQ task (us): 0
****************WLQ worker 4****************
Received WLQ tasks: 0
Average no. of tuples in the results set of a window: 0
Average processing time per WLQ task (us): 0
****************WLQ worker 9****************
Received WLQ tasks: 0
Average no. of tuples in the results set of a window: 0
Average processing time per WLQ task (us): 0
****************WLQ worker 11****************
Received WLQ tasks: 0
Average no. of tuples in the results set of a window: 0
Average processing time per WLQ task (us): 0
****************WLQ worker 2****************
Received WLQ tasks: 0
Average no. of tuples in the results set of a window: 0
Average processing time per WLQ task (us): 0
****************WLQ worker 16****************
Received WLQ tasks: 0
Average no. of tuples in the results set of a window: 0
Average processing time per WLQ task (us): 0
****************WLQ worker 17****************
Received WLQ tasks: 0
Average no. of tuples in the results set of a window: 0
Average processing time per WLQ task (us): 0
****************WLQ worker 34****************
Received WLQ tasks: 447
Average no. of tuples in the results set of a window: 4282.55
Average processing time per WLQ task (us): 295926
****************WLQ worker 21****************
Received WLQ tasks: 419
Average no. of tuples in the results set of a window: 4337.8
Average processing time per WLQ task (us): 313594
****************WLQ worker 56****************
Received WLQ tasks: 420
Average no. of tuples in the results set of a window: 4598.52
Average processing time per WLQ task (us): 310841
****************WLQ worker 46****************
Received WLQ tasks: 408
Average no. of tuples in the results set of a window: 4493.31
Average processing time per WLQ task (us): 331125
****************WLQ worker 1****************
Received WLQ tasks: 0
Average no. of tuples in the results set of a window: 0
Average processing time per WLQ task (us): 0
****************WLQ worker 13****************
Received WLQ tasks: 0
Average no. of tuples in the results set of a window: 0
Average processing time per WLQ task (us): 0
****************WLQ worker 15****************
Received WLQ tasks: 0
Average no. of tuples in the results set of a window: 0
Average processing time per WLQ task (us): 0
****************WLQ worker 52****************
Received WLQ tasks: 425
Average no. of tuples in the results set of a window: 4413.58
Average processing time per WLQ task (us): 303908
****************WLQ worker 23****************
Received WLQ tasks: 420
Average no. of tuples in the results set of a window: 4087.21
Average processing time per WLQ task (us): 282961
****************WLQ worker 18****************
Received WLQ tasks: 0
Average no. of tuples in the results set of a window: 0
Average processing time per WLQ task (us): 0
****************WLQ worker 3****************
Received WLQ tasks: 0
Average no. of tuples in the results set of a window: 0
Average processing time per WLQ task (us): 0
****************WLQ worker 27****************
Received WLQ tasks: 411
Average no. of tuples in the results set of a window: 4270.87
Average processing time per WLQ task (us): 325489
****************WLQ worker 28****************
Received WLQ tasks: 408
Average no. of tuples in the results set of a window: 4316.91
Average processing time per WLQ task (us): 303308
****************WLQ worker 38****************
Received WLQ tasks: 439
Average no. of tuples in the results set of a window: 4241.53
Average processing time per WLQ task (us): 307817
****************WLQ worker 37****************
Received WLQ tasks: 444
Average no. of tuples in the results set of a window: 4300.02
Average processing time per WLQ task (us): 310809
****************WLQ worker 41****************
Received WLQ tasks: 427
Average no. of tuples in the results set of a window: 4356.08
Average processing time per WLQ task (us): 296412
****************WLQ worker 42****************
Received WLQ tasks: 411
Average no. of tuples in the results set of a window: 4257.65
Average processing time per WLQ task (us): 291503
****************WLQ worker 33****************
Received WLQ tasks: 420
Average no. of tuples in the results set of a window: 4409.72
Average processing time per WLQ task (us): 274753
****************WLQ worker 36****************
Received WLQ tasks: 450
Average no. of tuples in the results set of a window: 4241.44
Average processing time per WLQ task (us): 288287
****************WLQ worker 35****************
Received WLQ tasks: 435
Average no. of tuples in the results set of a window: 4360.28
Average processing time per WLQ task (us): 319778
****************WLQ worker 30****************
Received WLQ tasks: 414
Average no. of tuples in the results set of a window: 4395.19
Average processing time per WLQ task (us): 300674
****************WLQ worker 29****************
Received WLQ tasks: 425
Average no. of tuples in the results set of a window: 4385.96
Average processing time per WLQ task (us): 310920
****************WLQ worker 39****************
Received WLQ tasks: 424
Average no. of tuples in the results set of a window: 4504.76
Average processing time per WLQ task (us): 340723
****************WLQ worker 40****************
Received WLQ tasks: 417
Average no. of tuples in the results set of a window: 4426.51
Average processing time per WLQ task (us): 341359
****************WLQ worker 45****************
Received WLQ tasks: 412
Average no. of tuples in the results set of a window: 4469.21
Average processing time per WLQ task (us): 301649
****************WLQ worker 53****************
Received WLQ tasks: 437
Average no. of tuples in the results set of a window: 4272.24
Average processing time per WLQ task (us): 282237
****************WLQ worker 54****************
Received WLQ tasks: 431
Average no. of tuples in the results set of a window: 4349.98
Average processing time per WLQ task (us): 286741
****************WLQ worker 43****************
Received WLQ tasks: 426
Average no. of tuples in the results set of a window: 4408.14
Average processing time per WLQ task (us): 341999
****************WLQ worker 44****************
Received WLQ tasks: 422
Average no. of tuples in the results set of a window: 4434.46
Average processing time per WLQ task (us): 333984
****************WLQ worker 49****************
Received WLQ tasks: 401
Average no. of tuples in the results set of a window: 4421.57
Average processing time per WLQ task (us): 307425
****************WLQ worker 50****************
Received WLQ tasks: 405
Average no. of tuples in the results set of a window: 4399.85
Average processing time per WLQ task (us): 322622
****************WLQ worker 31****************
Received WLQ tasks: 423
Average no. of tuples in the results set of a window: 4400.11
Average processing time per WLQ task (us): 293771
****************WLQ worker 32****************
Received WLQ tasks: 412
Average no. of tuples in the results set of a window: 4594.4
Average processing time per WLQ task (us): 291950
****************WLQ worker 58****************
Received WLQ tasks: 414
Average no. of tuples in the results set of a window: 4173.8
Average processing time per WLQ task (us): 294727
****************WLQ worker 57****************
Received WLQ tasks: 422
Average no. of tuples in the results set of a window: 4320.77
Average processing time per WLQ task (us): 302404
****************WLQ worker 47****************
Received WLQ tasks: 415
Average no. of tuples in the results set of a window: 4367.61
Average processing time per WLQ task (us): 290571
****************WLQ worker 48****************
Received WLQ tasks: 429
Average no. of tuples in the results set of a window: 4374.06
Average processing time per WLQ task (us): 314133
****************WLQ worker 22****************
Received WLQ tasks: 418
Average no. of tuples in the results set of a window: 4311.57
Average processing time per WLQ task (us): 331403
****************WLQ worker 6****************
Received WLQ tasks: 0
Average no. of tuples in the results set of a window: 0
Average processing time per WLQ task (us): 0
****************WLQ worker 5****************
Received WLQ tasks: 0
Average no. of tuples in the results set of a window: 0
Average processing time per WLQ task (us): 0
****************WLQ worker 8****************
Received WLQ tasks: 0
Average no. of tuples in the results set of a window: 0
Average processing time per WLQ task (us): 0
****************WLQ worker 7****************
Received WLQ tasks: 0
Average no. of tuples in the results set of a window: 0
Average processing time per WLQ task (us): 0
****************WLQ worker 55****************
Received WLQ tasks: 408
Average no. of tuples in the results set of a window: 4396.55
Average processing time per WLQ task (us): 300923
****************WLQ worker 19****************
Received WLQ tasks: 0
Average no. of tuples in the results set of a window: 0
Average processing time per WLQ task (us): 0
****************WLQ worker 20****************
Received WLQ tasks: 0
Average no. of tuples in the results set of a window: 0
Average processing time per WLQ task (us): 0
****************WLQ worker 26****************
Received WLQ tasks: 391
Average no. of tuples in the results set of a window: 4445.29
Average processing time per WLQ task (us): 306537
****************WLQ worker 25****************
Received WLQ tasks: 425
Average no. of tuples in the results set of a window: 4298.43
Average processing time per WLQ task (us): 308511
****************WLQ worker 51****************
Received WLQ tasks: 408
Average no. of tuples in the results set of a window: 4192.87
Average processing time per WLQ task (us): 287314
****************WLQ worker 10****************
Received WLQ tasks: 0
Average no. of tuples in the results set of a window: 0
Average processing time per WLQ task (us): 0
****************WLQ worker 12****************
Received WLQ tasks: 0
Average no. of tuples in the results set of a window: 0
Average processing time per WLQ task (us): 0
****************WLQ worker 14****************
Received WLQ tasks: 0
Average no. of tuples in the results set of a window: 0
Average processing time per WLQ task (us): 0
****************WLQ worker 24****************
Received WLQ tasks: 402
Average no. of tuples in the results set of a window: 4111.14
Average processing time per WLQ task (us): 292962
