****************WLQ worker 17****************
Received WLQ tasks: 343
Average no. of tuples in the results set of a window: 5426.31
Average processing time per WLQ task (us): 421045
****************WLQ worker 15****************
Received WLQ tasks: 361
Average no. of tuples in the results set of a window: 5690.68
Average processing time per WLQ task (us): 423534
****************WLQ worker 18****************
Received WLQ tasks: 281
Average no. of tuples in the results set of a window: 5484.5
Average processing time per WLQ task (us): 420580
****************WLQ worker 23****************
Received WLQ tasks: 261
Average no. of tuples in the results set of a window: 5533.64
Average processing time per WLQ task (us): 382877
****************WLQ worker 57****************
Received WLQ tasks: 222
Average no. of tuples in the results set of a window: 5536.59
Average processing time per WLQ task (us): 487621
****************WLQ worker 3****************
Received WLQ tasks: 40
Average no. of tuples in the results set of a window: 5265.5
Average processing time per WLQ task (us): 424594
****************WLQ worker 27****************
Received WLQ tasks: 304
Average no. of tuples in the results set of a window: 5435.71
Average processing time per WLQ task (us): 353513
****************WLQ worker 22****************
Received WLQ tasks: 263
Average no. of tuples in the results set of a window: 5315.41
Average processing time per WLQ task (us): 364316
****************WLQ worker 46****************
Received WLQ tasks: 224
Average no. of tuples in the results set of a window: 5567.96
Average processing time per WLQ task (us): 486116
****************WLQ worker 11****************
Received WLQ tasks: 392
Average no. of tuples in the results set of a window: 5526.27
Average processing time per WLQ task (us): 445173
****************WLQ worker 35****************
Received WLQ tasks: 307
Average no. of tuples in the results set of a window: 5381.41
Average processing time per WLQ task (us): 396370
****************WLQ worker 45****************
Received WLQ tasks: 221
Average no. of tuples in the results set of a window: 5379.42
Average processing time per WLQ task (us): 451750
****************WLQ worker 49****************
Received WLQ tasks: 226
Average no. of tuples in the results set of a window: 5558.27
Average processing time per WLQ task (us): 468559
****************WLQ worker 38****************
Received WLQ tasks: 296
Average no. of tuples in the results set of a window: 5576.18
Average processing time per WLQ task (us): 418946
****************WLQ worker 20****************
Received WLQ tasks: 262
Average no. of tuples in the results set of a window: 5524.78
Average processing time per WLQ task (us): 387166
****************WLQ worker 31****************
Received WLQ tasks: 248
Average no. of tuples in the results set of a window: 5510.05
Average processing time per WLQ task (us): 356287
****************WLQ worker 16****************
Received WLQ tasks: 350
Average no. of tuples in the results set of a window: 5707.94
Average processing time per WLQ task (us): 456103
****************WLQ worker 24****************
Received WLQ tasks: 271
Average no. of tuples in the results set of a window: 5548.09
Average processing time per WLQ task (us): 376259
****************WLQ worker 42****************
Received WLQ tasks: 228
Average no. of tuples in the results set of a window: 5585.85
Average processing time per WLQ task (us): 459297
****************WLQ worker 28****************
Received WLQ tasks: 239
Average no. of tuples in the results set of a window: 5429.35
Average processing time per WLQ task (us): 367075
****************WLQ worker 34****************
Received WLQ tasks: 241
Average no. of tuples in the results set of a window: 5559.41
Average processing time per WLQ task (us): 387826
****************WLQ worker 44****************
Received WLQ tasks: 211
Average no. of tuples in the results set of a window: 5592.68
Average processing time per WLQ task (us): 472355
****************WLQ worker 43****************
Received WLQ tasks: 236
Average no. of tuples in the results set of a window: 5329.32
Average processing time per WLQ task (us): 441109
****************WLQ worker 58****************
Received WLQ tasks: 550
Average no. of tuples in the results set of a window: 5700.91
Average processing time per WLQ task (us): 505879
****************WLQ worker 48****************
Received WLQ tasks: 237
Average no. of tuples in the results set of a window: 5325.48
Average processing time per WLQ task (us): 446489
****************WLQ worker 47****************
Received WLQ tasks: 228
Average no. of tuples in the results set of a window: 5558.46
Average processing time per WLQ task (us): 467156
****************WLQ worker 1****************
Received WLQ tasks: 252
Average no. of tuples in the results set of a window: 5565
Average processing time per WLQ task (us): 390613
****************WLQ worker 2****************
Received WLQ tasks: 380
Average no. of tuples in the results set of a window: 5641.98
Average processing time per WLQ task (us): 521237
****************WLQ worker 0****************
Received WLQ tasks: 0
Average no. of tuples in the results set of a window: 0
Average processing time per WLQ task (us): 0
****************WLQ worker 40****************
Received WLQ tasks: 325
Average no. of tuples in the results set of a window: 5573.7
Average processing time per WLQ task (us): 386995
****************WLQ worker 39****************
Received WLQ tasks: 312
Average no. of tuples in the results set of a window: 5566.68
Average processing time per WLQ task (us): 409536
****************WLQ worker 7****************
Received WLQ tasks: 434
Average no. of tuples in the results set of a window: 5607.2
Average processing time per WLQ task (us): 462583
****************WLQ worker 8****************
Received WLQ tasks: 309
Average no. of tuples in the results set of a window: 5517.81
Average processing time per WLQ task (us): 370731
****************WLQ worker 33****************
Received WLQ tasks: 237
Average no. of tuples in the results set of a window: 5458.13
Average processing time per WLQ task (us): 378314
****************WLQ worker 10****************
Received WLQ tasks: 398
Average no. of tuples in the results set of a window: 5568.02
Average processing time per WLQ task (us): 443783
****************WLQ worker 9****************
Received WLQ tasks: 407
Average no. of tuples in the results set of a window: 5511.95
Average processing time per WLQ task (us): 421727
****************WLQ worker 52****************
Received WLQ tasks: 208
Average no. of tuples in the results set of a window: 5579.73
Average processing time per WLQ task (us): 471402
****************WLQ worker 51****************
Received WLQ tasks: 218
Average no. of tuples in the results set of a window: 5531.36
Average processing time per WLQ task (us): 455450
****************WLQ worker 50****************
Received WLQ tasks: 233
Average no. of tuples in the results set of a window: 5449.09
Average processing time per WLQ task (us): 454445
****************WLQ worker 4****************
Received WLQ tasks: 366
Average no. of tuples in the results set of a window: 5686.76
Average processing time per WLQ task (us): 487400
****************WLQ worker 41****************
Received WLQ tasks: 304
Average no. of tuples in the results set of a window: 5491.27
Average processing time per WLQ task (us): 396793
****************WLQ worker 53****************
Received WLQ tasks: 219
Average no. of tuples in the results set of a window: 5450.81
Average processing time per WLQ task (us): 475192
****************WLQ worker 54****************
Received WLQ tasks: 228
Average no. of tuples in the results set of a window: 5523.54
Average processing time per WLQ task (us): 436878
****************WLQ worker 36****************
Received WLQ tasks: 322
Average no. of tuples in the results set of a window: 5498.76
Average processing time per WLQ task (us): 396281
****************WLQ worker 5****************
Received WLQ tasks: 278
Average no. of tuples in the results set of a window: 5426.13
Average processing time per WLQ task (us): 361175
****************WLQ worker 6****************
Received WLQ tasks: 441
Average no. of tuples in the results set of a window: 5493.96
Average processing time per WLQ task (us): 448226
****************WLQ worker 12****************
Received WLQ tasks: 347
Average no. of tuples in the results set of a window: 5410.71
Average processing time per WLQ task (us): 396044
****************WLQ worker 37****************
Received WLQ tasks: 313
Average no. of tuples in the results set of a window: 5524.85
Average processing time per WLQ task (us): 410644
****************WLQ worker 55****************
Received WLQ tasks: 222
Average no. of tuples in the results set of a window: 5515.83
Average processing time per WLQ task (us): 444586
****************WLQ worker 19****************
Received WLQ tasks: 323
Average no. of tuples in the results set of a window: 5501.45
Average processing time per WLQ task (us): 392885
****************WLQ worker 56****************
Received WLQ tasks: 213
Average no. of tuples in the results set of a window: 5568.22
Average processing time per WLQ task (us): 506251
****************WLQ worker 14****************
Received WLQ tasks: 359
Average no. of tuples in the results set of a window: 5712.87
Average processing time per WLQ task (us): 447338
****************WLQ worker 13****************
Received WLQ tasks: 370
Average no. of tuples in the results set of a window: 5663.71
Average processing time per WLQ task (us): 414972
****************WLQ worker 21****************
Received WLQ tasks: 264
Average no. of tuples in the results set of a window: 5533.17
Average processing time per WLQ task (us): 384441
****************WLQ worker 30****************
Received WLQ tasks: 250
Average no. of tuples in the results set of a window: 5433.19
Average processing time per WLQ task (us): 372147
****************WLQ worker 29****************
Received WLQ tasks: 230
Average no. of tuples in the results set of a window: 5440.05
Average processing time per WLQ task (us): 366778
****************WLQ worker 32****************
Received WLQ tasks: 238
Average no. of tuples in the results set of a window: 5458.15
Average processing time per WLQ task (us): 357492
****************WLQ worker 26****************
Received WLQ tasks: 278
Average no. of tuples in the results set of a window: 5491.48
Average processing time per WLQ task (us): 362999
****************WLQ worker 25****************
Received WLQ tasks: 275
Average no. of tuples in the results set of a window: 5523.35
Average processing time per WLQ task (us): 364013
