#control_step plq_rho plq_splitting wlq_rho nw_plq nw_wlq wlq_idle wlq_win_tasks wlq_merge_tasks [watts]
0 1.13834 1 0.245576 1 1 0.877212 4 0 292.598
1 1.04376 1 0.89902 2 1 0.250817 5 0 76.5208
2 0.910236 1.33333 14.7671 2 1 0.131349 3 0 76.5505
3 0.912387 1.66667 17.6622 2 2 0.632037 2 0 76.8925
4 0.851083 2 11.9664 2 3 0.220345 12 0 77.5767
5 0.915217 -nan 13.9 2 5 0.4 10 0 78.547
6 0.821547 2 6.37619 2 8 0.23137 34 0 80.0004
7 0.905296 -nan 11.4262 2 12 0.398031 16 0 82.2216
8 0.302596 2 3.57042 2 18 0.44718 59 0 85.3899
9 1.67753 -nan 4.46618 1 27 0.398743 49 0 89.9615
10 0.941303 1.55556 1.90351 2 41 0.609468 78 9 98.1811
11 0.655914 -nan 1.09788 2 57 0.43122 106 22 108.911
12 0.522173 2 0.816467 2 57 0.405658 71 66 108.445
13 2.01097 -nan 0.583315 1 51 0.59434 19 5 104.718
14 0.826765 1.55556 0.658766 2 44 0.687401 35 19 98.6494
15 0.321207 -nan 0.879866 2 31 0.860279 7 1 92.4658
16 0.978127 1.77778 0.643609 1 30 0.549601 56 23 90.8516
17 1.84921 -nan 0.409158 1 23 0.77945 4 0 86.8748
18 0.860532 1.27273 0.127968 2 17 0.926745 25 4 83.715
19 0.754035 -nan 1.03478 2 9 0.428086 29 0 80.8069
20 0.511313 1.90909 3.99857 2 11 0.245191 27 0 81.8637
21 1.44172 -nan 1.78786 1 17 0.407602 47 0 84.37
22 0.784432 1.7 1.16545 2 26 0.588088 61 13 89.7631
23 0.602229 -nan 0.601022 2 35 0.531311 34 20 94.7316
24 0.644159 1.9 1.22768 2 22 0.660533 30 16 87.6525
25 0.557573 -nan 0.424575 2 31 0.624228 23 26 91.8562
26 0.928528 -nan 0 2 16 0.743052 0 0 84.3621
27 0.459727 1.66667 2.13285 2 8 0.34004 38 3 80.0791
28 0.935997 -nan 1.08418 1 12 0.191119 51 8 82.0526
29 1.82524 1.18182 0.503987 1 15 0.538131 8 2 82.8033
30 0.755563 -nan 1.22858 2 11 0.402226 36 2 81.8359
31 0.625278 1 0.892531 2 15 0.193332 58 3 84.0189
32 1.16173 -nan 0.5 2 15 0.53488 1 0 83.0537
33 0.808473 1 0.86227 3 10 0.676667 29 0 81.5532
34 0.970636 -nan 1.16339 3 9 0.091132 17 0 81.7023
35 0.74192 1.45455 1.82344 3 12 0.214693 41 1 83.1843
36 0.677759 -nan 1.06274 3 18 0.431975 32 4 85.4861
37 0.53743 1 0.836281 3 22 0.531079 39 7 87.9559
38 0.801893 -nan 0.576283 2 20 0.296518 13 2 86.9884
39 1.27222 1.1 0.962472 2 12 0.722673 20 6 82.4261
40 1.05781 -nan 0.593661 3 15 0.386318 20 4 84.5668
41 0.696267 1.81818 2.87081 4 11 0.513655 25 3 82.9004
42 0.92025 -nan 2.17057 3 17 0.414969 31 0 85.5688
43 0.691221 1.72727 1.26246 3 26 0.563074 52 13 90.0187
44 1.43662 -nan 0.756353 2 37 0.416169 30 35 96.4594
45 0.836785 1.88889 0.845993 3 40 0.696534 18 4 97.2809
46 1.11249 2 0.862298 3 37 0.361364 35 36 97.6266
47 0.631666 1.83333 0.721762 4 39 0.701964 23 12 96.7322
48 0.793062 2 0.846837 3 30 0.43895 38 31 94.4849
49 0.850321 -nan 1.01206 3 28 0.55469 8 0 91.6843
50 1.00148 1.9 0.918719 3 32 0.431733 47 41 94.4062
51 0.681739 1.77778 0.923767 3 35 0.600157 31 8 94.8636
52 1.18589 -nan 0.757677 2 37 0.505777 22 26 96.338
53 0.846743 -nan 0.806691 3 35 0.702797 1 0 94.6998
54 0.659599 1.83333 0.785276 3 31 0.425595 59 44 93.4957
55 0.839267 -nan 0.537627 2 26 0.695905 12 0 90.6254
56 0.542545 1.81818 1.72424 2 14 0.379879 49 3 85.2836
57 1.79108 -nan 0.64257 1 21 0.406732 26 21 86.8062
58 0.983849 1.36364 0.754458 2 19 0.613041 1 0 85.7922
59 0.782643 -nan 0.786326 2 17 0.342213 51 19 85.3759
60 0.895872 1.63636 1.25832 2 15 0.592826 20 13 84.4262
61 0.93041 -nan 0.638708 2 22 0.448375 36 21 88.0922
62 1.02195 1.88889 1.7049 2 16 0.644285 16 5 85.24
63 0.868823 2 0.714699 2 24 0.363686 42 36 89.4072
64 1.07961 -nan 0.769186 2 18 0.611587 6 0 86.0288
65 0.651351 2 1.71343 2 17 0.416237 53 4 85.5479
66 0.591155 -nan 0.986386 2 26 0.424027 25 22 90.0999
67 0.789664 2 0.778872 2 29 0.413566 64 40 91.822
68 0.856857 -nan 0.5 2 25 0.38128 2 0 90.165
69 0.473446 1.81818 1.03741 2 13 0.495955 58 7 82.9245
70 2.82022 -nan 0.902749 1 15 0.155865 34 12 83.8485
71 1.78395 1.5 0.577478 2 19 0.703826 4 0 85.4518
72 1.25771 -nan 0.528858 3 16 0.65527 17 3 84.9585
73 0.529613 2.2 3.50734 4 12 0.393921 31 6 84.1104
74 0.82875 -nan 1.71578 2 18 0.325025 64 0 86.4552
75 0.771319 2 1.49531 2 27 0.308423 77 14 91.0178
76 0.792388 -nan 0.826562 2 41 0.461633 29 34 98.3944
77 0.690986 2 0.656033 2 37 0.690909 40 46 96.0526
78 0.839564 -nan 0.737825 2 26 0.505968 17 2 91.7039
79 0.813416 2 2.1853 2 21 0.592093 24 15 87.0493
80 0.728783 -nan 0.770408 2 32 0.527139 37 28 92.7009
81 0.840714 2 0.996387 2 26 0.672005 11 1 89.5267
82 0.814579 2 0.852676 2 29 0.310934 52 46 91.8063
83 1.01815 -nan 0.6599 2 27 0.721758 6 0 90.142
84 0.825496 2 1.11667 2 22 0.238957 60 35 89.2613
85 0.957813 -nan 0.595862 2 28 0.603275 11 4 90.6433
86 0.768399 2 1.38433 2 20 0.596887 53 9 87.5178
87 0.942787 -nan 0.862752 2 30 0.456636 19 24 91.5676
88 0.83178 2 0.947804 2 29 0.51236 49 34 91.5895
89 1.03247 -nan 0.743857 2 31 0.378706 13 9 92.1744
90 0.896917 2 1.12123 2 27 0.654654 39 26 90.2341
91 1.00765 -nan 0.776082 2 34 0.428496 20 21 93.8331
92 0.839943 2 0.954854 2 31 0.694465 38 25 92.1415
93 0.940537 -nan 0.666089 2 33 0.339774 21 19 93.7942
94 0.726398 2 1.19637 2 25 0.707877 38 17 89.9783
95 0.754144 -nan 0.81263 2 34 0.43899 21 22 93.6636
96 0.302034 2 0.700858 2 30 0.446334 51 40 92.1686
97 1.36764 -nan 0.569927 1 23 0.419907 15 2 88.9712
98 0.474948 1.66667 0.510335 2 19 0.649404 38 22 85.6218
99 1.01234 -nan 0.511989 1 10 0.585003 18 2 81.3775
100 0.962964 1.36364 2.03974 1 6 0.536047 19 0 78.6398
101 1.19694 -nan 1.35882 1 9 0.41792 24 0 79.8497
102 1.10508 1 0.672331 1 14 0.469698 45 9 82.6569
103 0.839689 -nan 0.466974 2 12 0.527104 3 0 82.3106
104 0.513674 1.8 2.11437 2 6 0.482167 29 0 79.0911
105 1.63207 -nan 2.11265 1 9 0.0684259 39 0 80.3146
106 0.586121 1.7 1.25776 2 14 0.297135 66 2 83.6121
107 0.59564 -nan 1.1145 2 20 0.352986 31 1 86.6929
108 0.4375 1.90909 0.814283 2 25 0.247393 68 40 89.4014
109 2.16579 -nan 0.443985 1 22 0.659613 16 3 86.6035
110 1.12067 1.45455 0.374577 2 17 0.790094 23 2 83.7616
111 0.49663 -nan 0.901131 3 11 0.572929 26 4 82.6702
112 0.654767 2.54545 4.8229 2 11 0.187235 28 0 82.4291
113 0.655578 -nan 2.41407 2 17 0.384684 49 0 84.7867
114 0.738953 2 1.98342 2 26 0.62959 46 14 89.2281
115 0.437899 2 0.60867 2 39 0.454923 59 61 97.3889
116 2.36478 -nan 0.732336 1 25 0.40839 22 6 89.9708
117 1.24982 1.63636 0.275186 2 26 0.782899 15 0 88.1268
118 0.683926 -nan 0.599827 3 19 0.620835 29 16 86.4483
119 0.284994 2.5 3.7572 3 13 0.469803 33 1 84.546
120 0.571901 -nan 1.00452 2 20 0.0918579 75 50 87.475
121 0.665595 2.22222 0.980791 2 23 0.44016 49 25 88.839
122 0.769329 -nan 0.736288 2 26 0.335001 12 10 89.5742
123 0.578937 2 0.995787 2 21 0.64 51 18 87.0938
124 0.880238 -nan 0.781448 2 24 0.34716 20 21 88.874
125 0.874352 2 2.95454 2 20 0.708189 21 5 86.5791
126 0.897631 -nan 1.00449 2 30 0.413193 41 32 91.6595
127 0.72977 2 0.91381 2 34 0.68723 24 17 92.9703
128 0.599996 2 0.707873 2 35 0.388323 45 34 95.4242
129 0.767014 -nan 0.732691 2 27 0.705363 1 0 91.3601
130 0.877717 2 0.986949 2 21 0.241924 58 44 88.6548
131 1.04762 -nan 0.602801 2 23 0.601358 7 1 88.0584
132 0.612275 2 1.36325 2 18 0.37085 49 21 86.3893
133 0.482845 -nan 0.866356 2 27 0.475332 17 18 90.3983
134 1.86604 1.72727 0.611155 1 26 0.546842 37 8 89.722
135 1.33879 -nan 1.00842 2 23 0.501357 27 20 88.6514
136 0.674533 2.1 0.906156 3 30 0.523568 51 35 92.407
137 0.754534 -nan 0.616317 2 30 0.447562 17 15 91.7853
138 0.474809 2.09091 1.76887 2 20 0.728455 23 13 86.9883
139 1.8579 2 0.702537 1 30 0.346245 46 37 91.384
140 1.77223 -nan 0.894017 2 30 0.79599 1 0 91.2416
141 0.788159 1.63636 0.579466 3 37 0.693556 43 34 95.3126
142 0.543331 -nan 0.736333 3 22 0.578165 12 1 88.6738
143 0.721674 2.8 1.80195 2 17 0.318499 57 18 87.8054
144 0.704691 -nan 0.955864 2 26 0.368423 21 39 90.3533
145 0.457588 1.81818 0.741521 2 29 0.469728 58 41 91.6484
146 1.48987 -nan 0.657644 1 23 0.556591 11 0 89.1195
147 1.42694 1.6 0.874815 2 22 0.602942 27 12 86.9876
148 1.0012 -nan 0.418486 3 27 0.641296 23 13 90.3741
149 0.606445 2.54545 1.45024 4 15 0.569871 46 18 85.9481
150 0.800465 -nan 0.987619 3 23 0.160299 25 48 89.7285
151 0.675365 2.3 1.67233 3 26 0.621586 37 14 90.6528
152 0.962883 -nan 0.864452 2 39 0.424746 23 45 97.6716
153 0.900343 2.1 1.23482 2 38 0.595043 38 26 96.5046
154 0.919737 -nan 0.750802 2 54 0.635641 21 16 106.469
155 0.88077 2 2.13457 2 45 0.720132 25 25 101.56
156 0.80809 2 0.619067 2 57 0.537543 35 35 107.296
157 0.893552 -nan 0.830659 2 37 0.910831 3 0 98.0195
158 0.735139 2 0.854263 2 34 0.409235 50 50 95.9332
159 0.945967 -nan 0.689431 2 31 0.749449 10 0 92.4664
160 0.669429 2 1.18493 2 24 0.558875 58 23 90.1535
161 0.784988 -nan 0.710249 2 32 0.546704 16 19 92.6398
162 0.84427 2 1.68982 2 24 0.650019 39 7 88.7584
163 0.982705 -nan 0.971693 2 36 0.473599 30 29 95.6082
164 0.711975 2 1.29786 2 40 0.72849 30 22 96.4065
165 1.04395 -nan 0.633003 2 57 0.614197 27 28 107.027
166 1.03334 2 0.837861 2 46 0.817913 2 0 102.453
167 0.905411 2 0.725105 2 45 0.562029 48 52 101.641
168 0.735647 -nan 0.769026 2 35 0.787087 10 0 94.4784
169 0.314089 2 0.91747 2 29 0.384557 50 44 94.2485
170 1.08226 1.5 0.571069 1 30 0.577027 24 7 91.3972
171 1.19774 -nan 0.795047 1 22 0.452134 34 16 88.6033
172 0.678795 1.75 0.61272 2 22 0.571403 43 20 86.9133
173 0.609383 -nan 0.448314 2 15 0.628586 7 0 83.4213
174 0.441257 2 2.7852 2 8 0.560516 26 1 80.4146
175 0.894971 -nan 1.2939 1 12 0.126166 60 1 82.0529
176 1.09102 1.18182 0.669437 1 18 0.520536 14 8 84.302
177 2.25367 -nan 0.966009 1 15 0.208185 50 5 84.3068
178 1.48617 1 0 2 19 0.776259 0 0 84.6151
179 0.955487 1.66667 0.178459 3 14 0.972904 25 5 83.118
180 0.41864 -nan 3.27238 3 7 0.442129 12 0 80.9489
181 0.741461 2.6 4.09937 2 11 0.129541 42 0 82.3493
182 0.908845 -nan 3.09584 2 17 0.395057 41 0 84.919
183 0.535052 2 1.24728 2 26 0.232661 96 46 90.3724
184 2.46643 -nan 0.680811 1 37 0.434883 42 31 95.9385
185 1.36174 1.63636 0.579632 2 36 0.634683 25 0 95.0298
186 0.709556 -nan 0.76607 3 31 0.570296 23 18 93.4506
187 0.386277 2.6 0.969772 3 25 0.432114 77 33 90.5634
188 1.12645 -nan 0.714908 2 27 0.35437 26 18 91.0115
189 0.455186 2.63636 1.31879 3 24 0.484213 53 28 90.2382
190 0.979929 -nan 0.755019 2 36 0.489946 21 32 95.5575
191 0.787481 2.18182 1.14068 2 31 0.553689 41 31 92.4247
192 1.15007 -nan 0.730457 2 40 0.58269 22 18 98.0007
193 0.563731 2.6 1.97552 3 37 0.720316 32 20 96.2198
194 0.859744 3 0.690919 2 56 0.435997 34 54 107.323
195 1.07394 -nan 1.05986 2 41 0.818107 8 0 97.4984
196 0.888341 2 0.638839 2 50 0.666229 47 52 103.973
197 1.00528 -nan 0.956955 2 34 0.67781 11 0 95.9104
198 0.849696 2 0.911188 2 38 0.516717 51 50 97.7408
199 0.941829 -nan 0.79372 2 39 0.502258 10 0 97.0859
200 0.805251 2 0.816989 2 35 0.676136 45 48 96.2144
201 0.995019 -nan 0.797202 2 31 0.385604 15 2 93.2429
202 0.90034 2 1.12101 2 28 0.682798 35 26 91.0838
203 0.981164 -nan 0.691115 2 36 0.473396 18 16 95.2504
204 0.805087 2 1.14694 2 29 0.609057 46 20 91.5738
205 1.00009 -nan 0.734723 2 38 0.495961 21 23 96.9273
206 1.01932 2 0.983891 2 33 0.750581 27 10 93.0089
207 0.989255 -nan 0.723666 2 38 0.357649 26 34 97.4523
208 0.927734 2 0.809185 2 32 0.688503 19 11 92.7805
209 0.946535 -nan 0.941448 2 29 0.334418 43 37 92.7663
210 1.02281 2 1.44211 2 31 0.587564 21 13 91.963
211 0.79088 2 0.64788 2 47 0.527743 31 36 102.417
212 0.864681 -nan 1.06797 2 32 0.677709 6 0 93.242
213 0.791754 2 0.709896 2 39 0.567529 47 48 97.7249
214 0.990964 -nan 0.836228 2 30 0.660112 6 0 93.2832
215 0.702091 2 0.874202 2 29 0.37645 52 48 92.3231
216 0.928143 -nan 0.646381 2 27 0.69131 10 0 90.4459
217 0.764682 2 1.72044 2 19 0.608847 47 5 86.9214
218 0.960641 -nan 0.959489 2 29 0.404214 24 28 91.7119
219 0.752964 2 0.848089 2 32 0.625305 48 33 92.813
220 0.96223 -nan 0.775129 2 29 0.391347 18 17 92.7047
221 0.828407 2 1.59914 2 26 0.628286 36 21 91.4315
222 1.07938 -nan 0.77063 2 39 0.431645 24 24 97.1996
223 0.938336 2 0.828143 2 36 0.753238 5 0 94.7027
224 0.717485 2 0.915082 2 33 0.380046 51 49 95.1381
225 0.799831 -nan 0.91391 2 34 0.554933 10 0 93.8029
226 0.705692 2 0.795006 2 35 0.593562 54 52 96.2311
227 0.854355 -nan 0.812613 2 29 0.459808 12 1 93.0132
228 0.68013 2 1.14705 2 26 0.395006 48 32 91.1589
229 0.781286 -nan 0.679423 2 34 0.584946 12 7 94.0443
230 0.646289 2 1.011 2 25 0.505975 51 33 90.2348
231 0.824273 -nan 0.634286 2 29 0.486246 18 10 92.2557
232 0.700757 2 1.81239 2 19 0.51248 38 12 87.2332
233 1.01399 -nan 0.818104 2 29 0.493648 30 26 91.6217
234 0.835602 2 1.38543 2 27 0.639747 35 13 90.5215
235 0.942254 -nan 0.812018 2 41 0.481003 20 29 98.7415
236 0.723601 2 0.983761 2 37 0.786409 33 23 95.6051
237 0.860202 -nan 0.690608 2 42 0.520526 29 22 99.3712
238 0.848305 2 0 2 31 0.818215 0 0 93.5409
239 0.831811 2 1.41305 2 16 0.251324 66 20 86.8777
240 1.04208 -nan 0.874398 2 24 0.43016 17 15 89.3948
241 0.83588 2 1.31235 2 25 0.453756 47 22 90.5455
242 0.993375 -nan 0.93674 2 38 0.513778 10 18 96.6279
243 0.698928 2 0.699448 2 42 0.597405 53 57 99.2568
244 0.863493 -nan 0.753603 2 31 0.61089 14 1 96.4966
245 0.664398 2 1.65099 2 25 0.59174 39 16 91.0964
246 0.862701 -nan 0.695359 2 38 0.50702 22 23 96.0622
247 0.77718 2 1.09268 2 28 0.633976 36 31 90.9117
248 0.864534 -nan 0.594863 2 35 0.552153 23 17 95.0334
249 0.899966 2 2.66801 2 22 0.690696 22 5 88.0735
250 0.710809 2 0.807326 2 33 0.276669 43 48 94.5521
251 0.96882 -nan 0.773141 2 28 0.703994 5 0 91.5025
252 0.685401 2 0.954952 2 25 0.372496 52 40 91.0728
253 0.903043 -nan 0.737514 2 28 0.575218 8 0 90.8304
254 0.872286 2 1.11779 2 22 0.48494 47 28 89.609
255 1.02344 -nan 0.743268 2 28 0.435635 13 12 91.4166
256 0.929236 2 1.33417 2 25 0.60372 41 20 90.2416
257 0.910423 -nan 0.895906 2 38 0.460855 16 27 96.9678
258 0.6927 2 0.684103 2 38 0.623214 50 48 97.5058
259 0.984133 -nan 0.873333 2 28 0.436547 16 2 94.4523
260 0.785334 2 1.88781 2 28 0.699939 38 12 91.752
261 0.997793 -nan 0.787518 2 42 0.501846 24 38 99.5438
262 0.806863 2 1.45571 2 38 0.764069 27 18 96.3667
263 0.944573 -nan 0.649022 2 57 0.638586 26 29 107.684
264 0.772325 2 1.84193 2 42 0.7606 30 21 99.6036
265 0.755305 -nan 0.571589 2 57 0.685128 26 28 107.591
266 0.94956 -nan 0.882618 2 35 0.735334 3 0 96.2242
267 0.738569 2 0.829701 2 35 0.397116 52 50 95.9036
268 0.978863 -nan 0.872512 2 31 0.686835 8 0 91.7615
269 0.871594 2 0.885652 2 31 0.555851 50 45 93.1898
270 1.0969 -nan 0.839908 2 30 0.380248 12 3 92.1066
271 0.875069 2 1.32183 2 30 0.709748 35 22 91.7474
272 1.07271 -nan 0.796969 2 45 0.595322 15 21 100.906
273 0.911577 2 1.10212 2 42 0.557523 43 43 98.4131
274 1.06679 -nan 0.832326 2 53 0.655586 13 10 105.566
275 1.00984 2 1.7062 2 52 0.682462 29 29 103.701
276 2.81938 -nan 0.588173 1 58 0.597001 28 32 108.547
277 3.98052 1.18182 0.942834 1 50 0.669353 10 0 102.98
278 3.4452 -nan 0 2 57 0.929825 0 0 105.799
279 2.06582 -nan 0 2 43 0.930233 0 0 98.2006
280 2.28078 1.63636 0.583353 3 32 0.906248 5 0 92.1927
281 0.818242 -nan 0 5 27 1 0 0 90.1631
282 0.511185 2 1.05406 5 14 0.542995 60 23 85.1105
283 0.523905 -nan 2.85193 3 17 0.204195 65 0 85.9399
284 0.723211 2.90909 4.97032 2 26 0.353296 47 0 90.7892
285 0.865171 -nan 6.97631 2 39 0.399718 28 0 98.1141
286 0.72133 2 1.05365 2 57 0.4359 111 108 109.742
287 1.0303 -nan 0.743804 2 57 0.367966 32 34 109.625
288 0.797771 2 0.859661 2 50 0.557259 43 52 105.568
289 0.950393 -nan 0.935169 2 47 0.543078 12 3 102.031
290 0.800889 2 0.511048 2 50 0.797062 33 46 102.605
291 0.951996 -nan 0.849225 2 26 0.539213 20 1 92.7237
292 0.444568 2 1.33602 2 25 0.624334 38 17 89.7405
293 1.38332 -nan 0.671707 1 38 0.478448 30 26 95.7745
294 0.680564 2 0.483178 2 37 0.803726 43 42 94.9274
295 0.815278 -nan 0.662805 2 19 0.476384 16 0 87.3056
296 0.813411 2 2.37848 2 13 0.605144 19 10 82.8116
297 0.394853 -nan 1.33729 2 19 0.447464 42 4 86.0764
298 1.10815 -nan 0.596943 1 29 0.490871 34 21 90.7093
299 0.445955 1.81818 0.622192 2 23 0.576289 53 17 90.0071
300 1.80811 -nan 0.614821 1 15 0.472229 22 3 83.808
301 1.28538 1.77778 0.123556 2 13 0.963579 28 5 82.4364
302 0.446271 -nan 0.777411 3 10 0.183539 16 4 82.3259
303 0.554942 2.72727 5.38194 2 8 0.34963 26 0 80.7458
304 0.691374 -nan 2.64213 2 12 0.395808 46 0 82.0374
305 0.498514 2 1.99256 2 18 0.315541 75 6 85.5833
306 2.06049 -nan 0.967264 1 27 0.179025 79 50 90.9459
307 1.2516 1.5 0.597329 2 35 0.530151 5 0 94.6172
308 0.378457 -nan 0.692128 3 30 0.505518 40 19 91.9962
309 0.401499 2.63636 0.909647 2 22 0.544573 63 37 89.7479
310 1.56532 -nan 0.647308 1 22 0.335879 32 24 87.7979
311 0.683473 1.55556 0.672685 2 21 0.501064 35 19 86.7796
312 0.316817 -nan 0.580609 2 15 0.694073 6 0 83.6905
313 0.96914 1.8 1.3803 1 9 0.214343 58 2 80.3934
314 1.94575 -nan 0.844229 1 14 0.37652 29 1 82.836
315 0.831112 1.33333 0.321798 2 17 0.877941 33 7 84.0085
316 0.594845 -nan 0.737721 2 9 0.377605 17 0 81.6033
317 0.522241 1.9 4.52872 2 7 0.238205 19 0 80.1614
318 2.19819 -nan 1.5221 1 11 0.0854603 65 0 81.5849
319 1.31078 1.54545 0.670708 2 17 0.479627 46 5 84.7728
320 0.573021 -nan 0.867025 3 16 0.321864 32 10 85.3107
321 0.592579 2.63636 2.12427 2 15 0.253703 65 1 84.8419
322 0.731842 -nan 1.03661 2 23 0.426302 42 34 88.2978
323 0.817242 2 0.792956 2 27 0.723357 22 14 89.8755
324 0.650032 2 0.849945 2 23 0.172091 55 33 89.9108
325 0.933006 -nan 0.730486 2 21 0.595221 5 0 87.3196
326 0.736612 2 1.4663 2 17 0.336589 57 10 85.4307
327 0.933581 -nan 0.848242 2 26 0.503495 18 21 90.2307
328 0.771431 2 1.16108 2 25 0.5383 53 18 89.9166
329 1.02207 -nan 0.820502 2 33 0.391794 18 22 93.5714
330 0.775355 2 0.864513 2 31 0.63402 43 35 92.8256
331 0.935628 -nan 0.794709 2 29 0.335862 16 9 92.3502
332 0.768035 2 1.12394 2 26 0.70765 41 20 89.9874
333 1.02786 -nan 0.822949 2 33 0.433317 18 25 93.7466
334 0.499905 2 1.41592 2 31 0.679062 35 16 91.9279
335 2.10064 -nan 0.654089 1 47 0.502224 31 36 100.884
336 1.16582 1.9 0.852364 2 44 0.875212 3 0 98.4454
337 0.36267 -nan 0.52016 3 47 0.688661 53 34 101.534
338 0.710642 3 1.1801 2 25 0.703054 35 20 89.66
339 0.767054 2 0.648562 2 33 0.393755 40 47 93.3357
340 0.834486 -nan 0.733666 2 23 0.756428 1 0 88.1125
341 0.766119 2 1.03039 2 18 0.34939 52 35 86.2642
342 0.920762 -nan 0.601009 2 21 0.606332 10 3 87.0834
343 0.753145 2 2.32921 2 14 0.336497 43 2 84.2303
344 0.906216 -nan 1.48297 2 21 0.399722 37 4 87.3304
345 0.787776 2 0.883952 2 32 0.456467 61 45 93.3954
346 0.893062 -nan 0.697373 2 31 0.347203 17 11 93.1636
347 0.772511 2 1.36022 2 23 0.567538 41 20 90.3229
348 0.97765 -nan 0.807106 2 35 0.42252 22 25 94.739
349 0.763437 2 0.770341 2 32 0.814162 32 26 93.4875
350 0.804596 -nan 0.772867 2 27 0.228483 23 18 91.9503
351 0.796571 -nan 0.772646 2 23 0.832336 3 0 88.9179
352 0.69167 2 1.36936 2 19 0.243201 66 22 88.0051
353 0.925293 -nan 0.669676 2 29 0.566538 18 14 91.5077
354 0.848957 2 1.38705 2 22 0.426867 53 17 88.6937
355 1.07692 -nan 0.703912 2 33 0.552096 17 18 93.5038
356 0.749033 2 1.052 2 29 0.492426 48 32 91.8561
357 0.955498 -nan 0.722636 2 35 0.438364 16 15 95.2208
358 0.874432 2 1.14883 2 29 0.647768 44 23 91.983
359 1.05144 -nan 0.835538 2 38 0.414162 21 22 97.0156
360 0.894455 2 1.67569 2 37 0.75884 26 17 95.3562
361 1.0151 -nan 0.660805 2 56 0.590287 25 30 107.02
362 0.989894 2 0.845185 2 45 0.881698 30 10 101.452
363 0.970591 -nan 0.681434 2 43 0.467814 26 41 101.009
364 0.987946 2 1.59127 2 34 0.751847 26 14 94.2112
365 0.852897 2 0.63665 2 51 0.557105 31 42 104.805
366 0.925598 -nan 0.873396 2 34 0.652325 6 0 94.0052
367 0.8144 2 0.836539 2 33 0.451244 47 45 94.1174
368 0.996523 -nan 0.757409 2 30 0.666371 8 0 91.9894
369 0.948621 2 1.10439 2 26 0.504526 54 30 90.6697
370 1.09147 -nan 0.739412 2 33 0.502671 13 11 92.804
371 0.836442 2 0.947699 2 30 0.537021 47 37 92.563
372 1.08287 -nan 0.730695 2 32 0.400687 13 5 92.7267
373 0.814454 2 0.881368 2 28 0.652349 44 33 92.0729
374 1.0269 -nan 0.741659 2 27 0.273515 15 8 91.4088
375 0.89332 2 1.22647 2 24 0.623273 43 20 89.3436
376 1.0373 -nan 0.877487 2 34 0.442613 13 19 94.3976
377 0.84559 2 0.876869 2 35 0.706405 47 34 94.6155
378 1.02459 -nan 0.739061 2 34 0.436399 20 20 95.2818
379 0.799168 2 1.62856 2 30 0.571994 38 16 92.1927
380 0.971696 -nan 0.824037 2 45 0.447916 21 24 100.713
381 0.867703 2 0.614973 2 42 0.777199 41 41 98.2594
382 0.957495 -nan 0.796192 2 27 0.362228 20 9 93.811
383 1.01688 2 0.819755 2 24 0.682664 4 0 88.5869
384 0.952348 -nan 1.09456 2 23 0.129889 52 38 89.0859
385 1.10695 -nan 0.69018 2 29 0.717711 8 2 90.6516
386 0.478971 2.09091 1.21168 3 25 0.398929 56 32 90.7112
387 1.02121 -nan 0.674643 2 35 0.438181 30 21 94.9069
388 0.82189 2.5 0.8918 2 29 0.486285 45 49 92.9377
389 1.00236 -nan 0.77202 2 29 0.525477 7 0 91.5701
390 0.853236 2 1.0141 2 26 0.563248 54 32 90.5988
391 0.923785 -nan 0.739953 2 30 0.368037 14 10 91.9045
392 0.737482 2 1.1657 2 25 0.68225 48 19 89.822
393 0.943099 -nan 0.810572 2 33 0.429096 25 24 94.0855
394 0.784211 2 0.939832 2 30 0.648498 41 27 91.806
395 0.86117 -nan 0.634918 2 32 0.376718 21 15 93.1713
396 0.825269 2 1.59268 2 21 0.803477 24 11 88.3896
397 0.739364 2 0.610481 2 32 0.439395 42 43 92.9584
398 0.792274 -nan 0 2 21 0.747567 0 0 88.9636
399 0.682557 2 1.64323 2 11 0.214593 56 3 82.3642
400 0.823285 -nan 1.09723 2 17 0.386919 34 1 85.0286
401 0.672295 2 0.959657 2 21 0.174074 69 30 87.8696
402 0.908799 -nan 0.495729 2 23 0.623487 7 0 87.8527
403 0.633657 2 1.81567 2 12 0.402609 52 4 83.5071
404 0.768628 -nan 1.70622 2 18 0.409725 34 0 85.7596
405 0.724411 2 1.1655 2 27 0.394285 67 28 90.7453
406 0.783493 -nan 0.811562 2 35 0.404487 25 19 95.1572
407 0.657051 2 1.05202 2 31 0.80664 37 22 93.0515
408 0.708053 -nan 0.750801 2 37 0.363463 25 26 96.3361
409 0.755492 2 1.71641 2 29 0.90068 15 12 91.7357
410 0.647963 2 0.664239 2 44 0.444605 41 39 99.9789
411 0.622752 -nan 0.69489 2 31 0.822144 4 0 92.3166
412 0.580497 2 0.943827 2 23 0.257559 64 40 89.6567
413 0.689803 -nan 0.599708 2 24 0.71152 6 0 88.4797
414 0.662986 2 1.19483 2 16 0.228376 57 22 85.1071
415 0.864113 -nan 0.572192 2 22 0.576585 12 9 87.8651
416 0.680411 2 2.20039 2 13 0.286198 47 2 83.8845
417 0.83471 -nan 1.56748 2 20 0.425534 41 0 86.7288
418 0.813445 2 0.974183 2 30 0.469633 57 38 92.2421
419 1.07032 -nan 0.670475 2 33 0.429529 18 14 94.2673
420 0.956355 2 1.73076 2 28 0.763941 28 10 91.3184
421 1.1927 -nan 0.765402 2 42 0.448727 24 33 99.3516
422 0.562337 2.63636 0.982717 3 41 0.784479 48 23 98.7793
423 1.10632 -nan 0.669809 2 45 0.434614 30 47 102.105
424 0.550404 -nan 0.941269 3 39 0.598434 10 0 97.9053
425 1.05101 2.72727 0.816297 2 41 0.509193 61 74 100.592
426 1.07589 -nan 0.993936 2 39 0.479483 9 0 97.8127
427 0.897672 2 0.785238 2 46 0.72631 44 49 101.587
428 1.1101 -nan 0.813518 2 39 0.536997 11 8 98.6461
429 0.715791 2.54545 1.34986 3 38 0.493719 55 36 97.3078
430 1.09911 -nan 0.712444 2 57 0.606883 19 39 108.579
431 0.992028 2.18182 0.957726 2 50 0.616592 10 0 103.052
432 0.848252 -nan 0.820824 2 56 0.558824 43 57 108.193
433 0.88278 -nan 1.3535 2 50 0.79244 7 0 104.584
434 0.608011 2 0.742477 2 57 0.597411 51 55 108.256
435 0.833993 -nan 0.831627 2 46 0.759325 7 0 101.13
436 0.693352 2 0.791258 2 42 0.470025 49 54 100.289
437 0.721484 -nan 0.752096 2 35 0.816514 7 0 93.8984
438 0.597858 2 0.756336 2 28 0.539467 55 45 92.9059
439 0.697281 -nan 0.649394 2 23 0.621049 10 0 88.46
440 0.619478 2 1.87016 2 16 0.475308 41 8 84.9749
441 0.60957 -nan 0.923308 2 24 0.442658 35 20 88.6761
442 0.485329 2 0.995521 2 25 0.584488 52 22 89.1219
443 1.90233 -nan 0.644414 1 28 0.398536 26 21 90.5056
444 1.34397 1.7 0 2 26 0.714812 0 0 88.9431
445 0.409029 3 0.508615 3 20 0.569196 70 25 86.8549
446 0.686915 -nan 0.583287 2 10 0.500186 25 0 82.6279
447 0.631973 2.5 4.46433 2 6 0.243403 23 0 79.2111
448 0.732446 -nan 2.49335 2 9 0.381292 29 0 80.7418
449 0.651397 2 1.89957 2 14 0.358774 64 3 83.66
450 0.796862 -nan 2.23678 2 21 0.39486 42 0 87.3296
451 0.716028 2 0.988446 2 32 0.396187 82 41 93.4795
452 0.815238 -nan 0.653796 2 37 0.476967 20 16 95.84
453 0.69851 2 1.08253 2 26 0.528211 48 30 90.6187
454 0.89155 -nan 0.666869 2 32 0.543528 16 16 92.5594
455 0.736947 2 1.20146 2 23 0.707298 42 20 89.3087
456 0.810554 -nan 0.746612 2 31 0.465321 22 22 92.3903
457 0.652758 2 1.54736 2 25 0.681616 30 11 88.8491
458 0.752584 -nan 0.804381 2 38 0.526402 26 30 96.1001
459 0.793403 -nan 0.744137 2 33 0.77456 7 0 92.2521
460 0.686021 2 0.911441 2 27 0.241842 60 45 90.9855
461 0.760228 -nan 0.647415 2 28 0.765749 5 0 90.4365
462 0.67484 2 1.04021 2 19 0.339674 58 37 87.3701
463 0.768384 -nan 0.536524 2 23 0.592324 11 4 87.8516
464 0.677601 2 2.08934 2 13 0.17465 50 1 83.4343
465 0.877072 -nan 1.39389 2 20 0.375765 38 3 86.8553
466 0.711546 2 0.762689 2 30 0.50546 61 46 92.3289
467 0.799873 -nan 0.789344 2 24 0.343686 16 5 90.1971
468 0.740998 2 1.50003 2 21 0.529019 41 15 87.8589
469 0.84586 -nan 0.692037 2 32 0.552726 26 24 92.6691
470 0.754553 2 1.44096 2 24 0.562566 36 13 88.5613
471 0.972216 -nan 0.763105 2 36 0.481425 23 28 95.2159
472 0.876398 2 1.33584 2 31 0.796274 29 12 91.8556
473 0.906684 -nan 0.693661 2 47 0.577245 23 34 101.422
474 0.915735 -nan 0.803918 2 35 0.76527 6 0 94.2029
475 0.778104 2 0.897213 2 31 0.420597 58 51 93.8032
476 0.862564 -nan 0.742731 2 31 0.533612 11 0 91.611
477 0.736896 2 1.23691 2 25 0.453577 53 26 89.491
478 1.01145 -nan 0.706756 2 35 0.513582 16 15 94.0908
479 0.852305 2 0.899999 2 30 0.668233 42 35 91.8901
480 0.973099 -nan 0.712711 2 30 0.353712 13 9 91.7767
481 0.92409 2 2.69964 2 25 0.848967 21 7 88.5173
482 0.99897 -nan 1.01721 2 38 0.45204 40 39 97.0079
483 1.09412 2 0.713665 2 44 0.740596 11 2 99.0478
484 0.87257 2 0.840609 2 39 0.484616 51 50 98.6467
485 1.068 -nan 0.824586 2 36 0.535487 10 0 95.5535
486 0.914161 2 0.868948 2 35 0.499473 50 49 95.9082
487 1.02438 -nan 0.836624 2 34 0.547154 10 0 93.9495
488 0.918083 2 0.986021 2 33 0.557262 42 46 93.8575
489 1.08316 -nan 0.701617 2 37 0.452241 17 5 95.8438
490 0.901438 2 1.77275 2 32 0.801961 33 13 92.5477
491 1.04121 -nan 0.839446 2 48 0.478146 29 37 102.495
492 0.915739 2 0.75052 2 47 0.687317 38 45 101.573
493 0.973884 -nan 0.842386 2 39 0.42344 15 9 98.126
494 0.739994 2 1.14423 2 37 0.785342 32 24 95.3697
495 0.911958 -nan 0.670594 2 48 0.504555 21 21 102.075
496 0.95619 -nan 0.832624 2 35 0.80195 4 0 93.6829
497 0.735671 2 0.895794 2 33 0.291753 60 53 94.6501
498 0.85365 -nan 0.714475 2 33 0.772972 7 0 92.4723
499 0.680176 2 0.947005 2 25 0.408246 51 39 90.6214
500 0.842637 -nan 0.557283 2 27 0.642552 10 0 89.9948
501 0.704995 2 1.71566 2 15 0.498399 49 5 85.4105
502 0.828579 -nan 1.08227 2 23 0.415019 30 18 88.3157
503 0.703236 2 0.921053 2 28 0.547617 53 32 91.1019
504 0.947375 -nan 0.699301 2 29 0.295113 17 14 91.6096
505 0.738834 2 1.31474 2 23 0.670225 43 15 89.2881
506 0.885243 -nan 0.795085 2 35 0.515958 22 25 94.8105
507 0.80258 2 1.07748 2 30 0.643592 37 22 91.6663
508 0.777291 2 0.724519 2 37 0.337879 30 27 96.0862
509 0.777132 -nan 0.784593 2 29 0.873948 1 0 92.6918
510 0.747323 2 0.870769 2 25 0.362513 55 47 90.3404
511 0.975116 -nan 0.532604 2 24 0.751309 8 0 88.5969
512 0.789958 2 1.51457 2 15 0.282152 54 12 85.3727
513 0.880873 -nan 0.826889 2 23 0.465861 15 18 88.3049
514 0.717276 2 1.27047 2 21 0.589184 52 13 87.7035
515 0.915036 -nan 0.885049 2 30 0.360387 22 21 92.0829
516 0.737204 2 0.912824 2 29 0.573208 51 36 91.9558
517 0.863808 -nan 0.680207 2 30 0.34385 16 10 92.2005
518 0.692355 2 1.24567 2 22 0.648491 38 22 89.731
519 0.885709 -nan 0.754696 2 31 0.418586 23 24 92.3908
520 0.755088 2 1.40228 2 25 0.664353 34 17 89.8719
521 0.970454 -nan 0.752027 2 38 0.468665 33 25 96.472
522 0.964712 -nan 0.715945 2 33 0.816358 4 0 92.6976
523 0.871706 2 0.935866 2 27 0.291863 50 43 91.6505
524 0.821957 -nan 0.651566 2 28 0.739849 7 0 90.7563
525 0.691247 2 1.4054 2 19 0.359915 61 17 87.8466
526 0.837843 -nan 0.786673 2 29 0.506038 19 20 91.5178
527 0.647932 2 1.24261 2 25 0.554526 58 12 90.1307
528 0.909493 -nan 0.77201 2 35 0.433198 19 22 94.7866
529 0.504005 2 0.971939 2 30 0.637813 44 29 91.6987
530 1.6235 -nan 0.62841 1 33 0.402679 31 18 93.1787
531 1.06432 1.63636 0.716811 2 30 0.843563 18 9 91.5165
532 0.297103 -nan 0.672201 2 26 0.423496 37 16 90.6114
533 1.47383 -nan 0.517654 1 19 0.49332 23 7 85.1273
534 0.634161 1.90909 0.48666 2 15 0.595024 60 14 83.7691
535 0.449912 -nan 0.433348 2 8 0.464177 1 0 80.5896
536 0.818545 1.90909 4.49019 1 4 0.191109 23 0 77.6925
537 1.2305 -nan 3.46081 1 6 0.358605 23 0 78.5422
538 1.3115 1 2.11054 1 9 0.427806 36 0 79.788
539 0.935342 -nan 1.55828 2 14 0.422365 40 0 83.2931
540 0.294116 1.55556 0.862939 2 21 0.234509 79 17 87.2162
541 1.69345 1.6 0.515985 1 20 0.471244 27 5 85.4085
542 0.926162 -nan 0.442287 2 15 0.804419 27 12 83.2452
543 0.649575 2 4.61795 2 8 0.413851 12 2 81.236
544 0.504891 2 1.56354 2 12 0.177406 64 0 82.3282
545 2.0559 -nan 0.747329 1 18 0.29211 49 19 84.9074
546 1.13483 1.6 0.353456 2 19 0.545228 5 0 84.8342
547 0.456702 -nan 1.0354 3 12 0.496832 33 4 83.0126
548 0.484927 2.54545 2.26 2 14 0.130761 66 0 83.8766
549 2.12468 -nan 0.95094 1 21 0.112784 68 35 87.298
550 1.18021 1.8 0.367459 2 27 0.717415 29 0 89.2836
551 0.480007 -nan 0.883451 3 18 0.412991 31 13 86.2642
552 0.538055 2.54545 1.63329 2 18 0.398188 71 7 86.0291
553 2.88431 -nan 0.751382 1 27 0.322851 38 39 89.8235
554 1.71559 1.6 0.789424 2 29 0.699101 1 0 90.31
555 1.24071 -nan 0.404465 3 32 0.892655 31 16 91.4894
556 0.271674 3.25 1.75019 4 23 0.58942 68 7 90.8173
557 0.670601 -nan 0.742743 2 35 0.418268 54 84 95.4951
558 0.804349 3 1.26708 2 28 0.59731 11 0 91.6041
559 0.645941 2 0.762108 2 40 0.38512 49 53 97.8307
560 0.924561 -nan 0.69639 2 33 0.871723 2 0 92.3787
561 0.726574 2 0.880493 2 26 0.384152 53 47 90.693
562 0.895656 -nan 0.642476 2 25 0.605106 10 0 89.4949
563 0.721555 2 1.84531 2 17 0.655891 40 6 86.4238
564 0.967084 -nan 1.18417 2 26 0.412979 31 20 90.1146
565 0.757311 2 0.922164 2 35 0.581771 45 38 94.8879
566 0.976164 -nan 0.755554 2 36 0.384458 21 16 95.8568
567 0.727859 2 1.85612 2 31 0.778458 26 14 92.6901
568 0.734062 -nan 0.760971 2 47 0.538895 33 32 101.307
569 0.774291 -nan 0.845332 2 38 0.778414 8 0 96.218
570 0.625496 2 0.81145 2 35 0.438368 54 49 96.2979
571 0.845478 -nan 0.716269 2 31 0.711645 7 0 92.1853
572 0.76387 2 0.911062 2 24 0.36624 52 39 90.2079
573 0.78622 -nan 0.605181 2 24 0.640164 9 0 88.1974
574 0.615927 2 1.61768 2 15 0.357669 52 5 85.0438
575 0.751345 -nan 0.940442 2 23 0.438424 18 20 88.4264
576 0.830235 2 1.05732 2 25 0.563974 58 19 89.8626
577 0.960965 -nan 0.905832 2 30 0.291699 20 24 92.5071
578 0.741484 2 1.09902 2 31 0.693657 39 21 92.1257
579 0.94467 -nan 0.76741 2 39 0.420048 20 28 97.5238
580 0.812642 -nan 0.816717 2 34 0.81147 6 0 94.6405
581 0.679882 2 1.01543 2 30 0.328638 62 47 93.994
582 0.791188 -nan 0.69136 2 35 0.654753 11 0 94.0497
583 0.797784 2 1.09619 2 26 0.310011 56 33 90.9949
584 0.71731 -nan 0.597619 2 32 0.598916 8 3 92.4066
585 0.742003 2 1.26828 2 21 0.397946 57 23 88.3074
586 0.834368 -nan 0.716461 2 30 0.56105 19 20 91.8332
587 0.430692 2 1.39968 2 23 0.52161 43 15 88.8922
588 1.1229 -nan 0.638288 1 35 0.448136 28 28 94.2018
589 0.27228 2 0.54981 2 29 0.664848 54 29 91.4698
590 1.30454 -nan 0.370441 1 16 0.376132 17 2 85.3281
591 0.778934 1.88889 0.540836 2 12 0.653073 52 10 81.9579
592 0.752821 -nan 0.629316 2 7 0.171665 8 0 79.776
593 0.609024 2 5.61167 2 5 0.643526 13 0 78.8674
594 0.729294 -nan 4.5933 2 8 0.410178 18 0 80.0597
595 0.574336 2 2.79661 2 12 0.424743 46 0 82.3786
596 0.442056 -nan 3.31695 2 18 0.372668 38 0 85.4264
597 1.62705 1.8 1.02034 1 27 0.234573 100 37 91.1947
598 1.14774 -nan 0.655882 2 36 0.400566 30 17 95.6607
599 0.330691 2.2 0.751827 3 31 0.510941 49 51 92.5669
600 0.717224 -nan 0.45752 2 25 0.672798 20 6 89.5535
601 0.582119 2.27273 2.09052 2 13 0.59549 34 6 83.8672
602 0.374311 -nan 1.24057 2 20 0.42499 41 10 86.6189
603 1.70362 1.7 0.461684 1 29 0.618738 37 17 90.8119
604 0.822793 -nan 0.703676 2 22 0.583056 29 17 88.8052
605 0.472362 1.81818 1.38924 2 17 0.52439 39 12 85.1531
606 0.948837 -nan 0.557242 1 26 0.503571 31 27 89.5174
607 1.09402 1.1 0 1 17 0.837355 0 0 84.5998
608 1.31355 -nan 0.753569 1 11 0.549215 40 3 81.3302
609 0.730465 1.7 1.30365 2 12 0.311775 54 3 82.3589
610 0.45887 -nan 0.710487 2 18 0.515554 29 5 85.198
611 1.82244 1.6 0.588157 1 14 0.404298 31 0 82.4451
612 1.22061 -nan 0.21324 2 12 0.976939 15 4 81.7055
613 0.226184 2.7 6.78367 3 8 0.131549 22 0 80.9185
614 0.591395 -nan 2.02813 2 12 0.129627 71 0 82.5211
615 0.751426 -nan 0.897826 2 18 0.412814 66 11 85.2831
616 0.551232 2.09091 0.991231 2 18 0.194321 67 35 85.7811
617 0.534659 -nan 0.512066 2 20 0.604777 8 1 85.8586
618 0.482234 2 2.20248 2 10 0.318437 45 2 82.615
619 2.12631 -nan 1.00628 1 15 0.123502 67 10 84.0189
620 0.876827 1.6 0.376898 2 20 0.510808 21 0 86.0148
621 0.480232 -nan 1.15894 2 10 0.460869 29 3 81.345
622 0.834183 2 1.64633 1 13 0.1833 59 0 82.8079
623 1.22212 -nan 0.803854 1 20 0.447046 31 13 85.9312
624 0.49982 1.1 0.561243 2 20 0.575753 44 11 86.2238
625 1.89995 -nan 0.540528 1 12 0.616891 19 1 82.282
626 0.566475 1.7 0.451335 2 10 0.83529 33 3 80.7069
627 0.483153 -nan 2.47049 2 5 0.101612 11 0 79.1812
628 0.808409 2 4.13387 1 8 0.21664 27 0 79.777
629 0.788703 1 1.73025 1 12 0.30816 70 0 81.6161
630 0.968856 -nan 1.19227 1 18 0.390931 51 0 84.8281
631 1.53569 1 0.493402 1 24 0.672751 13 2 87.389
632 0.539593 -nan 0.499533 2 18 0.609756 37 8 85.1264
633 0.595628 1.9 2.38287 2 9 0.557354 22 3 80.6641
634 0.717114 -nan 1.29907 2 14 0.369798 51 2 83.3159
635 0.646027 2 1.06423 2 21 0.76826 27 21 86.0479
636 0.279053 -nan 0.837694 2 25 0.293777 42 32 89.6454
637 0.759076 2 0.525006 1 23 0.633114 30 10 88.2713
638 0.637304 1.5 0.980907 1 13 0.0619959 47 3 83.7993
639 1.365 -nan 0 1 15 0.859261 0 0 82.6018
640 0.330458 1.2 0.609829 2 11 0.57987 48 5 81.7915
641 0.945171 1.55556 2.19818 1 7 0.0567042 25 0 79.7411
642 0.775106 -nan 0.795452 1 11 0.199534 41 11 81.7053
643 0.88014 1 1.48275 1 9 0.798964 13 2 80.1799
644 1.11691 -nan 0.749948 1 13 0.406818 30 0 82.4307
645 0.274924 1.5 0.598778 2 12 0.490739 52 8 82.138
646 1.03324 -nan 0.625661 1 7 0.375449 20 0 79.6877
647 1.21766 1.4 0.9734 1 6 0.883326 12 0 78.3477
648 0.397913 -nan 1.23243 2 7 0.202128 29 0 79.7196
649 1.44395 1.8 1.45157 1 10 0.154555 61 2 81.0591
650 1.1031 -nan 0.675344 2 15 0.523292 26 10 83.3939
651 0.331769 2 0.972252 3 13 0.471957 67 5 83.5613
652 0.242725 -nan 0.910445 2 14 0.139742 39 7 84.0844
653 0.604885 2.18182 2.16865 1 14 0.304822 48 1 83.8267
654 1.77359 -nan 0.785227 1 21 0.430711 40 13 86.4565
655 0.590233 1.22222 0.348289 2 23 0.845621 32 10 86.9423
656 0.288572 1.875 1.7839 2 12 0.545707 28 1 82.4805
657 1.23503 -nan 0.638169 1 18 0.405387 43 21 85.0359
658 0.399133 1.8 0.589334 2 16 0.84646 29 8 83.5896
659 1.46829 2 0.963191 1 10 0.153558 52 0 81.4395
660 0.832549 1.33333 0.433295 2 13 0.661982 19 3 82.1535
661 0.280483 1.71429 2.36479 2 7 0.338439 23 0 80.1752
662 1.21043 -nan 0.924082 1 11 0.0870971 59 6 81.7663
663 0.552518 1.7 0.969405 2 13 0.379373 45 4 83.4717
664 0.316931 -nan 0.478091 2 14 0.437961 12 0 82.915
665 1.31774 2 2.39881 1 7 0.144909 43 0 79.538
666 0.845335 -nan 1.92444 2 11 0.413796 28 0 81.9459
667 0.504671 1.6 0.904139 2 17 0.195532 82 24 85.489
668 2.18926 -nan 0.585941 1 17 0.340993 25 3 84.7564
669 1.54426 1.7 0.173095 2 15 0.860649 10 0 83.0223
670 0.673467 -nan 1.13083 3 11 0.551479 29 3 82.5992
671 0.330212 2.45455 3.06832 3 14 0.201978 45 1 84.692
672 0.809899 -nan 0.948786 2 21 0.137543 85 35 88.2737
673 0.754858 2.4 1.25635 2 22 0.351606 49 21 88.4755
674 0.831365 -nan 0.739603 2 31 0.485159 17 17 92.1371
675 0.496742 2 0.896539 2 25 0.44316 56 42 90.9714
676 1.63783 -nan 0.622917 1 25 0.364996 24 6 89.6057
677 0.965457 2.09091 2.24819 2 23 0.596451 23 12 87.963
678 0.467705 -nan 0.625568 2 35 0.63151 38 27 93.7983
679 0.782311 1.63636 0.956062 1 23 0.436986 44 31 87.892
680 1.9126 -nan 0.426249 1 25 0.678397 15 0 88.3642
681 1.62409 1.5 0 2 19 0.812092 0 0 84.9493
682 0.337696 3 0.763357 3 14 0.588486 58 8 83.8923
683 0.379554 -nan 0.803248 2 12 0.20299 36 7 83.4225
684 1.36848 2.4 1.85353 1 11 0.288692 54 0 82.5763
685 0.994001 -nan 0.773691 2 17 0.462138 34 13 84.7496
686 0.420785 1.8 0.846956 2 15 0.348031 57 26 84.296
687 1.20138 -nan 0.729838 1 14 0.307174 30 2 82.9953
688 0.621895 1.6 0.973618 2 13 0.359242 39 10 83.232
689 0.349904 -nan 0.426035 2 14 0.410607 6 0 83.0198
690 1.19654 1.81818 2.79644 1 7 0.171217 37 0 79.5223
691 1.55626 -nan 2.87338 1 11 0.429698 20 0 81.0445
692 0.85034 1.22222 0.909075 2 17 0.44048 58 19 85.1592
693 0.506748 -nan 0.445783 2 17 0.463096 16 5 84.8934
694 1.36629 1.90909 1.58105 1 9 0.158528 65 2 81.2379
695 0.884545 -nan 1.26245 2 14 0.418954 28 0 83.7782
696 0.27368 1.66667 0.785679 2 20 0.334267 66 16 86.9975
697 1.05855 -nan 0.532427 1 17 0.482099 23 5 84.8073
698 0.736627 1.5 0.906806 1 11 0.289157 43 4 81.5729
699 1.24018 1 0.355739 1 11 0.693376 3 0 80.7828
700 0.42548 2 0.905858 2 8 0.531429 37 1 80.0678
701 1.31963 1.44444 0.802126 1 8 0.0545436 37 0 79.7358
702 0.796082 -nan 1.21948 2 9 0.526893 24 2 80.6711
703 0.428153 2 2.13748 2 13 0.332452 43 1 82.9218
704 0.897326 -nan 0.75514 1 20 0.283989 48 32 86.4513
705 0.845488 1.1 0.881456 1 16 0.411004 35 8 84.4117
706 1.71969 -nan 0.309874 1 16 0.60096 7 0 83.699
707 0.814004 1.33333 0.228874 2 12 0.906856 35 3 81.7336
708 0.569903 -nan 1.22998 2 6 0.244538 14 0 79.5837
709 0.395909 2 3.90364 2 8 0.247769 22 0 80.16
710 1.20601 -nan 0.915451 1 12 0.203181 69 17 82.082
711 0.492586 1.88889 1.00681 2 14 0.339895 60 2 83.8102
712 1.80414 -nan 0.726828 1 16 0.324752 25 8 83.5084
713 0.954696 1.54545 0.186543 2 17 0.890612 18 2 83.7726
714 0.605613 -nan 1.39482 2 9 0.236932 32 2 80.9727
715 0.643766 1.8 1.92595 2 14 0.276365 44 1 83.7053
716 0.680097 -nan 0.889843 2 21 0.376813 37 17 86.8793
717 0.341407 2 0.9266 2 21 0.505957 56 30 87.0563
718 0 -nan 0.595888 0 22 0.349157 23 8 85.6519
719 0 -nan 0 0 14 0.724956 0 0 81.7668
