****************WLQ worker 14****************
Received WLQ tasks: 322
Average no. of tuples in the results set of a window: 5439.33
Average processing time per WLQ task (us): 393309
****************WLQ worker 35****************
Received WLQ tasks: 402
Average no. of tuples in the results set of a window: 5547
Average processing time per WLQ task (us): 339849
****************WLQ worker 45****************
Received WLQ tasks: 453
Average no. of tuples in the results set of a window: 5511.54
Average processing time per WLQ task (us): 362815
****************WLQ worker 58****************
Received WLQ tasks: 601
Average no. of tuples in the results set of a window: 5567.92
Average processing time per WLQ task (us): 415731
****************WLQ worker 42****************
Received WLQ tasks: 412
Average no. of tuples in the results set of a window: 5513.61
Average processing time per WLQ task (us): 416393
****************WLQ worker 47****************
Received WLQ tasks: 424
Average no. of tuples in the results set of a window: 5494.52
Average processing time per WLQ task (us): 390460
****************WLQ worker 13****************
Received WLQ tasks: 371
Average no. of tuples in the results set of a window: 5557.42
Average processing time per WLQ task (us): 366838
****************WLQ worker 40****************
Received WLQ tasks: 452
Average no. of tuples in the results set of a window: 5438.34
Average processing time per WLQ task (us): 384499
****************WLQ worker 46****************
Received WLQ tasks: 403
Average no. of tuples in the results set of a window: 5573.58
Average processing time per WLQ task (us): 411480
****************WLQ worker 41****************
Received WLQ tasks: 458
Average no. of tuples in the results set of a window: 5548.35
Average processing time per WLQ task (us): 365900
****************WLQ worker 52****************
Received WLQ tasks: 421
Average no. of tuples in the results set of a window: 5489
Average processing time per WLQ task (us): 392981
****************WLQ worker 51****************
Received WLQ tasks: 455
Average no. of tuples in the results set of a window: 5518.97
Average processing time per WLQ task (us): 361392
****************WLQ worker 43****************
Received WLQ tasks: 439
Average no. of tuples in the results set of a window: 5362.97
Average processing time per WLQ task (us): 374737
****************WLQ worker 44****************
Received WLQ tasks: 463
Average no. of tuples in the results set of a window: 5455.54
Average processing time per WLQ task (us): 363326
****************WLQ worker 37****************
Received WLQ tasks: 381
Average no. of tuples in the results set of a window: 5591.44
Average processing time per WLQ task (us): 379528
****************WLQ worker 54****************
Received WLQ tasks: 418
Average no. of tuples in the results set of a window: 5490.14
Average processing time per WLQ task (us): 397121
****************WLQ worker 0****************
Received WLQ tasks: 208
Average no. of tuples in the results set of a window: 5646.71
Average processing time per WLQ task (us): 341233
****************WLQ worker 38****************
Received WLQ tasks: 378
Average no. of tuples in the results set of a window: 5588.69
Average processing time per WLQ task (us): 365840
****************WLQ worker 48****************
Received WLQ tasks: 438
Average no. of tuples in the results set of a window: 5443.39
Average processing time per WLQ task (us): 366931
****************WLQ worker 56****************
Received WLQ tasks: 445
Average no. of tuples in the results set of a window: 5558.32
Average processing time per WLQ task (us): 351968
****************WLQ worker 55****************
Received WLQ tasks: 416
Average no. of tuples in the results set of a window: 5615.82
Average processing time per WLQ task (us): 382181
****************WLQ worker 57****************
Received WLQ tasks: 417
Average no. of tuples in the results set of a window: 5525.27
Average processing time per WLQ task (us): 392709
****************WLQ worker 34****************
Received WLQ tasks: 250
Average no. of tuples in the results set of a window: 5544.6
Average processing time per WLQ task (us): 313319
****************WLQ worker 33****************
Received WLQ tasks: 218
Average no. of tuples in the results set of a window: 5481.24
Average processing time per WLQ task (us): 354881
****************WLQ worker 49****************
Received WLQ tasks: 411
Average no. of tuples in the results set of a window: 5455.83
Average processing time per WLQ task (us): 386777
****************WLQ worker 50****************
Received WLQ tasks: 406
Average no. of tuples in the results set of a window: 5549
Average processing time per WLQ task (us): 417648
****************WLQ worker 53****************
Received WLQ tasks: 448
Average no. of tuples in the results set of a window: 5387.51
Average processing time per WLQ task (us): 374590
****************WLQ worker 25****************
Received WLQ tasks: 204
Average no. of tuples in the results set of a window: 5618.67
Average processing time per WLQ task (us): 366416
****************WLQ worker 36****************
Received WLQ tasks: 367
Average no. of tuples in the results set of a window: 5564.42
Average processing time per WLQ task (us): 377403
****************WLQ worker 2****************
Received WLQ tasks: 284
Average no. of tuples in the results set of a window: 5674.18
Average processing time per WLQ task (us): 427008
****************WLQ worker 1****************
Received WLQ tasks: 238
Average no. of tuples in the results set of a window: 5607.8
Average processing time per WLQ task (us): 331680
****************WLQ worker 23****************
Received WLQ tasks: 235
Average no. of tuples in the results set of a window: 5665.94
Average processing time per WLQ task (us): 354776
****************WLQ worker 4****************
Received WLQ tasks: 316
Average no. of tuples in the results set of a window: 5656.25
Average processing time per WLQ task (us): 403995
****************WLQ worker 3****************
Received WLQ tasks: 135
Average no. of tuples in the results set of a window: 5865.27
Average processing time per WLQ task (us): 400611
****************WLQ worker 24****************
Received WLQ tasks: 213
Average no. of tuples in the results set of a window: 5578.13
Average processing time per WLQ task (us): 357872
****************WLQ worker 26****************
Received WLQ tasks: 228
Average no. of tuples in the results set of a window: 5691.47
Average processing time per WLQ task (us): 360365
****************WLQ worker 39****************
Received WLQ tasks: 367
Average no. of tuples in the results set of a window: 5572.63
Average processing time per WLQ task (us): 397039
****************WLQ worker 11****************
Received WLQ tasks: 344
Average no. of tuples in the results set of a window: 5600.49
Average processing time per WLQ task (us): 409217
****************WLQ worker 8****************
Received WLQ tasks: 297
Average no. of tuples in the results set of a window: 5509.37
Average processing time per WLQ task (us): 378521
****************WLQ worker 7****************
Received WLQ tasks: 342
Average no. of tuples in the results set of a window: 5603.53
Average processing time per WLQ task (us): 433384
****************WLQ worker 12****************
Received WLQ tasks: 0
Average no. of tuples in the results set of a window: 0
Average processing time per WLQ task (us): 0
****************WLQ worker 9****************
Received WLQ tasks: 365
Average no. of tuples in the results set of a window: 5374.15
Average processing time per WLQ task (us): 383641
****************WLQ worker 10****************
Received WLQ tasks: 333
Average no. of tuples in the results set of a window: 5562.71
Average processing time per WLQ task (us): 418464
****************WLQ worker 5****************
Received WLQ tasks: 167
Average no. of tuples in the results set of a window: 5390.89
Average processing time per WLQ task (us): 399477
****************WLQ worker 6****************
Received WLQ tasks: 323
Average no. of tuples in the results set of a window: 5530.34
Average processing time per WLQ task (us): 427993
****************WLQ worker 17****************
Received WLQ tasks: 241
Average no. of tuples in the results set of a window: 5743.24
Average processing time per WLQ task (us): 360425
****************WLQ worker 18****************
Received WLQ tasks: 255
Average no. of tuples in the results set of a window: 5655.57
Average processing time per WLQ task (us): 369735
****************WLQ worker 20****************
Received WLQ tasks: 248
Average no. of tuples in the results set of a window: 5498.67
Average processing time per WLQ task (us): 336521
****************WLQ worker 19****************
Received WLQ tasks: 238
Average no. of tuples in the results set of a window: 5737.94
Average processing time per WLQ task (us): 364337
****************WLQ worker 30****************
Received WLQ tasks: 220
Average no. of tuples in the results set of a window: 5166.11
Average processing time per WLQ task (us): 316236
****************WLQ worker 29****************
Received WLQ tasks: 179
Average no. of tuples in the results set of a window: 5450.19
Average processing time per WLQ task (us): 363031
****************WLQ worker 28****************
Received WLQ tasks: 200
Average no. of tuples in the results set of a window: 5239.94
Average processing time per WLQ task (us): 315825
****************WLQ worker 27****************
Received WLQ tasks: 217
Average no. of tuples in the results set of a window: 5689.27
Average processing time per WLQ task (us): 342548
****************WLQ worker 16****************
Received WLQ tasks: 262
Average no. of tuples in the results set of a window: 5579.52
Average processing time per WLQ task (us): 380180
****************WLQ worker 15****************
Received WLQ tasks: 249
Average no. of tuples in the results set of a window: 5652.89
Average processing time per WLQ task (us): 367623
****************WLQ worker 21****************
Received WLQ tasks: 220
Average no. of tuples in the results set of a window: 5598.53
Average processing time per WLQ task (us): 340914
****************WLQ worker 22****************
Received WLQ tasks: 230
Average no. of tuples in the results set of a window: 5600.48
Average processing time per WLQ task (us): 382475
****************WLQ worker 31****************
Received WLQ tasks: 184
Average no. of tuples in the results set of a window: 5487.31
Average processing time per WLQ task (us): 337631
****************WLQ worker 32****************
Received WLQ tasks: 179
Average no. of tuples in the results set of a window: 5602.46
Average processing time per WLQ task (us): 350178
