****************WLQ worker 9****************
Received WLQ tasks: 438
Average no. of tuples in the results set of a window: 5545.32
Average processing time per WLQ task (us): 377883
****************WLQ worker 22****************
Received WLQ tasks: 87
Average no. of tuples in the results set of a window: 5614.57
Average processing time per WLQ task (us): 386324
****************WLQ worker 40****************
Received WLQ tasks: 603
Average no. of tuples in the results set of a window: 5482.2
Average processing time per WLQ task (us): 364312
****************WLQ worker 41****************
Received WLQ tasks: 573
Average no. of tuples in the results set of a window: 5504.21
Average processing time per WLQ task (us): 375884
****************WLQ worker 36****************
Received WLQ tasks: 166
Average no. of tuples in the results set of a window: 5844.2
Average processing time per WLQ task (us): 399224
****************WLQ worker 37****************
Received WLQ tasks: 158
Average no. of tuples in the results set of a window: 5683.47
Average processing time per WLQ task (us): 428904
****************WLQ worker 17****************
Received WLQ tasks: 382
Average no. of tuples in the results set of a window: 5580.37
Average processing time per WLQ task (us): 329336
****************WLQ worker 42****************
Received WLQ tasks: 592
Average no. of tuples in the results set of a window: 5369.51
Average processing time per WLQ task (us): 363675
****************WLQ worker 44****************
Received WLQ tasks: 548
Average no. of tuples in the results set of a window: 5479.9
Average processing time per WLQ task (us): 401703
****************WLQ worker 13****************
Received WLQ tasks: 282
Average no. of tuples in the results set of a window: 5568.47
Average processing time per WLQ task (us): 318243
****************WLQ worker 14****************
Received WLQ tasks: 312
Average no. of tuples in the results set of a window: 5606.82
Average processing time per WLQ task (us): 369950
****************WLQ worker 2****************
Received WLQ tasks: 194
Average no. of tuples in the results set of a window: 5360.46
Average processing time per WLQ task (us): 286495
****************WLQ worker 1****************
Received WLQ tasks: 291
Average no. of tuples in the results set of a window: 5500.09
Average processing time per WLQ task (us): 355192
****************WLQ worker 18****************
Received WLQ tasks: 96
Average no. of tuples in the results set of a window: 5762.67
Average processing time per WLQ task (us): 353967
****************WLQ worker 26****************
Received WLQ tasks: 83
Average no. of tuples in the results set of a window: 5734
Average processing time per WLQ task (us): 423114
****************WLQ worker 12****************
Received WLQ tasks: 416
Average no. of tuples in the results set of a window: 5475.47
Average processing time per WLQ task (us): 364924
****************WLQ worker 11****************
Received WLQ tasks: 279
Average no. of tuples in the results set of a window: 5595.83
Average processing time per WLQ task (us): 405651
****************WLQ worker 24****************
Received WLQ tasks: 92
Average no. of tuples in the results set of a window: 5264
Average processing time per WLQ task (us): 313955
****************WLQ worker 19****************
Received WLQ tasks: 73
Average no. of tuples in the results set of a window: 5588.67
Average processing time per WLQ task (us): 402601
****************WLQ worker 20****************
Received WLQ tasks: 82
Average no. of tuples in the results set of a window: 5449.8
Average processing time per WLQ task (us): 340274
****************WLQ worker 28****************
Received WLQ tasks: 88
Average no. of tuples in the results set of a window: 5540.33
Average processing time per WLQ task (us): 349084
****************WLQ worker 27****************
Received WLQ tasks: 98
Average no. of tuples in the results set of a window: 5728
Average processing time per WLQ task (us): 387900
****************WLQ worker 51****************
Received WLQ tasks: 602
Average no. of tuples in the results set of a window: 5464.8
Average processing time per WLQ task (us): 352334
****************WLQ worker 52****************
Received WLQ tasks: 593
Average no. of tuples in the results set of a window: 5616.69
Average processing time per WLQ task (us): 349965
****************WLQ worker 49****************
Received WLQ tasks: 564
Average no. of tuples in the results set of a window: 5532.68
Average processing time per WLQ task (us): 386534
****************WLQ worker 50****************
Received WLQ tasks: 574
Average no. of tuples in the results set of a window: 5514.1
Average processing time per WLQ task (us): 371214
****************WLQ worker 45****************
Received WLQ tasks: 537
Average no. of tuples in the results set of a window: 5545.04
Average processing time per WLQ task (us): 395810
****************WLQ worker 46****************
Received WLQ tasks: 590
Average no. of tuples in the results set of a window: 5552.92
Average processing time per WLQ task (us): 368845
****************WLQ worker 58****************
Received WLQ tasks: 655
Average no. of tuples in the results set of a window: 5655.69
Average processing time per WLQ task (us): 382619
****************WLQ worker 57****************
Received WLQ tasks: 570
Average no. of tuples in the results set of a window: 5520.76
Average processing time per WLQ task (us): 369509
****************WLQ worker 55****************
Received WLQ tasks: 626
Average no. of tuples in the results set of a window: 5453.13
Average processing time per WLQ task (us): 335095
****************WLQ worker 56****************
Received WLQ tasks: 550
Average no. of tuples in the results set of a window: 5488.56
Average processing time per WLQ task (us): 390841
****************WLQ worker 54****************
Received WLQ tasks: 528
Average no. of tuples in the results set of a window: 5633.63
Average processing time per WLQ task (us): 411621
****************WLQ worker 47****************
Received WLQ tasks: 532
Average no. of tuples in the results set of a window: 5486.55
Average processing time per WLQ task (us): 393806
****************WLQ worker 48****************
Received WLQ tasks: 596
Average no. of tuples in the results set of a window: 5531.4
Average processing time per WLQ task (us): 357814
****************WLQ worker 53****************
Received WLQ tasks: 616
Average no. of tuples in the results set of a window: 5476
Average processing time per WLQ task (us): 340573
****************WLQ worker 39****************
Received WLQ tasks: 169
Average no. of tuples in the results set of a window: 5571.24
Average processing time per WLQ task (us): 428402
****************WLQ worker 35****************
Received WLQ tasks: 152
Average no. of tuples in the results set of a window: 5705.77
Average processing time per WLQ task (us): 407372
****************WLQ worker 38****************
Received WLQ tasks: 173
Average no. of tuples in the results set of a window: 5643.43
Average processing time per WLQ task (us): 391864
****************WLQ worker 7****************
Received WLQ tasks: 399
Average no. of tuples in the results set of a window: 5605.08
Average processing time per WLQ task (us): 396500
****************WLQ worker 8****************
Received WLQ tasks: 288
Average no. of tuples in the results set of a window: 5575.3
Average processing time per WLQ task (us): 383167
****************WLQ worker 32****************
Received WLQ tasks: 132
Average no. of tuples in the results set of a window: 5763.9
Average processing time per WLQ task (us): 382282
****************WLQ worker 31****************
Received WLQ tasks: 139
Average no. of tuples in the results set of a window: 5456.83
Average processing time per WLQ task (us): 356435
****************WLQ worker 25****************
Received WLQ tasks: 87
Average no. of tuples in the results set of a window: 5293.43
Average processing time per WLQ task (us): 367310
****************WLQ worker 33****************
Received WLQ tasks: 51
Average no. of tuples in the results set of a window: 5820.75
Average processing time per WLQ task (us): 420971
****************WLQ worker 34****************
Received WLQ tasks: 54
Average no. of tuples in the results set of a window: 5839.25
Average processing time per WLQ task (us): 419899
****************WLQ worker 21****************
Received WLQ tasks: 83
Average no. of tuples in the results set of a window: 5442.57
Average processing time per WLQ task (us): 376955
****************WLQ worker 23****************
Received WLQ tasks: 85
Average no. of tuples in the results set of a window: 5432
Average processing time per WLQ task (us): 366466
****************WLQ worker 10****************
Received WLQ tasks: 301
Average no. of tuples in the results set of a window: 5676.05
Average processing time per WLQ task (us): 352210
****************WLQ worker 43****************
Received WLQ tasks: 557
Average no. of tuples in the results set of a window: 5599.41
Average processing time per WLQ task (us): 381723
****************WLQ worker 30****************
Received WLQ tasks: 93
Average no. of tuples in the results set of a window: 5397.8
Average processing time per WLQ task (us): 311866
****************WLQ worker 29****************
Received WLQ tasks: 91
Average no. of tuples in the results set of a window: 5622.5
Average processing time per WLQ task (us): 362797
****************WLQ worker 0****************
Received WLQ tasks: 252
Average no. of tuples in the results set of a window: 5661.73
Average processing time per WLQ task (us): 377948
****************WLQ worker 16****************
Received WLQ tasks: 144
Average no. of tuples in the results set of a window: 5706.55
Average processing time per WLQ task (us): 369985
****************WLQ worker 15****************
Received WLQ tasks: 232
Average no. of tuples in the results set of a window: 5685.35
Average processing time per WLQ task (us): 380682
****************WLQ worker 3****************
Received WLQ tasks: 346
Average no. of tuples in the results set of a window: 5510.33
Average processing time per WLQ task (us): 393713
****************WLQ worker 4****************
Received WLQ tasks: 298
Average no. of tuples in the results set of a window: 5439.96
Average processing time per WLQ task (us): 367337
****************WLQ worker 5****************
Received WLQ tasks: 217
Average no. of tuples in the results set of a window: 5668.55
Average processing time per WLQ task (us): 426572
****************WLQ worker 6****************
Received WLQ tasks: 306
Average no. of tuples in the results set of a window: 5343.17
Average processing time per WLQ task (us): 338333
