#second results avg_latency(ms)
0 0 0
1 0 0
2 1 2466.27
3 1 3739.48
4 0 0
5 1 5189.92
6 1 6743.97
7 0 0
8 1 8380.25
9 0 0
10 1 10110.4
11 0 0
12 2 12197.8
13 0 0
14 0 0
15 2 14673.3
16 0 0
17 0 0
18 2 17079.4
19 0 0
20 0 0
21 1 19592
22 1 20144
23 1 21107.9
24 0 0
25 2 23076.2
26 1 24034.5
27 0 0
28 1 25895.8
29 1 26381.6
30 1 27008.2
31 1 28021.3
32 2 28713.6
33 2 29221.8
34 1 30381
35 1 31058.1
36 2 31537.4
37 1 31821.5
38 2 32913.3
39 3 33546.6
40 1 34021.2
41 7 34155.7
42 2 34202.7
43 2 34896.2
44 6 34988.8
45 3 35259.3
46 5 35349.4
47 4 35389.5
48 8 35391.3
49 4 34922.8
50 6 35265
51 6 35204.7
52 3 35062
53 0 0
54 13 35522.1
55 3 34773.1
56 9 34484.1
57 2 34611.9
58 1 34959.1
59 7 34944.4
60 2 35457.2
61 11 35194.7
62 1 35111.7
63 14 34784
64 2 33618.8
65 9 33796.6
66 1 34199.7
67 8 33924.1
68 10 33030.3
69 5 32240.3
70 2 32868.8
71 6 33107.5
72 1 33582.2
73 9 33494.2
74 1 33844.9
75 11 32968.3
76 2 32926.1
77 3 33418.1
78 5 33226.5
79 11 33243.8
80 9 31889.1
81 2 31668.2
82 11 31416.3
83 14 29851
84 20 27436.3
85 9 25943.1
86 1 25488.1
87 14 25393.9
88 16 23106.4
89 13 21485.3
90 18 19228.6
91 12 17355.1
92 9 15793.6
93 12 15232.9
94 31 11736.3
95 12 8606.85
96 19 6516.85
97 11 4308.7
98 7 3414.58
99 9 2909.36
100 1 3212.77
101 10 2615.46
102 1 3188.74
103 7 2989.58
104 2 2697.25
105 3 3607.54
106 7 3572.89
107 5 3524.5
108 6 2900.7
109 1 3428.38
110 10 3562.39
111 1 3696.86
112 7 3847.3
113 4 3451.39
114 3 3883.25
115 7 3967.33
116 2 3853.14
117 3 4434.87
118 8 3979.88
119 7 4010.27
120 3 3468.63
121 4 4054.79
122 7 3861.84
123 3 4321.41
124 2 4647.84
125 7 4426.65
126 3 4564.95
127 4 4916.43
128 4 4892.44
129 2 5533.56
130 3 6024.71
131 9 6011.87
132 0 0
133 9 6169.07
134 2 5844.46
135 1 6493.26
136 5 6931.56
137 4 7010.15
138 10 6291.88
139 3 6550.19
140 6 6173.73
141 3 6742.88
142 13 5895.33
143 5 4925.3
144 3 5173.38
145 8 5187.68
146 8 4914.66
147 10 3875.21
148 5 3350.6
149 3 3670.7
150 1 4411.24
151 1 5106.54
152 3 5688.33
153 2 6028.31
154 6 6352.75
155 1 6765.89
156 2 7030.21
157 11 7114.4
158 1 6869.8
159 10 6909.96
160 3 6354.71
161 7 6363.76
162 3 6378.1
163 8 6235.66
164 11 5331.11
165 3 4971.98
166 5 5279.26
167 9 4540.68
168 1 4725.48
169 3 5375.02
170 8 5040.99
171 4 4851.58
172 16 3850.7
173 4 3010.01
174 4 3163.94
175 3 3457.32
176 6 3459.65
177 9 3164.78
178 1 3418.42
179 2 3764.68
180 9 3968.25
181 1 3754.29
182 2 4227.69
183 6 4666.3
184 0 0
185 0 0
186 0 0
187 1 8051.32
188 2 8798.85
189 3 8800.13
190 5 9574.39
191 0 0
192 1 10569.1
193 4 11039.7
194 4 11376.1
195 2 11511.5
196 0 0
197 1 13573.3
198 3 14082.6
199 6 14023.1
200 1 14554.3
201 0 0
202 0 0
203 0 0
204 1 18595.3
205 1 19521.2
206 0 0
207 2 20559.3
208 1 21307.1
209 7 22026.3
210 1 21921.8
211 1 22951.1
212 18 22025.9
213 2 20642.4
214 3 21125.9
215 2 21944.4
216 9 21945.6
217 1 21502.6
218 1 22669.8
219 2 23064.7
220 1 23689
221 11 23480.4
222 1 23603.9
223 7 23701.3
224 9 23467.7
225 7 22394.3
226 1 23006.7
227 3 23230.8
228 1 23927.1
229 2 24303.1
230 16 23767.8
231 2 23117.5
232 1 23865.8
233 1 24243.8
234 20 23437.6
235 11 21038.6
236 1 21334.9
237 10 20979.7
238 10 20134.9
239 3 19901.7
240 2 20588.1
241 7 20299.5
242 2 20190.6
243 20 19288.6
244 1 17816.7
245 30 16163.5
246 15 12910.5
247 6 11020.3
248 7 11031.7
249 5 10717.4
250 38 7389.25
251 6 4410.73
252 6 4182.3
253 1 4373.29
254 9 4514.26
255 4 4290.77
256 5 4274.92
257 1 4148.85
258 4 5254.26
259 8 4730.75
260 3 4619.41
261 7 4361.48
262 3 4715.91
263 7 4940.32
264 1 4453.01
265 3 5247.99
266 8 5296.36
267 10 4793.49
268 3 4192.88
269 2 5055.48
270 6 5250.13
271 2 5411.68
272 2 5746.13
273 7 5614.43
274 1 6182.38
275 2 6779.03
276 8 6554.83
277 0 0
278 1 7654.12
279 1 8389.5
280 10 8560.35
281 1 8282.63
282 4 8913.4
283 6 8926.77
284 1 9666.7
285 10 9536.66
286 1 9508.47
287 28 7378.55
288 3 5112.83
289 9 4996.69
290 3 4655.29
291 7 4835.75
292 4 4630.11
293 8 4421.19
294 3 4389.42
295 13 3704.83
296 2 2949.47
297 2 3732.38
298 3 4181.35
299 17 3494.4
300 0 0
301 2 3506.23
302 5 3682.51
303 3 3655.04
304 3 4456.2
305 3 4824.81
306 7 4397.26
307 7 4350.73
308 4 4218.29
309 6 4262.68
310 4 4066.7
311 8 4116.15
312 6 3480.19
313 6 3325.01
314 7 2968.19
315 1 3446.95
316 5 3598.67
317 6 3653.64
318 4 3616.23
319 6 3646.45
320 4 3842.6
321 1 4004.68
322 5 4235.64
323 0 0
324 3 5774.9
325 2 6286.35
326 6 6361.71
327 0 0
328 0 0
329 1 8654.38
330 6 8978.44
331 2 9289.54
332 2 9447.2
333 0 0
334 0 0
335 1 12700.7
336 3 13273.4
337 3 13701.9
338 3 13956.6
339 0 0
340 0 0
341 1 17020.9
342 1 17735.5
343 3 18278.8
344 2 18717.1
345 2 18657.3
346 1 19592.3
347 0 0
348 0 0
349 1 22162.4
350 2 23250.4
351 3 23939.4
352 3 24349
353 24 22757.7
354 4 20614.7
355 7 20789.3
356 4 20373.1
357 1 20707.7
358 2 21559.8
359 8 21650.5
360 2 21489
361 2 22366.1
362 10 22278.9
363 6 21242.3
364 2 21514.8
365 3 22270.6
366 6 22277.6
367 1 22273.2
368 9 22243
369 1 22336.5
370 10 22765.2
371 8 21651.6
372 2 21846.4
373 2 22073.4
374 4 22789.9
375 7 22555.7
376 2 22894.8
377 10 22145.3
378 4 22291.6
379 4 22716.2
380 2 22473.9
381 6 22595.1
382 5 22643.6
383 11 21998.2
384 2 21846.7
385 7 21868.6
386 22 20062.1
387 0 0
388 11 18963.5
389 9 17936.8
390 4 17488.6
391 20 16025.2
392 8 14406.4
393 9 13606.6
394 1 13224.2
395 22 12093.4
396 35 7455.12
397 13 3770.33
398 1 3709.4
399 9 3548.54
400 1 3512.96
401 10 3438.85
402 0 0
403 4 3878.89
404 7 3671.43
405 1 4068.22
406 7 4319.25
407 3 3970.94
408 3 4490.2
409 8 4259.77
410 5 4263.3
411 6 3871.88
412 3 4342.96
413 8 4065.42
414 3 3920.68
415 7 3991.97
416 4 3961.87
417 6 3729.03
418 1 4148.46
419 8 4365.73
420 3 3858.92
421 2 4610.6
422 5 4964.85
423 4 4995.08
424 1 5560.61
425 2 5924.85
426 5 6779.06
427 2 7123.49
428 3 7055.78
429 2 7755.21
430 3 8316.06
431 7 8480.83
432 0 0
433 1 9796.75
434 3 10255.8
435 1 10755.2
436 7 10828
437 0 0
438 11 11316
439 3 10445.1
440 8 10837.2
441 11 9972.36
442 7 8979.43
443 5 8787.26
444 13 7917.33
445 27 4869.21
446 2 3362.22
447 7 3248.79
448 1 3659.51
449 4 4003.99
450 7 3752.53
451 2 3825.16
452 8 3858.32
453 2 3957.31
454 8 4184.62
455 1 3817.63
456 4 4522.24
457 8 4140.66
458 1 4391.57
459 5 4743.37
460 7 4309.45
461 6 4500.57
462 3 4221.3
463 3 4635.76
464 7 4520.65
465 6 4503.92
466 5 4109.94
467 4 4502.96
468 7 4142.86
469 3 4456.9
470 7 4148.3
471 2 4372.49
472 2 4766.47
473 8 4797.16
474 3 5048.99
475 6 5178.24
476 3 4969.5
477 7 5323.14
478 4 5088.46
479 3 5408.69
480 7 5417.65
481 3 5313.7
482 4 5562.21
483 6 5521.41
484 8 5448.3
485 2 5272.61
486 5 5746.94
487 4 5419.72
488 2 5941.45
489 9 5979.62
490 1 5973.55
491 2 6716.78
492 8 6446.98
493 2 6548.48
494 11 6452.09
495 8 5754.38
496 3 5193.57
497 10 5314.32
498 7 4283.55
499 2 4547.95
500 13 3961.81
501 1 3935.57
502 3 4438.47
503 7 4227.92
504 2 4236.56
505 7 4434.41
506 3 4195.09
507 3 4706.96
508 9 4604.14
509 3 4430.04
510 5 4608.84
511 6 4331.58
512 7 4141.46
513 2 4527.14
514 2 4795.7
515 7 4822.37
516 2 5082.82
517 10 5122.36
518 2 4800.02
519 7 4971.94
520 3 4707.11
521 7 4812.79
522 4 4818.18
523 4 5309.17
524 4 4709.75
525 3 5305.2
526 7 5151.47
527 2 5461.93
528 9 5322.04
529 7 4925.57
530 3 4612.08
531 5 5007.89
532 5 4680.8
533 11 4165.43
534 8 3372.39
535 2 3556.86
536 9 3197.9
537 1 3533.32
538 9 3098.29
539 5 3190.28
540 6 2864.25
541 1 3256.2
542 9 3174.91
543 0 0
544 0 0
545 4 5113.85
546 2 5233.91
547 4 5387.47
548 0 0
549 1 7594.98
550 2 8010.19
551 6 8219.16
552 2 7909.28
553 0 0
554 1 10212.6
555 1 10815.7
556 7 11224.7
557 1 11497.1
558 1 11760.4
559 2 12570.7
560 4 13112
561 3 12941.2
562 14 12767
563 3 11854.5
564 1 12836.9
565 8 12860.4
566 1 12428.8
567 2 13351.7
568 0 0
569 10 14436.2
570 1 14496.8
571 1 15207.2
572 7 15027.3
573 3 15194
574 1 15806.2
575 13 15316.5
576 2 14542.9
577 2 15281.5
578 2 16217.2
579 0 0
580 12 16683.7
581 2 16338.5
582 2 16910.6
583 5 17332.2
584 17 16123.2
585 5 14649.5
586 1 14704.1
587 0 0
588 16 15798.5
589 6 14087.9
590 1 14864.1
591 4 14760.7
592 5 14963.7
593 1 15471.9
594 22 14355.1
595 12 11559.2
596 31 8351.58
597 14 4829.31
598 9 3828.05
599 4 3435.75
600 7 3461.3
601 2 3706.94
602 8 3649.73
603 1 3760.22
604 10 3611.54
605 2 3527.32
606 9 3129
607 1 3390.75
608 9 3096.35
609 2 3335.47
610 9 3019.6
611 0 0
612 4 3805.12
613 5 3607.37
614 0 0
615 0 0
616 1 6098.59
617 9 6213.96
618 0 0
619 0 0
620 5 7964.67
621 4 7809.42
622 2 8058.86
623 0 0
624 1 10407.5
625 3 10745.9
626 7 10631.4
627 0 0
628 0 0
629 2 12672.5
630 3 13069.7
631 34 10762.5
632 11 6722.27
633 1 6882.69
634 16 5684.44
635 12 4317.87
636 2 3870.12
637 2 4621.67
638 8 4628.61
639 11 3619.67
640 7 2621.68
641 2 3137
642 7 2763.55
643 5 3015.26
644 5 2378.58
645 3 3119.74
646 6 2827.18
647 8 2633.87
648 1 3195.32
649 8 3034.38
650 0 0
651 0 0
652 2 5027.14
653 3 5171.36
654 2 5840.41
655 7 5797.68
656 1 6191.19
657 1 7101.73
658 15 6147.49
659 11 4948.61
660 9 3879.58
661 4 3403.04
662 6 3402.82
663 2 3620.49
664 9 3485.8
665 5 3347.97
666 8 3123.52
667 0 0
668 4 3775.16
669 7 3759.77
670 2 3721.06
671 3 4150.33
672 3 4652.35
673 5 5068.97
674 3 4681.28
675 2 5846.54
676 1 5913.74
677 7 6147.83
678 1 6091.38
679 1 7764.52
680 9 7501.46
681 1 7386.49
682 0 0
683 13 8086.28
684 12 6377.42
685 4 5728
686 17 4996.77
687 3 3741.11
688 7 3716.57
689 8 3273.28
690 2 3032.15
691 2 3886.1
692 10 3298.91
693 4 3482.5
694 6 2852.49
695 3 3540.88
696 6 3267.74
697 3 3627.32
698 10 3069.08
699 6 2512.82
700 5 2778.27
701 4 2576.41
702 2 3153.63
703 7 3145.05
704 1 3523.29
705 8 3732.24
706 9 3075.29
707 2 2640.1
708 3 3025.95
709 6 3315.29
710 3 3536.35
711 6 3455.09
712 7 3249.75
713 2 3471.38
714 5 3849.08
715 2 3779.81
716 7 4044.63
717 3 3911.88
718 2 4629.01
719 5 4538.8
720 2 4950.67
721 2 5921.83
722 5 5471.66
