****************WLQ worker 9****************
Received WLQ tasks: 190
Average no. of tuples in the results set of a window: 5317.4
Average processing time per WLQ task (us): 327377
****************WLQ worker 47****************
Received WLQ tasks: 310
Average no. of tuples in the results set of a window: 5090.68
Average processing time per WLQ task (us): 342278
****************WLQ worker 23****************
Received WLQ tasks: 159
Average no. of tuples in the results set of a window: 5421.27
Average processing time per WLQ task (us): 320764
****************WLQ worker 12****************
Received WLQ tasks: 165
Average no. of tuples in the results set of a window: 4992.8
Average processing time per WLQ task (us): 327912
****************WLQ worker 29****************
Received WLQ tasks: 223
Average no. of tuples in the results set of a window: 4988.22
Average processing time per WLQ task (us): 285659
****************WLQ worker 6****************
Received WLQ tasks: 144
Average no. of tuples in the results set of a window: 5274.54
Average processing time per WLQ task (us): 363054
****************WLQ worker 18****************
Received WLQ tasks: 153
Average no. of tuples in the results set of a window: 5193.33
Average processing time per WLQ task (us): 332865
****************WLQ worker 17****************
Received WLQ tasks: 142
Average no. of tuples in the results set of a window: 4967.38
Average processing time per WLQ task (us): 248101
****************WLQ worker 14****************
Received WLQ tasks: 130
Average no. of tuples in the results set of a window: 5199
Average processing time per WLQ task (us): 323937
****************WLQ worker 13****************
Received WLQ tasks: 165
Average no. of tuples in the results set of a window: 5128.57
Average processing time per WLQ task (us): 313588
****************WLQ worker 0****************
Received WLQ tasks: 114
Average no. of tuples in the results set of a window: 5248
Average processing time per WLQ task (us): 338102
****************WLQ worker 21****************
Received WLQ tasks: 137
Average no. of tuples in the results set of a window: 5126.38
Average processing time per WLQ task (us): 348397
****************WLQ worker 22****************
Received WLQ tasks: 135
Average no. of tuples in the results set of a window: 5268.21
Average processing time per WLQ task (us): 367935
****************WLQ worker 27****************
Received WLQ tasks: 186
Average no. of tuples in the results set of a window: 5214.37
Average processing time per WLQ task (us): 337438
****************WLQ worker 28****************
Received WLQ tasks: 178
Average no. of tuples in the results set of a window: 5016.44
Average processing time per WLQ task (us): 329349
****************WLQ worker 2****************
Received WLQ tasks: 124
Average no. of tuples in the results set of a window: 5156.71
Average processing time per WLQ task (us): 312590
****************WLQ worker 1****************
Received WLQ tasks: 110
Average no. of tuples in the results set of a window: 5180.43
Average processing time per WLQ task (us): 305698
****************WLQ worker 3****************
Received WLQ tasks: 143
Average no. of tuples in the results set of a window: 5258.09
Average processing time per WLQ task (us): 323871
****************WLQ worker 4****************
Received WLQ tasks: 158
Average no. of tuples in the results set of a window: 4938.37
Average processing time per WLQ task (us): 215875
****************WLQ worker 11****************
Received WLQ tasks: 161
Average no. of tuples in the results set of a window: 5123.14
Average processing time per WLQ task (us): 393144
****************WLQ worker 25****************
Received WLQ tasks: 145
Average no. of tuples in the results set of a window: 5092.12
Average processing time per WLQ task (us): 365836
****************WLQ worker 19****************
Received WLQ tasks: 148
Average no. of tuples in the results set of a window: 5048.42
Average processing time per WLQ task (us): 330157
****************WLQ worker 20****************
Received WLQ tasks: 133
Average no. of tuples in the results set of a window: 5099.35
Average processing time per WLQ task (us): 367845
****************WLQ worker 36****************
Received WLQ tasks: 31
Average no. of tuples in the results set of a window: 5491
Average processing time per WLQ task (us): 270468
****************WLQ worker 35****************
Received WLQ tasks: 32
Average no. of tuples in the results set of a window: 0
Average processing time per WLQ task (us): 161967
****************WLQ worker 30****************
Received WLQ tasks: 118
Average no. of tuples in the results set of a window: 5236
Average processing time per WLQ task (us): 301823
****************WLQ worker 43****************
Received WLQ tasks: 180
Average no. of tuples in the results set of a window: 5141.28
Average processing time per WLQ task (us): 356143
****************WLQ worker 44****************
Received WLQ tasks: 201
Average no. of tuples in the results set of a window: 5107.43
Average processing time per WLQ task (us): 413059
****************WLQ worker 31****************
Received WLQ tasks: 52
Average no. of tuples in the results set of a window: 4984
Average processing time per WLQ task (us): 272192
****************WLQ worker 32****************
Received WLQ tasks: 57
Average no. of tuples in the results set of a window: 4880.43
Average processing time per WLQ task (us): 408550
****************WLQ worker 33****************
Received WLQ tasks: 54
Average no. of tuples in the results set of a window: 5008.37
Average processing time per WLQ task (us): 359348
****************WLQ worker 34****************
Received WLQ tasks: 54
Average no. of tuples in the results set of a window: 5147.4
Average processing time per WLQ task (us): 318753
****************WLQ worker 7****************
Received WLQ tasks: 179
Average no. of tuples in the results set of a window: 5272.21
Average processing time per WLQ task (us): 325397
****************WLQ worker 8****************
Received WLQ tasks: 183
Average no. of tuples in the results set of a window: 5257.27
Average processing time per WLQ task (us): 312107
****************WLQ worker 54****************
Received WLQ tasks: 355
Average no. of tuples in the results set of a window: 5124.88
Average processing time per WLQ task (us): 319509
****************WLQ worker 53****************
Received WLQ tasks: 353
Average no. of tuples in the results set of a window: 5043.85
Average processing time per WLQ task (us): 336274
****************WLQ worker 48****************
Received WLQ tasks: 356
Average no. of tuples in the results set of a window: 5193.11
Average processing time per WLQ task (us): 304041
****************WLQ worker 37****************
Received WLQ tasks: 30
Average no. of tuples in the results set of a window: 5251.8
Average processing time per WLQ task (us): 489735
****************WLQ worker 38****************
Received WLQ tasks: 27
Average no. of tuples in the results set of a window: 4893
Average processing time per WLQ task (us): 330818
****************WLQ worker 52****************
Received WLQ tasks: 369
Average no. of tuples in the results set of a window: 5048.37
Average processing time per WLQ task (us): 305184
****************WLQ worker 51****************
Received WLQ tasks: 346
Average no. of tuples in the results set of a window: 4969.77
Average processing time per WLQ task (us): 345136
****************WLQ worker 56****************
Received WLQ tasks: 328
Average no. of tuples in the results set of a window: 5010.6
Average processing time per WLQ task (us): 359140
****************WLQ worker 55****************
Received WLQ tasks: 328
Average no. of tuples in the results set of a window: 5080.74
Average processing time per WLQ task (us): 342565
****************WLQ worker 42****************
Received WLQ tasks: 111
Average no. of tuples in the results set of a window: 4835.9
Average processing time per WLQ task (us): 294394
****************WLQ worker 41****************
Received WLQ tasks: 33
Average no. of tuples in the results set of a window: 5196
Average processing time per WLQ task (us): 309403
****************WLQ worker 40****************
Received WLQ tasks: 31
Average no. of tuples in the results set of a window: 4450
Average processing time per WLQ task (us): 237460
****************WLQ worker 39****************
Received WLQ tasks: 33
Average no. of tuples in the results set of a window: 4892
Average processing time per WLQ task (us): 329850
****************WLQ worker 49****************
Received WLQ tasks: 338
Average no. of tuples in the results set of a window: 5020.05
Average processing time per WLQ task (us): 354879
****************WLQ worker 50****************
Received WLQ tasks: 340
Average no. of tuples in the results set of a window: 5010.38
Average processing time per WLQ task (us): 366663
****************WLQ worker 58****************
Received WLQ tasks: 372
Average no. of tuples in the results set of a window: 5018.97
Average processing time per WLQ task (us): 332358
****************WLQ worker 57****************
Received WLQ tasks: 309
Average no. of tuples in the results set of a window: 4969.54
Average processing time per WLQ task (us): 345064
****************WLQ worker 24****************
Received WLQ tasks: 17
Average no. of tuples in the results set of a window: 5313
Average processing time per WLQ task (us): 363297
****************WLQ worker 26****************
Received WLQ tasks: 198
Average no. of tuples in the results set of a window: 5190.12
Average processing time per WLQ task (us): 322894
****************WLQ worker 46****************
Received WLQ tasks: 266
Average no. of tuples in the results set of a window: 5119.32
Average processing time per WLQ task (us): 315208
****************WLQ worker 45****************
Received WLQ tasks: 260
Average no. of tuples in the results set of a window: 5200.76
Average processing time per WLQ task (us): 330642
****************WLQ worker 10****************
Received WLQ tasks: 164
Average no. of tuples in the results set of a window: 5288.33
Average processing time per WLQ task (us): 312644
****************WLQ worker 16****************
Received WLQ tasks: 143
Average no. of tuples in the results set of a window: 5226.8
Average processing time per WLQ task (us): 274189
****************WLQ worker 15****************
Received WLQ tasks: 131
Average no. of tuples in the results set of a window: 5249.69
Average processing time per WLQ task (us): 357672
****************WLQ worker 5****************
Received WLQ tasks: 158
Average no. of tuples in the results set of a window: 5030.86
Average processing time per WLQ task (us): 216942
