****************WLQ worker 7****************
Received WLQ tasks: 871
Average no. of tuples in the results set of a window: 4587.01
Average processing time per WLQ task (us): 324140
****************WLQ worker 1****************
Received WLQ tasks: 872
Average no. of tuples in the results set of a window: 4476.35
Average processing time per WLQ task (us): 304260
****************WLQ worker 26****************
Received WLQ tasks: 308
Average no. of tuples in the results set of a window: 4815.13
Average processing time per WLQ task (us): 323511
****************WLQ worker 25****************
Received WLQ tasks: 305
Average no. of tuples in the results set of a window: 4837.72
Average processing time per WLQ task (us): 297159
****************WLQ worker 8****************
Received WLQ tasks: 837
Average no. of tuples in the results set of a window: 4718.57
Average processing time per WLQ task (us): 327037
****************WLQ worker 5****************
Received WLQ tasks: 463
Average no. of tuples in the results set of a window: 4535.21
Average processing time per WLQ task (us): 328504
****************WLQ worker 6****************
Received WLQ tasks: 946
Average no. of tuples in the results set of a window: 4539.03
Average processing time per WLQ task (us): 318140
****************WLQ worker 14****************
Received WLQ tasks: 433
Average no. of tuples in the results set of a window: 4831.25
Average processing time per WLQ task (us): 304753
****************WLQ worker 2****************
Received WLQ tasks: 1054
Average no. of tuples in the results set of a window: 4581.66
Average processing time per WLQ task (us): 345870
****************WLQ worker 38****************
Received WLQ tasks: 599
Average no. of tuples in the results set of a window: 4721.27
Average processing time per WLQ task (us): 328693
****************WLQ worker 20****************
Received WLQ tasks: 361
Average no. of tuples in the results set of a window: 4853.91
Average processing time per WLQ task (us): 315360
****************WLQ worker 13****************
Received WLQ tasks: 504
Average no. of tuples in the results set of a window: 4700.67
Average processing time per WLQ task (us): 290348
****************WLQ worker 37****************
Received WLQ tasks: 351
Average no. of tuples in the results set of a window: 5174.71
Average processing time per WLQ task (us): 389417
****************WLQ worker 19****************
Received WLQ tasks: 382
Average no. of tuples in the results set of a window: 4804.84
Average processing time per WLQ task (us): 300311
****************WLQ worker 40****************
Received WLQ tasks: 788
Average no. of tuples in the results set of a window: 4845.88
Average processing time per WLQ task (us): 334057
****************WLQ worker 39****************
Received WLQ tasks: 820
Average no. of tuples in the results set of a window: 4744.7
Average processing time per WLQ task (us): 329373
****************WLQ worker 55****************
Received WLQ tasks: 1214
Average no. of tuples in the results set of a window: 4573.67
Average processing time per WLQ task (us): 348062
****************WLQ worker 56****************
Received WLQ tasks: 1223
Average no. of tuples in the results set of a window: 4603.81
Average processing time per WLQ task (us): 345719
****************WLQ worker 4****************
Received WLQ tasks: 1025
Average no. of tuples in the results set of a window: 4506.43
Average processing time per WLQ task (us): 338143
****************WLQ worker 52****************
Received WLQ tasks: 1224
Average no. of tuples in the results set of a window: 4555.06
Average processing time per WLQ task (us): 339351
****************WLQ worker 51****************
Received WLQ tasks: 1257
Average no. of tuples in the results set of a window: 4586.57
Average processing time per WLQ task (us): 331371
****************WLQ worker 46****************
Received WLQ tasks: 287
Average no. of tuples in the results set of a window: 5110.04
Average processing time per WLQ task (us): 336446
****************WLQ worker 45****************
Received WLQ tasks: 291
Average no. of tuples in the results set of a window: 5104.18
Average processing time per WLQ task (us): 350585
****************WLQ worker 48****************
Received WLQ tasks: 306
Average no. of tuples in the results set of a window: 4966.97
Average processing time per WLQ task (us): 370695
****************WLQ worker 47****************
Received WLQ tasks: 302
Average no. of tuples in the results set of a window: 5097.46
Average processing time per WLQ task (us): 340956
****************WLQ worker 3****************
Received WLQ tasks: 0
Average no. of tuples in the results set of a window: 0
Average processing time per WLQ task (us): 0
****************WLQ worker 16****************
Received WLQ tasks: 438
Average no. of tuples in the results set of a window: 4835.54
Average processing time per WLQ task (us): 309349
****************WLQ worker 15****************
Received WLQ tasks: 436
Average no. of tuples in the results set of a window: 4854.14
Average processing time per WLQ task (us): 296126
****************WLQ worker 58****************
Received WLQ tasks: 1702
Average no. of tuples in the results set of a window: 4538.34
Average processing time per WLQ task (us): 352081
****************WLQ worker 57****************
Received WLQ tasks: 1235
Average no. of tuples in the results set of a window: 4511.28
Average processing time per WLQ task (us): 336901
****************WLQ worker 10****************
Received WLQ tasks: 585
Average no. of tuples in the results set of a window: 4714.24
Average processing time per WLQ task (us): 307731
****************WLQ worker 9****************
Received WLQ tasks: 654
Average no. of tuples in the results set of a window: 4717.92
Average processing time per WLQ task (us): 313948
****************WLQ worker 53****************
Received WLQ tasks: 1292
Average no. of tuples in the results set of a window: 4475.86
Average processing time per WLQ task (us): 328398
****************WLQ worker 30****************
Received WLQ tasks: 268
Average no. of tuples in the results set of a window: 4945.62
Average processing time per WLQ task (us): 305436
****************WLQ worker 29****************
Received WLQ tasks: 246
Average no. of tuples in the results set of a window: 5035.95
Average processing time per WLQ task (us): 344210
****************WLQ worker 28****************
Received WLQ tasks: 253
Average no. of tuples in the results set of a window: 4968.32
Average processing time per WLQ task (us): 338084
****************WLQ worker 27****************
Received WLQ tasks: 345
Average no. of tuples in the results set of a window: 4754.42
Average processing time per WLQ task (us): 313206
****************WLQ worker 32****************
Received WLQ tasks: 171
Average no. of tuples in the results set of a window: 4958.95
Average processing time per WLQ task (us): 367748
****************WLQ worker 31****************
Received WLQ tasks: 255
Average no. of tuples in the results set of a window: 4980.38
Average processing time per WLQ task (us): 347465
****************WLQ worker 34****************
Received WLQ tasks: 184
Average no. of tuples in the results set of a window: 4901.8
Average processing time per WLQ task (us): 356251
****************WLQ worker 33****************
Received WLQ tasks: 194
Average no. of tuples in the results set of a window: 4836.29
Average processing time per WLQ task (us): 352338
****************WLQ worker 12****************
Received WLQ tasks: 563
Average no. of tuples in the results set of a window: 4678.17
Average processing time per WLQ task (us): 301160
****************WLQ worker 11****************
Received WLQ tasks: 594
Average no. of tuples in the results set of a window: 4784.4
Average processing time per WLQ task (us): 314897
****************WLQ worker 23****************
Received WLQ tasks: 296
Average no. of tuples in the results set of a window: 4953.24
Average processing time per WLQ task (us): 318113
****************WLQ worker 24****************
Received WLQ tasks: 309
Average no. of tuples in the results set of a window: 4714.18
Average processing time per WLQ task (us): 311689
****************WLQ worker 22****************
Received WLQ tasks: 290
Average no. of tuples in the results set of a window: 4931.69
Average processing time per WLQ task (us): 319538
****************WLQ worker 21****************
Received WLQ tasks: 302
Average no. of tuples in the results set of a window: 4835.48
Average processing time per WLQ task (us): 313115
****************WLQ worker 35****************
Received WLQ tasks: 229
Average no. of tuples in the results set of a window: 5034.92
Average processing time per WLQ task (us): 364710
****************WLQ worker 36****************
Received WLQ tasks: 343
Average no. of tuples in the results set of a window: 4998.13
Average processing time per WLQ task (us): 376360
****************WLQ worker 49****************
Received WLQ tasks: 301
Average no. of tuples in the results set of a window: 5004.21
Average processing time per WLQ task (us): 369359
****************WLQ worker 50****************
Received WLQ tasks: 1038
Average no. of tuples in the results set of a window: 4858.32
Average processing time per WLQ task (us): 337350
****************WLQ worker 41****************
Received WLQ tasks: 793
Average no. of tuples in the results set of a window: 4847.03
Average processing time per WLQ task (us): 337947
****************WLQ worker 42****************
Received WLQ tasks: 733
Average no. of tuples in the results set of a window: 4805.04
Average processing time per WLQ task (us): 330535
****************WLQ worker 18****************
Received WLQ tasks: 451
Average no. of tuples in the results set of a window: 4953.25
Average processing time per WLQ task (us): 301526
****************WLQ worker 17****************
Received WLQ tasks: 423
Average no. of tuples in the results set of a window: 5035.78
Average processing time per WLQ task (us): 326355
****************WLQ worker 44****************
Received WLQ tasks: 299
Average no. of tuples in the results set of a window: 4960.19
Average processing time per WLQ task (us): 349255
****************WLQ worker 43****************
Received WLQ tasks: 274
Average no. of tuples in the results set of a window: 5286.46
Average processing time per WLQ task (us): 382910
****************WLQ worker 0****************
Received WLQ tasks: 383
Average no. of tuples in the results set of a window: 4409.82
Average processing time per WLQ task (us): 297800
****************WLQ worker 54****************
Received WLQ tasks: 1238
Average no. of tuples in the results set of a window: 4525.32
Average processing time per WLQ task (us): 338385
