****************WLQ worker 17****************
Received WLQ tasks: 193
Average no. of tuples in the results set of a window: 5228.53
Average processing time per WLQ task (us): 330145
****************WLQ worker 22****************
Received WLQ tasks: 160
Average no. of tuples in the results set of a window: 5014.73
Average processing time per WLQ task (us): 295326
****************WLQ worker 1****************
Received WLQ tasks: 71
Average no. of tuples in the results set of a window: 5016
Average processing time per WLQ task (us): 282632
****************WLQ worker 4****************
Received WLQ tasks: 272
Average no. of tuples in the results set of a window: 5119.37
Average processing time per WLQ task (us): 388824
****************WLQ worker 29****************
Received WLQ tasks: 124
Average no. of tuples in the results set of a window: 5072.5
Average processing time per WLQ task (us): 298798
****************WLQ worker 14****************
Received WLQ tasks: 204
Average no. of tuples in the results set of a window: 5139.18
Average processing time per WLQ task (us): 329401
****************WLQ worker 6****************
Received WLQ tasks: 235
Average no. of tuples in the results set of a window: 5227.68
Average processing time per WLQ task (us): 403148
****************WLQ worker 53****************
Received WLQ tasks: 181
Average no. of tuples in the results set of a window: 5131.59
Average processing time per WLQ task (us): 365109
****************WLQ worker 54****************
Received WLQ tasks: 184
Average no. of tuples in the results set of a window: 4882.29
Average processing time per WLQ task (us): 353594
****************WLQ worker 3****************
Received WLQ tasks: 137
Average no. of tuples in the results set of a window: 4942.15
Average processing time per WLQ task (us): 329219
****************WLQ worker 30****************
Received WLQ tasks: 142
Average no. of tuples in the results set of a window: 4981.6
Average processing time per WLQ task (us): 281398
****************WLQ worker 28****************
Received WLQ tasks: 142
Average no. of tuples in the results set of a window: 5043.44
Average processing time per WLQ task (us): 261160
****************WLQ worker 27****************
Received WLQ tasks: 135
Average no. of tuples in the results set of a window: 4945.1
Average processing time per WLQ task (us): 272723
****************WLQ worker 11****************
Received WLQ tasks: 238
Average no. of tuples in the results set of a window: 5186.83
Average processing time per WLQ task (us): 370167
****************WLQ worker 12****************
Received WLQ tasks: 215
Average no. of tuples in the results set of a window: 5078.6
Average processing time per WLQ task (us): 376624
****************WLQ worker 18****************
Received WLQ tasks: 207
Average no. of tuples in the results set of a window: 5009.87
Average processing time per WLQ task (us): 285881
****************WLQ worker 46****************
Received WLQ tasks: 162
Average no. of tuples in the results set of a window: 5051.94
Average processing time per WLQ task (us): 371842
****************WLQ worker 45****************
Received WLQ tasks: 173
Average no. of tuples in the results set of a window: 5113.8
Average processing time per WLQ task (us): 394770
****************WLQ worker 13****************
Received WLQ tasks: 221
Average no. of tuples in the results set of a window: 5161.83
Average processing time per WLQ task (us): 360652
****************WLQ worker 10****************
Received WLQ tasks: 232
Average no. of tuples in the results set of a window: 5074.48
Average processing time per WLQ task (us): 372504
****************WLQ worker 48****************
Received WLQ tasks: 174
Average no. of tuples in the results set of a window: 5153.13
Average processing time per WLQ task (us): 356522
****************WLQ worker 47****************
Received WLQ tasks: 153
Average no. of tuples in the results set of a window: 5172
Average processing time per WLQ task (us): 452700
****************WLQ worker 9****************
Received WLQ tasks: 230
Average no. of tuples in the results set of a window: 5134.75
Average processing time per WLQ task (us): 373842
****************WLQ worker 52****************
Received WLQ tasks: 179
Average no. of tuples in the results set of a window: 5041.06
Average processing time per WLQ task (us): 331258
****************WLQ worker 51****************
Received WLQ tasks: 191
Average no. of tuples in the results set of a window: 5059.4
Average processing time per WLQ task (us): 349621
****************WLQ worker 32****************
Received WLQ tasks: 125
Average no. of tuples in the results set of a window: 5015.44
Average processing time per WLQ task (us): 279192
****************WLQ worker 31****************
Received WLQ tasks: 120
Average no. of tuples in the results set of a window: 5066.5
Average processing time per WLQ task (us): 297042
****************WLQ worker 16****************
Received WLQ tasks: 188
Average no. of tuples in the results set of a window: 5137.06
Average processing time per WLQ task (us): 319902
****************WLQ worker 15****************
Received WLQ tasks: 213
Average no. of tuples in the results set of a window: 4935.79
Average processing time per WLQ task (us): 314781
****************WLQ worker 41****************
Received WLQ tasks: 215
Average no. of tuples in the results set of a window: 5162.3
Average processing time per WLQ task (us): 356928
****************WLQ worker 42****************
Received WLQ tasks: 227
Average no. of tuples in the results set of a window: 5262.83
Average processing time per WLQ task (us): 335049
****************WLQ worker 55****************
Received WLQ tasks: 161
Average no. of tuples in the results set of a window: 5013.17
Average processing time per WLQ task (us): 403476
****************WLQ worker 56****************
Received WLQ tasks: 169
Average no. of tuples in the results set of a window: 4999
Average processing time per WLQ task (us): 396353
****************WLQ worker 37****************
Received WLQ tasks: 107
Average no. of tuples in the results set of a window: 5120.56
Average processing time per WLQ task (us): 326165
****************WLQ worker 38****************
Received WLQ tasks: 97
Average no. of tuples in the results set of a window: 5342.75
Average processing time per WLQ task (us): 346374
****************WLQ worker 35****************
Received WLQ tasks: 129
Average no. of tuples in the results set of a window: 5062.5
Average processing time per WLQ task (us): 280223
****************WLQ worker 36****************
Received WLQ tasks: 97
Average no. of tuples in the results set of a window: 5259.78
Average processing time per WLQ task (us): 350300
****************WLQ worker 34****************
Received WLQ tasks: 125
Average no. of tuples in the results set of a window: 5131.83
Average processing time per WLQ task (us): 336555
****************WLQ worker 33****************
Received WLQ tasks: 127
Average no. of tuples in the results set of a window: 5076.67
Average processing time per WLQ task (us): 272246
****************WLQ worker 26****************
Received WLQ tasks: 124
Average no. of tuples in the results set of a window: 5198.82
Average processing time per WLQ task (us): 316366
****************WLQ worker 25****************
Received WLQ tasks: 180
Average no. of tuples in the results set of a window: 4997.18
Average processing time per WLQ task (us): 269230
****************WLQ worker 44****************
Received WLQ tasks: 168
Average no. of tuples in the results set of a window: 5143.63
Average processing time per WLQ task (us): 400091
****************WLQ worker 57****************
Received WLQ tasks: 173
Average no. of tuples in the results set of a window: 5047.41
Average processing time per WLQ task (us): 419458
****************WLQ worker 58****************
Received WLQ tasks: 332
Average no. of tuples in the results set of a window: 5263.21
Average processing time per WLQ task (us): 454016
****************WLQ worker 39****************
Received WLQ tasks: 105
Average no. of tuples in the results set of a window: 5179.25
Average processing time per WLQ task (us): 312677
****************WLQ worker 40****************
Received WLQ tasks: 203
Average no. of tuples in the results set of a window: 4951.54
Average processing time per WLQ task (us): 336610
****************WLQ worker 21****************
Received WLQ tasks: 160
Average no. of tuples in the results set of a window: 5119.09
Average processing time per WLQ task (us): 294526
****************WLQ worker 2****************
Received WLQ tasks: 209
Average no. of tuples in the results set of a window: 5375.79
Average processing time per WLQ task (us): 453072
****************WLQ worker 24****************
Received WLQ tasks: 175
Average no. of tuples in the results set of a window: 5036.91
Average processing time per WLQ task (us): 272724
****************WLQ worker 23****************
Received WLQ tasks: 147
Average no. of tuples in the results set of a window: 5099.45
Average processing time per WLQ task (us): 302563
****************WLQ worker 50****************
Received WLQ tasks: 179
Average no. of tuples in the results set of a window: 4999.15
Average processing time per WLQ task (us): 375308
****************WLQ worker 49****************
Received WLQ tasks: 184
Average no. of tuples in the results set of a window: 5134.18
Average processing time per WLQ task (us): 369704
****************WLQ worker 8****************
Received WLQ tasks: 0
Average no. of tuples in the results set of a window: 0
Average processing time per WLQ task (us): 0
****************WLQ worker 7****************
Received WLQ tasks: 228
Average no. of tuples in the results set of a window: 5192.03
Average processing time per WLQ task (us): 428570
****************WLQ worker 19****************
Received WLQ tasks: 195
Average no. of tuples in the results set of a window: 5045.06
Average processing time per WLQ task (us): 317223
****************WLQ worker 20****************
Received WLQ tasks: 151
Average no. of tuples in the results set of a window: 5235.17
Average processing time per WLQ task (us): 323401
****************WLQ worker 0****************
Received WLQ tasks: 179
Average no. of tuples in the results set of a window: 5089.19
Average processing time per WLQ task (us): 322656
****************WLQ worker 5****************
Received WLQ tasks: 119
Average no. of tuples in the results set of a window: 4991.45
Average processing time per WLQ task (us): 317198
****************WLQ worker 43****************
Received WLQ tasks: 154
Average no. of tuples in the results set of a window: 5133.64
Average processing time per WLQ task (us): 451218
