#second results avg_latency(ms)
0 0 0
1 0 0
2 1 2832.41
3 1 3311.75
4 2 4635.18
5 2 5353.37
6 2 6349.1
7 1 7228.1
8 4 7643.23
9 3 7909.96
10 3 8453.94
11 1 9005.72
12 34 6638.68
13 4 3809.91
14 7 3260.85
15 8 3306.34
16 4 2984.16
17 2 3251.3
18 2 3702.62
19 4 4023.05
20 8 3660.3
21 2 4035.98
22 3 4588.44
23 9 3993.58
24 4 3983.15
25 7 3640.1
26 3 3854.39
27 7 3662.35
28 9 3604
29 5 2990.12
30 2 3267.71
31 12 2712.31
32 0 0
33 1 3581.08
34 2 4138.03
35 6 4419.41
36 5 4249.91
37 7 4293.21
38 10 3461.65
39 2 3136.28
40 3 3491.68
41 4 4004.25
42 3 4223.5
43 3 4961.35
44 4 5336.13
45 7 4947.38
46 8 4651.31
47 2 4639.48
48 1 4911.66
49 7 5403.96
50 3 5412.85
51 8 5110.79
52 10 4662.28
53 2 4347.63
54 9 4251.98
55 2 4141.46
56 9 3982.37
57 1 3980.64
58 10 3872.34
59 2 3761.31
60 8 3674.57
61 2 3565.42
62 6 3780.76
63 2 3788.11
64 2 4725.29
65 2 5260.98
66 10 5315.51
67 2 5034.61
68 13 4206.72
69 3 3524.97
70 2 4350.02
71 8 4066.69
72 2 4235.49
73 9 4177.36
74 3 4015.69
75 4 4160.2
76 5 4024.25
77 3 4647.87
78 9 4595.15
79 3 4194.01
80 6 4176.09
81 3 4333.5
82 7 4183.36
83 1 4273.79
84 9 4487.55
85 2 4304.52
86 6 4660.87
87 5 4309.33
88 6 4459.37
89 4 4061.9
90 3 4380.95
91 8 4353.4
92 3 4784.97
93 7 4374.48
94 4 4398.86
95 7 4393.05
96 2 4317.55
97 14 4084.31
98 5 3183.13
99 5 2663.06
100 7 2858.36
101 3 2329.03
102 4 3005.92
103 3 3341.26
104 3 3771.6
105 3 4093.91
106 4 4444.3
107 14 3407.41
108 1 3284.93
109 2 3932.31
110 2 4316.13
111 4 4551.99
112 10 4565.54
113 3 3928.48
114 4 4380.41
115 6 4081.71
116 3 4477.63
117 9 4675.45
118 4 4027.88
119 7 4085.98
120 1 4151.51
121 3 4513.21
122 9 4366.5
123 4 4256.09
124 5 4240.91
125 2 4752.21
126 4 5011.99
127 8 4675.49
128 2 4967.69
129 11 4208.56
130 6 3695.48
131 3 4002.74
132 3 4294.59
133 5 4476.68
134 3 4757.88
135 9 4331.29
136 5 4225.01
137 4 3828.38
138 3 4439.05
139 10 4400.99
140 7 3435.71
141 2 3891.77
142 2 4108.17
143 6 4363.84
144 1 4854.94
145 3 5383.48
146 16 4460.15
147 4 3728.07
148 4 3687.14
149 3 4084.64
150 1 4833.85
151 2 5364.57
152 3 5877.07
153 1 6491.54
154 16 5749.46
155 3 4687.02
156 7 4789.4
157 7 4471.53
158 4 4111.16
159 3 4610.67
160 7 4300.57
161 2 4770.45
162 3 5108.16
163 9 4778.18
164 4 4663.64
165 1 5160.8
166 14 4862.09
167 1 4290.93
168 3 5035.35
169 7 4532.56
170 3 4740.63
171 15 3722.33
172 3 3165.87
173 4 3394.36
174 4 3480.91
175 2 4139.05
176 1 4555.7
177 15 4190.02
178 3 3146.55
179 1 4019
180 9 3812.29
181 1 4247.19
182 2 4892.15
183 1 5347.54
184 8 5401.47
185 3 5220.64
186 9 4812.94
187 3 5066.8
188 10 4431.15
189 4 4206.58
190 3 4400.95
191 1 4622.37
192 3 5763.54
193 14 4861.71
194 4 4109.43
195 1 5218.35
196 0 0
197 3 5946.86
198 10 5857.81
199 8 5314.41
200 4 5104.81
201 7 4633.51
202 8 4425.85
203 2 4280.38
204 4 4827.56
205 7 4710.64
206 3 4965.25
207 7 4585.32
208 3 4897.08
209 3 5356.91
210 8 4766.49
211 5 4713.49
212 3 4583.39
213 3 5280.28
214 11 4914.18
215 7 4286.88
216 1 4543.49
217 8 4715.07
218 2 4218.85
219 2 4982.31
220 11 4826.04
221 3 4482.24
222 7 4393.18
223 2 4498.74
224 2 4860.48
225 3 5522.91
226 7 5354.38
227 11 4707.27
228 1 4535.73
229 8 4801.9
230 3 4740.24
231 4 4955.82
232 11 4163.68
233 2 3644.86
234 4 4325.41
235 4 4475.8
236 3 4682.69
237 4 5376.65
238 10 4808.3
239 7 4091.02
240 2 4233.21
241 3 4953.37
242 2 5366.17
243 6 5543.63
244 10 4960.22
245 9 3849.58
246 2 3837.92
247 7 4010.88
248 2 3902.62
249 2 4845.29
250 3 5279.65
251 8 4965.59
252 2 4696.87
253 8 4900.32
254 3 5112.64
255 8 4788.69
256 3 4623.49
257 2 5241.43
258 6 5167.89
259 6 5342.25
260 9 4575.47
261 4 4472.58
262 4 4574.77
263 3 4816.22
264 2 5341.68
265 8 5421.3
266 9 4859.73
267 7 4007.86
268 2 4271.11
269 1 4841.14
270 4 5346.11
271 7 5286.58
272 3 5342.36
273 2 5723.7
274 8 5528.08
275 2 5783
276 9 5938.95
277 0 0
278 8 5928.26
279 3 5994.51
280 10 5915.54
281 2 5302.83
282 13 4723.37
283 3 4530.01
284 11 3973.44
285 2 3898.94
286 2 4249.51
287 3 4772.06
288 7 4752.93
289 4 4867.97
290 4 4498.54
291 9 4648.12
292 1 4481.76
293 6 4812.56
294 14 3749.1
295 1 3401.06
296 4 3784.04
297 4 3917.39
298 4 3940.59
299 11 3938.47
300 6 3072.27
301 2 3089.47
302 3 3779.28
303 3 4187.88
304 7 4408.1
305 4 4002.68
306 5 3965.51
307 3 4459.6
308 8 4348.04
309 3 4197.69
310 9 3730.9
311 8 3177.62
312 5 3036.79
313 4 2730.06
314 3 3457.38
315 7 3357.43
316 2 3497.18
317 3 4058.55
318 2 4171.01
319 12 4220.52
320 3 3490.98
321 3 3777.5
322 7 3874.32
323 2 3886.73
324 8 3988.07
325 3 3944.19
326 7 4150.74
327 1 3843.8
328 4 4736.73
329 7 4729.58
330 2 4896.74
331 3 5047.77
332 8 5005.5
333 10 4379.88
334 1 4208.16
335 5 4472.25
336 9 4165.35
337 6 3628.63
338 2 4006.78
339 8 3743.58
340 1 3848.83
341 4 4306.16
342 6 4169.96
343 2 4447.68
344 2 4888.85
345 9 4852.76
346 5 4904.06
347 7 4346.61
348 5 4412.56
349 5 4118.1
350 5 4405.21
351 4 4313.38
352 8 4499.66
353 3 3938.72
354 5 4498.86
355 5 4067.94
356 3 4692.8
357 4 4634.92
358 4 4585.64
359 10 4747.35
360 2 4606.95
361 4 4770.41
362 7 4582.6
363 1 4818.78
364 9 5145.53
365 2 4776.53
366 8 4597.12
367 3 4872.96
368 8 4502.5
369 3 4733.28
370 7 4420.94
371 4 4650.57
372 7 4523.88
373 2 4374.7
374 3 4835.34
375 7 4717.32
376 3 4874.4
377 7 4949
378 3 5030.91
379 8 5064.28
380 3 4909.98
381 8 4640.79
382 3 4698.12
383 7 4314.66
384 2 4739.48
385 8 4849.37
386 2 4408.7
387 8 4681.37
388 3 4364.32
389 3 4984.27
390 9 4447.48
391 3 4502.04
392 8 4283.61
393 6 3923.83
394 4 4168.07
395 6 3999.68
396 4 4081.99
397 8 3942.09
398 4 3767.21
399 6 3534.23
400 7 3411.07
401 1 3641
402 2 4354.59
403 2 4797.53
404 8 4595.59
405 3 4486.9
406 7 4501.94
407 3 4813.06
408 8 4460.67
409 4 4601.16
410 7 4202.07
411 3 4432.56
412 8 4166.88
413 2 4536.98
414 7 4321.48
415 3 4340.5
416 9 3888.93
417 2 4103.27
418 8 4167.34
419 2 4101.65
420 3 4712.92
421 7 4581.95
422 1 4797.79
423 4 5281.82
424 7 5150.11
425 2 5303.62
426 8 5341.95
427 2 5137.85
428 1 5605.96
429 10 5625.98
430 2 5732.18
431 9 5688.57
432 1 5526.77
433 2 6357.72
434 10 5836.43
435 10 4928.63
436 7 4396.03
437 3 4385.65
438 7 4259.6
439 4 4287.53
440 7 4105.99
441 1 4566.08
442 1 5174.66
443 19 4023
444 1 3590.21
445 4 3791.56
446 6 3375.91
447 2 3807.68
448 2 4595.5
449 8 4418.2
450 7 4148.61
451 4 3532.78
452 4 4105.78
453 4 4473.73
454 5 4303.19
455 2 4472.56
456 9 4441.81
457 3 4578.35
458 4 4757.87
459 8 4446.48
460 6 3761.51
461 4 4251.17
462 6 3905.94
463 1 4399.7
464 7 4531.65
465 7 3921.29
466 7 3900.34
467 2 3957.33
468 8 4029.51
469 2 3825.62
470 4 4238.38
471 7 4282.37
472 1 4273.35
473 6 4673.58
474 4 4376.72
475 3 5084.69
476 8 4973.16
477 3 4763.98
478 7 4707.6
479 7 4508.64
480 4 4034.31
481 3 4842.53
482 6 4750.73
483 1 4829.78
484 4 5351.99
485 7 4884.58
486 7 5106.87
487 4 4794.15
488 5 4895.22
489 6 4888.05
490 3 5044.74
491 7 4908.64
492 4 4722.47
493 6 4837.16
494 5 4701.36
495 5 4659.2
496 2 5150.76
497 10 4781.25
498 3 4546.63
499 7 4189.84
500 4 4465.54
501 7 4213.97
502 2 4595.07
503 5 4854.9
504 7 4334.19
505 3 4594.82
506 7 4668.74
507 3 4643.89
508 9 4270.78
509 3 4276.08
510 6 4073.05
511 4 4152.32
512 5 4317.85
513 3 4200.57
514 3 4787.84
515 7 4884.96
516 8 4593.32
517 3 4038.86
518 8 4383.2
519 2 3977.56
520 4 4747.51
521 8 4276.45
522 4 4460.46
523 4 4536.92
524 6 4416.13
525 7 4280.38
526 2 4461.53
527 9 4302.39
528 2 4035.23
529 8 4184.97
530 2 4115.08
531 3 4622
532 9 4046.7
533 10 3418.46
534 7 2695.02
535 0 0
536 3 3748.27
537 2 4195.41
538 11 3742.65
539 5 2907.4
540 3 3710.86
541 8 3355.77
542 4 3164.9
543 4 3305.29
544 2 3766.42
545 3 4151.8
546 7 4491.16
547 5 4083.51
548 6 4030.54
549 3 4122.03
550 7 4166.01
551 3 4288.36
552 2 4563.64
553 8 4410.02
554 6 4385
555 4 4111.41
556 2 4658.41
557 8 4827.67
558 4 4683.98
559 7 4035.27
560 4 4350.3
561 7 4065.13
562 3 4184.94
563 3 4652.86
564 5 4555.86
565 3 4636.01
566 8 4873.45
567 3 4822.38
568 8 4756.8
569 4 4591.16
570 6 4396.52
571 4 4415.43
572 7 4357.37
573 4 4280.52
574 6 4171.25
575 2 4256
576 7 4642.28
577 5 4515.18
578 4 4483.5
579 4 4712.9
580 1 4959.41
581 7 5138
582 4 4960.58
583 11 4880.53
584 6 4210.58
585 4 3784.12
586 7 4297.22
587 4 3726.95
588 1 4416.55
589 14 3928.92
590 4 2555.85
591 5 3214.9
592 5 3186.46
593 1 3662.25
594 1 4365.52
595 1 5027.08
596 2 5508.62
597 5 6181.01
598 7 5869.32
599 15 4539.52
600 2 3892.04
601 10 3977.5
602 1 3951.94
603 2 4500.85
604 13 4171.24
605 5 3144.8
606 3 3449.37
607 7 3279.19
608 4 3247.4
609 5 3390.62
610 4 3364.12
611 8 3285.51
612 1 3260.84
613 2 3924.37
614 2 4493.46
615 13 4315.28
616 2 3499.3
617 3 4149.85
618 7 4338.09
619 5 4060.85
620 6 3794.98
621 4 3941.68
622 7 3378.02
623 9 3148.66
624 4 2954.2
625 6 2950.46
626 2 3186.17
627 10 2977.33
628 1 3129.81
629 3 3513.35
630 8 3112.65
631 3 2956.03
632 3 3421.64
633 9 3639.49
634 2 3068.67
635 3 3652.43
636 2 4224.59
637 7 4074.75
638 13 3562.83
639 5 2180.51
640 1 3083.84
641 8 3183.78
642 3 3038.54
643 6 3153.94
644 4 3092.51
645 5 2924.79
646 8 2880.47
647 3 2956.53
648 4 3103.14
649 6 2939.2
650 3 3092.67
651 1 3925.82
652 3 4168.01
653 6 4536.69
654 13 3780.07
655 3 3054.81
656 7 3093.83
657 4 2931.34
658 3 3045.79
659 7 3184.64
660 3 2971.08
661 7 3219.53
662 2 3102.48
663 9 3226.54
664 3 2865.71
665 2 3511.44
666 9 3043.38
667 1 3507.97
668 3 3996.46
669 2 4573.73
670 6 4778.43
671 4 4647.93
672 3 4864.84
673 11 4362.9
674 3 3843.11
675 3 4619.95
676 8 4607.25
677 4 4340.84
678 7 3891.76
679 4 3995.92
680 10 3808.4
681 2 3461.32
682 3 3808.07
683 4 4158.36
684 9 3969.68
685 8 3265.63
686 2 3363.14
687 3 3652.67
688 4 3751.01
689 7 3931.53
690 5 3866.68
691 9 3089.85
692 2 3404.21
693 8 3463.17
694 2 3427.04
695 8 3322.1
696 1 3688.07
697 1 4216.06
698 4 4490.54
699 10 3972.91
700 12 2968.97
701 1 3173.55
702 3 3563.38
703 4 3663.13
704 3 4059.43
705 12 3405.55
706 6 2367.86
707 2 2885.32
708 2 3417.1
709 5 3941.66
710 3 3794.28
711 12 3444.78
712 4 2806.48
713 3 3170.86
714 3 3464.58
715 9 3282.58
716 2 3387.78
717 3 3482.2
718 4 4054.26
719 8 3666.65
