#second results avg_latency(ms)
0 0 0
1 0 0
2 0 0
3 1 3885.16
4 1 4544.87
5 1 5512.75
6 0 0
7 1 6744.98
8 0 0
9 1 8392.42
10 1 9731.66
11 1 10355.7
12 2 11204.3
13 1 12175.5
14 0 0
15 2 13311.3
16 1 14623.2
17 0 0
18 1 16384.5
19 1 16658.9
20 3 17429
21 1 18268.4
22 4 18659.5
23 0 0
24 3 19334.7
25 2 20276.8
26 5 20508.2
27 1 20790.3
28 11 21223.6
29 0 0
30 10 20949.5
31 2 20109.6
32 5 20715
33 3 20766.1
34 14 19869.6
35 6 18985.4
36 9 18719.1
37 2 18681.6
38 30 16500.1
39 2 14051.5
40 29 11991.3
41 4 9996.15
42 7 9469.48
43 24 7624.55
44 7 5763.01
45 8 5043.55
46 9 4529.44
47 2 4185.03
48 3 4618.04
49 3 5135.85
50 4 5240.5
51 4 5544.99
52 7 5426.84
53 3 5634.02
54 10 4909.26
55 7 4624.24
56 3 4431.27
57 8 4238.44
58 9 3726.33
59 6 3272.25
60 4 2812.59
61 2 3830.41
62 4 4081.85
63 4 4006.07
64 0 0
65 0 0
66 0 0
67 0 0
68 2 8650.02
69 3 8892.78
70 3 9442.52
71 3 9807.58
72 0 0
73 0 0
74 0 0
75 1 13660.6
76 1 14397.6
77 3 14989.5
78 21 13678.9
79 2 12191.7
80 17 11511.2
81 1 10748.9
82 2 11252.5
83 1 12202.7
84 22 10324.9
85 1 9830.39
86 1 10130.4
87 10 9829.31
88 15 8404.68
89 13 7001.38
90 11 5442.5
91 7 4376.53
92 4 4490
93 7 4455.64
94 4 4356.54
95 6 4243.33
96 1 4532.53
97 11 4266.87
98 4 3947.49
99 7 3447.5
100 8 2891.08
101 9 2758.87
102 1 2102.56
103 1 3592.87
104 8 3473.61
105 1 3179.52
106 0 0
107 1 5815.9
108 3 6130.3
109 4 6348.49
110 8 5785.27
111 7 5459.21
112 3 5471.72
113 1 6035.43
114 13 5458.48
115 3 5094.95
116 4 5441.48
117 9 4986.67
118 10 4503.89
119 2 4085.73
120 7 4128.19
121 2 4181.2
122 9 4175.62
123 3 3775.5
124 4 4281.09
125 4 4138.27
126 4 4703.72
127 7 4222.62
128 2 4599.04
129 3 5112.23
130 8 4848.66
131 6 4709.69
132 6 4407.46
133 3 4504.02
134 5 4892.8
135 2 4989.74
136 3 5529.26
137 12 4672
138 7 3925.61
139 2 4393.41
140 6 4652.69
141 10 4057.81
142 2 3729.46
143 3 4159.92
144 6 4333.52
145 1 4535.89
146 3 5078.52
147 8 4953.64
148 12 4189.68
149 4 3398.28
150 2 4025.7
151 1 4304.52
152 1 5215.1
153 3 5820.29
154 1 6507.24
155 3 7001.15
156 4 7237.15
157 2 8057.47
158 2 8367.17
159 3 8784.45
160 7 8559.81
161 4 8833.68
162 10 8144.44
163 11 7481.65
164 9 6624.09
165 11 5102.32
166 2 5119.36
167 12 4892.21
168 4 4085.83
169 1 4579.55
170 8 4689.63
171 3 4225.41
172 11 4172.56
173 7 3278.68
174 2 3456.68
175 9 3349.06
176 2 3270.05
177 8 3480.19
178 0 0
179 1 4482.78
180 4 4744.07
181 3 5022.63
182 2 5286.13
183 0 0
184 0 0
185 1 8113.31
186 7 8551.91
187 5 8646.02
188 2 8877.16
189 5 9055.16
190 2 9439.06
191 3 9817.39
192 7 10093.4
193 5 9594.03
194 7 9385.14
195 2 9514.37
196 1 9872.31
197 2 10857.3
198 3 11429
199 6 11520.4
200 3 11606.1
201 12 10602.4
202 1 10567.9
203 1 11954.3
204 2 12394.1
205 3 12929.9
206 22 10837.7
207 20 7856.99
208 12 6014.2
209 7 4939.51
210 2 5098.2
211 9 5142.53
212 3 5077.11
213 8 4786.13
214 1 4777.07
215 10 4536.51
216 2 4584.46
217 7 4462.53
218 1 4858.53
219 7 4807.49
220 5 4602.51
221 3 5139.02
222 8 4736.17
223 2 4881.61
224 8 4691.12
225 1 5126.95
226 2 5661.95
227 1 6602.01
228 7 6459.5
229 2 6269.7
230 11 6091.13
231 1 6583.47
232 1 6993.62
233 9 6563.66
234 16 5391.7
235 6 4192.23
236 2 4397.35
237 5 4761.95
238 4 5069.11
239 7 4390.44
240 4 4562.33
241 8 4262.53
242 1 4782.2
243 2 4979.2
244 1 6008.77
245 7 5936.94
246 1 6285.23
247 9 6337.27
248 8 5487.16
249 9 4897.11
250 6 4412.35
251 4 4517.27
252 6 4010.56
253 1 4442.68
254 10 4656.53
255 3 4573.66
256 4 4669.75
257 4 4722.48
258 3 5262.51
259 0 0
260 8 5899.26
261 3 6075.62
262 10 5889
263 3 5363.95
264 7 5627.63
265 2 5463.97
266 0 0
267 11 6197.95
268 12 4900.37
269 2 4294.26
270 4 4812.85
271 3 5194.19
272 7 5263.05
273 2 5124.18
274 2 5598.5
275 4 6554.79
276 6 6048.1
277 1 6362.9
278 9 6849.14
279 2 6670.16
280 4 7285.34
281 4 6932.67
282 2 7348.04
283 3 7826.11
284 9 7750.82
285 13 6560.79
286 15 4933.04
287 2 4165.05
288 3 4483.61
289 6 4479.24
290 4 4722.78
291 7 4657.56
292 3 4696.89
293 3 5152.19
294 6 4821.91
295 3 5153.31
296 15 4493.13
297 2 3788.02
298 4 4026.98
299 6 4073.26
300 10 3674.76
301 2 3419.35
302 4 3600.4
303 5 3591.42
304 2 3950.96
305 3 4466.39
306 7 4303.27
307 2 4608.04
308 3 5146.97
309 6 5048.45
310 2 5252.96
311 4 5950.26
312 12 5415.59
313 7 4656.13
314 4 4027.03
315 8 3716.81
316 0 0
317 3 5193.06
318 12 4548.71
319 5 3590.77
320 5 3827.16
321 6 3491.31
322 2 3869.39
323 2 4448.95
324 7 4600.66
325 2 4560
326 2 5165.43
327 5 5877.91
328 3 5328.64
329 4 5824.21
330 2 6186.48
331 7 6548.77
332 1 6607.46
333 3 7457.49
334 9 7137.47
335 9 6623.43
336 0 0
337 5 7065.9
338 7 6394.82
339 18 5577.55
340 7 3887.38
341 3 3571.13
342 2 4410.56
343 8 4141.45
344 2 4194.13
345 9 4372.14
346 1 3718.84
347 2 4736.42
348 6 5151.12
349 4 4736.34
350 2 5369.34
351 1 5807.97
352 2 6949.81
353 9 6423.82
354 1 7008.13
355 1 7515.73
356 17 6639.28
357 2 5690
358 5 6039.91
359 9 5760.61
360 7 4920.95
361 7 4864.98
362 3 4714.16
363 1 5150.03
364 8 5231.66
365 2 5538.29
366 9 5386.63
367 4 5117.67
368 8 4759.48
369 4 4826.92
370 6 4512.86
371 2 4697.01
372 8 4546.81
373 2 4698.23
374 8 4995.53
375 3 4661.83
376 7 4945.94
377 3 4620.79
378 1 5379.15
379 7 5397.64
380 1 5503.82
381 10 5737
382 2 5598.81
383 9 5523.92
384 5 4996.06
385 6 4599.1
386 7 4865.55
387 2 4439.98
388 4 5022.28
389 7 4855.9
390 3 5101.44
391 7 4938.59
392 3 4668.05
393 8 4746.44
394 9 4306.23
395 2 3954.88
396 7 4018.88
397 3 4133.89
398 9 3868.27
399 4 3957.62
400 6 3551.17
401 4 3662.04
402 6 3717.13
403 2 3913.76
404 3 4417.45
405 7 4283.11
406 1 4274.4
407 4 5073.06
408 4 5212.4
409 4 5227.39
410 7 5257.72
411 6 5061.16
412 5 4895.68
413 5 4804.25
414 9 4489.57
415 5 4114.78
416 6 4007.21
417 6 3883.97
418 3 3771.3
419 3 4349.85
420 8 4274.09
421 2 4371.04
422 2 4854.01
423 5 5173.22
424 3 5331.29
425 3 5866.76
426 2 6640.7
427 5 6219.55
428 1 7075.98
429 5 7341.95
430 6 7049.36
431 5 7036.79
432 1 7218.95
433 7 7725.35
434 2 7981.81
435 8 7694.64
436 2 7823.16
437 10 7458.72
438 9 6381.76
439 12 5317.84
440 7 4584.3
441 8 4223.47
442 3 3977.6
443 9 3925.74
444 5 3721.15
445 6 2981.25
446 4 3581.25
447 7 3384.1
448 1 3725.28
449 4 4046.09
450 7 3970.21
451 1 4288.33
452 7 4448.94
453 4 4058.83
454 3 4611.23
455 4 4949.23
456 6 4672.24
457 2 5170.7
458 7 5163.3
459 3 5118.97
460 8 5240.34
461 3 5028.48
462 8 4601
463 6 4577.4
464 5 4109.12
465 6 4158.81
466 5 3948.83
467 4 4339.41
468 6 3997
469 3 4340.44
470 8 4205.52
471 2 4376.35
472 4 4727.27
473 5 4588.38
474 3 4969.33
475 7 4936.81
476 2 5061.44
477 2 5548.27
478 9 5465.82
479 3 5345.45
480 8 5307.47
481 3 4934.82
482 8 5030.73
483 3 4877.07
484 7 5017.9
485 3 5194.96
486 6 5155.52
487 2 5248.51
488 2 5565.32
489 10 5537.91
490 2 5446.04
491 7 5316.39
492 5 5404.36
493 6 5111.81
494 5 5055.13
495 7 4832.35
496 5 4829.25
497 4 4841.72
498 8 4824.72
499 2 4845.82
500 5 5070.53
501 8 4502.73
502 7 4422.89
503 3 4322.16
504 7 4351.61
505 1 4330.15
506 6 4557.34
507 5 4437.87
508 3 4826.82
509 8 4875.97
510 1 4752.69
511 6 5104.43
512 5 4703.33
513 8 4566.02
514 2 4612.49
515 3 5189.91
516 7 5093.02
517 2 5484
518 2 5968.78
519 11 5174
520 8 4549.69
521 3 4505.78
522 7 4453.61
523 4 4560.62
524 8 4544.26
525 2 4563.14
526 5 4580.11
527 3 4516.26
528 3 5315.69
529 8 5186.1
530 4 4999.83
531 7 4583.95
532 3 4831.54
533 12 4271.41
534 5 3345.12
535 9 2959.98
536 1 3620.15
537 4 3689.55
538 6 3671.21
539 9 3428.39
540 0 0
541 0 0
542 4 5075.23
543 4 5117.19
544 10 4400.17
545 4 4164.81
546 3 4307.77
547 7 4554.72
548 3 4563.46
549 3 4994.53
550 3 5339.26
551 6 5387.46
552 2 5669.87
553 2 6217.88
554 14 5497.6
555 4 5146.47
556 7 4937.41
557 2 4933.12
558 10 4933.54
559 2 4576.45
560 8 4435.11
561 3 4395.29
562 6 4216.3
563 4 4458.57
564 4 4726.22
565 6 4544.8
566 7 4484.49
567 1 4442.54
568 3 5154.17
569 5 5409.19
570 5 5129.08
571 2 5863.86
572 8 5569.71
573 5 5319.06
574 10 4800.55
575 6 4297.33
576 3 4491.61
577 3 4602
578 8 4424.61
579 6 4344.59
580 1 4655.64
581 2 5313.04
582 8 5218.8
583 1 5353.62
584 3 5995.17
585 11 5575.5
586 4 5067.99
587 5 5040.11
588 1 5461.23
589 10 5196.94
590 17 4008.43
591 5 2677.17
592 3 2472.18
593 0 0
594 0 0
595 0 0
596 2 6483.28
597 3 6486.15
598 6 6823.97
599 0 0
600 0 0
601 1 8901.66
602 4 9325.92
603 20 8269.61
604 1 7351.18
605 3 7869.05
606 8 7713.58
607 2 7918.61
608 16 7157.19
609 1 6572.85
610 17 5501.39
611 8 3858.38
612 3 3297.81
613 4 4234.13
614 6 3922.11
615 0 0
616 0 0
617 2 6386.39
618 9 6109.61
619 3 6331.5
620 3 6333.8
621 9 5888.67
622 9 5071.88
623 2 5032.47
624 12 5026.72
625 9 3982.03
626 5 3213.93
627 4 3292.65
628 6 3474.99
629 8 2899.69
630 3 2961.17
631 8 3114.81
632 1 3344.07
633 5 3310.76
634 3 3364.64
635 0 0
636 7 4844.19
637 2 4693.33
638 1 5242.29
639 1 5932.81
640 2 6852.94
641 3 7295.43
642 11 6923.24
643 8 5843.56
644 6 5672.08
645 8 5000.44
646 13 3910.56
647 12 2748.02
648 0 0
649 2 3358.75
650 7 3208.72
651 0 0
652 4 4113.77
653 3 4638.85
654 6 4849.41
655 1 4807.85
656 1 5665.98
657 1 6419.25
658 16 5586
659 14 3620
660 5 2714.71
661 5 3020.7
662 5 2920.12
663 2 3321.53
664 7 3659.09
665 4 3222.28
666 5 3425.91
667 7 3318.91
668 3 3052.63
669 3 3592.12
670 6 3580.94
671 3 3794
672 1 4237.88
673 3 4993.85
674 1 5662.58
675 5 5640.1
676 2 6021.44
677 1 7363.14
678 5 7440.54
679 4 7616.92
680 2 8061.18
681 0 0
682 9 8698.28
683 1 8743.52
684 11 8465.36
685 3 8035.77
686 14 7194.09
687 4 6623.25
688 20 4961.57
689 7 3502.24
690 7 2891.45
691 1 3535.42
692 9 3263.16
693 3 3328.34
694 6 3106.27
695 3 3478.3
696 7 3527.38
697 2 3477.99
698 4 3967.41
699 10 3366.17
700 4 2898.73
701 6 3072.95
702 3 2849.31
703 6 3358.75
704 3 3413.55
705 3 3841.94
706 3 4348.85
707 3 4484.55
708 14 3721.49
709 3 3362.54
710 4 3364.71
711 3 3567.28
712 7 3680.8
713 9 3248.78
714 1 3260.47
715 5 3431.13
716 5 3348.69
717 5 3333.82
718 2 3683.62
719 3 4302.67
720 3 4737.39
721 3 5401.45
722 5 5391.79
