#control_step plq_rho plq_splitting wlq_rho nw_plq nw_wlq wlq_idle wlq_win_tasks wlq_merge_tasks [watts]
0 2.20685 1 1.2949 1 1 0.482041 7 0 128.855
1 2.43051 1.63636 1.22199 2 2 0.519101 15 0 96.2559
2 1.7791 2.1 7.33432 3 3 0.0783112 19 0 97.6741
3 0.488023 2.81818 12.1439 4 5 0.119509 29 0 99.1928
4 0.640465 3.3 12.4931 2 8 0.0714385 41 0 100.049
5 0.465127 2 7.66386 2 12 0.106792 75 0 103.179
6 1.54879 1.41176 3.25113 1 18 0.0565127 183 0 106.898
7 1.06058 1.5 1.63794 2 27 0.0443488 326 0 114.447
8 0.704382 2 0.746115 2 41 0.277476 275 40 124.31
9 0.794153 1.90909 0.494883 2 32 0.561127 57 48 116.058
10 0.634931 1.90476 0.939423 2 16 0.422885 106 44 105.749
11 0.624547 2 0.790784 2 17 0.270043 89 55 106.359
12 0.894283 1.1 0.502433 2 15 0.500944 51 10 104.787
13 1.08025 1.90909 1.17768 2 8 0.467352 55 1 100.484
14 0.564247 2 1.70518 2 10 0.100726 87 0 102.129
15 0.704242 2 2.07117 2 15 0.0409764 136 0 105.74
16 1.04517 2 1.13752 2 23 0.335747 160 30 110.977
17 1.00015 2 0.843363 2 30 0.321815 91 67 115.766
18 1.14983 2 0.84445 2 29 0.228168 64 52 115.002
19 0.476986 2.72727 0.708554 3 30 0.39932 98 58 116.3
20 0.894467 2.7 0.903376 2 23 0.140176 94 46 112.75
21 0.66627 2 1.25753 2 23 0.313855 89 44 110.909
22 0.495545 2 0.733815 2 33 0.453111 96 88 116.149
23 1.87656 1 0.278198 1 26 0.696106 21 3 110.678
24 1.65457 1.63636 0.387254 2 20 0.687247 40 10 107.378
25 0.862989 2.63636 1.44302 3 15 0.241331 120 22 106.43
26 0.378059 3 0.95052 3 23 0.175584 175 51 112.292
27 0.73137 2.81818 0.816113 2 24 0.177751 131 39 111.866
28 0.839465 2 1.04984 2 21 0.281439 104 63 109.733
29 0.750516 2 0.74445 2 25 0.405262 79 63 112.14
30 0.772033 2 0.800631 2 20 0.297619 75 39 109.252
31 0.788097 2 0.927082 2 17 0.218366 81 28 107.266
32 0.847945 2 0.848759 2 18 0.163935 86 31 107.591
33 1.02497 2 0.86955 2 17 0.157149 86 26 107.218
34 0.94455 2 1.81885 2 17 0.121665 87 22 107.326
35 0.952438 2 1.14722 2 26 0.191734 121 47 113.285
36 0.944898 2 0.640475 2 34 0.439522 80 74 118.178
37 0.852708 2 0.747434 2 25 0.363481 66 38 112.945
38 0.446223 2 0.732646 2 20 0.31612 85 29 108.881
39 1.23452 1.53846 0.605423 1 16 0.399699 67 20 105.2
40 0.390872 1.625 0.571192 2 14 0.520718 99 39 104.072
41 2.19161 1.3 0.350441 1 8 0.646474 18 4 99.558
42 1.3037 1.4 2.08032 2 6 0.426135 31 0 98.7552
43 0.409192 2 2.48974 3 9 0.0742693 74 0 101.672
44 0.727219 2.5 1.96368 2 14 0.0250042 199 0 104.838
45 0.663086 2 1.39363 2 21 0.28448 179 0 109.372
46 0.580746 2 0.78913 2 32 0.291695 165 49 117.279
47 0.618031 2 0.573402 2 28 0.474421 70 48 113.895
48 0.688098 2 0.629181 2 17 0.4651 72 38 108.05
49 0.759326 2 0.965484 2 12 0.173527 81 14 104.084
50 0.836802 2 2.31241 2 13 0.067972 93 0 104.304
51 0.68881 2 1.69398 2 20 0.0689428 141 5 109.966
52 0.894457 2 0.95574 2 30 0.382749 129 56 115.304
53 0.511438 2 0.609682 2 32 0.423991 88 58 116.484
54 2.8693 1.4 0.455344 1 20 0.607692 21 4 107.976
55 1.82502 1.4 0.379252 2 15 0.71588 69 15 104.443
56 1.38735 1.45455 2.2316 3 11 0.308949 39 0 103.768
57 0.231479 3.38095 3.70591 4 17 0.135165 109 0 108.467
58 0.571441 2.27273 1.26707 2 26 0.0639591 323 22 113.986
59 1.16682 2 0.747159 2 38 0.372727 132 68 121.469
60 0.541328 2.7 0.627468 3 36 0.470204 71 68 120.693
61 0.834362 2.58333 1.10572 2 24 0.321545 105 26 113.53
62 0.878068 2 0.762607 2 30 0.264167 80 63 115.716
63 0.873807 2 0.720424 2 25 0.329409 63 47 113.117
64 0.783974 2 1.5991 2 19 0.178121 101 32 108.798
65 0.834254 2 0.964549 2 29 0.354908 122 51 114.355
66 0.984015 2 0.787777 2 31 0.291215 72 61 116.076
67 0.500053 2 0.620553 2 28 0.396171 70 36 113.762
68 1.43792 1.66667 0.689729 1 18 0.352916 64 16 106.423
69 0.831197 1.5 0.622935 2 18 0.722483 79 14 106.375
70 0.514812 2 1.39232 2 12 0.0836199 92 13 103.68
71 2.49312 1.45455 0.505729 1 18 0.573169 54 23 105.561
72 2.11498 1.27273 0.678222 2 14 0.377346 42 13 104.847
73 1.22953 2.1 1.26552 3 14 0.356649 97 10 105.716
74 0.2046 3.47619 2.14154 4 20 0.104947 188 3 110.919
75 1.07743 2.16667 1.04342 2 30 0.18212 178 130 116.151
76 0.996581 2 0.675787 2 36 0.430637 75 85 120.27
77 1.06709 2 0.866331 2 29 0.271988 62 49 115.937
78 0.974502 2 0.62147 2 30 0.481928 66 40 116.101
79 0.918102 2 1.00404 2 22 0.15868 77 32 112.237
80 1.02594 2 0.82219 2 25 0.195151 89 38 113.393
81 0.919797 2 1.3112 2 24 0.290883 93 40 112.791
82 1.07426 2 0.787678 2 36 0.404758 88 74 119.997
83 1.06135 2 0.633887 2 34 0.444593 67 51 118.89
84 0.882689 2 0.742423 2 28 0.314191 61 41 114.477
85 0.880188 2 0.809257 2 22 0.242128 82 33 111.089
86 0.910155 2 0.840313 2 20 0.198502 88 32 109.469
87 0.804947 2 1.48184 2 19 0.168157 98 25 109.463
88 1.04792 2 0.968984 2 29 0.342295 107 47 115.085
89 0.799066 2 0.693363 2 33 0.346457 68 66 118.045
90 0.800764 2 0.886445 2 24 0.29045 81 30 112.778
91 0.758415 2 0.769912 2 23 0.299038 73 41 111.712
92 0.789835 2 0.875844 2 19 0.157845 89 24 109.222
93 0.921227 2 1.41108 2 18 0.268675 89 33 108.269
94 0.816602 2 1.03925 2 27 0.337369 119 43 113.994
95 0.887513 2 0.717766 2 32 0.323827 72 66 117.34
96 0.965071 2 0.775764 2 25 0.441246 62 37 113.16
97 0.823474 2 0.91409 2 22 0.191907 91 24 111.476
98 0.822433 2 0.736275 2 22 0.265428 86 30 110.783
99 0.858931 2 0.789486 2 17 0.267351 77 33 107.016
100 0.807391 2 1.7668 2 15 0.0758252 106 24 106.547
101 0.93238 2 1.37595 2 23 0.326173 117 8 111.483
102 1.01854 2 0.853811 2 35 0.324783 104 75 120.206
103 0.876078 2 0.623268 2 35 0.38624 64 49 119.815
104 0.933792 2 0.77022 2 23 0.361208 61 46 112.915
105 0.836875 2 0.974673 2 20 0.295863 81 24 110.11
106 0.891228 2 1.55654 2 22 0.150891 107 24 111.656
107 0.987375 2 0.929863 2 33 0.445997 94 62 117.68
108 1.02236 2 0.80774 2 36 0.376512 68 68 120.628
109 1.1602 2 0.814374 2 34 0.316065 64 52 119.365
110 0.514401 2.72727 0.815975 3 34 0.307388 82 71 120.367
111 0.811049 2.7 0.826206 2 30 0.314079 82 59 118.109
112 0.662711 2 1.39597 2 27 0.240044 83 52 115.474
113 0.721683 2 0.636029 2 41 0.49269 94 82 121.923
114 0.939493 2 0.6584 2 28 0.556931 62 48 114.157
115 0.9162 2 0.984075 2 21 0.313742 74 27 110.751
116 0.718094 2 0.766073 2 23 0.283876 80 36 111.186
117 0.577659 2 0.779791 2 19 0.219899 87 18 108.273
118 0.601424 2 1.23552 2 16 0.262071 113 36 105.834
119 0.432518 2 0.693097 2 23 0.396735 110 56 110.199
120 2.46333 1.4 0.373362 1 17 0.651841 21 4 105.05
121 1.78908 1.18182 0.688127 2 13 0.501108 68 10 103.664
122 0.780559 2.09091 1.84038 3 13 0.101249 68 8 104.998
123 0.215749 3 1.53291 3 20 0.0873489 214 20 110.018
124 0.52992 2.2 0.650224 2 30 0.39787 150 102 114.796
125 0.877973 1.54545 0.360087 2 21 0.667893 55 30 108.473
126 0.959555 1.9 0.739533 2 11 0.323343 87 8 102.555
127 0.828716 1.90909 1.22723 2 9 0.0869337 79 1 101.642
128 0.673745 2 1.77376 2 13 0.0435935 127 4 104.193
129 0.771339 2 1.02261 2 20 0.285762 133 29 108.816
130 0.918328 2 0.906684 2 23 0.301901 84 55 110.767
131 0.928228 2 0.848138 2 23 0.254983 72 49 111.02
132 0.927595 2 0.838098 2 22 0.236938 78 37 110.485
133 0.66695 2 0.863298 2 21 0.156643 83 31 110.057
134 0.585357 2 0.790226 2 20 0.205849 92 20 109.356
135 0.741512 2 1.25291 2 17 0.246622 112 30 106.744
136 0.873945 2 0.85412 2 24 0.467433 97 42 111.054
137 0.838262 2 0.97999 2 23 0.24861 83 49 111.205
138 0.908829 2 0.788604 2 25 0.234783 79 52 112.387
139 0.918598 2 0.71741 2 22 0.364729 69 33 111.03
140 0.775647 2 0.919254 2 17 0.214669 83 24 107.748
141 0.950551 2 0.889558 2 18 0.120712 90 25 108.071
142 0.88904 2 1.65082 2 18 0.100727 103 28 108.266
143 1.05208 2 1.13403 2 27 0.315489 117 23 113.722
144 1.06601 2 0.733332 2 35 0.35992 77 75 119.69
145 0.96296 2 0.703481 2 31 0.387764 68 47 117.421
146 0.989498 2 0.815543 2 25 0.234055 70 41 113.457
147 1.02179 2 0.789079 2 23 0.252873 77 35 111.623
148 1.00837 2 1.33413 2 21 0.170171 106 32 110.796
149 1.02232 2 0.800465 2 32 0.353079 87 74 117.357
150 1.05872 2 0.713782 2 30 0.352782 58 47 116.512
151 0.949357 2 0.795107 2 26 0.277162 72 41 113.978
152 1.03734 2 0.76574 2 23 0.271897 79 34 111.659
153 0.986347 2 1.4087 2 21 0.253402 92 34 110.582
154 1.01184 2 0.944109 2 32 0.434157 98 53 117.12
155 0.957499 2 0.636336 2 36 0.399327 74 71 119.562
156 0.940044 2 0.705617 2 27 0.375818 67 41 113.94
157 0.859512 2 0.61031 2 22 0.437456 69 43 111.062
158 0.807912 2 0.781682 2 14 0.310197 79 21 106.412
159 0.698814 2 1.76929 2 12 0.0730228 114 8 104.155
160 0.784783 2 1.19185 2 18 0.317099 135 15 107.326
161 0.77218 2 0.758157 2 25 0.295347 93 58 112.489
162 0.7471 2 0.724341 2 21 0.393497 73 37 110.067
163 0.727657 2 1.14714 2 16 0.177173 80 11 106.678
164 0.67086 2 0.807241 2 21 0.172362 99 37 110.129
165 0.732005 2 0.721556 2 18 0.304886 83 27 108.514
166 0.73345 2 1.53255 2 14 0.144437 114 19 105.339
167 1.02498 2 1.16969 2 21 0.377804 114 18 109.45
168 1.19305 2 0.964874 2 28 0.361767 86 51 114.531
169 0.630159 2.81818 0.806365 3 34 0.290844 96 89 119.772
170 0.519214 3 0.851078 3 30 0.324531 82 82 118.738
171 1.16845 2.8 0.905392 2 28 0.203414 83 61 115.348
172 0.532935 2.59091 1.58451 3 33 0.263162 109 55 119.43
173 0.809344 2.09091 0.78001 2 50 0.47607 102 120 130.361
174 0.698712 2 0.597853 2 43 0.445644 68 53 124.962
175 0.723558 2 0.586203 2 29 0.530803 69 47 114.53
176 0.519343 2 0.666968 2 19 0.424292 84 37 108.313
177 2.27415 1.54545 0.633327 1 13 0.618392 56 14 103.249
178 1.75332 1.45455 0.460329 2 12 0.500395 50 6 102.572
179 0.854634 2 1.95405 3 9 0.158795 72 2 101.744
180 0.359018 2.95455 3.00326 3 13 0.116631 124 0 104.643
181 0.801426 2.09091 1.77321 2 20 0.309576 190 0 108.437
182 0.730911 2 1.14344 2 30 0.318421 209 7 115.163
183 0.752796 2 0.72692 2 39 0.27142 124 81 122.692
184 0.690831 2 0.526977 2 31 0.534984 58 43 115.636
185 0.760825 2 0.65608 2 17 0.4439 71 39 107.332
186 0.769951 2 1.95125 2 12 0.149898 93 9 103.892
187 0.82517 2 1.56014 2 18 0.303891 116 4 107.011
188 0.955727 2 0.882347 2 27 0.298898 133 46 113.778
189 0.857085 2 0.794368 2 27 0.275011 78 52 113.742
190 0.849667 2 0.846532 2 23 0.245303 79 33 111.612
191 0.953009 2 0.8647 2 21 0.209603 81 32 110.176
192 1.06706 2 0.88034 2 20 0.175435 78 32 109.789
193 0.982142 2 1.52208 2 21 0.089116 100 36 110.564
194 1.05314 2 0.989833 2 32 0.34237 103 49 116.928
195 1.09987 2 0.678001 2 37 0.393755 71 65 120.352
196 1.01681 2 0.650572 2 32 0.450139 61 44 117.563
197 0.92834 2 0.75847 2 26 0.294412 64 40 113.859
198 0.822884 2 1.42611 2 22 0.21997 96 40 110.684
199 0.753103 2 0.714866 2 33 0.417051 104 70 117.597
200 0.800999 2 0.723255 2 25 0.383027 68 44 112.283
201 0.852198 2 0.956348 2 19 0.325181 76 30 108.413
202 0.863866 2 0.928932 2 20 0.209404 77 34 109.19
203 0.846994 2 0.779134 2 21 0.190546 89 32 109.587
204 0.933007 2 0.76356 2 18 0.298047 78 30 107.855
205 0.812341 2 1.94057 2 15 0.0990912 100 13 106.201
206 0.841757 2 1.45402 2 22 0.308801 121 3 110.442
207 0.898318 2 0.79236 2 33 0.334427 122 66 118.187
208 0.993747 2 0.652105 2 29 0.390194 66 48 114.955
209 0.879067 2 0.710074 2 23 0.371532 69 41 111.457
210 0.767065 2 0.871544 2 18 0.197053 87 25 109.004
211 0.64103 2 0.846184 2 17 0.180761 86 25 107.213
212 0.381183 2 1.36084 2 16 0.134911 130 19 106.387
213 1.72265 1.18182 0.40616 1 24 0.607375 50 32 109.649
214 0.77072 1.72727 0.605474 2 18 0.473806 116 32 107.186
215 0.412552 2 0.606455 2 12 0.426651 82 20 103.056
216 1.78271 1.7 0.944991 1 8 0.0861722 80 3 100.107
217 1.21522 1.16667 0.543715 2 10 0.638658 53 3 101.137
218 0.317 2.5 5.32111 3 8 0.0160222 54 0 101.002
219 0.556446 2.09091 2.79847 2 12 0.308313 107 0 102.858
220 0.683831 2 1.9046 2 18 0.263211 156 0 107.075
221 0.788941 2 1.15975 2 27 0.216895 222 0 113.821
222 0.67889 2 0.671635 2 36 0.354146 110 77 120.102
223 0.780937 2 0.639197 2 26 0.464863 57 43 114.294
224 0.844673 2 0.859384 2 18 0.265833 81 35 108.003
225 0.833707 2 1.63428 2 17 0.119145 101 21 107.488
226 0.839313 2 1.10895 2 26 0.336975 118 30 113.14
227 0.724358 2 0.732208 2 33 0.303176 89 70 118.259
228 0.806416 2 0.717399 2 26 0.320677 67 46 113.4
229 0.717765 2 0.721755 2 20 0.362031 73 39 110.105
230 0.902451 2 1.00247 2 15 0.18393 80 20 106.597
231 0.825367 2 1.96609 2 17 0.116154 83 20 107.381
232 0.744415 2 1.23682 2 26 0.30757 140 11 113.101
233 0.809777 2 0.757562 2 36 0.32755 97 79 119.853
234 0.669515 2 0.616662 2 30 0.460638 69 45 114.979
235 0.31005 2 0.675438 2 20 0.431169 88 28 109.861
236 2.52671 1.36842 0.548504 1 14 0.471073 61 19 103.447
237 1.87884 1.63636 0 2 11 1 0 0 101.091
238 0.88813 2.36364 4.64426 3 8 0.459332 39 1 100.813
239 0.310147 3 4.76789 3 12 0.238023 76 0 103.527
240 0.509467 2.36364 1.89208 2 18 0.032509 244 0 107.777
241 1.61726 1.6 0.976999 1 27 0.0929518 260 30 114.042
242 0.807061 1.57895 0.398377 2 35 0.627779 114 44 117.022
243 0.402805 2 0.497975 2 18 0.56567 65 37 107.257
244 2.18078 1.4 0.793558 1 9 0.698066 37 2 99.9709
245 1.3416 1.33333 0.890224 2 10 0.326648 69 3 101.829
246 0.458542 2.28571 1.85765 3 12 0.0654496 116 17 103.936
247 0.581471 2.2 1.04557 2 18 0.0684065 175 43 107.833
248 0.75924 1.88889 0.513046 2 21 0.464675 61 42 108.655
249 0.722214 1.31579 0.937006 2 11 0.52483 72 5 101.924
250 0.764179 1.6 0.971041 2 12 0.212806 99 10 103.147
251 0.712083 1.11111 0.473632 2 13 0.480007 52 17 103.166
252 0.834476 1.15385 0.862762 2 7 0.318165 56 2 99.2685
253 1.20253 1.70588 1.85496 2 7 0.0909352 79 1 99.75
254 0.642659 1.45455 1.89521 2 11 0.316591 69 0 101.883
255 0.761614 1 0.854013 2 17 0.194155 134 2 106.349
256 0.735102 1 0.589464 2 16 0.479631 67 19 105.136
257 0.818423 1.11111 0.574767 2 10 0.409853 53 3 101.491
258 0.848318 1 1.29627 2 6 0.299385 52 0 98.8789
259 0.864062 1.55556 1.20037 2 9 0.31095 76 0 100.798
260 0.717538 2 1.26059 2 12 0.224977 85 10 103.096
261 0.816079 1.1875 0.856121 2 17 0.301813 110 18 106.557
262 0.829037 1.2 0.485367 2 16 0.510636 59 15 105.375
263 0.985692 1 0.569984 2 8 0.446204 45 0 100.523
264 1.26692 1.08333 0.902447 2 6 0.374434 47 0 98.9432
265 0.793437 1.5 2.29551 3 7 0.0417951 65 0 100.361
266 0.862863 2.1 1.36318 3 11 0.260471 120 0 102.913
267 0.915154 2.09091 0.990097 3 16 0.195252 138 30 106.567
268 0.913806 2.2 0.737531 3 18 0.23768 94 36 107.98
269 0.835819 2.58333 0.960939 3 15 0.158864 114 33 106.452
270 0.937007 2.35 1.36999 3 16 0.0677417 139 30 106.993
271 0.897322 1.45455 0.742032 3 24 0.361147 114 40 111.615
272 0.981918 1.8 0.499463 3 19 0.550451 49 41 107.913
273 0.977064 1.11111 0.645254 3 10 0.374564 49 1 103.051
274 0.77937 1.75 1.72734 3 8 0.167487 92 1 100.89
275 0.855767 1.72727 1.40239 3 12 0.272052 111 0 103.632
276 0.773871 1.7 0.783592 3 18 0.23651 135 16 107.784
277 1.03479 1.61111 0.582043 3 15 0.536802 68 29 105.651
278 0.666463 1.1 0.973923 3 11 0.133133 82 12 103.25
279 0.796954 1.22222 0.490516 2 12 0.471295 55 9 102.421
280 0.867252 1.36842 2.21636 2 6 0.287906 48 0 98.993
281 0.686004 1.45455 1.74588 2 9 0.354856 74 0 100.633
282 1.01846 1.33333 0.885655 2 14 0.241476 134 10 104.302
283 0.758361 1.7 0.591987 2 15 0.441405 65 24 104.745
284 0.797386 1.41176 1.24515 2 9 0.294805 77 2 101.129
285 1.01085 1.27273 0.794796 2 13 0.31753 96 10 103.649
286 0.774153 1.9 1.20266 2 12 0.29448 77 5 102.747
