#second results avg_latency(ms)
0 0 0
1 0 0
2 1 2249.72
3 1 3387.16
4 0 0
5 1 5182.61
6 1 6057.49
7 1 7286.39
8 0 0
9 1 8913.54
10 0 0
11 1 10904.1
12 0 0
13 1 12010.9
14 1 13175.1
15 0 0
16 1 14727.6
17 1 15923.2
18 0 0
19 1 17300.9
20 0 0
21 1 18811.6
22 1 20263
23 0 0
24 2 21839.1
25 0 0
26 1 23470.2
27 1 24658.2
28 1 25011.3
29 0 0
30 1 26506.9
31 2 27541.6
32 1 28698.3
33 0 0
34 4 29646.5
35 0 0
36 1 31346.8
37 2 32037.9
38 2 32118.5
39 1 33069.6
40 4 33680.1
41 1 34313.7
42 7 34108.2
43 2 34600.7
44 6 34844.9
45 2 34860.2
46 6 35077
47 2 35456.2
48 6 35461.9
49 8 35354.7
50 2 35304.7
51 6 35229.2
52 6 35347.8
53 2 35301.5
54 1 36284.5
55 14 35875.6
56 3 34987.7
57 6 34852.4
58 4 35299.1
59 6 34973.4
60 1 35169.8
61 1 35904.9
62 13 35596.5
63 13 34174.2
64 3 33457.4
65 1 34170.6
66 11 33897.3
67 4 33254.4
68 17 32322.3
69 1 31763.8
70 1 32465.3
71 2 33026.7
72 7 32763.4
73 8 32666.2
74 2 32668.6
75 10 32489.4
76 2 32151.1
77 4 32507
78 4 32874.8
79 7 32711.6
80 12 31825.2
81 3 31344.6
82 13 30854.4
83 17 28683.7
84 14 26403.6
85 7 25146.9
86 3 25450.4
87 8 25310.4
88 20 23254.9
89 14 21240.6
90 19 19012
91 12 16951.1
92 9 15597.4
93 4 15396.8
94 28 13131.3
95 15 9765.74
96 21 7290.07
97 14 4748.67
98 9 3558.59
99 6 3232.52
100 4 2643.77
101 10 2726.45
102 0 0
103 5 2998.52
104 5 2821.86
105 2 3575.56
106 4 3761.23
107 6 3390.31
108 9 3106.53
109 1 3357.41
110 5 3696.5
111 5 3222.32
112 1 4000.83
113 4 4642.99
114 5 4312.23
115 0 0
116 0 0
117 0 0
118 1 7911.52
119 4 8631.24
120 6 8329.94
121 0 0
122 0 0
123 1 10821.2
124 9 11053.7
125 0 0
126 0 0
127 2 12815.2
128 3 13053.4
129 6 13086.5
130 0 0
131 0 0
132 1 16133
133 2 16631.4
134 4 16708.6
135 27 14211.2
136 3 12885.8
137 1 13564
138 4 13747.6
139 7 13560.4
140 2 13911.6
141 2 14382.7
142 8 14248.8
143 2 14573.5
144 1 15291.2
145 18 14083.3
146 1 13087
147 9 13507.3
148 1 13500.3
149 4 13884.2
150 15 12468.8
151 1 12092.1
152 1 12787.5
153 1 13410.1
154 10 13887.4
155 23 11426.3
156 1 10292.8
157 0 0
158 2 11751.9
159 5 12326.2
160 1 12097.6
161 1 13070.2
162 22 12147
163 0 0
164 23 9403.25
165 19 6471.81
166 2 5161.37
167 13 4887
168 2 4244.42
169 3 4442.82
170 10 4569.92
171 2 4386.51
172 9 3740.94
173 9 2946.91
174 1 3402.62
175 7 3393.86
176 3 3245.35
177 11 3344.24
178 3 2330.67
179 1 3408.11
180 2 4019.64
181 8 4058.26
182 0 0
183 0 0
184 2 5845.13
185 3 6273.15
186 5 6364.13
187 0 0
188 0 0
189 0 0
190 1 9980.93
191 4 10615.2
192 7 10616.9
193 0 0
194 0 0
195 3 12539.9
196 3 12813.5
197 4 12939.2
198 0 0
199 0 0
200 1 15851.4
201 4 16311.6
202 3 16666.4
203 3 17168.5
204 0 0
205 0 0
206 0 0
207 0 0
208 1 21262.9
209 1 22402.9
210 1 23170
211 2 23855.3
212 29 21940.5
213 1 19958
214 1 20746.7
215 1 21400.8
216 2 21828.7
217 12 21402.8
218 0 0
219 2 22133.5
220 8 22183
221 8 21359.6
222 2 21552.5
223 13 21398.2
224 3 20557.3
225 4 20601.9
226 2 21234.2
227 2 21689.5
228 16 21123
229 2 20246
230 11 19591.4
231 1 19711.9
232 9 19901.4
233 6 19245.5
234 6 18876.6
235 18 17344.4
236 2 16478.2
237 1 17005.2
238 1 18031.9
239 2 18790.6
240 7 18958.1
241 26 16412.6
242 12 13600.3
243 11 12093.8
244 7 11940
245 23 9941.21
246 3 8135.95
247 26 6105.1
248 8 3746.27
249 1 3876.51
250 10 3977.08
251 1 3466.14
252 3 4168.73
253 1 4520.32
254 8 4684.59
255 4 4883.43
256 8 4269.48
257 2 4325.38
258 3 5034.82
259 7 4921.81
260 8 4638.65
261 5 4410.44
262 5 4314.83
263 1 4671.05
264 4 5124
265 2 5489.93
266 6 5914.67
267 2 5875.33
268 4 6486.26
269 7 6136.56
270 7 5532.68
271 2 5851.51
272 2 6542.4
273 5 6893.84
274 6 6504.58
275 2 7269.44
276 8 7138.98
277 1 7398.51
278 0 0
279 2 8806.78
280 1 9824.62
281 8 9849.22
282 9 9063.83
283 1 8421.91
284 1 9993.57
285 10 9791.91
286 18 7834.08
287 14 5416.35
288 3 4541.36
289 7 4766.61
290 7 4269.92
291 1 4596.85
292 10 4869.12
293 1 4411.6
294 10 4326.62
295 9 3738.17
296 2 3489.46
297 7 3534.53
298 2 3521.4
299 1 4133.73
300 14 3847.05
301 5 2858.68
302 1 3608.58
303 4 3786.54
304 4 3784.16
305 2 4144.5
306 8 4345.88
307 4 3932.56
308 3 4214.29
309 7 4082.12
310 3 4313.31
311 8 4022.85
312 3 4273.97
313 10 3695.11
314 6 3016.13
315 5 3305.49
316 5 3103
317 2 3646.54
318 8 3608.47
319 2 3543.04
320 8 3826.05
321 1 3662.46
322 2 4345.4
323 5 4689.69
324 4 4711.77
325 2 5125.04
326 2 5656.99
327 7 6012.43
328 1 5839.25
329 2 6459
330 1 7464.62
331 7 7707.15
332 2 7643.32
333 1 8870.56
334 1 9676.03
335 3 10074.1
336 9 9296.23
337 1 9423.35
338 1 10530.8
339 8 10898.8
340 6 9940.17
341 1 10683.9
342 3 11327.9
343 2 11844.5
344 18 10696.9
345 2 9373.64
346 10 9081.66
347 10 8699.21
348 1 8090.12
349 2 9268.03
350 13 8349.48
351 7 7585.88
352 2 7584.41
353 11 7495.26
354 17 5543.72
355 3 4519.3
356 7 4418.11
357 2 4669.53
358 7 4667
359 2 4597.95
360 4 4998.15
361 8 4630.1
362 4 4722.12
363 5 4860.9
364 3 5257.68
365 2 5941.22
366 9 5430.11
367 6 5187.76
368 2 5026.12
369 10 5057.95
370 2 4657.39
371 9 4815.69
372 4 4386.3
373 4 4734.62
374 4 4775.46
375 4 5041.09
376 6 4709.72
377 2 5090.67
378 7 5228.87
379 2 5380.78
380 4 5921.97
381 8 5249.98
382 6 5105.43
383 4 5179.39
384 8 4874.36
385 3 4736.53
386 6 5054.88
387 3 4966.19
388 6 5381.71
389 4 5033.29
390 2 5539.83
391 9 5263.05
392 3 5033.53
393 9 4919.84
394 8 4594.27
395 4 4198.62
396 6 4039.12
397 4 4239.53
398 8 3767.43
399 4 3892.62
400 6 3451.42
401 4 3885.75
402 6 3683.81
403 2 3901.5
404 7 4222.15
405 4 3879.86
406 2 4507.82
407 2 4733.57
408 8 4750.81
409 2 4989.02
410 8 5092.77
411 2 4844.44
412 7 5023.61
413 4 4860.87
414 6 5190.83
415 6 4535.41
416 6 4716.72
417 5 4364.17
418 6 4254.73
419 3 4149.84
420 7 4601.83
421 3 4118.67
422 3 5047.76
423 1 5748.26
424 7 5623.57
425 2 5542.51
426 2 6616.11
427 3 6946.8
428 2 7209.31
429 5 7604.24
430 1 8359.77
431 4 8327.35
432 0 0
433 6 9167.65
434 1 10131.8
435 2 10698.2
436 7 10899.4
437 1 10584.8
438 0 0
439 11 11305.7
440 7 10877.4
441 12 10181.5
442 6 9172.77
443 5 8910.56
444 15 8211.27
445 27 4809.9
446 1 3432.27
447 9 3171.7
448 0 0
449 5 3824.45
450 6 3703.21
451 2 3772.32
452 8 3810.6
453 2 3777.07
454 3 4267.77
455 7 4127.68
456 4 4275.33
457 7 4316.41
458 1 4361.98
459 3 4729.55
460 8 4644.41
461 4 4509.45
462 7 4307.9
463 3 4540.04
464 8 4398.11
465 2 4546.13
466 8 4379.71
467 2 4491.72
468 7 4597.59
469 4 4196.55
470 5 4679.74
471 5 4113.74
472 2 4558.72
473 8 4736.18
474 1 4898.91
475 10 4976.68
476 1 5033.65
477 3 5508.01
478 7 5192.68
479 2 5458.08
480 9 5396.92
481 3 5072.88
482 7 5147.95
483 2 5335.47
484 4 5550.84
485 7 5291.93
486 2 5598.69
487 7 5738.24
488 3 5714.87
489 1 5933.87
490 9 6147.25
491 2 6208.11
492 7 6383.26
493 3 6300.91
494 9 6242.26
495 3 5763.68
496 9 5579.3
497 3 5696.22
498 11 4882.4
499 5 4264.52
500 4 4724.53
501 6 4243.11
502 8 4325.62
503 3 3966.81
504 4 4391.98
505 6 4057.46
506 3 4384.17
507 7 4510.91
508 2 4600.61
509 9 4566.22
510 2 4324.03
511 3 4797.85
512 8 4561.84
513 6 4367.57
514 3 4385.16
515 3 4906.67
516 8 4726.55
517 1 4797.74
518 9 4720.27
519 2 4842.41
520 9 4688.79
521 2 4766.47
522 5 4906.3
523 6 4530.13
524 4 4942.99
525 6 4627
526 3 4777.71
527 8 4725.23
528 3 4835.83
529 8 4424.2
530 3 4481.78
531 8 4369.16
532 2 4658.08
533 9 4348.66
534 9 3554.72
535 6 3053.73
536 4 2489.34
537 2 3498.35
538 8 3379.72
539 6 3137.23
540 4 2608.62
541 4 3356.96
542 7 3264.88
543 0 0
544 1 4358.89
545 4 4580.81
546 4 4698.55
547 0 0
548 0 0
549 2 7573.95
550 4 7706.6
551 5 7882.94
552 0 0
553 0 0
554 2 9919.98
555 3 10582.7
556 4 10859.7
557 3 11004.9
558 1 11819.6
559 3 12314
560 5 12592.3
561 3 12873.3
562 11 12562
563 3 11970.5
564 3 12349.7
565 6 12559.9
566 1 12411.2
567 2 13452
568 1 14062.8
569 8 14434.2
570 1 14353.5
571 1 14955.1
572 8 15585.1
573 1 15083.8
574 2 16294.1
575 9 15764.1
576 8 15352.2
577 1 15555.8
578 2 16217.4
579 1 16881.3
580 10 16530.3
581 1 17072.2
582 3 16991.3
583 3 17944.7
584 4 18039.6
585 19 16484.2
586 0 0
587 1 16600
588 11 16286
589 11 15008.8
590 1 14877.5
591 2 15633.8
592 0 0
593 10 16806.5
594 24 14342.8
595 9 11694.6
596 2 11594.2
597 37 8870.93
598 11 4866.64
599 11 3667.31
600 5 3119.01
601 1 3551.84
602 9 3926.36
603 1 3659.55
604 4 4244.34
605 12 3557.17
606 4 2909.19
607 4 3347.9
608 5 3073.04
609 10 2847.34
610 0 0
611 10 2981.01
612 0 0
613 4 3463.24
614 6 3440.17
615 7 3324.11
616 3 2570.9
617 2 3553.2
618 3 3962.35
619 7 3993.14
620 9 3558.83
621 2 3411.95
622 2 3944.6
623 10 3870.25
624 6 3409.19
625 5 3162.6
626 4 2882.4
627 3 3456.66
628 2 4053.87
629 11 3489.29
630 5 3249.12
631 5 2885.44
632 5 2828.3
633 3 3014.87
634 5 3182.18
635 6 3264.4
636 2 3429.21
637 3 4197.58
638 2 4611.26
639 2 4898.7
640 2 5749.27
641 10 5686.8
642 9 4375.96
643 9 3988.8
644 6 3380.01
645 8 2762.86
646 2 3108.15
647 6 2762.71
648 6 3172.06
649 4 2766.48
650 7 3057.05
651 3 2821.26
652 1 3471.11
653 1 4073.05
654 3 4880.29
655 4 5036.87
656 3 5639.8
657 12 4688.97
658 3 4388.02
659 12 3854.74
660 6 3221.05
661 5 2961.5
662 3 3247.34
663 4 3323.11
664 7 3538.15
665 5 3179.11
666 3 3381.74
667 7 3223.87
668 2 3443.32
669 7 3779.94
670 3 3449.22
671 2 4076.75
672 4 4497.57
673 2 4847.34
674 7 4996.68
675 1 5523.26
676 2 5961.47
677 5 6229.31
678 3 6346.95
679 1 7387.46
680 8 7543.31
681 1 6852.01
682 1 8080.63
683 2 8774.54
684 14 7756.19
685 13 6242.97
686 4 5790.53
687 17 4391.53
688 2 3669.21
689 7 3753.99
690 7 3346.18
691 3 3362.55
692 9 3329.67
693 2 3175.07
694 8 3029.57
695 1 3212.02
696 9 3397.14
697 1 3416.78
698 10 3400.64
699 4 2931.2
700 6 2541.26
701 4 3024.42
702 4 2863.64
703 2 3623.09
704 6 3594.41
705 3 3891.27
706 5 3812.87
707 8 3632.76
708 6 3020.08
709 3 3159.26
710 3 3948.78
711 5 3757.76
712 7 3898.51
713 1 4043.88
714 7 3885.93
715 4 4064
716 2 4215.37
717 7 4300.18
718 3 4418.03
719 3 5035.05
720 2 5433.77
721 2 5695.23
722 1 6606.07
723 3 7210.6
724 5 7260.55
