****************WLQ worker 3****************
Received WLQ tasks: 719
Average no. of tuples in the results set of a window: 4067.46
Average processing time per WLQ task (us): 275506
****************WLQ worker 16****************
Received WLQ tasks: 199
Average no. of tuples in the results set of a window: 4254.82
Average processing time per WLQ task (us): 300708
****************WLQ worker 1****************
Received WLQ tasks: 0
Average no. of tuples in the results set of a window: 0
Average processing time per WLQ task (us): 0
****************WLQ worker 40****************
Received WLQ tasks: 0
Average no. of tuples in the results set of a window: 0
Average processing time per WLQ task (us): 0
****************WLQ worker 8****************
Received WLQ tasks: 0
Average no. of tuples in the results set of a window: 0
Average processing time per WLQ task (us): 0
****************WLQ worker 47****************
Received WLQ tasks: 0
Average no. of tuples in the results set of a window: 0
Average processing time per WLQ task (us): 0
****************WLQ worker 28****************
Received WLQ tasks: 272
Average no. of tuples in the results set of a window: 4260.03
Average processing time per WLQ task (us): 312680
****************WLQ worker 22****************
Received WLQ tasks: 290
Average no. of tuples in the results set of a window: 4836.28
Average processing time per WLQ task (us): 360629
****************WLQ worker 4****************
Received WLQ tasks: 563
Average no. of tuples in the results set of a window: 4385.12
Average processing time per WLQ task (us): 319436
****************WLQ worker 29****************
Received WLQ tasks: 428
Average no. of tuples in the results set of a window: 4168.48
Average processing time per WLQ task (us): 315940
****************WLQ worker 14****************
Received WLQ tasks: 368
Average no. of tuples in the results set of a window: 4226.95
Average processing time per WLQ task (us): 288351
****************WLQ worker 44****************
Received WLQ tasks: 0
Average no. of tuples in the results set of a window: 0
Average processing time per WLQ task (us): 0
****************WLQ worker 43****************
Received WLQ tasks: 0
Average no. of tuples in the results set of a window: 0
Average processing time per WLQ task (us): 0
****************WLQ worker 53****************
Received WLQ tasks: 0
Average no. of tuples in the results set of a window: 0
Average processing time per WLQ task (us): 0
****************WLQ worker 27****************
Received WLQ tasks: 325
Average no. of tuples in the results set of a window: 4073.4
Average processing time per WLQ task (us): 289610
****************WLQ worker 21****************
Received WLQ tasks: 306
Average no. of tuples in the results set of a window: 4610.94
Average processing time per WLQ task (us): 343535
****************WLQ worker 30****************
Received WLQ tasks: 702
Average no. of tuples in the results set of a window: 4247.83
Average processing time per WLQ task (us): 295486
****************WLQ worker 31****************
Received WLQ tasks: 709
Average no. of tuples in the results set of a window: 4286.06
Average processing time per WLQ task (us): 303824
****************WLQ worker 32****************
Received WLQ tasks: 685
Average no. of tuples in the results set of a window: 4397.99
Average processing time per WLQ task (us): 302033
****************WLQ worker 36****************
Received WLQ tasks: 689
Average no. of tuples in the results set of a window: 4318.09
Average processing time per WLQ task (us): 309545
****************WLQ worker 35****************
Received WLQ tasks: 671
Average no. of tuples in the results set of a window: 4384.59
Average processing time per WLQ task (us): 313759
****************WLQ worker 25****************
Received WLQ tasks: 251
Average no. of tuples in the results set of a window: 4156.11
Average processing time per WLQ task (us): 327488
****************WLQ worker 26****************
Received WLQ tasks: 275
Average no. of tuples in the results set of a window: 4022.41
Average processing time per WLQ task (us): 303378
****************WLQ worker 18****************
Received WLQ tasks: 361
Average no. of tuples in the results set of a window: 4565.2
Average processing time per WLQ task (us): 367493
****************WLQ worker 17****************
Received WLQ tasks: 345
Average no. of tuples in the results set of a window: 4516.31
Average processing time per WLQ task (us): 358033
****************WLQ worker 38****************
Received WLQ tasks: 0
Average no. of tuples in the results set of a window: 0
Average processing time per WLQ task (us): 0
****************WLQ worker 37****************
Received WLQ tasks: 0
Average no. of tuples in the results set of a window: 0
Average processing time per WLQ task (us): 0
****************WLQ worker 39****************
Received WLQ tasks: 0
Average no. of tuples in the results set of a window: 0
Average processing time per WLQ task (us): 0
****************WLQ worker 24****************
Received WLQ tasks: 245
Average no. of tuples in the results set of a window: 4304.78
Average processing time per WLQ task (us): 325975
****************WLQ worker 23****************
Received WLQ tasks: 430
Average no. of tuples in the results set of a window: 4530.72
Average processing time per WLQ task (us): 347812
****************WLQ worker 10****************
Received WLQ tasks: 466
Average no. of tuples in the results set of a window: 4484.96
Average processing time per WLQ task (us): 340266
****************WLQ worker 41****************
Received WLQ tasks: 0
Average no. of tuples in the results set of a window: 0
Average processing time per WLQ task (us): 0
****************WLQ worker 45****************
Received WLQ tasks: 0
Average no. of tuples in the results set of a window: 0
Average processing time per WLQ task (us): 0
****************WLQ worker 58****************
Received WLQ tasks: 1158
Average no. of tuples in the results set of a window: 4182.61
Average processing time per WLQ task (us): 304295
****************WLQ worker 49****************
Received WLQ tasks: 0
Average no. of tuples in the results set of a window: 0
Average processing time per WLQ task (us): 0
****************WLQ worker 56****************
Received WLQ tasks: 0
Average no. of tuples in the results set of a window: 0
Average processing time per WLQ task (us): 0
****************WLQ worker 54****************
Received WLQ tasks: 0
Average no. of tuples in the results set of a window: 0
Average processing time per WLQ task (us): 0
****************WLQ worker 57****************
Received WLQ tasks: 0
Average no. of tuples in the results set of a window: 0
Average processing time per WLQ task (us): 0
****************WLQ worker 11****************
Received WLQ tasks: 460
Average no. of tuples in the results set of a window: 4600.04
Average processing time per WLQ task (us): 319776
****************WLQ worker 48****************
Received WLQ tasks: 0
Average no. of tuples in the results set of a window: 0
Average processing time per WLQ task (us): 0
****************WLQ worker 7****************
Received WLQ tasks: 580
Average no. of tuples in the results set of a window: 4386.31
Average processing time per WLQ task (us): 314481
****************WLQ worker 51****************
Received WLQ tasks: 0
Average no. of tuples in the results set of a window: 0
Average processing time per WLQ task (us): 0
****************WLQ worker 52****************
Received WLQ tasks: 0
Average no. of tuples in the results set of a window: 0
Average processing time per WLQ task (us): 0
****************WLQ worker 6****************
Received WLQ tasks: 581
Average no. of tuples in the results set of a window: 4303.38
Average processing time per WLQ task (us): 295529
****************WLQ worker 42****************
Received WLQ tasks: 0
Average no. of tuples in the results set of a window: 0
Average processing time per WLQ task (us): 0
****************WLQ worker 46****************
Received WLQ tasks: 0
Average no. of tuples in the results set of a window: 0
Average processing time per WLQ task (us): 0
****************WLQ worker 55****************
Received WLQ tasks: 0
Average no. of tuples in the results set of a window: 0
Average processing time per WLQ task (us): 0
****************WLQ worker 13****************
Received WLQ tasks: 417
Average no. of tuples in the results set of a window: 4550.02
Average processing time per WLQ task (us): 306833
****************WLQ worker 50****************
Received WLQ tasks: 0
Average no. of tuples in the results set of a window: 0
Average processing time per WLQ task (us): 0
****************WLQ worker 5****************
Received WLQ tasks: 598
Average no. of tuples in the results set of a window: 4310.34
Average processing time per WLQ task (us): 291977
****************WLQ worker 12****************
Received WLQ tasks: 493
Average no. of tuples in the results set of a window: 4266.68
Average processing time per WLQ task (us): 284471
****************WLQ worker 0****************
Received WLQ tasks: 575
Average no. of tuples in the results set of a window: 4325.28
Average processing time per WLQ task (us): 293693
****************WLQ worker 19****************
Received WLQ tasks: 319
Average no. of tuples in the results set of a window: 4863.8
Average processing time per WLQ task (us): 362392
****************WLQ worker 20****************
Received WLQ tasks: 339
Average no. of tuples in the results set of a window: 4806.03
Average processing time per WLQ task (us): 345490
****************WLQ worker 9****************
Received WLQ tasks: 501
Average no. of tuples in the results set of a window: 4582.82
Average processing time per WLQ task (us): 322342
****************WLQ worker 34****************
Received WLQ tasks: 698
Average no. of tuples in the results set of a window: 4515.71
Average processing time per WLQ task (us): 307206
****************WLQ worker 33****************
Received WLQ tasks: 711
Average no. of tuples in the results set of a window: 4454.66
Average processing time per WLQ task (us): 292972
****************WLQ worker 2****************
Received WLQ tasks: 685
Average no. of tuples in the results set of a window: 4214.2
Average processing time per WLQ task (us): 304394
****************WLQ worker 15****************
Received WLQ tasks: 276
Average no. of tuples in the results set of a window: 3921.12
Average processing time per WLQ task (us): 270344
