#second results avg_latency(ms)
0 0 0
1 0 0
2 1 2510.07
3 1 3205.19
4 1 4199.15
5 2 5073.5
6 1 5668.95
7 1 6805.37
8 2 6986.66
9 3 7466
10 1 7787.19
11 1 9049.54
12 13 9011.34
13 6 7902.3
14 28 5357.86
15 1 3527.11
16 9 3673.79
17 7 2712.02
18 1 2581.83
19 1 3923.89
20 4 4446.68
21 8 4312.67
22 1 4308.45
23 2 5055.21
24 16 3973.53
25 2 3436.31
26 8 3320.61
27 1 3642.47
28 4 3863.18
29 3 4136.6
30 6 4511.37
31 7 4079.42
32 11 3494.32
33 1 3406.65
34 2 3545.62
35 8 3883.2
36 1 3822.77
37 3 4326.27
38 8 4370.95
39 9 3423.68
40 4 3445.2
41 3 3376.42
42 3 3841.51
43 1 4463.89
44 3 5243.52
45 4 5476.35
46 14 4762.34
47 2 4495.02
48 2 4699.33
49 6 5052.15
50 3 5235.57
51 3 5398.88
52 7 5094.61
53 10 4822.95
54 7 3981.76
55 1 4359.76
56 10 4273.86
57 3 3746.59
58 5 4201.86
59 6 3778.62
60 8 3440.36
61 2 3474.38
62 8 3573.14
63 2 3334.02
64 4 4072.67
65 3 4327.44
66 4 4284.24
67 2 4905.93
68 18 4233.18
69 1 3232.69
70 1 4088.59
71 1 4274.03
72 3 4993.27
73 7 4825.06
74 2 5166.2
75 2 5652.23
76 8 5735.33
77 11 5009.43
78 7 4325.42
79 4 4135.52
80 6 3838.69
81 4 4144.6
82 4 4421.93
83 5 4254.01
84 9 4199.92
85 1 4050.11
86 3 4571.84
87 7 4480.04
88 2 4688.3
89 2 5025.61
90 11 4735.44
91 6 4313.45
92 3 4494.11
93 4 4812.49
94 5 4395.39
95 9 4416.99
96 4 4260.45
97 9 4060.28
98 6 3133.19
99 8 2862.14
100 1 3263.86
101 3 3484.85
102 8 3367.97
103 8 2946.74
104 1 3216.47
105 2 3668.43
106 3 4035.96
107 3 4691.44
108 12 4371.55
109 6 3181.88
110 4 3042.73
111 1 3929.66
112 3 4300.29
113 9 4505.88
114 1 4142.43
115 1 4789.74
116 13 4899.95
117 5 3832.99
118 1 4561.82
119 4 4658.68
120 8 4559.29
121 3 4433.6
122 11 4300.96
123 3 3655.89
124 4 3807.44
125 3 4377.42
126 7 4427.93
127 3 4482.68
128 3 4916.02
129 6 4733.71
130 9 4252.73
131 4 4051.01
132 6 3728.22
133 2 3768.4
134 2 4829.94
135 2 5228.39
136 8 5169.98
137 11 4245.39
138 4 3703.21
139 5 3995.39
140 1 4464.06
141 10 4398.17
142 3 4205.48
143 4 4464.8
144 5 4381.69
145 3 4572.01
146 3 5221.99
147 14 4304.98
148 6 3350.87
149 3 3337.56
150 2 3668.81
151 1 4533.71
152 3 5105.92
153 2 6009.17
154 2 6184.46
155 7 6282.7
156 13 5131.52
157 3 4732.52
158 10 4584.48
159 3 4094.31
160 3 4849.97
161 7 4346.14
162 2 4810.62
163 3 4975.93
164 10 4799.04
165 3 4621.23
166 2 4814.49
167 4 5082.72
168 10 4667.78
169 1 5229.46
170 10 4937.08
171 3 4742.99
172 15 3662.64
173 4 2967.64
174 4 3171.76
175 2 3534.08
176 3 4070.68
177 7 4284.32
178 9 3300.96
179 0 0
180 2 4355.83
181 3 4803.95
182 4 5350.57
183 5 5310.67
184 2 5628
185 2 6343.07
186 10 5756.43
187 8 4949.97
188 4 5079.14
189 11 4336.22
190 3 3972.54
191 2 4464
192 2 5122.4
193 8 5368.51
194 9 4490.15
195 2 4179.29
196 2 5115.67
197 1 5582.27
198 8 5882.69
199 4 5585.7
200 8 5139.23
201 9 4821.61
202 1 4568.02
203 9 4485.48
204 2 4358.17
205 4 4722.38
206 6 4702.38
207 3 5008.65
208 7 4697.32
209 4 5032.37
210 7 4829.5
211 4 4954.88
212 6 4576.18
213 3 5008.98
214 5 5146.75
215 10 4502.67
216 3 4010.22
217 3 4650.39
218 7 4410.96
219 2 4590.14
220 2 5201.84
221 8 5473.11
222 10 4509.96
223 4 4317.73
224 3 4623.92
225 4 4782.09
226 1 5026.72
227 3 5908.72
228 11 5555.67
229 8 4429.61
230 3 4529.81
231 3 4882.5
232 12 4442.14
233 3 3556.11
234 4 4290.51
235 6 4344.82
236 2 4317.71
237 3 5070.42
238 7 4963.74
239 8 4253.75
240 2 4070.22
241 3 4624.53
242 6 5048.73
243 3 4963.18
244 2 5957.55
245 4 6000.43
246 15 4924.43
247 4 4040.67
248 6 3813.93
249 3 4203.37
250 8 4278.38
251 1 4272.65
252 7 4276.11
253 5 4195.84
254 2 4397.59
255 8 4528.63
256 3 4471.94
257 6 4554.49
258 1 5112.74
259 4 5479.76
260 8 4972.07
261 9 4584.66
262 1 4388.86
263 3 5033.37
264 8 4952.08
265 1 5172.84
266 9 5341.12
267 5 4795.66
268 7 4111.09
269 2 4337.02
270 2 5149.01
271 6 5100.45
272 3 5204.1
273 7 5327.22
274 1 5102.73
275 3 5995.3
276 7 5837.74
277 3 6413.74
278 8 6041.23
279 3 5987.65
280 6 6126.22
281 0 0
282 0 0
283 1 8684.62
284 0 0
285 1 9911.38
286 1 10788.7
287 2 11566.7
288 23 10284.7
289 27 6222.79
290 2 4275.95
291 3 4620
292 7 4549.22
293 4 4538.77
294 7 4322.09
295 11 4094.43
296 7 3082.46
297 1 3585.22
298 2 3920.01
299 2 4488.43
300 16 3588.45
301 0 0
302 2 4022.51
303 4 4207.21
304 5 4317.95
305 1 4545.76
306 2 5534.65
307 1 6168.45
308 18 5059.57
309 4 4192.88
310 7 3986.2
311 8 3594.39
312 4 3160.37
313 6 3080.92
314 5 3234.83
315 5 3056.53
316 2 3665.89
317 4 3739.73
318 6 3781.59
319 2 4071.68
320 6 4497.44
321 4 4419.01
322 8 4080.56
323 3 3979.16
324 5 4190.11
325 3 4155.35
326 8 4088.24
327 3 3957.27
328 3 4565.88
329 8 4677.15
330 3 4561.79
331 3 4721.2
332 6 4579.27
333 9 4583.28
334 4 4382.24
335 2 4681.7
336 6 4365.64
337 3 4946.84
338 10 4455.62
339 8 3745.81
340 4 3595.37
341 5 3454.72
342 1 4152.93
343 7 4261.64
344 3 4223.48
345 1 5102.2
346 3 5289.79
347 9 4956.96
348 9 4377.28
349 1 4526.15
350 10 4556.33
351 1 4323.31
352 7 4578.68
353 3 4237.82
354 3 4672.64
355 8 4470.07
356 3 4543.04
357 3 5062.06
358 6 4803.27
359 3 5023.15
360 8 4890.15
361 4 4826.99
362 6 4752.29
363 4 5023.13
364 4 4844.16
365 3 5249.02
366 10 5209.2
367 4 4696.62
368 7 4401.12
369 1 4558.95
370 9 4516.01
371 2 4663.9
372 9 4681.28
373 1 4742.98
374 9 4872.95
375 2 4549.82
376 7 4743.28
377 2 4544.57
378 3 5110.42
379 6 5339.24
380 6 5222.19
381 7 4580.06
382 3 4829.75
383 7 4648.57
384 3 4698.17
385 8 4361.48
386 3 4844.6
387 6 4699.65
388 3 4828.24
389 4 5172.26
390 8 4727.94
391 6 4626.64
392 3 4660.23
393 8 4618.46
394 4 4418.67
395 8 4238.03
396 4 4071.25
397 6 3770.71
398 4 4016.27
399 7 3431.91
400 1 3699.75
401 4 4522.17
402 8 4060.95
403 7 3864.98
404 2 3858.43
405 2 4631.25
406 2 4980.61
407 9 4849.81
408 9 4502.21
409 1 4417.75
410 9 4446.77
411 2 4098.37
412 9 4191.94
413 2 3994.21
414 9 3970.32
415 2 3777.04
416 3 4206.99
417 7 3932.86
418 1 4430.22
419 5 4889.24
420 8 4342.21
421 4 4295.34
422 3 4238.59
423 3 5009.58
424 7 4957.35
425 1 4934.51
426 3 5663.71
427 8 5528.9
428 3 5264.36
429 7 5576.84
430 1 5514.32
431 3 6284.33
432 9 6043.05
433 2 6014.11
434 7 6124.04
435 5 5939.27
436 11 5538.59
437 8 4382.79
438 3 4439.48
439 7 4334.25
440 5 4293.49
441 6 3825.86
442 2 4409.72
443 9 4377.39
444 10 3421.93
445 1 3632.09
446 5 3664.83
447 5 3198.03
448 3 3706.22
449 2 4330.84
450 2 4850.14
451 2 5527.92
452 6 5460.15
453 12 4804.16
454 6 3969.86
455 4 4307.87
456 7 3914.89
457 4 4003.06
458 2 4552.63
459 6 4359.3
460 3 4635.19
461 7 4281.37
462 8 4233.1
463 3 3846.91
464 9 4102.45
465 1 3814.02
466 2 4594.79
467 7 4753.01
468 6 4113.92
469 7 3926.44
470 4 4007.69
471 6 4031.72
472 2 4089.12
473 4 4443.43
474 6 4453.88
475 3 4490.97
476 6 4606.19
477 4 4925.33
478 8 4508.89
479 3 4704.58
480 8 4548.28
481 2 4391.81
482 5 4672.64
483 3 4757.99
484 3 5270.23
485 6 5392.69
486 5 4994.44
487 7 5100.22
488 3 4683.51
489 7 4886.85
490 4 4931
491 4 5141.15
492 6 4948.11
493 2 5264.48
494 10 5081.35
495 3 4975.48
496 7 4410.57
497 4 4929.64
498 7 4471.36
499 3 4491.91
500 8 4245.82
501 4 4314.61
502 6 4054.47
503 2 4479.51
504 2 4827.15
505 11 4682.69
506 4 4275.77
507 4 4156.76
508 3 4653.1
509 8 4468.62
510 9 4128.9
511 1 3942.36
512 10 4036.04
513 1 3843.38
514 3 4469.96
515 1 4885.21
516 9 4730.99
517 1 5144.25
518 10 4848.91
519 8 4133.42
520 1 4170.27
521 9 4298.82
522 2 3917.93
523 5 4383.03
524 5 4167.27
525 3 4547.01
526 7 4269.97
527 2 4920.02
528 3 5261.99
529 10 4748.42
530 8 4145.59
531 3 4071.56
532 8 4003.55
533 6 3441.48
534 4 3057.73
535 9 3306.25
536 3 2778.29
537 2 3444.53
538 2 4040.31
539 1 5109.63
540 9 5137.05
541 10 3852.11
542 4 3266.36
543 5 3733.03
544 6 3631.47
545 2 3910.44
546 6 4153.06
547 2 3647.92
548 3 4503.34
549 5 4934.1
550 8 4375.33
551 3 4290.94
552 6 4300
553 7 4212.07
554 4 3951.1
555 6 3995.54
556 1 4551
557 2 5105.3
558 2 5753.12
559 11 5164.33
560 8 4209.95
561 9 4019.61
562 1 4147.38
563 4 4392.71
564 6 4281.65
565 1 4480.84
566 6 4997.95
567 6 4766.58
568 3 4795.45
569 8 4614.55
570 3 4863.77
571 0 0
572 11 4924.56
573 8 4088.46
574 4 4158.73
575 5 4118.84
576 1 4383.76
577 3 5093.28
578 10 4869.88
579 4 4698.31
580 4 4756.5
581 1 5084.94
582 10 4936.79
583 1 5034.81
584 12 4892.25
585 2 4091.29
586 7 4096.75
587 1 4626.47
588 10 4419.31
589 2 4184.47
590 4 4780.02
591 14 3482.55
592 5 3103.91
593 4 3136.09
594 1 3510.5
595 1 4278.46
596 2 5119.39
597 1 5564.99
598 2 6770.1
599 11 5933.97
600 14 4376.93
601 4 3956.5
602 6 3582.38
603 2 4030.2
604 4 4509.41
605 11 4025.02
606 4 3415.6
607 7 3345.03
608 3 3014.98
609 8 3404.53
610 3 3032.59
611 9 3083.17
612 0 0
613 3 4073.82
614 3 4338.87
615 5 4532.11
616 9 4071.64
617 4 3648.41
618 4 4134.79
619 4 3799.06
620 2 4428.23
621 9 4172.71
622 2 4270.24
623 2 4840.9
624 14 4075.66
625 8 3229.74
626 2 2596.22
627 2 3820.86
628 3 4068.1
629 7 4478.56
630 4 4257.47
631 2 4160.66
632 13 4003.14
633 5 3075.74
634 3 3155.39
635 7 3350.85
636 2 3549.25
637 2 4176.52
638 8 4335.22
639 12 3120.06
640 0 0
641 6 3191.44
642 6 3155.2
643 7 2878.9
644 1 3136.39
645 8 2837.38
646 8 2679.1
647 0 0
648 3 3512.79
649 5 3465.84
650 9 3411.05
651 3 2891.24
652 2 3542.25
653 3 4146.42
654 7 4164.85
655 9 3502.31
656 3 3446.55
657 4 3420.23
658 10 2845.47
659 1 3097.43
660 8 3107.96
661 3 2818.06
662 6 3368.97
663 2 3374.72
664 7 3541.56
665 5 3027.65
666 1 3730.22
667 6 4067.69
668 6 3749.53
669 6 3349.71
670 0 0
671 3 4530.23
672 3 4976.1
673 6 4832.37
674 6 4707.4
675 7 4421.75
676 4 4831.75
677 7 4371.88
678 8 3909.1
679 5 3692.51
680 5 3305.2
681 10 3148.13
682 0 0
683 3 3778.18
684 3 4101.64
685 11 3945.18
686 5 3364.24
687 3 3464.9
688 6 3484.01
689 4 3596.41
690 6 3139.96
691 2 3733.15
692 1 4736.9
693 9 4343.65
694 8 3743.43
695 3 3565.23
696 3 3986.92
697 8 3896.9
698 7 3362.62
699 8 2982.94
700 1 2671.84
701 7 3318.03
702 3 3096.3
703 4 3617.44
704 5 3712.5
705 3 3663.15
706 10 3427.2
707 7 2347.81
708 2 3161.78
709 2 3256.3
710 6 3641.86
711 3 3843.63
712 9 3750.79
713 5 3126.01
714 1 3921.56
715 4 4167.61
716 4 4303.91
717 9 3726.09
718 3 3862.65
719 4 4130.38
720 9 3821.86
