#second results avg_latency(ms)
0 0 0
1 0 0
2 1 2479.01
3 0 0
4 0 0
5 1 4842.68
6 1 5659.39
7 1 6961.96
8 0 0
9 1 8419.16
10 0 0
11 1 10124
12 0 0
13 1 12227.6
14 0 0
15 1 14433.9
16 0 0
17 0 0
18 1 16902.8
19 0 0
20 0 0
21 1 19847.4
22 0 0
23 0 0
24 1 22911.2
25 1 23147.8
26 0 0
27 0 0
28 2 26122.9
29 0 0
30 0 0
31 1 29101.3
32 1 29474.2
33 0 0
34 0 0
35 1 32509.9
36 1 32569.9
37 0 0
38 0 0
39 2 35814
40 0 0
41 0 0
42 2 38734.4
43 1 39137.5
44 1 40107.6
45 1 40635.6
46 1 41282.6
47 0 0
48 1 42871.8
49 2 43871.4
50 0 0
51 1 45703.4
52 2 46699.1
53 0 0
54 1 47819.1
55 2 48971.4
56 1 49565.1
57 2 50555.2
58 1 51088
59 2 51717
60 3 52297.6
61 1 53024.8
62 2 53648.9
63 2 54109.6
64 1 54833.3
65 4 55144.3
66 1 55838
67 4 56175.4
68 2 56933.7
69 1 56942.4
70 3 57618
71 4 58130.7
72 4 58649.3
73 4 58599.6
74 2 58848.8
75 4 59451.5
76 1 59684.5
77 5 60228.6
78 2 60579.1
79 3 60976.4
80 1 61929.1
81 2 62183.4
82 10 62277.7
83 3 61951.3
84 6 62116.2
85 4 62155.8
86 4 62341.1
87 4 62180.2
88 2 62689
89 8 62600.1
90 5 62368.3
91 2 63003.4
92 10 62248.5
93 4 62143.1
94 3 62263.3
95 2 63026.7
96 2 63662.6
97 3 63858.9
98 2 64391.6
99 2 65377.4
100 6 65573.7
101 2 65827.1
102 1 66389.7
103 10 66016.3
104 0 0
105 1 66648.1
106 2 67891.2
107 9 67361.2
108 1 67798.7
109 0 0
110 8 68546.1
111 2 68685.9
112 2 69472.6
113 2 70225.6
114 3 70429.1
115 2 70903
116 1 71354.1
117 3 72273.3
118 2 72714.6
119 1 72966.6
120 1 74230
121 6 74698.1
122 2 74893.6
123 1 75458.8
124 2 76551.2
125 0 0
126 13 76388.5
127 3 75916.5
128 4 76283.5
129 4 76609.1
130 9 75904
131 9 75611.9
132 8 74714.5
133 3 74916.3
134 3 75353.9
135 7 75030.8
136 2 75186.5
137 2 75866.2
138 5 76206.7
139 4 76046.7
140 4 76174.7
141 10 75563.5
142 2 75637.9
143 1 75983.7
144 15 76337.7
145 9 74282.2
146 10 73385.3
147 1 73142.5
148 3 74388.4
149 20 72488.2
150 4 71443.3
151 6 71174
152 11 70839.9
153 4 70165.2
154 9 70173.6
155 8 69284.4
156 1 69353.5
157 9 68970.4
158 3 69291.3
159 10 68543.4
160 9 67923.9
161 21 65842.3
162 20 63117.4
163 25 59480.7
164 7 56890
165 13 55827.6
166 1 55533.6
167 32 52989.6
168 18 49376.7
169 3 48496
170 17 47608.4
171 2 46049.8
172 21 45144
173 2 43706.8
174 3 44454.3
175 27 42080.9
176 18 39104.4
177 3 37599.3
178 32 35503.3
179 1 32953.9
180 1 33677.3
181 2 34477.6
182 6 34339.3
183 0 0
184 33 32974.8
185 20 28326.1
186 12 26062.9
187 2 25755
188 24 24403.2
189 37 18896
190 14 14586.2
191 10 13463
192 14 12003.8
193 28 8554.56
194 10 6464.56
195 9 5062.06
196 3 4889.84
197 1 5599.19
198 7 6035.63
199 9 5430.34
200 3 5246.75
201 8 5026.47
202 6 4807.07
203 6 4206.15
204 3 4587.71
205 6 4306.46
206 4 4779.12
207 7 4897.11
208 2 4407.89
209 2 5061.16
210 7 4964.6
211 4 5263.98
212 7 4675.41
213 3 4963.44
214 7 4934.87
215 3 5134.69
216 9 4478.19
217 5 4560.41
218 6 4307.81
219 2 4749.34
220 8 4899.14
221 1 4448.96
222 9 4621.62
223 2 4905.39
224 7 4761.84
225 3 4675.02
226 2 5307.22
227 2 6017.71
228 11 5744.96
229 7 4749.66
230 1 4861.75
231 6 5053.42
232 5 4909.72
233 11 4277.67
234 3 4273.09
235 6 4214.09
236 1 4457.15
237 3 5090.94
238 8 5135.48
239 4 4860.72
240 7 4588.12
241 4 4330.34
242 6 4691.09
243 1 5288.01
244 1 5818.8
245 4 6357.11
246 7 5917.65
247 3 6093.53
248 16 5153.97
249 2 4421.18
250 2 4770.57
251 8 4763.49
252 6 4684.1
253 4 4346.11
254 4 4733.98
255 5 5153.16
256 5 5015.69
257 7 4967.93
258 1 4637.88
259 2 5449.33
260 8 5711.18
261 2 5343.2
262 10 5442.3
263 2 5126.82
264 3 5805.7
265 6 5387.94
266 2 5960.24
267 9 6115.89
268 3 5757.21
269 10 5530.81
270 1 5204.99
271 3 5907.47
272 6 5932.85
273 2 6030.77
274 7 6169.56
275 1 6115.26
276 2 6906.8
277 8 7541.03
278 1 7412.88
279 1 8391.48
280 9 8466.21
281 2 7942.26
282 0 0
283 3 9722.66
284 7 9673.75
285 1 9478.52
286 20 8677.9
287 1 7270.95
288 1 8162.26
289 20 7540.93
290 5 6003.07
291 6 5396.97
292 5 5587.04
293 9 5031.31
294 6 4464.33
295 4 4781.69
296 13 3587.44
297 1 3418.23
298 4 3999.41
299 7 4058.71
300 10 3324.38
301 1 3370.13
302 4 3613.44
303 5 3387.27
304 3 3999.08
305 7 4151.33
306 3 4130.39
307 7 4056.92
308 3 4154.01
309 8 3848.42
310 1 3964.66
311 10 3595.36
312 7 3377.22
313 3 2973.35
314 8 2930.56
315 1 3261.57
316 8 3229.12
317 3 3153.59
318 6 3249.85
319 2 2901.83
320 3 3894.4
321 8 3551.97
322 0 0
323 1 5326.74
324 2 5571.79
325 2 5983.8
326 6 6039.41
327 0 0
328 0 0
329 3 8692.27
330 3 8807.96
331 5 8806.48
332 0 0
333 0 0
334 0 0
335 1 12365.4
336 5 13020.6
337 4 13034.4
338 0 0
339 0 0
340 0 0
341 1 16357.2
342 2 17007.8
343 2 17621
344 5 17859.9
345 1 18300.5
346 0 0
347 0 0
348 1 20981.8
349 3 21742.6
350 1 22304.1
351 5 22772.7
352 0 0
353 0 0
354 1 24929.7
355 1 25942.8
356 3 26780.7
357 5 26895.6
358 1 26822.9
359 0 0
360 0 0
361 1 29800.2
362 2 30793.1
363 2 31271.4
364 4 31599.5
365 2 31751
366 5 32360
367 5 32408.4
368 1 33088.7
369 1 33669.7
370 9 33850.7
371 0 0
372 0 0
373 2 35643.8
374 2 36307.2
375 46 32810.5
376 3 28666
377 0 0
378 8 29191.4
379 3 29304.3
380 4 29996.9
381 2 29858.5
382 2 30494.6
383 2 30948.8
384 8 31270.9
385 2 31357.2
386 4 31475.7
387 3 31784.3
388 8 32032.4
389 3 31690.1
390 0 0
391 1 33146.5
392 11 33046.1
393 4 32547.2
394 2 32990.2
395 11 32903.1
396 3 32094.7
397 2 32753.9
398 9 32998.2
399 3 32354.2
400 5 32715.8
401 2 33307.7
402 0 0
403 4 34529.9
404 7 34070
405 12 33728.8
406 1 32953.1
407 4 33798.9
408 3 33734.9
409 11 33602.4
410 8 32756.7
411 3 32866.4
412 11 31968.3
413 8 31133
414 2 30870.1
415 3 31871.1
416 8 31642.7
417 11 30943.8
418 3 30191.5
419 1 30680.8
420 16 30432.6
421 3 29291.6
422 7 29173.6
423 2 29512.4
424 28 27022
425 7 24969.3
426 5 24803.1
427 2 25037.7
428 13 24457.4
429 18 22200.9
430 2 21543.8
431 12 21063.7
432 18 18962.6
433 1 18383.6
434 8 17921.7
435 2 17721.4
436 11 17948.5
437 4 17225.4
438 15 16483.8
439 2 15705.8
440 4 16320
441 7 16207.3
442 2 16520.2
443 10 16219.8
444 2 15821.8
445 40 12579.4
446 20 7793.51
447 18 4308.03
448 5 3664.63
449 6 3444.86
450 2 3686.64
451 3 3959.66
452 8 3703.42
453 4 3900.2
454 5 3883.53
455 2 4054.96
456 10 4088.08
457 2 3929.41
458 3 4422.79
459 7 4466.47
460 4 4443.52
461 7 3868.19
462 4 4011.53
463 6 3916.36
464 5 4022.15
465 6 3668.48
466 4 4038.65
467 6 3885.98
468 2 4059
469 9 4080.97
470 2 3862.5
471 5 4017.6
472 5 4027.38
473 1 4267.56
474 3 4747.32
475 8 4599.27
476 3 4911.88
477 8 4868.01
478 2 4761.89
479 9 4950.69
480 4 4555.39
481 6 4435.87
482 1 4750.06
483 3 5185.68
484 7 5452.72
485 1 5176.56
486 3 6033.2
487 2 6310.81
488 3 6789.1
489 6 6927.84
490 2 7355.85
491 2 8233.08
492 6 7849.66
493 2 8410.72
494 6 8825.34
495 2 9018.59
496 1 9742.85
497 6 9757.33
498 4 9652.62
499 3 10163.1
500 2 10884.4
501 7 10970.3
502 2 11071.9
503 2 11370.7
504 16 10807.8
505 2 9485.96
506 2 9991.19
507 9 10131.9
508 12 8969.67
509 2 8790.31
510 8 9131.6
511 2 9074.26
512 12 8207.31
513 8 7560.7
514 1 7778.38
515 12 6969.75
516 3 6598.96
517 9 6211.96
518 1 6431.38
519 15 5647.77
520 7 4816.5
521 4 4447.17
522 5 4686.71
523 6 4366.77
524 6 4471.81
525 4 4210.59
526 4 4604.66
527 7 4465.33
528 6 4648.88
529 4 3925.04
530 4 4389.25
531 7 4085.32
532 3 4316.66
533 8 3925.18
534 10 3435.17
535 5 3083.28
536 5 2550.34
537 2 3412.15
538 9 3182.97
539 2 3294.61
540 9 2875.84
541 1 3215.61
542 5 3425.52
543 5 3003.79
544 3 3659.41
545 6 3721.44
546 2 3835.66
547 3 4220.35
548 7 4217.14
549 3 4382.61
550 8 4471.53
551 1 4327.93
552 9 4465.49
553 1 4196.78
554 5 4675.84
555 7 4472.69
556 3 4684.85
557 3 5024.99
558 2 5461.51
559 4 5783.78
560 4 6057.84
561 5 6341.5
562 3 6155.51
563 2 6790.73
564 7 7001.16
565 2 6930.28
566 3 7428.67
567 5 7584.33
568 2 7849.93
569 3 8557.91
570 6 8555.15
571 2 8727.69
572 2 9433.36
573 1 9837.07
574 8 9941.83
575 3 10423.4
576 0 0
577 7 11275.6
578 4 11145.6
579 3 11419
580 4 11558.5
581 4 12015
582 6 11796.8
583 2 11760.1
584 9 11884.7
585 7 11397.3
586 4 11013.6
587 1 11601.6
588 1 12274.9
589 11 12643.8
590 1 12159
591 11 11704.5
592 9 11145.7
593 1 11038.7
594 1 11492.8
595 10 11476.6
596 3 11274.5
597 20 9768.78
598 8 8062.44
599 2 8510.27
600 12 8095.48
601 6 6862.14
602 11 6605.28
603 12 5056.48
604 4 4168.64
605 11 4012.43
606 7 3098.83
607 2 3420.23
608 8 3296.74
609 5 3026.14
610 5 2642.21
611 3 3282.31
612 7 2860.79
613 1 3637.1
614 4 3806.93
615 8 3476.81
616 8 2879.64
617 1 3509.78
618 2 4035.01
619 8 3699.75
620 10 3190.45
621 0 0
622 4 3714.75
623 8 3210.21
624 8 3000.44
625 1 3163.74
626 9 3001.54
627 1 3382.94
628 8 3224.13
629 4 2970.86
630 4 3157.31
631 10 2492.53
632 1 2983.41
633 4 3083.11
634 5 2969.31
635 4 3463.97
636 3 3608.56
637 3 4123.62
638 1 4728.64
639 3 5069.87
640 16 4173.24
641 5 2927.44
642 4 3102.56
643 6 3053.46
644 4 3080.7
645 8 2793.9
646 3 2877.33
647 6 2588.77
648 6 3025.2
649 3 2862.97
650 8 2995.48
651 1 2630.35
652 2 3672.95
653 2 4278.25
654 5 4698.95
655 2 5063.72
656 2 5604.43
657 12 5061.36
658 2 4472.69
659 8 4734.74
660 8 4001.25
661 7 3549.9
662 3 3534.25
663 5 3434.23
664 2 3872.77
665 10 3710.49
666 3 3720.28
667 7 3540.79
668 4 3399.2
669 4 3558.15
670 3 3815.85
671 5 4070.04
672 2 4422.61
673 3 5002.57
674 3 5547.08
675 2 5984.07
676 2 6350.81
677 4 6791.82
678 2 7281.49
679 1 8048.61
680 1 8594.99
681 4 9175.91
682 3 9373.89
683 1 9955.22
684 2 10912.5
685 10 10750.9
686 2 10670.9
687 5 10478
688 12 10239.9
689 3 9459.22
690 2 10244.7
691 14 9453.43
692 5 8551.46
693 6 8371
694 10 7862.77
695 1 7755.23
696 13 7620.8
697 7 6376.62
698 6 6161.23
699 6 5515.3
700 12 5124.8
701 11 3790.58
702 6 2992.91
703 3 2699.46
704 3 3600.97
705 8 3435.84
706 9 2999.62
707 0 0
708 9 2775.41
709 1 3295.08
710 4 3775.24
711 6 3184.3
712 7 3095.65
713 4 2550.96
714 3 3558.7
715 7 3300.62
716 1 3658.15
717 7 3449.18
718 3 3569.04
719 2 4469.16
720 11 4122.16
