****************WLQ worker 15****************
Received WLQ tasks: 653
Average no. of tuples in the results set of a window: 4590.83
Average processing time per WLQ task (us): 304521
****************WLQ worker 14****************
Received WLQ tasks: 584
Average no. of tuples in the results set of a window: 4554.39
Average processing time per WLQ task (us): 303875
****************WLQ worker 52****************
Received WLQ tasks: 1303
Average no. of tuples in the results set of a window: 4488.41
Average processing time per WLQ task (us): 310523
****************WLQ worker 23****************
Received WLQ tasks: 275
Average no. of tuples in the results set of a window: 4888.87
Average processing time per WLQ task (us): 290057
****************WLQ worker 53****************
Received WLQ tasks: 1293
Average no. of tuples in the results set of a window: 4482.56
Average processing time per WLQ task (us): 315310
****************WLQ worker 57****************
Received WLQ tasks: 0
Average no. of tuples in the results set of a window: 0
Average processing time per WLQ task (us): 0
****************WLQ worker 24****************
Received WLQ tasks: 141
Average no. of tuples in the results set of a window: 4655.56
Average processing time per WLQ task (us): 354093
****************WLQ worker 20****************
Received WLQ tasks: 512
Average no. of tuples in the results set of a window: 4924.66
Average processing time per WLQ task (us): 339922
****************WLQ worker 30****************
Received WLQ tasks: 114
Average no. of tuples in the results set of a window: 4827.92
Average processing time per WLQ task (us): 333949
****************WLQ worker 33****************
Received WLQ tasks: 139
Average no. of tuples in the results set of a window: 4310.77
Average processing time per WLQ task (us): 273860
****************WLQ worker 9****************
Received WLQ tasks: 689
Average no. of tuples in the results set of a window: 4893.85
Average processing time per WLQ task (us): 327952
****************WLQ worker 19****************
Received WLQ tasks: 447
Average no. of tuples in the results set of a window: 5043.72
Average processing time per WLQ task (us): 346572
****************WLQ worker 31****************
Received WLQ tasks: 124
Average no. of tuples in the results set of a window: 4768.56
Average processing time per WLQ task (us): 282398
****************WLQ worker 36****************
Received WLQ tasks: 239
Average no. of tuples in the results set of a window: 4653
Average processing time per WLQ task (us): 335976
****************WLQ worker 28****************
Received WLQ tasks: 106
Average no. of tuples in the results set of a window: 4500.75
Average processing time per WLQ task (us): 295193
****************WLQ worker 54****************
Received WLQ tasks: 1318
Average no. of tuples in the results set of a window: 4469.38
Average processing time per WLQ task (us): 304985
****************WLQ worker 6****************
Received WLQ tasks: 399
Average no. of tuples in the results set of a window: 4988.56
Average processing time per WLQ task (us): 334968
****************WLQ worker 7****************
Received WLQ tasks: 817
Average no. of tuples in the results set of a window: 4740.4
Average processing time per WLQ task (us): 318647
****************WLQ worker 56****************
Received WLQ tasks: 0
Average no. of tuples in the results set of a window: 0
Average processing time per WLQ task (us): 0
****************WLQ worker 42****************
Received WLQ tasks: 465
Average no. of tuples in the results set of a window: 4868.77
Average processing time per WLQ task (us): 352394
****************WLQ worker 41****************
Received WLQ tasks: 482
Average no. of tuples in the results set of a window: 4830.55
Average processing time per WLQ task (us): 356746
****************WLQ worker 16****************
Received WLQ tasks: 642
Average no. of tuples in the results set of a window: 4638.56
Average processing time per WLQ task (us): 296421
****************WLQ worker 37****************
Received WLQ tasks: 227
Average no. of tuples in the results set of a window: 5044.86
Average processing time per WLQ task (us): 336001
****************WLQ worker 26****************
Received WLQ tasks: 127
Average no. of tuples in the results set of a window: 4509.56
Average processing time per WLQ task (us): 339135
****************WLQ worker 1****************
Received WLQ tasks: 619
Average no. of tuples in the results set of a window: 4373.08
Average processing time per WLQ task (us): 287347
****************WLQ worker 8****************
Received WLQ tasks: 709
Average no. of tuples in the results set of a window: 4854.95
Average processing time per WLQ task (us): 323149
****************WLQ worker 17****************
Received WLQ tasks: 552
Average no. of tuples in the results set of a window: 4804.62
Average processing time per WLQ task (us): 314458
****************WLQ worker 48****************
Received WLQ tasks: 1289
Average no. of tuples in the results set of a window: 4725.6
Average processing time per WLQ task (us): 331773
****************WLQ worker 47****************
Received WLQ tasks: 1261
Average no. of tuples in the results set of a window: 4780.74
Average processing time per WLQ task (us): 336090
****************WLQ worker 0****************
Received WLQ tasks: 277
Average no. of tuples in the results set of a window: 3999.11
Average processing time per WLQ task (us): 235529
****************WLQ worker 58****************
Received WLQ tasks: 1825
Average no. of tuples in the results set of a window: 4527.64
Average processing time per WLQ task (us): 318677
****************WLQ worker 45****************
Received WLQ tasks: 824
Average no. of tuples in the results set of a window: 4895.68
Average processing time per WLQ task (us): 333638
****************WLQ worker 46****************
Received WLQ tasks: 1257
Average no. of tuples in the results set of a window: 4786.44
Average processing time per WLQ task (us): 333893
****************WLQ worker 10****************
Received WLQ tasks: 621
Average no. of tuples in the results set of a window: 4954.98
Average processing time per WLQ task (us): 344593
****************WLQ worker 11****************
Received WLQ tasks: 699
Average no. of tuples in the results set of a window: 4772.31
Average processing time per WLQ task (us): 315954
****************WLQ worker 12****************
Received WLQ tasks: 554
Average no. of tuples in the results set of a window: 4749.89
Average processing time per WLQ task (us): 314072
****************WLQ worker 18****************
Received WLQ tasks: 469
Average no. of tuples in the results set of a window: 5001.78
Average processing time per WLQ task (us): 355728
****************WLQ worker 29****************
Received WLQ tasks: 114
Average no. of tuples in the results set of a window: 4537.38
Average processing time per WLQ task (us): 315400
****************WLQ worker 22****************
Received WLQ tasks: 287
Average no. of tuples in the results set of a window: 4812.23
Average processing time per WLQ task (us): 305099
****************WLQ worker 21****************
Received WLQ tasks: 261
Average no. of tuples in the results set of a window: 4875.65
Average processing time per WLQ task (us): 307635
****************WLQ worker 50****************
Received WLQ tasks: 1049
Average no. of tuples in the results set of a window: 4765.38
Average processing time per WLQ task (us): 337881
****************WLQ worker 49****************
Received WLQ tasks: 1360
Average no. of tuples in the results set of a window: 4740.9
Average processing time per WLQ task (us): 318828
****************WLQ worker 34****************
Received WLQ tasks: 147
Average no. of tuples in the results set of a window: 4819.44
Average processing time per WLQ task (us): 348251
****************WLQ worker 44****************
Received WLQ tasks: 539
Average no. of tuples in the results set of a window: 4818.98
Average processing time per WLQ task (us): 330466
****************WLQ worker 43****************
Received WLQ tasks: 443
Average no. of tuples in the results set of a window: 4986.8
Average processing time per WLQ task (us): 351448
****************WLQ worker 55****************
Received WLQ tasks: 1269
Average no. of tuples in the results set of a window: 4560.18
Average processing time per WLQ task (us): 320273
****************WLQ worker 32****************
Received WLQ tasks: 138
Average no. of tuples in the results set of a window: 4715.46
Average processing time per WLQ task (us): 307592
****************WLQ worker 51****************
Received WLQ tasks: 1312
Average no. of tuples in the results set of a window: 4558.64
Average processing time per WLQ task (us): 311444
****************WLQ worker 35****************
Received WLQ tasks: 228
Average no. of tuples in the results set of a window: 4736
Average processing time per WLQ task (us): 315187
****************WLQ worker 39****************
Received WLQ tasks: 499
Average no. of tuples in the results set of a window: 4794.07
Average processing time per WLQ task (us): 346911
****************WLQ worker 40****************
Received WLQ tasks: 481
Average no. of tuples in the results set of a window: 4908.98
Average processing time per WLQ task (us): 366761
****************WLQ worker 27****************
Received WLQ tasks: 114
Average no. of tuples in the results set of a window: 4496.44
Average processing time per WLQ task (us): 378077
****************WLQ worker 13****************
Received WLQ tasks: 604
Average no. of tuples in the results set of a window: 4719.43
Average processing time per WLQ task (us): 304776
****************WLQ worker 25****************
Received WLQ tasks: 115
Average no. of tuples in the results set of a window: 4664.65
Average processing time per WLQ task (us): 389513
****************WLQ worker 38****************
Received WLQ tasks: 405
Average no. of tuples in the results set of a window: 4763.79
Average processing time per WLQ task (us): 310124
****************WLQ worker 3****************
Received WLQ tasks: 528
Average no. of tuples in the results set of a window: 4897.18
Average processing time per WLQ task (us): 320370
****************WLQ worker 4****************
Received WLQ tasks: 897
Average no. of tuples in the results set of a window: 4686.71
Average processing time per WLQ task (us): 303923
****************WLQ worker 2****************
Received WLQ tasks: 775
Average no. of tuples in the results set of a window: 4622.56
Average processing time per WLQ task (us): 312826
****************WLQ worker 5****************
Received WLQ tasks: 738
Average no. of tuples in the results set of a window: 4660.44
Average processing time per WLQ task (us): 318614
