****************WLQ worker 22****************
Received WLQ tasks: 132
Average no. of tuples in the results set of a window: 5400.5
Average processing time per WLQ task (us): 342899
****************WLQ worker 23****************
Received WLQ tasks: 122
Average no. of tuples in the results set of a window: 5547.67
Average processing time per WLQ task (us): 347691
****************WLQ worker 42****************
Received WLQ tasks: 517
Average no. of tuples in the results set of a window: 5580.07
Average processing time per WLQ task (us): 359091
****************WLQ worker 48****************
Received WLQ tasks: 493
Average no. of tuples in the results set of a window: 5523
Average processing time per WLQ task (us): 376855
****************WLQ worker 13****************
Received WLQ tasks: 245
Average no. of tuples in the results set of a window: 5824.65
Average processing time per WLQ task (us): 324445
****************WLQ worker 30****************
Received WLQ tasks: 344
Average no. of tuples in the results set of a window: 5566.46
Average processing time per WLQ task (us): 307994
****************WLQ worker 17****************
Received WLQ tasks: 185
Average no. of tuples in the results set of a window: 5375.64
Average processing time per WLQ task (us): 286712
****************WLQ worker 7****************
Received WLQ tasks: 272
Average no. of tuples in the results set of a window: 5519.88
Average processing time per WLQ task (us): 289438
****************WLQ worker 29****************
Received WLQ tasks: 202
Average no. of tuples in the results set of a window: 5430.88
Average processing time per WLQ task (us): 342253
****************WLQ worker 10****************
Received WLQ tasks: 290
Average no. of tuples in the results set of a window: 5600.38
Average processing time per WLQ task (us): 271047
****************WLQ worker 1****************
Received WLQ tasks: 230
Average no. of tuples in the results set of a window: 5412.89
Average processing time per WLQ task (us): 225023
****************WLQ worker 35****************
Received WLQ tasks: 331
Average no. of tuples in the results set of a window: 5664.52
Average processing time per WLQ task (us): 355568
****************WLQ worker 41****************
Received WLQ tasks: 547
Average no. of tuples in the results set of a window: 5499.18
Average processing time per WLQ task (us): 354715
****************WLQ worker 34****************
Received WLQ tasks: 341
Average no. of tuples in the results set of a window: 5708.67
Average processing time per WLQ task (us): 385449
****************WLQ worker 33****************
Received WLQ tasks: 365
Average no. of tuples in the results set of a window: 5548.65
Average processing time per WLQ task (us): 338049
****************WLQ worker 43****************
Received WLQ tasks: 525
Average no. of tuples in the results set of a window: 5620.6
Average processing time per WLQ task (us): 352677
****************WLQ worker 44****************
Received WLQ tasks: 554
Average no. of tuples in the results set of a window: 5424.34
Average processing time per WLQ task (us): 334235
****************WLQ worker 39****************
Received WLQ tasks: 541
Average no. of tuples in the results set of a window: 5491.67
Average processing time per WLQ task (us): 333105
****************WLQ worker 40****************
Received WLQ tasks: 549
Average no. of tuples in the results set of a window: 5504.29
Average processing time per WLQ task (us): 350531
****************WLQ worker 46****************
Received WLQ tasks: 500
Average no. of tuples in the results set of a window: 5483.48
Average processing time per WLQ task (us): 362778
****************WLQ worker 45****************
Received WLQ tasks: 514
Average no. of tuples in the results set of a window: 5481.06
Average processing time per WLQ task (us): 354876
****************WLQ worker 53****************
Received WLQ tasks: 564
Average no. of tuples in the results set of a window: 5548.9
Average processing time per WLQ task (us): 353142
****************WLQ worker 54****************
Received WLQ tasks: 536
Average no. of tuples in the results set of a window: 5510.87
Average processing time per WLQ task (us): 342454
****************WLQ worker 47****************
Received WLQ tasks: 532
Average no. of tuples in the results set of a window: 5472.56
Average processing time per WLQ task (us): 335780
****************WLQ worker 49****************
Received WLQ tasks: 512
Average no. of tuples in the results set of a window: 5542.17
Average processing time per WLQ task (us): 337383
****************WLQ worker 12****************
Received WLQ tasks: 251
Average no. of tuples in the results set of a window: 5332.63
Average processing time per WLQ task (us): 308625
****************WLQ worker 11****************
Received WLQ tasks: 256
Average no. of tuples in the results set of a window: 5579.19
Average processing time per WLQ task (us): 341622
****************WLQ worker 57****************
Received WLQ tasks: 550
Average no. of tuples in the results set of a window: 5556.3
Average processing time per WLQ task (us): 342227
****************WLQ worker 58****************
Received WLQ tasks: 570
Average no. of tuples in the results set of a window: 5530.75
Average processing time per WLQ task (us): 358286
****************WLQ worker 56****************
Received WLQ tasks: 560
Average no. of tuples in the results set of a window: 5425.26
Average processing time per WLQ task (us): 348930
****************WLQ worker 51****************
Received WLQ tasks: 557
Average no. of tuples in the results set of a window: 5456.78
Average processing time per WLQ task (us): 322669
****************WLQ worker 52****************
Received WLQ tasks: 565
Average no. of tuples in the results set of a window: 5494.47
Average processing time per WLQ task (us): 334421
****************WLQ worker 4****************
Received WLQ tasks: 217
Average no. of tuples in the results set of a window: 5568.73
Average processing time per WLQ task (us): 278582
****************WLQ worker 3****************
Received WLQ tasks: 287
Average no. of tuples in the results set of a window: 5930.89
Average processing time per WLQ task (us): 251213
****************WLQ worker 16****************
Received WLQ tasks: 179
Average no. of tuples in the results set of a window: 5721.06
Average processing time per WLQ task (us): 398031
****************WLQ worker 18****************
Received WLQ tasks: 168
Average no. of tuples in the results set of a window: 5744.17
Average processing time per WLQ task (us): 333428
****************WLQ worker 9****************
Received WLQ tasks: 243
Average no. of tuples in the results set of a window: 5460.94
Average processing time per WLQ task (us): 320821
****************WLQ worker 19****************
Received WLQ tasks: 97
Average no. of tuples in the results set of a window: 5631
Average processing time per WLQ task (us): 326184
****************WLQ worker 20****************
Received WLQ tasks: 143
Average no. of tuples in the results set of a window: 5631.86
Average processing time per WLQ task (us): 406808
****************WLQ worker 6****************
Received WLQ tasks: 288
Average no. of tuples in the results set of a window: 5522.68
Average processing time per WLQ task (us): 310116
****************WLQ worker 5****************
Received WLQ tasks: 210
Average no. of tuples in the results set of a window: 5689
Average processing time per WLQ task (us): 329628
****************WLQ worker 8****************
Received WLQ tasks: 288
Average no. of tuples in the results set of a window: 5568.95
Average processing time per WLQ task (us): 314363
****************WLQ worker 21****************
Received WLQ tasks: 138
Average no. of tuples in the results set of a window: 5758
Average processing time per WLQ task (us): 337196
****************WLQ worker 24****************
Received WLQ tasks: 159
Average no. of tuples in the results set of a window: 5705.5
Average processing time per WLQ task (us): 309347
****************WLQ worker 50****************
Received WLQ tasks: 542
Average no. of tuples in the results set of a window: 5529.18
Average processing time per WLQ task (us): 351921
****************WLQ worker 14****************
Received WLQ tasks: 230
Average no. of tuples in the results set of a window: 5649.05
Average processing time per WLQ task (us): 354605
****************WLQ worker 55****************
Received WLQ tasks: 526
Average no. of tuples in the results set of a window: 5546.41
Average processing time per WLQ task (us): 381839
****************WLQ worker 15****************
Received WLQ tasks: 219
Average no. of tuples in the results set of a window: 5656
Average processing time per WLQ task (us): 323328
****************WLQ worker 27****************
Received WLQ tasks: 255
Average no. of tuples in the results set of a window: 5596.33
Average processing time per WLQ task (us): 338164
****************WLQ worker 28****************
Received WLQ tasks: 220
Average no. of tuples in the results set of a window: 5508.62
Average processing time per WLQ task (us): 391060
****************WLQ worker 32****************
Received WLQ tasks: 188
Average no. of tuples in the results set of a window: 5527.87
Average processing time per WLQ task (us): 334226
****************WLQ worker 31****************
Received WLQ tasks: 287
Average no. of tuples in the results set of a window: 5633.44
Average processing time per WLQ task (us): 335800
****************WLQ worker 0****************
Received WLQ tasks: 195
Average no. of tuples in the results set of a window: 5459.6
Average processing time per WLQ task (us): 226236
****************WLQ worker 38****************
Received WLQ tasks: 507
Average no. of tuples in the results set of a window: 5547.29
Average processing time per WLQ task (us): 368463
****************WLQ worker 37****************
Received WLQ tasks: 311
Average no. of tuples in the results set of a window: 5714.86
Average processing time per WLQ task (us): 365840
****************WLQ worker 26****************
Received WLQ tasks: 200
Average no. of tuples in the results set of a window: 5515.73
Average processing time per WLQ task (us): 308789
****************WLQ worker 25****************
Received WLQ tasks: 134
Average no. of tuples in the results set of a window: 5510.67
Average processing time per WLQ task (us): 347916
****************WLQ worker 2****************
Received WLQ tasks: 215
Average no. of tuples in the results set of a window: 5494.14
Average processing time per WLQ task (us): 249801
****************WLQ worker 36****************
Received WLQ tasks: 322
Average no. of tuples in the results set of a window: 5601.09
Average processing time per WLQ task (us): 371023
