#second results avg_latency(ms)
0 0 0
1 0 0
2 0 0
3 1 3726.21
4 1 4519.65
5 1 5676.24
6 0 0
7 1 7052.79
8 0 0
9 1 8505.63
10 0 0
11 1 10380.1
12 1 11516.5
13 1 12401.2
14 1 13662.2
15 0 0
16 1 14554.5
17 1 15673.6
18 1 16760.2
19 0 0
20 1 18177.7
21 1 19430.1
22 0 0
23 1 21192
24 0 0
25 2 22470.7
26 0 0
27 1 24108.6
28 1 25397
29 1 25675.3
30 1 27029.3
31 2 27662.7
32 0 0
33 2 29280.9
34 2 29628.7
35 1 30426.8
36 1 31457.9
37 2 31924.6
38 2 32237.9
39 1 33357.9
40 4 33476
41 5 34229.9
42 2 34427.5
43 2 34696.8
44 4 35269.7
45 4 35230.5
46 4 35665.2
47 3 35501
48 4 36055.2
49 7 35940.2
50 5 35405.7
51 7 35841.9
52 6 34967.2
53 3 35527.4
54 4 35859.7
55 11 34928.9
56 7 34463.5
57 2 34498.4
58 3 34708.2
59 7 34773.3
60 1 35457.5
61 11 35151.3
62 2 34840.5
63 1 35343.6
64 15 34423
65 1 34616.2
66 9 33861.9
67 8 33777.7
68 14 32326.8
69 2 31821.3
70 2 32393.4
71 5 32472.8
72 1 32821
73 9 33218.9
74 1 32751.3
75 11 32597
76 1 32371.2
77 2 33203.6
78 1 33932.5
79 7 34176.9
80 11 33662.1
81 9 32181.8
82 2 32117.4
83 42 29207.4
84 3 25409.4
85 8 25585.9
86 0 0
87 2 26343.1
88 30 24020.7
89 12 21210
90 19 18589.1
91 3 17748.7
92 19 16169.8
93 2 15295.9
94 21 13654.7
95 22 10570.4
96 12 8060.99
97 19 6082.88
98 14 3709.31
99 2 3507.57
100 9 3040.09
101 10 2500.96
102 0 0
103 4 2879.45
104 5 2863.94
105 1 3427.24
106 5 3733.23
107 6 3422.35
108 9 2986.99
109 1 3260.4
110 4 3642.24
111 6 3371.63
112 1 4048.54
113 9 3847.45
114 2 3884.81
115 5 4235.8
116 6 3973.08
117 2 4183.14
118 9 3943.21
119 2 3783.23
120 7 3879.39
121 4 4203.72
122 6 4036.14
123 3 4015.04
124 4 4404.05
125 5 4383.75
126 3 5101.79
127 5 4804.75
128 4 4801.3
129 3 5497
130 3 5999.02
131 9 5846.95
132 1 5585.36
133 10 5589.63
134 2 5190.54
135 3 5927.26
136 4 6412.97
137 12 5402.61
138 2 5108.29
139 7 5221.07
140 3 5259.04
141 14 4518.45
142 3 3907.47
143 3 4423.72
144 5 4343.03
145 2 4592.91
146 6 4948.14
147 13 4159.47
148 5 3250.11
149 2 3215.23
150 2 3698.37
151 1 4350.14
152 2 5382.56
153 4 5839.9
154 4 6101.37
155 1 6615.06
156 1 7135.64
157 2 7943.19
158 12 7855.86
159 3 7274.48
160 1 8188.48
161 10 7759.72
162 6 7025.73
163 4 7307.9
164 8 6879.06
165 13 5863.27
166 2 5405.17
167 12 5205.44
168 1 4380.21
169 2 5243.89
170 3 5934.57
171 11 5093.17
172 15 3888.26
173 3 3089.69
174 5 3275.32
175 2 3535.51
176 7 3723.31
177 10 3075.18
178 2 2307.32
179 1 3463.02
180 2 4071.65
181 8 3962.67
182 0 0
183 1 5598.27
184 2 6142.44
185 2 6555.09
186 5 6394.85
187 0 0
188 0 0
189 0 0
190 1 10048
191 4 10607.6
192 1 10948.6
193 6 11041.6
194 1 11874
195 3 12371.1
196 2 12932.2
197 5 13134.8
198 0 0
199 0 0
200 2 15567.6
201 3 15910.6
202 2 16650.2
203 3 17038
204 0 0
205 0 0
206 0 0
207 0 0
208 1 21339.8
209 1 22359.1
210 1 23321.1
211 2 24098.4
212 31 22006.6
213 1 19555.6
214 0 0
215 3 20972.5
216 3 21637.3
217 8 21233.2
218 8 20389.4
219 3 20568.2
220 11 20238.7
221 11 19238.1
222 1 18967.6
223 1 19883.1
224 1 20580.6
225 7 20564.4
226 13 19668.3
227 8 18116.3
228 11 17953.2
229 2 17588.9
230 11 17073.6
231 2 16540.1
232 8 16718
233 7 16017.2
234 3 16008.8
235 9 15741.4
236 1 16037.1
237 2 16617.6
238 30 14716.4
239 21 10361.5
240 4 8645.27
241 27 7037.3
242 2 4859.89
243 3 5180.19
244 5 5480.13
245 10 5098.88
246 9 4202.4
247 4 3990.85
248 6 3489.97
249 1 3759.06
250 10 4277.16
251 2 3838.23
252 3 4334.49
253 6 4798.71
254 3 4541.68
255 3 5096.49
256 9 4683.26
257 2 4733.65
258 6 4952.08
259 2 5306.89
260 9 5262.07
261 3 4531.21
262 7 4489.6
263 2 5090.75
264 4 5543.25
265 4 5540.05
266 2 5981.67
267 6 6277.79
268 7 5759.29
269 7 5539.25
270 2 5414.62
271 2 6214.28
272 5 6645.97
273 5 6304.64
274 1 6802.9
275 5 7117.07
276 6 6917.2
277 5 6825.89
278 4 7240.32
279 3 7352.67
280 6 7597.27
281 2 7557.41
282 1 8359.53
283 12 8381.6
284 9 7013.58
285 9 6109.82
286 16 4907.97
287 3 3618.88
288 2 4310.49
289 6 4543.05
290 5 4197.51
291 2 4948.78
292 8 4855.67
293 3 4795.21
294 8 4525.39
295 10 3801.37
296 3 3511.37
297 7 3313.75
298 1 3943.16
299 3 4318.91
300 13 3624.97
301 3 2631.06
302 2 3495.16
303 5 3711.05
304 4 3660.34
305 2 4405
306 9 4026.64
307 3 4195.67
308 3 4362.72
309 6 4195.53
310 8 4270.13
311 4 4085.45
312 8 3712.29
313 8 3145.8
314 3 3158.16
315 6 2803.42
316 3 3331.8
317 7 3340.5
318 2 3548.73
319 3 3970.26
320 6 3801.86
321 2 3788.01
322 6 4388.34
323 4 3852.09
324 3 4609.65
325 5 4926.02
326 5 4538.18
327 3 5057.55
328 2 5667.76
329 0 0
330 8 6260.2
331 1 6975.79
332 2 7296.21
333 1 7862.97
334 9 7780.1
335 0 0
336 9 8409.5
337 1 8117.83
338 10 8477.91
339 0 0
340 1 8946.4
341 4 9290.47
342 18 8082.6
343 8 7001.74
344 3 6260.27
345 11 6034.32
346 8 5170.51
347 7 4880.49
348 6 4427.39
349 2 4677.99
350 7 4557.53
351 4 4477.46
352 7 4454.47
353 3 4468.24
354 8 4221.37
355 3 4419.36
356 6 4531.5
357 3 4452.66
358 4 4801.89
359 6 4909.47
360 2 4906.65
361 8 5215.46
362 3 4826.73
363 1 5658.95
364 8 5459.64
365 1 5665.19
366 3 6418.83
367 8 6015.13
368 0 0
369 9 6245.62
370 2 6351.83
371 10 6375.9
372 1 6039.55
373 9 6262.41
374 2 6213.27
375 9 5997.86
376 8 5198.45
377 3 4942.51
378 7 5210.63
379 3 5350.49
380 9 5100.35
381 3 4789.89
382 7 4903.3
383 3 4860.65
384 7 4703.75
385 4 4661.67
386 7 4695.25
387 3 4597.23
388 7 4749.89
389 2 4914.48
390 5 5020.03
391 7 4769.35
392 4 4759.71
393 5 4665.57
394 4 4946.97
395 9 4320.3
396 6 4109.71
397 6 3927.42
398 5 3438.78
399 9 3537.92
400 1 3786.3
401 6 3848.68
402 5 3249.19
403 4 3873.07
404 5 3655.12
405 2 4013.27
406 3 4524.55
407 7 4314.49
408 2 4565.39
409 9 4755.61
410 2 4654.95
411 8 4623.6
412 1 4429.94
413 3 5085.95
414 5 5221.36
415 8 5092.63
416 4 4939.4
417 8 4717.66
418 4 4291.29
419 3 4731.79
420 2 5427.27
421 7 4958.8
422 2 5272.47
423 2 6092.65
424 2 6892.47
425 6 7179.45
426 1 7011.92
427 2 7801.14
428 7 8010.23
429 2 8123.09
430 0 0
431 2 9466.91
432 7 9798.2
433 2 10073.9
434 2 10945.4
435 2 11178.1
436 7 11190.7
437 1 11743.6
438 10 11500.5
439 1 11644.6
440 1 12161.1
441 10 11616.7
442 19 10026.5
443 30 6354.68
444 8 3283.44
445 2 3568.63
446 10 3151.91
447 0 0
448 4 3646.34
449 7 3366.68
450 2 3892.66
451 9 3851.48
452 2 3771.64
453 4 3935.26
454 6 3900.97
455 4 3916.24
456 4 4361.19
457 4 4072.01
458 3 4509.27
459 7 4659.34
460 4 4647.79
461 7 4271.95
462 2 4575.7
463 7 4749.42
464 2 4701.8
465 6 5045.27
466 5 4627.72
467 3 4875.92
468 7 5173.31
469 3 5017.05
470 3 5326.13
471 8 5534.53
472 2 5436.39
473 1 6138.46
474 8 6240.63
475 0 0
476 9 6261.5
477 1 6464.13
478 2 7184.82
479 9 6860.84
480 3 6731.87
481 4 6907.25
482 4 7023.63
483 10 6832.22
484 2 6894.51
485 3 7427.25
486 12 6481.81
487 4 5761.51
488 7 6079.59
489 6 5343.9
490 4 5651.63
491 7 5425.75
492 7 5307.95
493 4 5087.89
494 7 4920.61
495 3 5074.02
496 8 4880.6
497 3 4655.41
498 8 4552.39
499 3 4628.17
500 8 4334.98
501 3 4359.17
502 7 4181.67
503 2 4494.53
504 9 4305.41
505 3 4364.02
506 5 4541.3
507 4 4223.86
508 3 4815.41
509 8 4741.89
510 3 4698.63
511 7 4688.36
512 4 4324.42
513 7 4202.17
514 2 4467.7
515 6 4853.39
516 3 4615.27
517 3 5451.5
518 9 4851.34
519 2 4792.1
520 7 4632.57
521 4 4856.44
522 7 4508.8
523 4 4772.05
524 7 4770.29
525 2 4766.3
526 6 5039.86
527 4 4710.77
528 3 5162.79
529 7 4893.07
530 4 5003.15
531 8 4610.55
532 3 4846.47
533 10 4243.86
534 8 3695.13
535 9 2883.76
536 0 0
537 5 3623.24
538 7 3301.84
539 9 2663.94
540 1 3262.28
541 4 3427.44
542 4 3107.39
543 3 3988.05
544 5 3959.66
545 2 3856.86
546 0 0
547 0 0
548 3 6992.13
549 3 7164.29
550 5 7177.56
551 0 0
552 1 9025.35
553 3 9515.43
554 3 9710.98
555 3 9952.1
556 1 10431.9
557 1 11528.9
558 3 12189.2
559 3 12575.7
560 5 12547.7
561 1 13256.4
562 5 13661.8
563 14 12777.4
564 1 12385.7
565 3 12895.8
566 8 12661.9
567 1 13262.9
568 1 13787.7
569 3 14245.1
570 7 13843.4
571 2 14219.9
572 1 14728.6
573 4 15542.8
574 14 14716.4
575 3 14123
576 1 14793.8
577 2 15359.5
578 6 15635
579 3 15407.6
580 7 15676
581 2 15604.2
582 3 16056.3
583 8 16393.3
584 3 15900
585 13 15182.5
586 2 14629.6
587 3 15399
588 14 14542.3
589 1 14415.1
590 2 14957.5
591 8 14800.3
592 2 14870.2
593 4 15418.3
594 19 13732.2
595 1 12835.2
596 42 9900.77
597 15 5057.65
598 8 3890.18
599 7 3357.68
600 2 3079.65
601 3 3837.2
602 7 3762.51
603 2 3742.26
604 9 3913.98
605 10 3015.76
606 1 3122.76
607 4 3303.87
608 6 3100.04
609 7 2620.08
610 3 3205.85
611 6 2820.8
612 4 3281.53
613 5 3215.12
614 2 3295.91
615 10 3439.97
616 1 3482.88
617 3 3744.06
618 4 4257.29
619 5 3857.26
620 9 3751.8
621 2 3842.67
622 8 3956.13
623 6 3293.23
624 6 3075.66
625 7 2680.96
626 1 3129.08
627 4 3490.07
628 6 3465.68
629 7 3155.11
630 4 3257.94
631 6 3022.89
632 6 2908.42
633 3 2905.05
634 2 3694.84
635 8 3448.14
636 1 3407.06
637 2 4233.11
638 1 5100.94
639 6 5412.78
640 2 5742.15
641 11 5619.64
642 6 4483.04
643 9 4062.98
644 10 3229.02
645 2 2794.33
646 8 3002.34
647 4 2955.66
648 6 2561.98
649 1 3392.34
650 9 3046.42
651 1 3375.28
652 1 3752.04
653 3 4305.16
654 4 4744.16
655 1 5318.4
656 3 5721.5
657 11 5541.18
658 3 4899.81
659 8 5068
660 7 4446.82
661 8 3977.79
662 2 3643.49
663 7 3835.71
664 3 4033.3
665 8 3630.21
666 2 3825.7
667 9 3739.16
668 3 3628.62
669 5 3651.54
670 3 4106.02
671 5 4339.91
672 2 4516.51
673 2 4928.36
674 3 5627.18
675 6 5618.09
676 2 5950.39
677 2 6548.21
678 1 7418.37
679 6 7575.82
680 3 7658.37
681 0 0
682 1 8907.48
683 9 8916.73
684 6 8417.03
685 4 8897.9
686 12 7977.08
687 2 7646.81
688 17 7111.78
689 2 6034.43
690 6 6215.72
691 11 5357.89
692 3 4899.55
693 14 4412.09
694 6 3338.85
695 5 2939.66
696 5 3381.79
697 5 3132.66
698 10 2934.55
699 1 2957.13
700 8 2686.24
701 1 3128.05
702 5 3294.33
703 5 2980.29
704 2 3683.16
705 3 3827.42
706 7 3795.27
707 9 3070.3
708 4 3000.53
709 5 3232.26
710 4 3389.63
711 6 3535.36
712 4 3224.54
713 5 3389.99
714 2 3705.55
715 5 3803.47
716 2 4375.56
717 7 4362.61
718 2 4596.46
719 1 5228.38
720 4 5428.87
721 2 5767.98
722 1 6438.96
723 8 7052.69
