****************WLQ worker 3****************
Received WLQ tasks: 733
Average no. of tuples in the results set of a window: 4200.2
Average processing time per WLQ task (us): 276702
****************WLQ worker 23****************
Received WLQ tasks: 162
Average no. of tuples in the results set of a window: 4017
Average processing time per WLQ task (us): 271510
****************WLQ worker 39****************
Received WLQ tasks: 785
Average no. of tuples in the results set of a window: 4429.9
Average processing time per WLQ task (us): 280775
****************WLQ worker 25****************
Received WLQ tasks: 299
Average no. of tuples in the results set of a window: 4210.33
Average processing time per WLQ task (us): 280743
****************WLQ worker 22****************
Received WLQ tasks: 146
Average no. of tuples in the results set of a window: 4269.79
Average processing time per WLQ task (us): 276019
****************WLQ worker 7****************
Received WLQ tasks: 674
Average no. of tuples in the results set of a window: 4323.95
Average processing time per WLQ task (us): 273220
****************WLQ worker 28****************
Received WLQ tasks: 259
Average no. of tuples in the results set of a window: 4197.64
Average processing time per WLQ task (us): 264133
****************WLQ worker 31****************
Received WLQ tasks: 412
Average no. of tuples in the results set of a window: 4124.77
Average processing time per WLQ task (us): 263565
****************WLQ worker 50****************
Received WLQ tasks: 0
Average no. of tuples in the results set of a window: 0
Average processing time per WLQ task (us): 0
****************WLQ worker 2****************
Received WLQ tasks: 398
Average no. of tuples in the results set of a window: 4053.42
Average processing time per WLQ task (us): 286428
****************WLQ worker 8****************
Received WLQ tasks: 541
Average no. of tuples in the results set of a window: 4267.77
Average processing time per WLQ task (us): 277252
****************WLQ worker 15****************
Received WLQ tasks: 400
Average no. of tuples in the results set of a window: 4732.3
Average processing time per WLQ task (us): 324829
****************WLQ worker 48****************
Received WLQ tasks: 0
Average no. of tuples in the results set of a window: 0
Average processing time per WLQ task (us): 0
****************WLQ worker 17****************
Received WLQ tasks: 404
Average no. of tuples in the results set of a window: 4619.35
Average processing time per WLQ task (us): 294953
****************WLQ worker 34****************
Received WLQ tasks: 789
Average no. of tuples in the results set of a window: 4435.89
Average processing time per WLQ task (us): 288862
****************WLQ worker 29****************
Received WLQ tasks: 379
Average no. of tuples in the results set of a window: 4317.83
Average processing time per WLQ task (us): 280093
****************WLQ worker 30****************
Received WLQ tasks: 387
Average no. of tuples in the results set of a window: 4313.08
Average processing time per WLQ task (us): 261727
****************WLQ worker 12****************
Received WLQ tasks: 557
Average no. of tuples in the results set of a window: 4447.74
Average processing time per WLQ task (us): 286652
****************WLQ worker 11****************
Received WLQ tasks: 352
Average no. of tuples in the results set of a window: 4403.95
Average processing time per WLQ task (us): 297341
****************WLQ worker 35****************
Received WLQ tasks: 844
Average no. of tuples in the results set of a window: 4498.63
Average processing time per WLQ task (us): 284062
****************WLQ worker 20****************
Received WLQ tasks: 346
Average no. of tuples in the results set of a window: 4548.38
Average processing time per WLQ task (us): 323383
****************WLQ worker 19****************
Received WLQ tasks: 382
Average no. of tuples in the results set of a window: 4553.94
Average processing time per WLQ task (us): 293759
****************WLQ worker 41****************
Received WLQ tasks: 0
Average no. of tuples in the results set of a window: 0
Average processing time per WLQ task (us): 0
****************WLQ worker 42****************
Received WLQ tasks: 0
Average no. of tuples in the results set of a window: 0
Average processing time per WLQ task (us): 0
****************WLQ worker 26****************
Received WLQ tasks: 276
Average no. of tuples in the results set of a window: 4286.09
Average processing time per WLQ task (us): 304688
****************WLQ worker 46****************
Received WLQ tasks: 0
Average no. of tuples in the results set of a window: 0
Average processing time per WLQ task (us): 0
****************WLQ worker 45****************
Received WLQ tasks: 0
Average no. of tuples in the results set of a window: 0
Average processing time per WLQ task (us): 0
****************WLQ worker 44****************
Received WLQ tasks: 0
Average no. of tuples in the results set of a window: 0
Average processing time per WLQ task (us): 0
****************WLQ worker 43****************
Received WLQ tasks: 0
Average no. of tuples in the results set of a window: 0
Average processing time per WLQ task (us): 0
****************WLQ worker 49****************
Received WLQ tasks: 0
Average no. of tuples in the results set of a window: 0
Average processing time per WLQ task (us): 0
****************WLQ worker 47****************
Received WLQ tasks: 0
Average no. of tuples in the results set of a window: 0
Average processing time per WLQ task (us): 0
****************WLQ worker 51****************
Received WLQ tasks: 0
Average no. of tuples in the results set of a window: 0
Average processing time per WLQ task (us): 0
****************WLQ worker 52****************
Received WLQ tasks: 0
Average no. of tuples in the results set of a window: 0
Average processing time per WLQ task (us): 0
****************WLQ worker 10****************
Received WLQ tasks: 373
Average no. of tuples in the results set of a window: 4466.97
Average processing time per WLQ task (us): 284531
****************WLQ worker 58****************
Received WLQ tasks: 1248
Average no. of tuples in the results set of a window: 4155.26
Average processing time per WLQ task (us): 280639
****************WLQ worker 54****************
Received WLQ tasks: 0
Average no. of tuples in the results set of a window: 0
Average processing time per WLQ task (us): 0
****************WLQ worker 53****************
Received WLQ tasks: 0
Average no. of tuples in the results set of a window: 0
Average processing time per WLQ task (us): 0
****************WLQ worker 57****************
Received WLQ tasks: 0
Average no. of tuples in the results set of a window: 0
Average processing time per WLQ task (us): 0
****************WLQ worker 4****************
Received WLQ tasks: 774
Average no. of tuples in the results set of a window: 4195.77
Average processing time per WLQ task (us): 275467
****************WLQ worker 56****************
Received WLQ tasks: 0
Average no. of tuples in the results set of a window: 0
Average processing time per WLQ task (us): 0
****************WLQ worker 55****************
Received WLQ tasks: 0
Average no. of tuples in the results set of a window: 0
Average processing time per WLQ task (us): 0
****************WLQ worker 27****************
Received WLQ tasks: 288
Average no. of tuples in the results set of a window: 4262.94
Average processing time per WLQ task (us): 273974
****************WLQ worker 38****************
Received WLQ tasks: 756
Average no. of tuples in the results set of a window: 4378.83
Average processing time per WLQ task (us): 297247
****************WLQ worker 32****************
Received WLQ tasks: 412
Average no. of tuples in the results set of a window: 4041.34
Average processing time per WLQ task (us): 265564
****************WLQ worker 24****************
Received WLQ tasks: 301
Average no. of tuples in the results set of a window: 4267.03
Average processing time per WLQ task (us): 299380
****************WLQ worker 21****************
Received WLQ tasks: 337
Average no. of tuples in the results set of a window: 4732.8
Average processing time per WLQ task (us): 319522
****************WLQ worker 1****************
Received WLQ tasks: 342
Average no. of tuples in the results set of a window: 4271.49
Average processing time per WLQ task (us): 247180
****************WLQ worker 16****************
Received WLQ tasks: 412
Average no. of tuples in the results set of a window: 4586.55
Average processing time per WLQ task (us): 307452
****************WLQ worker 37****************
Received WLQ tasks: 767
Average no. of tuples in the results set of a window: 4391.4
Average processing time per WLQ task (us): 290406
****************WLQ worker 36****************
Received WLQ tasks: 0
Average no. of tuples in the results set of a window: 0
Average processing time per WLQ task (us): 0
****************WLQ worker 5****************
Received WLQ tasks: 718
Average no. of tuples in the results set of a window: 4381.42
Average processing time per WLQ task (us): 289470
****************WLQ worker 6****************
Received WLQ tasks: 730
Average no. of tuples in the results set of a window: 4409.59
Average processing time per WLQ task (us): 280596
****************WLQ worker 18****************
Received WLQ tasks: 444
Average no. of tuples in the results set of a window: 4536.57
Average processing time per WLQ task (us): 288099
****************WLQ worker 0****************
Received WLQ tasks: 439
Average no. of tuples in the results set of a window: 4298.95
Average processing time per WLQ task (us): 261249
****************WLQ worker 14****************
Received WLQ tasks: 165
Average no. of tuples in the results set of a window: 4255.29
Average processing time per WLQ task (us): 273235
****************WLQ worker 13****************
Received WLQ tasks: 478
Average no. of tuples in the results set of a window: 4759.42
Average processing time per WLQ task (us): 270368
****************WLQ worker 33****************
Received WLQ tasks: 275
Average no. of tuples in the results set of a window: 3992
Average processing time per WLQ task (us): 237459
****************WLQ worker 9****************
Received WLQ tasks: 461
Average no. of tuples in the results set of a window: 4522.13
Average processing time per WLQ task (us): 293078
****************WLQ worker 40****************
Received WLQ tasks: 780
Average no. of tuples in the results set of a window: 4319.91
Average processing time per WLQ task (us): 281186
