#second results avg_latency(ms)
0 0 0
1 0 0
2 0 0
3 1 3858.88
4 1 4686.21
5 0 0
6 2 6322.91
7 1 7361.34
8 1 8370.12
9 0 0
10 2 9373.27
11 1 10415.2
12 3 11188.5
13 1 11566.6
14 1 12631.1
15 0 0
16 4 13898.6
17 3 13966.9
18 1 14741.3
19 1 15982.6
20 9 15717
21 1 15161.6
22 12 15429.5
23 3 14799.2
24 45 11063.8
25 3 7411.14
26 27 5086.64
27 2 3358.33
28 3 3587.47
29 6 3723.68
30 9 3259.17
31 3 3114.84
32 8 2759.18
33 2 3233.87
34 2 3790.95
35 2 4221.98
36 2 4773.51
37 2 5138.75
38 3 5894.59
39 0 0
40 7 7109.7
41 7 6597.83
42 1 7068.32
43 10 6271.34
44 7 5822.22
45 5 5835.67
46 9 5265.31
47 6 4700.66
48 2 5116.58
49 4 5445.85
50 5 5355.13
51 2 5708.31
52 9 5817.3
53 9 5250.44
54 8 4443.43
55 3 4006.15
56 3 4675.81
57 7 4369.61
58 10 3823.19
59 4 3573.55
60 6 3327.16
61 1 3901.73
62 5 4155.86
63 3 4418.69
64 2 4530.34
65 0 0
66 0 0
67 1 7725.97
68 3 8117.5
69 1 8300.6
70 5 9265.4
71 3 9354.97
72 1 10438.3
73 4 10383.9
74 7 10571.3
75 8 9539.68
76 1 10107.9
77 1 11183.7
78 1 11845
79 24 10182
80 10 7460.82
81 19 5639.51
82 7 4207.43
83 2 4091.55
84 9 4196.1
85 2 4100.78
86 8 4288.83
87 1 4304.09
88 3 4937.55
89 8 4800.76
90 2 4778.43
91 5 5097.71
92 5 4816.16
93 2 5174.04
94 8 5274.09
95 3 5197.48
96 4 5474.69
97 7 5195.6
98 16 4322.45
99 1 3892.59
100 6 3797.14
101 12 2867.05
102 1 2111.79
103 4 3201.7
104 4 3552.13
105 2 3522.84
106 0 0
107 0 0
108 2 6176.6
109 3 6829.79
110 2 7147.73
111 9 7482.22
112 4 7217.22
113 4 7085.31
114 2 7384.98
115 3 8059.72
116 10 7706.27
117 2 7477.76
118 16 6889.29
119 3 5617.34
120 17 4781.84
121 2 4051.71
122 10 3639.82
123 2 3252.34
124 2 3916.93
125 3 4505.96
126 7 4243.61
127 1 4925.97
128 2 5458.43
129 4 5754.3
130 4 6040.49
131 1 6649.17
132 2 7310.96
133 15 6416.36
134 4 5704.08
135 10 5539.81
136 8 4267.2
137 1 5061.21
138 4 5362.93
139 5 4998.05
140 2 5263.57
141 0 0
142 0 0
143 1 7775.34
144 4 8611.33
145 13 7655.44
146 7 7229.79
147 1 7509.07
148 1 8228.02
149 24 6868.35
150 4 4562.85
151 2 5239.62
152 3 5784.64
153 5 5663
154 3 5931.82
155 11 5966.13
156 4 5126.3
157 4 5120.21
158 2 5554.35
159 10 5397.21
160 8 5016.52
161 2 4749.5
162 9 4791.95
163 4 4382.35
164 6 4245.76
165 2 4550.67
166 1 5101.97
167 4 5704.13
168 9 5090.23
169 1 5676.74
170 9 5434.26
171 5 4937.29
172 11 3971.63
173 7 3706.08
174 5 3411.99
175 4 3402.65
176 5 3445.87
177 1 4263.01
178 9 3688.97
179 2 3804.75
180 2 4248.12
181 6 4701.77
182 0 0
183 0 0
184 1 7108.64
185 3 7475.71
186 3 7977.31
187 9 7725.76
188 2 7883.84
189 1 8452.59
190 1 9125.18
191 20 8006.89
192 3 6968.66
193 5 6829.71
194 2 7125.25
195 17 6357.02
196 3 5275.49
197 1 5888.84
198 6 6355.65
199 11 5395.94
200 3 5027.31
201 8 5255.6
202 4 4897.95
203 7 4514.62
204 7 4535.06
205 3 4362.08
206 3 4924.31
207 7 4746.83
208 1 4777.84
209 2 5491.07
210 9 5284.24
211 6 5360.89
212 4 4924.33
213 2 5499.04
214 9 5589.87
215 2 5366.75
216 11 4808.64
217 3 4682.59
218 5 4609.6
219 3 4993.4
220 9 4937.73
221 2 4882.9
222 8 4647.51
223 3 4610.84
224 5 4793.72
225 3 5273.34
226 1 5836.19
227 2 6034.07
228 11 5865.78
229 8 5030.02
230 3 5297.46
231 8 4943.58
232 10 4227.81
233 1 4057.69
234 8 4328.3
235 3 3802.2
236 1 4703.74
237 3 5234.8
238 9 4808.64
239 3 4792.53
240 6 4660.47
241 3 4961.34
242 6 5031.44
243 1 5214.5
244 3 6001.86
245 9 6165.57
246 2 5539.61
247 12 5053.87
248 8 3997.84
249 2 4423.96
250 8 4416.95
251 4 4230.15
252 3 4295.2
253 4 4681.84
254 4 4719.22
255 7 4713.04
256 4 4752.62
257 5 4809.28
258 1 5485.62
259 3 5813.13
260 9 5616.86
261 8 5021.69
262 3 4579.8
263 3 5209.94
264 6 5381.56
265 2 5271.72
266 4 6089.8
267 8 5438.95
268 10 4939.41
269 2 4772.19
270 2 5665.2
271 7 5114.93
272 3 5389.65
273 6 5317.02
274 1 5405.01
275 6 6090.7
276 4 5876.9
277 3 6578.1
278 9 6286.01
279 3 5995.61
280 4 6583.16
281 6 6035.31
282 9 5874.42
283 3 5590.5
284 8 5141.16
285 5 5398.07
286 13 4129.01
287 1 3995.47
288 3 4665.31
289 8 4544.53
290 1 4954.12
291 2 5138.69
292 7 5398.89
293 2 5201.3
294 10 5278.3
295 10 4646.21
296 7 3539.48
297 3 3298.49
298 0 0
299 0 0
300 0 0
301 1 7107.38
302 3 7838.01
303 21 6558.94
304 5 4878.11
305 6 4724.27
306 8 4042.57
307 4 4044.72
308 7 3887.91
309 2 4023.75
310 8 4158.54
311 5 3859.81
312 5 3665.49
313 9 3749.73
314 5 2970.24
315 6 2620.25
316 3 2612.75
317 0 0
318 3 4404.87
319 7 4510.85
320 1 4537.25
321 7 4921.39
322 4 4730.18
323 4 4742.1
324 7 4919.92
325 5 4682.47
326 6 4230.22
327 3 4863.13
328 7 4451.42
329 3 4522.35
330 8 4410.99
331 3 4615.3
332 5 4848.73
333 4 4561.42
334 9 4452.51
335 2 4409.29
336 2 4549.29
337 11 4640.3
338 6 3881.14
339 3 4041.05
340 7 3790.08
341 2 4124.78
342 4 4547.23
343 6 4162.23
344 2 4666.57
345 9 4570.98
346 3 4598.84
347 6 4528.7
348 4 4454.62
349 3 4887.16
350 4 4789.1
351 4 5037.59
352 8 4812.66
353 3 4978.4
354 7 4736.57
355 3 4864.57
356 8 4786.63
357 2 5162.85
358 5 5331.84
359 4 5130.95
360 9 5021.81
361 4 4771.78
362 3 4968.05
363 6 4978.85
364 2 5071.17
365 7 5354.12
366 2 5672.46
367 9 5277.01
368 2 5496.11
369 9 5415.5
370 3 4978
371 8 4905.58
372 3 4766.86
373 5 5172.03
374 5 4773.09
375 7 4617.08
376 3 4990.4
377 5 5046.93
378 4 5085.24
379 3 5356.98
380 9 5233.76
381 2 5062.5
382 8 4926.58
383 2 4960.4
384 8 4937.51
385 3 4822.52
386 7 5060.37
387 3 4923.38
388 7 5053.39
389 1 4773.28
390 10 4912.59
391 5 4795.17
392 6 4294.45
393 3 4695.61
394 7 4628.19
395 4 4690.97
396 6 4152.66
397 4 4381.71
398 8 4087.39
399 3 4451.94
400 8 4107.21
401 3 4033.68
402 7 3921.17
403 4 4039.58
404 6 3764.82
405 2 3967.48
406 5 4481.51
407 5 4225.58
408 1 4642.22
409 3 5049.41
410 10 5050.95
411 6 4606.19
412 3 4418.63
413 4 4983.14
414 9 4454.76
415 3 4366.41
416 8 4085.77
417 3 4263.07
418 6 4106.42
419 2 4581.98
420 8 4652.33
421 1 4201.96
422 4 5227.09
423 4 5375.94
424 4 5206.12
425 3 5738.76
426 8 5706.33
427 3 5714.42
428 4 6019.55
429 4 5981.58
430 3 6209.06
431 7 6591.52
432 3 6641.64
433 8 6393.07
434 1 6260.56
435 2 7228.12
436 18 6309.33
437 4 4837.69
438 7 4581.96
439 9 4311.66
440 2 3979.96
441 8 4138.02
442 4 3816.63
443 8 3788.88
444 2 3746.82
445 9 3586.5
446 2 3527.07
447 3 3866.6
448 7 3919.26
449 1 4228.96
450 3 4663.55
451 7 4936.13
452 4 4769.35
453 8 4327.37
454 3 4605.97
455 7 4410.92
456 4 4494.34
457 7 4175.93
458 2 4548.69
459 2 4819.17
460 9 4554.03
461 3 4495.21
462 7 4357.29
463 3 4574.45
464 7 4397.1
465 4 4476.83
466 7 4278.92
467 3 4541.81
468 7 4432.23
469 2 4500.88
470 9 4477.98
471 3 4194.53
472 5 4653.13
473 3 4440.09
474 4 4975.08
475 6 4471.77
476 2 4947.99
477 9 4836.11
478 2 4893.97
479 3 5267.49
480 8 4994.1
481 8 4944.93
482 2 4627.46
483 3 5225.39
484 7 5133.72
485 2 5255.63
486 8 5429.23
487 3 5202.39
488 1 5685.22
489 10 5370.14
490 7 5243.8
491 2 5017.17
492 9 5107.24
493 2 4830.4
494 3 5182.4
495 9 5193.36
496 1 5309.38
497 10 5155.05
498 7 4581.33
499 3 4463.39
500 1 4978.09
501 8 4741.14
502 10 4113.95
503 1 4252.84
504 8 4278.31
505 3 3975.71
506 3 4615.3
507 7 4675.23
508 2 4529.55
509 9 4743.05
510 1 4705.49
511 9 4747.58
512 2 4379.62
513 6 4710.71
514 5 4554.38
515 1 4873.45
516 5 5317.27
517 6 5129.87
518 6 5108.42
519 3 4982.37
520 6 5231.51
521 8 4890.09
522 5 4649.89
523 7 4316.49
524 6 4336.8
525 2 4501.2
526 2 4792.32
527 7 4953
528 4 4909.94
529 8 4675.38
530 3 4696.58
531 7 4632.11
532 2 4830.36
533 10 4605.68
534 9 3835.33
535 0 0
536 5 4284.87
537 6 3762.23
538 11 3445.24
539 3 3200.51
540 4 3360.03
541 5 3262.15
542 7 3336.38
543 1 2905.38
544 1 4386.56
545 4 4693.86
546 3 5020.18
547 5 4855.74
548 1 5452.54
549 2 6156.26
550 3 6555.69
551 1 6950.91
552 5 7655.88
553 4 7898.27
554 2 8566.28
555 7 8169.59
556 4 8208.7
557 8 7753.14
558 9 7338.42
559 2 7410.43
560 20 6150.05
561 7 4342.33
562 2 4582.68
563 9 4184.94
564 2 4307.14
565 2 4630.81
566 7 4679.93
567 3 5010.26
568 4 5491.43
569 8 5024.53
570 7 5052.14
571 1 4772.04
572 9 4505.41
573 2 4826.96
574 10 4417.36
575 3 4331.33
576 2 4881.34
577 6 4747.19
578 3 4843.25
579 7 4834.08
580 1 5028.94
581 3 5829.96
582 9 5603.42
583 2 5670.12
584 13 5181.65
585 5 4082.41
586 3 4315.03
587 8 4467.93
588 3 4327.41
589 6 4583.66
590 2 4350.85
591 17 3447.19
592 0 0
593 0 0
594 0 0
595 1 6173.03
596 3 6297.08
597 3 6794.66
598 2 7493.98
599 7 7462.96
600 3 7286.62
601 3 7850.34
602 9 7574.23
603 6 7087.05
604 2 7216.11
605 12 6778.77
606 13 5170.62
607 3 4982.49
608 19 3671.85
609 0 0
610 5 3345.28
611 5 2983.2
612 0 0
613 4 4308.14
614 2 4777.31
615 5 4840
616 2 5358.98
617 10 4851.41
618 3 4591.31
619 2 5150.32
620 5 5496.91
621 7 5388.79
622 7 4909.58
623 14 3697.14
624 9 2854.41
625 0 0
626 4 3320.14
627 4 3543.45
628 3 3391.67
629 9 3542.99
630 2 3486.28
631 8 3322.02
632 6 3201.05
633 3 3132.33
634 8 3396.43
635 3 3113.29
636 1 3812.54
637 1 4625.42
638 1 5123.77
639 4 5563.58
640 1 6132.63
641 17 5507.63
642 4 4154.5
643 12 3449.14
644 9 2734.22
645 1 2894.48
646 8 2830.86
647 1 3268.58
648 6 3073.08
649 2 2880.62
650 8 3331.32
651 2 3175.64
652 1 4285.01
653 3 4740.84
654 3 5350.21
655 4 5125.42
656 4 5343.75
657 12 4466.08
658 11 3308.52
659 5 3066.19
660 5 2597.46
661 2 3352.47
662 8 3180.78
663 1 3500.41
664 9 3448.52
665 2 3453.22
666 3 3956.36
667 5 3558.89
668 2 4418.44
669 4 4663.22
670 5 4738.24
671 2 5232.36
672 7 5225.91
673 2 5236.73
674 8 5257.23
675 6 4839.49
676 7 4821.59
677 4 4524.48
678 6 4402.05
679 10 3974.23
680 2 3766.33
681 8 3672.79
682 5 3465.53
683 3 3692.55
684 4 4058.6
685 8 3564.34
686 4 3344.75
687 4 3725.24
688 2 4164.3
689 4 4538.44
690 8 4469.65
691 3 3971.17
692 12 3840.39
693 5 2932.51
694 3 3292.7
695 6 3323.23
696 3 3470.19
697 3 3770.43
698 6 3855.44
699 8 3422.83
700 8 2685.08
701 2 3049.7
702 7 2957.07
703 1 3361.25
704 4 3880.21
705 2 4217.49
706 1 4940.52
707 5 4920.87
708 11 4724.54
709 4 3906.25
710 9 3774.85
711 5 3382.39
712 8 3001.71
713 1 3688.36
714 6 3655.02
715 1 3869.2
716 7 4090.56
717 3 4043.73
718 3 4225.48
719 3 4852.11
720 11 4412.53
