****************WLQ worker 0****************
Received WLQ tasks: 428
Average no. of tuples in the results set of a window: 4634.98
Average processing time per WLQ task (us): 328279
****************WLQ worker 13****************
Received WLQ tasks: 630
Average no. of tuples in the results set of a window: 4850.25
Average processing time per WLQ task (us): 336410
****************WLQ worker 9****************
Received WLQ tasks: 717
Average no. of tuples in the results set of a window: 4995.31
Average processing time per WLQ task (us): 333217
****************WLQ worker 52****************
Received WLQ tasks: 1288
Average no. of tuples in the results set of a window: 4513.59
Average processing time per WLQ task (us): 314263
****************WLQ worker 15****************
Received WLQ tasks: 524
Average no. of tuples in the results set of a window: 4970.48
Average processing time per WLQ task (us): 324318
****************WLQ worker 43****************
Received WLQ tasks: 209
Average no. of tuples in the results set of a window: 5262.56
Average processing time per WLQ task (us): 381968
****************WLQ worker 8****************
Received WLQ tasks: 827
Average no. of tuples in the results set of a window: 4832.33
Average processing time per WLQ task (us): 328856
****************WLQ worker 21****************
Received WLQ tasks: 601
Average no. of tuples in the results set of a window: 4944.51
Average processing time per WLQ task (us): 353999
****************WLQ worker 14****************
Received WLQ tasks: 502
Average no. of tuples in the results set of a window: 4900.43
Average processing time per WLQ task (us): 329249
****************WLQ worker 38****************
Received WLQ tasks: 566
Average no. of tuples in the results set of a window: 4973.47
Average processing time per WLQ task (us): 358052
****************WLQ worker 7****************
Received WLQ tasks: 871
Average no. of tuples in the results set of a window: 4870.69
Average processing time per WLQ task (us): 330071
****************WLQ worker 6****************
Received WLQ tasks: 502
Average no. of tuples in the results set of a window: 4835.48
Average processing time per WLQ task (us): 330164
****************WLQ worker 10****************
Received WLQ tasks: 604
Average no. of tuples in the results set of a window: 4965.61
Average processing time per WLQ task (us): 348256
****************WLQ worker 19****************
Received WLQ tasks: 214
Average no. of tuples in the results set of a window: 4559.5
Average processing time per WLQ task (us): 297288
****************WLQ worker 20****************
Received WLQ tasks: 258
Average no. of tuples in the results set of a window: 4458.28
Average processing time per WLQ task (us): 281735
****************WLQ worker 11****************
Received WLQ tasks: 536
Average no. of tuples in the results set of a window: 4846.7
Average processing time per WLQ task (us): 339900
****************WLQ worker 12****************
Received WLQ tasks: 629
Average no. of tuples in the results set of a window: 4897.82
Average processing time per WLQ task (us): 326114
****************WLQ worker 27****************
Received WLQ tasks: 122
Average no. of tuples in the results set of a window: 4590.17
Average processing time per WLQ task (us): 297661
****************WLQ worker 28****************
Received WLQ tasks: 95
Average no. of tuples in the results set of a window: 4667.92
Average processing time per WLQ task (us): 349161
****************WLQ worker 29****************
Received WLQ tasks: 102
Average no. of tuples in the results set of a window: 4728.62
Average processing time per WLQ task (us): 350920
****************WLQ worker 30****************
Received WLQ tasks: 82
Average no. of tuples in the results set of a window: 4635
Average processing time per WLQ task (us): 258829
****************WLQ worker 26****************
Received WLQ tasks: 105
Average no. of tuples in the results set of a window: 4678.33
Average processing time per WLQ task (us): 342666
****************WLQ worker 25****************
Received WLQ tasks: 158
Average no. of tuples in the results set of a window: 4609.27
Average processing time per WLQ task (us): 310038
****************WLQ worker 58****************
Received WLQ tasks: 1833
Average no. of tuples in the results set of a window: 4497.57
Average processing time per WLQ task (us): 311562
****************WLQ worker 51****************
Received WLQ tasks: 1308
Average no. of tuples in the results set of a window: 4519.27
Average processing time per WLQ task (us): 311574
****************WLQ worker 53****************
Received WLQ tasks: 1322
Average no. of tuples in the results set of a window: 4445.28
Average processing time per WLQ task (us): 309077
****************WLQ worker 54****************
Received WLQ tasks: 1315
Average no. of tuples in the results set of a window: 4600.09
Average processing time per WLQ task (us): 310989
****************WLQ worker 49****************
Received WLQ tasks: 1262
Average no. of tuples in the results set of a window: 4502.53
Average processing time per WLQ task (us): 319514
****************WLQ worker 50****************
Received WLQ tasks: 1297
Average no. of tuples in the results set of a window: 4486.25
Average processing time per WLQ task (us): 319759
****************WLQ worker 16****************
Received WLQ tasks: 421
Average no. of tuples in the results set of a window: 4846.51
Average processing time per WLQ task (us): 303045
****************WLQ worker 47****************
Received WLQ tasks: 1069
Average no. of tuples in the results set of a window: 4708.43
Average processing time per WLQ task (us): 312415
****************WLQ worker 48****************
Received WLQ tasks: 1187
Average no. of tuples in the results set of a window: 4588.24
Average processing time per WLQ task (us): 323334
****************WLQ worker 44****************
Received WLQ tasks: 198
Average no. of tuples in the results set of a window: 5470.48
Average processing time per WLQ task (us): 388911
****************WLQ worker 42****************
Received WLQ tasks: 187
Average no. of tuples in the results set of a window: 5223.22
Average processing time per WLQ task (us): 415745
****************WLQ worker 41****************
Received WLQ tasks: 594
Average no. of tuples in the results set of a window: 4895.75
Average processing time per WLQ task (us): 326708
****************WLQ worker 40****************
Received WLQ tasks: 604
Average no. of tuples in the results set of a window: 4974.51
Average processing time per WLQ task (us): 329676
****************WLQ worker 39****************
Received WLQ tasks: 561
Average no. of tuples in the results set of a window: 5072.7
Average processing time per WLQ task (us): 354226
****************WLQ worker 33****************
Received WLQ tasks: 383
Average no. of tuples in the results set of a window: 4792.21
Average processing time per WLQ task (us): 336376
****************WLQ worker 34****************
Received WLQ tasks: 426
Average no. of tuples in the results set of a window: 4707.22
Average processing time per WLQ task (us): 315519
****************WLQ worker 46****************
Received WLQ tasks: 1008
Average no. of tuples in the results set of a window: 4824.09
Average processing time per WLQ task (us): 339341
****************WLQ worker 45****************
Received WLQ tasks: 1000
Average no. of tuples in the results set of a window: 4798.73
Average processing time per WLQ task (us): 326728
****************WLQ worker 5****************
Received WLQ tasks: 914
Average no. of tuples in the results set of a window: 4624.97
Average processing time per WLQ task (us): 314873
****************WLQ worker 56****************
Received WLQ tasks: 0
Average no. of tuples in the results set of a window: 0
Average processing time per WLQ task (us): 0
****************WLQ worker 55****************
Received WLQ tasks: 0
Average no. of tuples in the results set of a window: 0
Average processing time per WLQ task (us): 0
****************WLQ worker 22****************
Received WLQ tasks: 609
Average no. of tuples in the results set of a window: 4789.51
Average processing time per WLQ task (us): 339821
****************WLQ worker 57****************
Received WLQ tasks: 0
Average no. of tuples in the results set of a window: 0
Average processing time per WLQ task (us): 0
****************WLQ worker 3****************
Received WLQ tasks: 909
Average no. of tuples in the results set of a window: 4669.66
Average processing time per WLQ task (us): 317072
****************WLQ worker 32****************
Received WLQ tasks: 391
Average no. of tuples in the results set of a window: 4698.98
Average processing time per WLQ task (us): 340091
****************WLQ worker 31****************
Received WLQ tasks: 73
Average no. of tuples in the results set of a window: 5078.33
Average processing time per WLQ task (us): 313117
****************WLQ worker 37****************
Received WLQ tasks: 418
Average no. of tuples in the results set of a window: 4714.64
Average processing time per WLQ task (us): 355414
****************WLQ worker 35****************
Received WLQ tasks: 392
Average no. of tuples in the results set of a window: 4694.4
Average processing time per WLQ task (us): 330541
****************WLQ worker 36****************
Received WLQ tasks: 416
Average no. of tuples in the results set of a window: 4684.68
Average processing time per WLQ task (us): 313334
****************WLQ worker 18****************
Received WLQ tasks: 437
Average no. of tuples in the results set of a window: 4843.4
Average processing time per WLQ task (us): 330426
****************WLQ worker 17****************
Received WLQ tasks: 491
Average no. of tuples in the results set of a window: 4551.81
Average processing time per WLQ task (us): 289112
****************WLQ worker 4****************
Received WLQ tasks: 227
Average no. of tuples in the results set of a window: 4041.43
Average processing time per WLQ task (us): 264405
****************WLQ worker 2****************
Received WLQ tasks: 911
Average no. of tuples in the results set of a window: 4457.7
Average processing time per WLQ task (us): 310138
****************WLQ worker 1****************
Received WLQ tasks: 593
Average no. of tuples in the results set of a window: 4384.69
Average processing time per WLQ task (us): 285723
****************WLQ worker 23****************
Received WLQ tasks: 407
Average no. of tuples in the results set of a window: 4880.33
Average processing time per WLQ task (us): 326989
****************WLQ worker 24****************
Received WLQ tasks: 147
Average no. of tuples in the results set of a window: 4656.71
Average processing time per WLQ task (us): 297953
