#second results avg_latency(ms)
0 0 0
1 0 0
2 0 0
3 1 3744.75
4 1 4436.17
5 1 5670.42
6 0 0
7 1 7157.1
8 1 8352.05
9 1 8865.55
10 0 0
11 2 10578.3
12 1 11512.8
13 1 12502.1
14 1 13283.4
15 1 14128.8
16 0 0
17 1 15411.8
18 3 16376.6
19 1 16940.9
20 1 17902.5
21 0 0
22 6 18738.4
23 1 19131.7
24 1 19829.3
25 6 20275
26 1 20521.6
27 1 21416.3
28 11 21172.4
29 2 21113.1
30 10 20810.5
31 5 20315.9
32 3 20387.3
33 1 21143
34 18 19639
35 9 18520.9
36 2 18217.7
37 16 17641.6
38 5 16173.7
39 12 15730.7
40 16 13968.2
41 14 11520.4
42 7 10715.4
43 3 10788.6
44 31 7956.17
45 1 5988.52
46 16 5310.68
47 3 4655.84
48 3 4920.84
49 6 5141.73
50 3 5302.25
51 8 5375.16
52 3 5179.49
53 8 4683.77
54 9 4302.17
55 4 3654.88
56 4 4203.35
57 7 3712.22
58 8 3695.57
59 3 3051.43
60 8 3257.14
61 2 2783.3
62 0 0
63 1 5098.27
64 3 5492.15
65 6 5562.7
66 0 0
67 0 0
68 0 0
69 0 0
70 0 0
71 3 10747.3
72 1 11667.6
73 4 12006.6
74 1 12087.1
75 2 12560.8
76 2 13593.3
77 2 14331.7
78 3 14690.8
79 13 13759
80 10 13151.8
81 2 12460.8
82 1 13595.1
83 13 12926.2
84 3 12263.3
85 1 12716.6
86 6 13457.5
87 1 13076.1
88 11 12981.1
89 9 12359.7
90 3 12115.3
91 12 11549.7
92 2 11313.5
93 7 11533.3
94 2 11677.2
95 30 9512.24
96 1 7408.33
97 11 6671.25
98 21 4609.12
99 6 2818.83
100 3 3166.81
101 7 2870.45
102 3 3467
103 7 2888.23
104 0 0
105 0 0
106 3 5169.08
107 4 5563.89
108 4 5349.29
109 14 5044.93
110 5 3937.19
111 4 3793.93
112 8 4068
113 1 3839.74
114 3 4462.41
115 7 4784.73
116 3 4802.59
117 4 4865.71
118 8 4950.77
119 6 4141.94
120 4 4227.88
121 7 4164.96
122 4 4233.61
123 6 3789.91
124 2 4087.17
125 3 4712.79
126 8 4725.88
127 2 4719.74
128 2 4975.44
129 7 5210.95
130 3 5434.09
131 1 5970.89
132 11 5596.05
133 2 5624.57
134 6 5722.58
135 2 5588.11
136 9 5673.34
137 13 4383.38
138 3 3916.62
139 4 4145.05
140 4 4514.4
141 9 3961.37
142 3 3837.42
143 5 4094.88
144 3 4456.42
145 2 4888.92
146 6 4859.36
147 3 5303.38
148 16 4090.5
149 1 3851.52
150 1 4479.53
151 1 4981.11
152 4 5537.12
153 4 5715.35
154 2 6067.78
155 1 6734.74
156 0 0
157 2 8521.86
158 13 7941.22
159 1 7280.14
160 13 7496.89
161 6 6183.22
162 7 5978.2
163 7 5868.39
164 14 4471.13
165 1 4456.93
166 1 4903.14
167 10 4974.62
168 2 4690.63
169 1 4895.49
170 10 5054.11
171 12 4332.37
172 7 3290.06
173 4 3073.14
174 4 3303.74
175 3 3532.99
176 7 3676.67
177 1 4034.64
178 10 3572.92
179 0 0
180 0 0
181 0 0
182 1 6564.4
183 2 7169.8
184 7 7476.61
185 1 7909.39
186 1 8480.9
187 3 8805.42
188 8 9139.47
189 1 9237.82
190 2 9639.36
191 1 10465.8
192 2 11161
193 6 10815.6
194 2 11300.5
195 4 11762.8
196 9 11433.6
197 1 11795.8
198 1 12580.9
199 2 13237.7
200 4 13338.7
201 13 13097
202 1 12097.1
203 2 13130.5
204 3 13816.8
205 1 14159.8
206 1 14908.4
207 1 15298.6
208 25 13925.9
209 16 11122.2
210 3 9988.73
211 23 8544.53
212 14 5895.55
213 4 5091.56
214 9 5104.81
215 3 4385.89
216 7 4262.72
217 2 4705.5
218 9 4663.43
219 1 4647.28
220 3 5229.67
221 10 4655.21
222 3 4498.35
223 6 4399.71
224 3 4738.49
225 2 5349.81
226 2 5528.33
227 6 5832.73
228 12 5355.76
229 2 5090.4
230 7 5153.36
231 2 4747.36
232 12 4769.22
233 3 4256.62
234 8 4247.3
235 2 4108.24
236 1 4805.71
237 8 5064.33
238 3 5000.79
239 4 5014.09
240 7 4623.54
241 5 4773.22
242 3 4660.6
243 2 5420.45
244 2 6325.17
245 7 6112.83
246 3 5911.56
247 11 5945.82
248 8 4749.65
249 4 4491.84
250 6 4419.74
251 9 4231.97
252 1 3951.14
253 2 4946.03
254 9 4734.76
255 4 4622.08
256 4 4686.17
257 4 4566.8
258 1 5258.38
259 2 5942.72
260 7 5758.14
261 3 6254.09
262 10 6002.21
263 2 5519.35
264 3 6133.84
265 6 6375.76
266 2 6336.35
267 10 5967.31
268 11 4966.32
269 2 4541.67
270 5 5218.74
271 3 5257.06
272 8 5327.36
273 1 5137.71
274 2 5863.54
275 8 6169.44
276 1 6145.57
277 2 6573.27
278 8 7066.42
279 2 6540.96
280 5 7328.15
281 6 6904.3
282 2 7200.1
283 8 7474.47
284 5 6845.04
285 22 5169.82
286 2 3736.97
287 3 4173.95
288 7 4365.62
289 3 4660.94
290 5 4487.09
291 4 4386
292 7 4466.84
293 4 4330.19
294 3 4757.7
295 14 3961.62
296 1 3102.59
297 4 3929.03
298 3 4182.41
299 7 4289.13
300 10 3839.65
301 2 3546.96
302 5 3820.25
303 3 3557.66
304 3 4359.92
305 2 4873.44
306 8 4746.25
307 3 4897.03
308 6 4693.43
309 9 4475.91
310 3 4319.94
311 8 3935.53
312 8 3464.73
313 2 3320.19
314 8 3338.52
315 0 0
316 1 4752.14
317 8 4691.06
318 8 4113.21
319 4 3935.58
320 2 4116.52
321 8 4158.06
322 3 4138.46
323 2 4487.88
324 7 4529.67
325 1 5037.3
326 4 5389.91
327 6 5300.02
328 3 5578.72
329 3 5894.46
330 3 6265.07
331 6 6179.11
332 1 7011.66
333 6 6851.35
334 3 6742.85
335 5 7385.57
336 10 6549.26
337 7 5829.51
338 3 6220.3
339 16 4962.99
340 8 3643.82
341 2 3924.53
342 3 4375.16
343 7 4104.53
344 2 4483.63
345 9 4326.02
346 2 4365.02
347 4 4627.67
348 6 4339.93
349 3 4775.83
350 8 4909.84
351 2 4693.81
352 7 4726.48
353 4 4774.13
354 7 4600.52
355 2 4704.7
356 5 4996.11
357 5 4890.44
358 2 5438.73
359 4 5759.73
360 6 5329.4
361 2 5944.25
362 9 5723.54
363 2 5612.65
364 8 5647.28
365 3 5702.58
366 8 5677.51
367 5 5133.21
368 8 4793.3
369 7 4691.78
370 1 4342.96
371 6 4727.47
372 6 4385.11
373 2 4657.42
374 7 4839.38
375 3 4919.81
376 7 5102.13
377 3 4969.58
378 1 5336.5
379 9 5627.94
380 4 5266.13
381 7 5103
382 3 4988.62
383 7 5129.89
384 10 4624.63
385 1 4394.1
386 5 4779.78
387 5 4627.62
388 3 5064.86
389 7 5119.59
390 3 4866.64
391 8 4938.56
392 3 4748.73
393 7 4853.19
394 10 4199.61
395 2 3961.94
396 4 4243.02
397 6 3987.86
398 7 4011.04
399 5 3564.12
400 8 3662.74
401 1 3837.27
402 2 4323.33
403 9 4219.94
404 1 4347.32
405 3 4757.03
406 4 4979.56
407 5 4917.11
408 2 5409.11
409 3 5968.75
410 7 5890.7
411 9 5566.97
412 3 5171.07
413 9 5088.14
414 9 4210.01
415 2 4202.51
416 8 3907.24
417 3 3899.3
418 7 3940.99
419 2 4164.86
420 4 4490.17
421 6 4444.56
422 1 4771.22
423 2 5355.47
424 2 6105.93
425 4 6338.82
426 3 6695.52
427 1 7268.32
428 2 7992.43
429 2 8794.23
430 1 9393.86
431 7 9093.99
432 1 10025.2
433 2 10706
434 8 10055.7
435 0 0
436 3 11501.2
437 7 10929.5
438 14 10259.5
439 30 7085.61
440 2 4724.83
441 8 4263.03
442 8 4139.46
443 3 3861.54
444 8 3528.44
445 11 3137
446 0 0
447 3 3629.8
448 7 3460.41
449 1 3539.52
450 4 4069.69
451 8 3864.29
452 1 3951.96
453 2 4717.42
454 8 4950.24
455 1 4825.6
456 2 5490.42
457 4 6232.19
458 8 6006.95
459 2 5628.52
460 2 6435.34
461 1 7217.44
462 13 6646.6
463 3 6182.13
464 5 6490.14
465 15 5098.39
466 4 4411.18
467 7 4201.49
468 7 4018.91
469 3 3789.95
470 7 3989.9
471 3 3873.85
472 1 4716.3
473 3 4929.18
474 7 5157.58
475 3 5484.7
476 2 5819.5
477 1 5932.56
478 8 6752.48
479 1 6400.73
480 4 6925.25
481 8 6759.12
482 9 6114.79
483 1 6324.2
484 10 6149.04
485 5 5695.25
486 5 5292.85
487 8 5456.59
488 4 5195.36
489 6 4958.15
490 2 5321.59
491 9 5366.09
492 2 4951.67
493 9 5008.59
494 2 4987.46
495 8 4727.53
496 1 4850.38
497 7 5131.75
498 7 4651.79
499 7 4423.07
500 4 4313.68
501 6 4046.72
502 3 4255.73
503 4 4633.38
504 5 4529.71
505 3 5031.06
506 7 4692.8
507 3 5000.93
508 7 5006.13
509 6 4697.75
510 5 4414.33
511 4 4736.33
512 7 4315.51
513 3 4416.89
514 4 4963.64
515 6 4730.91
516 3 5010.54
517 6 4995.57
518 5 4912.62
519 6 4718.36
520 3 5042.7
521 7 4858.39
522 3 5108.65
523 8 4956.81
524 3 4532.66
525 7 4751.62
526 3 4757.26
527 6 4781.8
528 6 4967.24
529 6 4232.62
530 3 4420.32
531 7 4385.76
532 2 4716.28
533 10 4379.73
534 9 3540.59
535 5 3311.24
536 5 2928.42
537 2 3683.65
538 10 3291.25
539 0 0
540 4 4070.76
541 7 3800.4
542 1 3952.11
543 10 3730.85
544 2 3737.35
545 3 4145.47
546 6 3956.33
547 4 4374.49
548 6 3978.96
549 2 4456.78
550 9 4313.18
551 2 4376.4
552 8 4212.26
553 4 4175.45
554 7 4096.94
555 2 4070.15
556 3 4465.76
557 7 4507.74
558 5 4396.59
559 3 4783.79
560 7 4479.3
561 4 4532.47
562 4 4807.92
563 6 4510.77
564 2 4893.91
565 8 4848.41
566 2 4800.66
567 8 4788.15
568 1 5270.02
569 3 5540.56
570 7 5340.26
571 3 5593.51
572 8 5343.64
573 5 5282.15
574 8 4804.29
575 7 4416.5
576 2 4526.88
577 9 4485.39
578 2 4276.22
579 3 4713.47
580 3 5256.34
581 5 5146.42
582 5 5333.54
583 5 5298.44
584 4 5652.36
585 7 4951.81
586 8 4913.21
587 1 5099.66
588 9 5091.38
589 3 4518.53
590 3 5124.68
591 16 4113.69
592 1 3929.47
593 6 3866.08
594 3 3563.48
595 0 0
596 0 0
597 0 0
598 1 7518.65
599 3 8154.1
600 6 7741.91
601 0 0
602 2 9501.44
603 3 9636.54
604 19 9020.45
605 3 7571.61
606 2 8036.68
607 8 8225.1
608 1 7730.46
609 12 7642.73
610 9 6524.06
611 11 5812.62
612 14 4315.62
613 3 3470.6
614 7 3537.31
615 6 3425.42
616 5 2795.89
617 1 3737.93
618 3 4234.77
619 8 3984.92
620 6 3623.24
621 5 3462.91
622 1 3926.16
623 10 3711.48
624 8 3148.17
625 2 3359.79
626 8 3150.77
627 0 0
628 4 4011.26
629 8 3245.28
630 3 3476.66
631 13 2787.78
632 1 2861.96
633 3 3259.38
634 5 3353.53
635 4 3214.72
636 2 3915.13
637 3 4660.18
638 3 4570.59
639 2 5225.23
640 1 5648.82
641 12 5782.16
642 7 4523.78
643 12 3861.66
644 10 2853.98
645 1 2834.91
646 8 2674.9
647 1 3159.21
648 7 2870.08
649 2 2919.29
650 9 2965.86
651 1 3387.08
652 1 3931.69
653 2 4571.36
654 2 4987.01
655 2 5524.68
656 2 6412.98
657 2 6872.4
658 3 7253.89
659 11 6564.54
660 9 6095.07
661 8 5279.36
662 8 4354.71
663 7 4160.3
664 9 3908.65
665 2 3540.92
666 3 4050.59
667 10 3422.16
668 5 3162.93
669 3 3426.51
670 3 3697.55
671 6 3597.51
672 1 4327.09
673 1 5012.15
674 8 4971.45
675 1 5097.07
676 1 5772.51
677 2 6204
678 7 6691.51
679 1 7053.36
680 2 7404.29
681 12 7170.76
682 3 6720.39
683 6 6682.76
684 15 5569.49
685 1 5306.86
686 9 5304.73
687 0 0
688 5 5940.94
689 6 5565.57
690 12 5100.79
691 4 4135.89
692 4 4312.86
693 10 3751.78
694 7 3413.6
695 3 3200.67
696 7 3576.65
697 3 3185.28
698 9 3408.61
699 4 2825.51
700 5 2642.38
701 5 3014.52
702 3 2718.66
703 3 3582.82
704 5 3797.24
705 3 3805.74
706 4 4012.88
707 11 3649.4
708 5 2975.93
709 3 3487.98
710 4 3483.92
711 2 3884.65
712 10 3743.21
713 6 3121.1
714 3 3422.87
715 5 3571.97
716 6 3306.05
717 2 3472.69
718 3 4143.53
719 3 4197.96
720 3 4745.57
721 7 5230.82
