****************WLQ worker 14****************
Received WLQ tasks: 376
Average no. of tuples in the results set of a window: 4504.12
Average processing time per WLQ task (us): 278102
****************WLQ worker 42****************
Received WLQ tasks: 192
Average no. of tuples in the results set of a window: 5311.54
Average processing time per WLQ task (us): 309279
****************WLQ worker 58****************
Received WLQ tasks: 1094
Average no. of tuples in the results set of a window: 4106.18
Average processing time per WLQ task (us): 301363
****************WLQ worker 51****************
Received WLQ tasks: 0
Average no. of tuples in the results set of a window: 0
Average processing time per WLQ task (us): 0
****************WLQ worker 0****************
Received WLQ tasks: 360
Average no. of tuples in the results set of a window: 4346.56
Average processing time per WLQ task (us): 283956
****************WLQ worker 24****************
Received WLQ tasks: 189
Average no. of tuples in the results set of a window: 4266.28
Average processing time per WLQ task (us): 290728
****************WLQ worker 22****************
Received WLQ tasks: 175
Average no. of tuples in the results set of a window: 4789.89
Average processing time per WLQ task (us): 343890
****************WLQ worker 26****************
Received WLQ tasks: 268
Average no. of tuples in the results set of a window: 3846.03
Average processing time per WLQ task (us): 284393
****************WLQ worker 12****************
Received WLQ tasks: 492
Average no. of tuples in the results set of a window: 4443.94
Average processing time per WLQ task (us): 324570
****************WLQ worker 34****************
Received WLQ tasks: 261
Average no. of tuples in the results set of a window: 4252.85
Average processing time per WLQ task (us): 279713
****************WLQ worker 11****************
Received WLQ tasks: 447
Average no. of tuples in the results set of a window: 4387.56
Average processing time per WLQ task (us): 305132
****************WLQ worker 54****************
Received WLQ tasks: 0
Average no. of tuples in the results set of a window: 0
Average processing time per WLQ task (us): 0
****************WLQ worker 1****************
Received WLQ tasks: 102
Average no. of tuples in the results set of a window: 5244.83
Average processing time per WLQ task (us): 296707
****************WLQ worker 45****************
Received WLQ tasks: 194
Average no. of tuples in the results set of a window: 5232
Average processing time per WLQ task (us): 350420
****************WLQ worker 3****************
Received WLQ tasks: 485
Average no. of tuples in the results set of a window: 4128.79
Average processing time per WLQ task (us): 286882
****************WLQ worker 18****************
Received WLQ tasks: 187
Average no. of tuples in the results set of a window: 4705.48
Average processing time per WLQ task (us): 333816
****************WLQ worker 8****************
Received WLQ tasks: 422
Average no. of tuples in the results set of a window: 4297.84
Average processing time per WLQ task (us): 257726
****************WLQ worker 9****************
Received WLQ tasks: 376
Average no. of tuples in the results set of a window: 4282.14
Average processing time per WLQ task (us): 259470
****************WLQ worker 39****************
Received WLQ tasks: 692
Average no. of tuples in the results set of a window: 4416.37
Average processing time per WLQ task (us): 327310
****************WLQ worker 21****************
Received WLQ tasks: 187
Average no. of tuples in the results set of a window: 4961.42
Average processing time per WLQ task (us): 318003
****************WLQ worker 25****************
Received WLQ tasks: 191
Average no. of tuples in the results set of a window: 4574.79
Average processing time per WLQ task (us): 278910
****************WLQ worker 46****************
Received WLQ tasks: 191
Average no. of tuples in the results set of a window: 5034.71
Average processing time per WLQ task (us): 330752
****************WLQ worker 44****************
Received WLQ tasks: 177
Average no. of tuples in the results set of a window: 5025.7
Average processing time per WLQ task (us): 357082
****************WLQ worker 43****************
Received WLQ tasks: 187
Average no. of tuples in the results set of a window: 5216.41
Average processing time per WLQ task (us): 329243
****************WLQ worker 57****************
Received WLQ tasks: 0
Average no. of tuples in the results set of a window: 0
Average processing time per WLQ task (us): 0
****************WLQ worker 37****************
Received WLQ tasks: 693
Average no. of tuples in the results set of a window: 4272.24
Average processing time per WLQ task (us): 322212
****************WLQ worker 38****************
Received WLQ tasks: 708
Average no. of tuples in the results set of a window: 4473.7
Average processing time per WLQ task (us): 315664
****************WLQ worker 35****************
Received WLQ tasks: 278
Average no. of tuples in the results set of a window: 4130.42
Average processing time per WLQ task (us): 260562
****************WLQ worker 36****************
Received WLQ tasks: 261
Average no. of tuples in the results set of a window: 4270.09
Average processing time per WLQ task (us): 296487
****************WLQ worker 30****************
Received WLQ tasks: 376
Average no. of tuples in the results set of a window: 4004.58
Average processing time per WLQ task (us): 287107
****************WLQ worker 29****************
Received WLQ tasks: 390
Average no. of tuples in the results set of a window: 4041.67
Average processing time per WLQ task (us): 279762
****************WLQ worker 50****************
Received WLQ tasks: 0
Average no. of tuples in the results set of a window: 0
Average processing time per WLQ task (us): 0
****************WLQ worker 49****************
Received WLQ tasks: 0
Average no. of tuples in the results set of a window: 0
Average processing time per WLQ task (us): 0
****************WLQ worker 31****************
Received WLQ tasks: 362
Average no. of tuples in the results set of a window: 3927.64
Average processing time per WLQ task (us): 285844
****************WLQ worker 32****************
Received WLQ tasks: 366
Average no. of tuples in the results set of a window: 4191.04
Average processing time per WLQ task (us): 297996
****************WLQ worker 33****************
Received WLQ tasks: 239
Average no. of tuples in the results set of a window: 4421.04
Average processing time per WLQ task (us): 294845
****************WLQ worker 17****************
Received WLQ tasks: 354
Average no. of tuples in the results set of a window: 4779.36
Average processing time per WLQ task (us): 336659
****************WLQ worker 56****************
Received WLQ tasks: 0
Average no. of tuples in the results set of a window: 0
Average processing time per WLQ task (us): 0
****************WLQ worker 55****************
Received WLQ tasks: 0
Average no. of tuples in the results set of a window: 0
Average processing time per WLQ task (us): 0
****************WLQ worker 53****************
Received WLQ tasks: 0
Average no. of tuples in the results set of a window: 0
Average processing time per WLQ task (us): 0
****************WLQ worker 23****************
Received WLQ tasks: 173
Average no. of tuples in the results set of a window: 4638.17
Average processing time per WLQ task (us): 361281
****************WLQ worker 27****************
Received WLQ tasks: 322
Average no. of tuples in the results set of a window: 4139.71
Average processing time per WLQ task (us): 278344
****************WLQ worker 28****************
Received WLQ tasks: 326
Average no. of tuples in the results set of a window: 3967.74
Average processing time per WLQ task (us): 259590
****************WLQ worker 41****************
Received WLQ tasks: 734
Average no. of tuples in the results set of a window: 4230.24
Average processing time per WLQ task (us): 293848
****************WLQ worker 47****************
Received WLQ tasks: 190
Average no. of tuples in the results set of a window: 5275.13
Average processing time per WLQ task (us): 333358
****************WLQ worker 48****************
Received WLQ tasks: 220
Average no. of tuples in the results set of a window: 5002.86
Average processing time per WLQ task (us): 281367
****************WLQ worker 13****************
Received WLQ tasks: 370
Average no. of tuples in the results set of a window: 4639.33
Average processing time per WLQ task (us): 282633
****************WLQ worker 52****************
Received WLQ tasks: 0
Average no. of tuples in the results set of a window: 0
Average processing time per WLQ task (us): 0
****************WLQ worker 2****************
Received WLQ tasks: 281
Average no. of tuples in the results set of a window: 4176.8
Average processing time per WLQ task (us): 304881
****************WLQ worker 4****************
Received WLQ tasks: 568
Average no. of tuples in the results set of a window: 4198.94
Average processing time per WLQ task (us): 286227
****************WLQ worker 16****************
Received WLQ tasks: 375
Average no. of tuples in the results set of a window: 4711.21
Average processing time per WLQ task (us): 355841
****************WLQ worker 15****************
Received WLQ tasks: 360
Average no. of tuples in the results set of a window: 4645.5
Average processing time per WLQ task (us): 317841
****************WLQ worker 7****************
Received WLQ tasks: 539
Average no. of tuples in the results set of a window: 4338.62
Average processing time per WLQ task (us): 271436
****************WLQ worker 6****************
Received WLQ tasks: 575
Average no. of tuples in the results set of a window: 4190.45
Average processing time per WLQ task (us): 290335
****************WLQ worker 5****************
Received WLQ tasks: 586
Average no. of tuples in the results set of a window: 4345.57
Average processing time per WLQ task (us): 300687
****************WLQ worker 10****************
Received WLQ tasks: 367
Average no. of tuples in the results set of a window: 4049.91
Average processing time per WLQ task (us): 242440
****************WLQ worker 40****************
Received WLQ tasks: 743
Average no. of tuples in the results set of a window: 4275.82
Average processing time per WLQ task (us): 298822
****************WLQ worker 20****************
Received WLQ tasks: 174
Average no. of tuples in the results set of a window: 5039.79
Average processing time per WLQ task (us): 340599
****************WLQ worker 19****************
Received WLQ tasks: 210
Average no. of tuples in the results set of a window: 4473.83
Average processing time per WLQ task (us): 261696
