****************WLQ worker 18****************
Received WLQ tasks: 155
Average no. of tuples in the results set of a window: 5943.6
Average processing time per WLQ task (us): 303784
****************WLQ worker 14****************
Received WLQ tasks: 169
Average no. of tuples in the results set of a window: 5829.92
Average processing time per WLQ task (us): 379953
****************WLQ worker 36****************
Received WLQ tasks: 224
Average no. of tuples in the results set of a window: 5505.79
Average processing time per WLQ task (us): 327331
****************WLQ worker 6****************
Received WLQ tasks: 331
Average no. of tuples in the results set of a window: 5417.55
Average processing time per WLQ task (us): 280767
****************WLQ worker 27****************
Received WLQ tasks: 316
Average no. of tuples in the results set of a window: 5495.19
Average processing time per WLQ task (us): 362707
****************WLQ worker 17****************
Received WLQ tasks: 184
Average no. of tuples in the results set of a window: 5938.07
Average processing time per WLQ task (us): 364805
****************WLQ worker 26****************
Received WLQ tasks: 237
Average no. of tuples in the results set of a window: 5544.59
Average processing time per WLQ task (us): 308966
****************WLQ worker 49****************
Received WLQ tasks: 631
Average no. of tuples in the results set of a window: 5495.44
Average processing time per WLQ task (us): 291723
****************WLQ worker 55****************
Received WLQ tasks: 564
Average no. of tuples in the results set of a window: 5528.9
Average processing time per WLQ task (us): 349235
****************WLQ worker 9****************
Received WLQ tasks: 281
Average no. of tuples in the results set of a window: 5569.23
Average processing time per WLQ task (us): 325432
****************WLQ worker 7****************
Received WLQ tasks: 300
Average no. of tuples in the results set of a window: 5651.5
Average processing time per WLQ task (us): 312057
****************WLQ worker 8****************
Received WLQ tasks: 301
Average no. of tuples in the results set of a window: 5474.96
Average processing time per WLQ task (us): 322381
****************WLQ worker 13****************
Received WLQ tasks: 192
Average no. of tuples in the results set of a window: 5867.8
Average processing time per WLQ task (us): 372497
****************WLQ worker 22****************
Received WLQ tasks: 205
Average no. of tuples in the results set of a window: 5743.33
Average processing time per WLQ task (us): 276275
****************WLQ worker 21****************
Received WLQ tasks: 166
Average no. of tuples in the results set of a window: 5741.92
Average processing time per WLQ task (us): 339304
****************WLQ worker 0****************
Received WLQ tasks: 248
Average no. of tuples in the results set of a window: 5934.09
Average processing time per WLQ task (us): 272280
****************WLQ worker 19****************
Received WLQ tasks: 97
Average no. of tuples in the results set of a window: 5679.33
Average processing time per WLQ task (us): 409950
****************WLQ worker 20****************
Received WLQ tasks: 139
Average no. of tuples in the results set of a window: 5785.31
Average processing time per WLQ task (us): 386625
****************WLQ worker 16****************
Received WLQ tasks: 167
Average no. of tuples in the results set of a window: 5713.83
Average processing time per WLQ task (us): 349348
****************WLQ worker 15****************
Received WLQ tasks: 138
Average no. of tuples in the results set of a window: 5635.92
Average processing time per WLQ task (us): 377975
****************WLQ worker 54****************
Received WLQ tasks: 579
Average no. of tuples in the results set of a window: 5459.32
Average processing time per WLQ task (us): 332641
****************WLQ worker 53****************
Received WLQ tasks: 615
Average no. of tuples in the results set of a window: 5454.87
Average processing time per WLQ task (us): 311081
****************WLQ worker 33****************
Received WLQ tasks: 391
Average no. of tuples in the results set of a window: 5494.58
Average processing time per WLQ task (us): 371741
****************WLQ worker 34****************
Received WLQ tasks: 196
Average no. of tuples in the results set of a window: 5683.89
Average processing time per WLQ task (us): 381748
****************WLQ worker 47****************
Received WLQ tasks: 604
Average no. of tuples in the results set of a window: 5549.37
Average processing time per WLQ task (us): 319987
****************WLQ worker 48****************
Received WLQ tasks: 628
Average no. of tuples in the results set of a window: 5371.98
Average processing time per WLQ task (us): 307106
****************WLQ worker 43****************
Received WLQ tasks: 541
Average no. of tuples in the results set of a window: 5426.07
Average processing time per WLQ task (us): 359775
****************WLQ worker 44****************
Received WLQ tasks: 587
Average no. of tuples in the results set of a window: 5528.77
Average processing time per WLQ task (us): 320792
****************WLQ worker 57****************
Received WLQ tasks: 599
Average no. of tuples in the results set of a window: 5463.55
Average processing time per WLQ task (us): 311770
****************WLQ worker 58****************
Received WLQ tasks: 603
Average no. of tuples in the results set of a window: 5526.73
Average processing time per WLQ task (us): 327898
****************WLQ worker 42****************
Received WLQ tasks: 605
Average no. of tuples in the results set of a window: 5424.33
Average processing time per WLQ task (us): 291129
****************WLQ worker 41****************
Received WLQ tasks: 541
Average no. of tuples in the results set of a window: 5533.22
Average processing time per WLQ task (us): 341285
****************WLQ worker 40****************
Received WLQ tasks: 537
Average no. of tuples in the results set of a window: 5523.96
Average processing time per WLQ task (us): 344271
****************WLQ worker 39****************
Received WLQ tasks: 293
Average no. of tuples in the results set of a window: 5658.05
Average processing time per WLQ task (us): 315867
****************WLQ worker 35****************
Received WLQ tasks: 239
Average no. of tuples in the results set of a window: 5574.93
Average processing time per WLQ task (us): 278513
****************WLQ worker 31****************
Received WLQ tasks: 336
Average no. of tuples in the results set of a window: 5466.65
Average processing time per WLQ task (us): 326687
****************WLQ worker 32****************
Received WLQ tasks: 427
Average no. of tuples in the results set of a window: 5424.09
Average processing time per WLQ task (us): 320967
****************WLQ worker 37****************
Received WLQ tasks: 227
Average no. of tuples in the results set of a window: 5481.65
Average processing time per WLQ task (us): 318048
****************WLQ worker 38****************
Received WLQ tasks: 285
Average no. of tuples in the results set of a window: 5612.96
Average processing time per WLQ task (us): 356014
****************WLQ worker 45****************
Received WLQ tasks: 592
Average no. of tuples in the results set of a window: 5524.91
Average processing time per WLQ task (us): 309052
****************WLQ worker 46****************
Received WLQ tasks: 577
Average no. of tuples in the results set of a window: 5377.2
Average processing time per WLQ task (us): 330233
****************WLQ worker 28****************
Received WLQ tasks: 341
Average no. of tuples in the results set of a window: 5527.93
Average processing time per WLQ task (us): 334534
****************WLQ worker 11****************
Received WLQ tasks: 219
Average no. of tuples in the results set of a window: 5594.71
Average processing time per WLQ task (us): 401864
****************WLQ worker 12****************
Received WLQ tasks: 278
Average no. of tuples in the results set of a window: 5573.64
Average processing time per WLQ task (us): 287940
****************WLQ worker 25****************
Received WLQ tasks: 203
Average no. of tuples in the results set of a window: 5699.09
Average processing time per WLQ task (us): 405716
****************WLQ worker 50****************
Received WLQ tasks: 581
Average no. of tuples in the results set of a window: 5456.18
Average processing time per WLQ task (us): 341118
****************WLQ worker 51****************
Received WLQ tasks: 573
Average no. of tuples in the results set of a window: 5597.65
Average processing time per WLQ task (us): 363599
****************WLQ worker 52****************
Received WLQ tasks: 559
Average no. of tuples in the results set of a window: 5556.25
Average processing time per WLQ task (us): 338957
****************WLQ worker 56****************
Received WLQ tasks: 562
Average no. of tuples in the results set of a window: 5505.78
Average processing time per WLQ task (us): 373614
****************WLQ worker 29****************
Received WLQ tasks: 283
Average no. of tuples in the results set of a window: 5431.09
Average processing time per WLQ task (us): 327075
****************WLQ worker 30****************
Received WLQ tasks: 138
Average no. of tuples in the results set of a window: 5647.5
Average processing time per WLQ task (us): 291963
****************WLQ worker 1****************
Received WLQ tasks: 323
Average no. of tuples in the results set of a window: 5649.75
Average processing time per WLQ task (us): 254258
****************WLQ worker 2****************
Received WLQ tasks: 253
Average no. of tuples in the results set of a window: 5646.92
Average processing time per WLQ task (us): 265090
****************WLQ worker 5****************
Received WLQ tasks: 267
Average no. of tuples in the results set of a window: 5411.67
Average processing time per WLQ task (us): 283965
****************WLQ worker 24****************
Received WLQ tasks: 200
Average no. of tuples in the results set of a window: 5640.5
Average processing time per WLQ task (us): 331027
****************WLQ worker 23****************
Received WLQ tasks: 211
Average no. of tuples in the results set of a window: 5801
Average processing time per WLQ task (us): 280922
****************WLQ worker 3****************
Received WLQ tasks: 329
Average no. of tuples in the results set of a window: 5451.14
Average processing time per WLQ task (us): 248945
****************WLQ worker 4****************
Received WLQ tasks: 278
Average no. of tuples in the results set of a window: 5558.78
Average processing time per WLQ task (us): 326411
****************WLQ worker 10****************
Received WLQ tasks: 250
Average no. of tuples in the results set of a window: 5551.21
Average processing time per WLQ task (us): 361966
