****************WLQ worker 17****************
Received WLQ tasks: 367
Average no. of tuples in the results set of a window: 4957.87
Average processing time per WLQ task (us): 309821
****************WLQ worker 49****************
Received WLQ tasks: 847
Average no. of tuples in the results set of a window: 4877.03
Average processing time per WLQ task (us): 347938
****************WLQ worker 8****************
Received WLQ tasks: 774
Average no. of tuples in the results set of a window: 4719.28
Average processing time per WLQ task (us): 325340
****************WLQ worker 2****************
Received WLQ tasks: 420
Average no. of tuples in the results set of a window: 4475.6
Average processing time per WLQ task (us): 324209
****************WLQ worker 24****************
Received WLQ tasks: 266
Average no. of tuples in the results set of a window: 4695.36
Average processing time per WLQ task (us): 305133
****************WLQ worker 43****************
Received WLQ tasks: 577
Average no. of tuples in the results set of a window: 4847.53
Average processing time per WLQ task (us): 341038
****************WLQ worker 36****************
Received WLQ tasks: 191
Average no. of tuples in the results set of a window: 5190.5
Average processing time per WLQ task (us): 345773
****************WLQ worker 56****************
Received WLQ tasks: 1442
Average no. of tuples in the results set of a window: 4567.26
Average processing time per WLQ task (us): 332332
****************WLQ worker 7****************
Received WLQ tasks: 787
Average no. of tuples in the results set of a window: 4683.12
Average processing time per WLQ task (us): 324560
****************WLQ worker 10****************
Received WLQ tasks: 761
Average no. of tuples in the results set of a window: 4888.11
Average processing time per WLQ task (us): 309215
****************WLQ worker 44****************
Received WLQ tasks: 567
Average no. of tuples in the results set of a window: 4838.41
Average processing time per WLQ task (us): 347438
****************WLQ worker 27****************
Received WLQ tasks: 222
Average no. of tuples in the results set of a window: 4745.24
Average processing time per WLQ task (us): 308089
****************WLQ worker 55****************
Received WLQ tasks: 1425
Average no. of tuples in the results set of a window: 4624.4
Average processing time per WLQ task (us): 341199
****************WLQ worker 33****************
Received WLQ tasks: 470
Average no. of tuples in the results set of a window: 4149.47
Average processing time per WLQ task (us): 283849
****************WLQ worker 9****************
Received WLQ tasks: 722
Average no. of tuples in the results set of a window: 4842.95
Average processing time per WLQ task (us): 304942
****************WLQ worker 3****************
Received WLQ tasks: 200
Average no. of tuples in the results set of a window: 4139.64
Average processing time per WLQ task (us): 274941
****************WLQ worker 6****************
Received WLQ tasks: 861
Average no. of tuples in the results set of a window: 4735
Average processing time per WLQ task (us): 332231
****************WLQ worker 26****************
Received WLQ tasks: 243
Average no. of tuples in the results set of a window: 4959.11
Average processing time per WLQ task (us): 306835
****************WLQ worker 23****************
Received WLQ tasks: 274
Average no. of tuples in the results set of a window: 4702.64
Average processing time per WLQ task (us): 328127
****************WLQ worker 20****************
Received WLQ tasks: 365
Average no. of tuples in the results set of a window: 4900.79
Average processing time per WLQ task (us): 309673
****************WLQ worker 57****************
Received WLQ tasks: 1459
Average no. of tuples in the results set of a window: 4599.63
Average processing time per WLQ task (us): 334026
****************WLQ worker 58****************
Received WLQ tasks: 1749
Average no. of tuples in the results set of a window: 4529.66
Average processing time per WLQ task (us): 320242
****************WLQ worker 37****************
Received WLQ tasks: 176
Average no. of tuples in the results set of a window: 5465.06
Average processing time per WLQ task (us): 386719
****************WLQ worker 38****************
Received WLQ tasks: 219
Average no. of tuples in the results set of a window: 4867.73
Average processing time per WLQ task (us): 350724
****************WLQ worker 40****************
Received WLQ tasks: 307
Average no. of tuples in the results set of a window: 4860.89
Average processing time per WLQ task (us): 310545
****************WLQ worker 39****************
Received WLQ tasks: 267
Average no. of tuples in the results set of a window: 4846.17
Average processing time per WLQ task (us): 313847
****************WLQ worker 35****************
Received WLQ tasks: 207
Average no. of tuples in the results set of a window: 4837.56
Average processing time per WLQ task (us): 309222
****************WLQ worker 54****************
Received WLQ tasks: 1448
Average no. of tuples in the results set of a window: 4604.87
Average processing time per WLQ task (us): 332023
****************WLQ worker 53****************
Received WLQ tasks: 1425
Average no. of tuples in the results set of a window: 4603.32
Average processing time per WLQ task (us): 326950
****************WLQ worker 32****************
Received WLQ tasks: 305
Average no. of tuples in the results set of a window: 4297.12
Average processing time per WLQ task (us): 293725
****************WLQ worker 31****************
Received WLQ tasks: 303
Average no. of tuples in the results set of a window: 4440.5
Average processing time per WLQ task (us): 309236
****************WLQ worker 46****************
Received WLQ tasks: 501
Average no. of tuples in the results set of a window: 4786.09
Average processing time per WLQ task (us): 348643
****************WLQ worker 45****************
Received WLQ tasks: 534
Average no. of tuples in the results set of a window: 4833.88
Average processing time per WLQ task (us): 332042
****************WLQ worker 41****************
Received WLQ tasks: 291
Average no. of tuples in the results set of a window: 4839.1
Average processing time per WLQ task (us): 331770
****************WLQ worker 42****************
Received WLQ tasks: 578
Average no. of tuples in the results set of a window: 4650.15
Average processing time per WLQ task (us): 332074
****************WLQ worker 50****************
Received WLQ tasks: 842
Average no. of tuples in the results set of a window: 4959.41
Average processing time per WLQ task (us): 371721
****************WLQ worker 29****************
Received WLQ tasks: 222
Average no. of tuples in the results set of a window: 4678.76
Average processing time per WLQ task (us): 299054
****************WLQ worker 30****************
Received WLQ tasks: 219
Average no. of tuples in the results set of a window: 4786.41
Average processing time per WLQ task (us): 317538
****************WLQ worker 34****************
Received WLQ tasks: 526
Average no. of tuples in the results set of a window: 4197.43
Average processing time per WLQ task (us): 302545
****************WLQ worker 47****************
Received WLQ tasks: 518
Average no. of tuples in the results set of a window: 4907.88
Average processing time per WLQ task (us): 334572
****************WLQ worker 48****************
Received WLQ tasks: 524
Average no. of tuples in the results set of a window: 4820.24
Average processing time per WLQ task (us): 373799
****************WLQ worker 1****************
Received WLQ tasks: 552
Average no. of tuples in the results set of a window: 4772.48
Average processing time per WLQ task (us): 333216
****************WLQ worker 52****************
Received WLQ tasks: 1424
Average no. of tuples in the results set of a window: 4584.11
Average processing time per WLQ task (us): 329586
****************WLQ worker 28****************
Received WLQ tasks: 197
Average no. of tuples in the results set of a window: 4765.75
Average processing time per WLQ task (us): 283478
****************WLQ worker 22****************
Received WLQ tasks: 314
Average no. of tuples in the results set of a window: 4734.97
Average processing time per WLQ task (us): 312728
****************WLQ worker 18****************
Received WLQ tasks: 390
Average no. of tuples in the results set of a window: 4842.15
Average processing time per WLQ task (us): 304773
****************WLQ worker 11****************
Received WLQ tasks: 562
Average no. of tuples in the results set of a window: 4815.53
Average processing time per WLQ task (us): 298645
****************WLQ worker 12****************
Received WLQ tasks: 529
Average no. of tuples in the results set of a window: 4829.38
Average processing time per WLQ task (us): 303540
****************WLQ worker 51****************
Received WLQ tasks: 1422
Average no. of tuples in the results set of a window: 4559.14
Average processing time per WLQ task (us): 336473
****************WLQ worker 21****************
Received WLQ tasks: 295
Average no. of tuples in the results set of a window: 4770.07
Average processing time per WLQ task (us): 306819
****************WLQ worker 16****************
Received WLQ tasks: 382
Average no. of tuples in the results set of a window: 4883.83
Average processing time per WLQ task (us): 303285
****************WLQ worker 15****************
Received WLQ tasks: 393
Average no. of tuples in the results set of a window: 4817.61
Average processing time per WLQ task (us): 303203
****************WLQ worker 4****************
Received WLQ tasks: 963
Average no. of tuples in the results set of a window: 4750.58
Average processing time per WLQ task (us): 331176
****************WLQ worker 5****************
Received WLQ tasks: 910
Average no. of tuples in the results set of a window: 4668.74
Average processing time per WLQ task (us): 325911
****************WLQ worker 13****************
Received WLQ tasks: 383
Average no. of tuples in the results set of a window: 4997.21
Average processing time per WLQ task (us): 298358
****************WLQ worker 14****************
Received WLQ tasks: 382
Average no. of tuples in the results set of a window: 5028.25
Average processing time per WLQ task (us): 301774
****************WLQ worker 25****************
Received WLQ tasks: 238
Average no. of tuples in the results set of a window: 4898
Average processing time per WLQ task (us): 325730
****************WLQ worker 0****************
Received WLQ tasks: 392
Average no. of tuples in the results set of a window: 5173.38
Average processing time per WLQ task (us): 333081
****************WLQ worker 19****************
Received WLQ tasks: 361
Average no. of tuples in the results set of a window: 4817.14
Average processing time per WLQ task (us): 322756
