****************WLQ worker 11****************
Received WLQ tasks: 289
Average no. of tuples in the results set of a window: 5537.17
Average processing time per WLQ task (us): 323315
****************WLQ worker 38****************
Received WLQ tasks: 204
Average no. of tuples in the results set of a window: 5581.86
Average processing time per WLQ task (us): 412095
****************WLQ worker 36****************
Received WLQ tasks: 120
Average no. of tuples in the results set of a window: 5934.29
Average processing time per WLQ task (us): 311611
****************WLQ worker 40****************
Received WLQ tasks: 201
Average no. of tuples in the results set of a window: 5502.55
Average processing time per WLQ task (us): 396172
****************WLQ worker 7****************
Received WLQ tasks: 260
Average no. of tuples in the results set of a window: 5592.15
Average processing time per WLQ task (us): 360002
****************WLQ worker 10****************
Received WLQ tasks: 322
Average no. of tuples in the results set of a window: 5487
Average processing time per WLQ task (us): 314181
****************WLQ worker 4****************
Received WLQ tasks: 261
Average no. of tuples in the results set of a window: 5648.86
Average processing time per WLQ task (us): 365330
****************WLQ worker 3****************
Received WLQ tasks: 190
Average no. of tuples in the results set of a window: 5545.62
Average processing time per WLQ task (us): 266479
****************WLQ worker 6****************
Received WLQ tasks: 202
Average no. of tuples in the results set of a window: 5764.83
Average processing time per WLQ task (us): 391799
****************WLQ worker 5****************
Received WLQ tasks: 218
Average no. of tuples in the results set of a window: 5697.76
Average processing time per WLQ task (us): 348274
****************WLQ worker 2****************
Received WLQ tasks: 148
Average no. of tuples in the results set of a window: 5550.46
Average processing time per WLQ task (us): 354409
****************WLQ worker 1****************
Received WLQ tasks: 143
Average no. of tuples in the results set of a window: 5746.8
Average processing time per WLQ task (us): 353402
****************WLQ worker 30****************
Received WLQ tasks: 70
Average no. of tuples in the results set of a window: 5987.75
Average processing time per WLQ task (us): 340364
****************WLQ worker 29****************
Received WLQ tasks: 111
Average no. of tuples in the results set of a window: 5834.5
Average processing time per WLQ task (us): 307560
****************WLQ worker 23****************
Received WLQ tasks: 212
Average no. of tuples in the results set of a window: 5583.94
Average processing time per WLQ task (us): 336741
****************WLQ worker 24****************
Received WLQ tasks: 311
Average no. of tuples in the results set of a window: 5428.75
Average processing time per WLQ task (us): 334298
****************WLQ worker 14****************
Received WLQ tasks: 251
Average no. of tuples in the results set of a window: 5465.88
Average processing time per WLQ task (us): 323858
****************WLQ worker 13****************
Received WLQ tasks: 265
Average no. of tuples in the results set of a window: 5398.24
Average processing time per WLQ task (us): 352007
****************WLQ worker 15****************
Received WLQ tasks: 196
Average no. of tuples in the results set of a window: 6108.07
Average processing time per WLQ task (us): 374594
****************WLQ worker 16****************
Received WLQ tasks: 225
Average no. of tuples in the results set of a window: 5793.64
Average processing time per WLQ task (us): 395546
****************WLQ worker 26****************
Received WLQ tasks: 323
Average no. of tuples in the results set of a window: 5507.85
Average processing time per WLQ task (us): 352480
****************WLQ worker 25****************
Received WLQ tasks: 333
Average no. of tuples in the results set of a window: 5457.23
Average processing time per WLQ task (us): 301161
****************WLQ worker 22****************
Received WLQ tasks: 243
Average no. of tuples in the results set of a window: 5529.54
Average processing time per WLQ task (us): 364865
****************WLQ worker 21****************
Received WLQ tasks: 330
Average no. of tuples in the results set of a window: 5433.56
Average processing time per WLQ task (us): 372785
****************WLQ worker 27****************
Received WLQ tasks: 126
Average no. of tuples in the results set of a window: 5745.5
Average processing time per WLQ task (us): 308018
****************WLQ worker 28****************
Received WLQ tasks: 125
Average no. of tuples in the results set of a window: 5543.5
Average processing time per WLQ task (us): 316615
****************WLQ worker 46****************
Received WLQ tasks: 605
Average no. of tuples in the results set of a window: 5449.16
Average processing time per WLQ task (us): 372024
****************WLQ worker 45****************
Received WLQ tasks: 656
Average no. of tuples in the results set of a window: 5497
Average processing time per WLQ task (us): 353339
****************WLQ worker 56****************
Received WLQ tasks: 626
Average no. of tuples in the results set of a window: 5518.29
Average processing time per WLQ task (us): 357768
****************WLQ worker 55****************
Received WLQ tasks: 622
Average no. of tuples in the results set of a window: 5490.85
Average processing time per WLQ task (us): 359021
****************WLQ worker 20****************
Received WLQ tasks: 320
Average no. of tuples in the results set of a window: 5369.58
Average processing time per WLQ task (us): 371929
****************WLQ worker 19****************
Received WLQ tasks: 310
Average no. of tuples in the results set of a window: 5627.15
Average processing time per WLQ task (us): 368121
****************WLQ worker 41****************
Received WLQ tasks: 218
Average no. of tuples in the results set of a window: 5577.44
Average processing time per WLQ task (us): 369961
****************WLQ worker 42****************
Received WLQ tasks: 623
Average no. of tuples in the results set of a window: 5569.12
Average processing time per WLQ task (us): 361117
****************WLQ worker 17****************
Received WLQ tasks: 224
Average no. of tuples in the results set of a window: 5780.83
Average processing time per WLQ task (us): 383089
****************WLQ worker 18****************
Received WLQ tasks: 307
Average no. of tuples in the results set of a window: 5509.91
Average processing time per WLQ task (us): 315762
****************WLQ worker 34****************
Received WLQ tasks: 83
Average no. of tuples in the results set of a window: 5883.2
Average processing time per WLQ task (us): 330444
****************WLQ worker 33****************
Received WLQ tasks: 31
Average no. of tuples in the results set of a window: 5969
Average processing time per WLQ task (us): 471254
****************WLQ worker 32****************
Received WLQ tasks: 82
Average no. of tuples in the results set of a window: 6240.8
Average processing time per WLQ task (us): 338340
****************WLQ worker 31****************
Received WLQ tasks: 78
Average no. of tuples in the results set of a window: 5697.6
Average processing time per WLQ task (us): 336893
****************WLQ worker 47****************
Received WLQ tasks: 610
Average no. of tuples in the results set of a window: 5570.77
Average processing time per WLQ task (us): 371098
****************WLQ worker 48****************
Received WLQ tasks: 650
Average no. of tuples in the results set of a window: 5566.78
Average processing time per WLQ task (us): 353293
****************WLQ worker 57****************
Received WLQ tasks: 649
Average no. of tuples in the results set of a window: 5516.26
Average processing time per WLQ task (us): 340703
****************WLQ worker 58****************
Received WLQ tasks: 665
Average no. of tuples in the results set of a window: 5530.96
Average processing time per WLQ task (us): 385546
****************WLQ worker 49****************
Received WLQ tasks: 668
Average no. of tuples in the results set of a window: 5421.06
Average processing time per WLQ task (us): 322667
****************WLQ worker 50****************
Received WLQ tasks: 651
Average no. of tuples in the results set of a window: 5428.6
Average processing time per WLQ task (us): 340077
****************WLQ worker 52****************
Received WLQ tasks: 610
Average no. of tuples in the results set of a window: 5478.2
Average processing time per WLQ task (us): 374219
****************WLQ worker 51****************
Received WLQ tasks: 636
Average no. of tuples in the results set of a window: 5419.62
Average processing time per WLQ task (us): 356567
****************WLQ worker 44****************
Received WLQ tasks: 624
Average no. of tuples in the results set of a window: 5474.32
Average processing time per WLQ task (us): 361612
****************WLQ worker 43****************
Received WLQ tasks: 617
Average no. of tuples in the results set of a window: 5505.67
Average processing time per WLQ task (us): 361254
****************WLQ worker 54****************
Received WLQ tasks: 644
Average no. of tuples in the results set of a window: 5507.96
Average processing time per WLQ task (us): 338861
****************WLQ worker 53****************
Received WLQ tasks: 608
Average no. of tuples in the results set of a window: 5520.72
Average processing time per WLQ task (us): 368459
****************WLQ worker 37****************
Received WLQ tasks: 96
Average no. of tuples in the results set of a window: 5810.86
Average processing time per WLQ task (us): 364498
****************WLQ worker 35****************
Received WLQ tasks: 86
Average no. of tuples in the results set of a window: 5838.89
Average processing time per WLQ task (us): 461542
****************WLQ worker 39****************
Received WLQ tasks: 219
Average no. of tuples in the results set of a window: 5623.76
Average processing time per WLQ task (us): 354241
****************WLQ worker 12****************
Received WLQ tasks: 197
Average no. of tuples in the results set of a window: 5612.89
Average processing time per WLQ task (us): 403669
****************WLQ worker 0****************
Received WLQ tasks: 189
Average no. of tuples in the results set of a window: 5438.67
Average processing time per WLQ task (us): 314293
****************WLQ worker 9****************
Received WLQ tasks: 286
Average no. of tuples in the results set of a window: 5541.65
Average processing time per WLQ task (us): 365064
****************WLQ worker 8****************
Received WLQ tasks: 296
Average no. of tuples in the results set of a window: 5659.3
Average processing time per WLQ task (us): 359883
