****************WLQ worker 5****************
Received WLQ tasks: 300
Average no. of tuples in the results set of a window: 5650.45
Average processing time per WLQ task (us): 411082
****************WLQ worker 6****************
Received WLQ tasks: 212
Average no. of tuples in the results set of a window: 5512
Average processing time per WLQ task (us): 329588
****************WLQ worker 19****************
Received WLQ tasks: 361
Average no. of tuples in the results set of a window: 5489.12
Average processing time per WLQ task (us): 335417
****************WLQ worker 20****************
Received WLQ tasks: 384
Average no. of tuples in the results set of a window: 5491.5
Average processing time per WLQ task (us): 313150
****************WLQ worker 8****************
Received WLQ tasks: 331
Average no. of tuples in the results set of a window: 5547.32
Average processing time per WLQ task (us): 411923
****************WLQ worker 7****************
Received WLQ tasks: 307
Average no. of tuples in the results set of a window: 5580.2
Average processing time per WLQ task (us): 392634
****************WLQ worker 41****************
Received WLQ tasks: 583
Average no. of tuples in the results set of a window: 5528.12
Average processing time per WLQ task (us): 376762
****************WLQ worker 3****************
Received WLQ tasks: 239
Average no. of tuples in the results set of a window: 5717.15
Average processing time per WLQ task (us): 391792
****************WLQ worker 4****************
Received WLQ tasks: 116
Average no. of tuples in the results set of a window: 5540.4
Average processing time per WLQ task (us): 332263
****************WLQ worker 0****************
Received WLQ tasks: 314
Average no. of tuples in the results set of a window: 5545.8
Average processing time per WLQ task (us): 360847
****************WLQ worker 16****************
Received WLQ tasks: 145
Average no. of tuples in the results set of a window: 5751.17
Average processing time per WLQ task (us): 302314
****************WLQ worker 15****************
Received WLQ tasks: 230
Average no. of tuples in the results set of a window: 5640.78
Average processing time per WLQ task (us): 357963
****************WLQ worker 21****************
Received WLQ tasks: 375
Average no. of tuples in the results set of a window: 5581.3
Average processing time per WLQ task (us): 336769
****************WLQ worker 22****************
Received WLQ tasks: 115
Average no. of tuples in the results set of a window: 5299.75
Average processing time per WLQ task (us): 310745
****************WLQ worker 18****************
Received WLQ tasks: 201
Average no. of tuples in the results set of a window: 5571.76
Average processing time per WLQ task (us): 359979
****************WLQ worker 17****************
Received WLQ tasks: 218
Average no. of tuples in the results set of a window: 5453.25
Average processing time per WLQ task (us): 344219
****************WLQ worker 9****************
Received WLQ tasks: 454
Average no. of tuples in the results set of a window: 5508.47
Average processing time per WLQ task (us): 351402
****************WLQ worker 10****************
Received WLQ tasks: 396
Average no. of tuples in the results set of a window: 5586.47
Average processing time per WLQ task (us): 383060
****************WLQ worker 1****************
Received WLQ tasks: 360
Average no. of tuples in the results set of a window: 5501.83
Average processing time per WLQ task (us): 324803
****************WLQ worker 2****************
Received WLQ tasks: 390
Average no. of tuples in the results set of a window: 5533.2
Average processing time per WLQ task (us): 331996
****************WLQ worker 29****************
Received WLQ tasks: 106
Average no. of tuples in the results set of a window: 5550.67
Average processing time per WLQ task (us): 466706
****************WLQ worker 30****************
Received WLQ tasks: 114
Average no. of tuples in the results set of a window: 5556.5
Average processing time per WLQ task (us): 382263
****************WLQ worker 12****************
Received WLQ tasks: 359
Average no. of tuples in the results set of a window: 5599.74
Average processing time per WLQ task (us): 382341
****************WLQ worker 11****************
Received WLQ tasks: 495
Average no. of tuples in the results set of a window: 5459.38
Average processing time per WLQ task (us): 325740
****************WLQ worker 14****************
Received WLQ tasks: 252
Average no. of tuples in the results set of a window: 5662.86
Average processing time per WLQ task (us): 369130
****************WLQ worker 13****************
Received WLQ tasks: 380
Average no. of tuples in the results set of a window: 5598.33
Average processing time per WLQ task (us): 298127
****************WLQ worker 48****************
Received WLQ tasks: 571
Average no. of tuples in the results set of a window: 5527.15
Average processing time per WLQ task (us): 352228
****************WLQ worker 47****************
Received WLQ tasks: 582
Average no. of tuples in the results set of a window: 5474.55
Average processing time per WLQ task (us): 339388
****************WLQ worker 24****************
Received WLQ tasks: 108
Average no. of tuples in the results set of a window: 5535.67
Average processing time per WLQ task (us): 358937
****************WLQ worker 23****************
Received WLQ tasks: 109
Average no. of tuples in the results set of a window: 5437.6
Average processing time per WLQ task (us): 376141
****************WLQ worker 46****************
Received WLQ tasks: 530
Average no. of tuples in the results set of a window: 5504.76
Average processing time per WLQ task (us): 379105
****************WLQ worker 45****************
Received WLQ tasks: 537
Average no. of tuples in the results set of a window: 5473.47
Average processing time per WLQ task (us): 387049
****************WLQ worker 34****************
Received WLQ tasks: 81
Average no. of tuples in the results set of a window: 5418.57
Average processing time per WLQ task (us): 392135
****************WLQ worker 33****************
Received WLQ tasks: 90
Average no. of tuples in the results set of a window: 5454.86
Average processing time per WLQ task (us): 384011
****************WLQ worker 25****************
Received WLQ tasks: 115
Average no. of tuples in the results set of a window: 5335.38
Average processing time per WLQ task (us): 310448
****************WLQ worker 26****************
Received WLQ tasks: 115
Average no. of tuples in the results set of a window: 5427.5
Average processing time per WLQ task (us): 323754
****************WLQ worker 52****************
Received WLQ tasks: 538
Average no. of tuples in the results set of a window: 5499.19
Average processing time per WLQ task (us): 364713
****************WLQ worker 51****************
Received WLQ tasks: 614
Average no. of tuples in the results set of a window: 5463.4
Average processing time per WLQ task (us): 328830
****************WLQ worker 54****************
Received WLQ tasks: 556
Average no. of tuples in the results set of a window: 5542.67
Average processing time per WLQ task (us): 371394
****************WLQ worker 53****************
Received WLQ tasks: 581
Average no. of tuples in the results set of a window: 5518.77
Average processing time per WLQ task (us): 355130
****************WLQ worker 55****************
Received WLQ tasks: 548
Average no. of tuples in the results set of a window: 5449.47
Average processing time per WLQ task (us): 369849
****************WLQ worker 56****************
Received WLQ tasks: 584
Average no. of tuples in the results set of a window: 5548.73
Average processing time per WLQ task (us): 342272
****************WLQ worker 32****************
Received WLQ tasks: 56
Average no. of tuples in the results set of a window: 5549.5
Average processing time per WLQ task (us): 370473
****************WLQ worker 31****************
Received WLQ tasks: 120
Average no. of tuples in the results set of a window: 5668.92
Average processing time per WLQ task (us): 407418
****************WLQ worker 28****************
Received WLQ tasks: 116
Average no. of tuples in the results set of a window: 5764.45
Average processing time per WLQ task (us): 415461
****************WLQ worker 27****************
Received WLQ tasks: 145
Average no. of tuples in the results set of a window: 5698.09
Average processing time per WLQ task (us): 343153
****************WLQ worker 42****************
Received WLQ tasks: 592
Average no. of tuples in the results set of a window: 5508.92
Average processing time per WLQ task (us): 351669
****************WLQ worker 58****************
Received WLQ tasks: 645
Average no. of tuples in the results set of a window: 5536.87
Average processing time per WLQ task (us): 383031
****************WLQ worker 57****************
Received WLQ tasks: 581
Average no. of tuples in the results set of a window: 5581.55
Average processing time per WLQ task (us): 357664
****************WLQ worker 43****************
Received WLQ tasks: 572
Average no. of tuples in the results set of a window: 5467.08
Average processing time per WLQ task (us): 360730
****************WLQ worker 44****************
Received WLQ tasks: 585
Average no. of tuples in the results set of a window: 5457.06
Average processing time per WLQ task (us): 351120
****************WLQ worker 50****************
Received WLQ tasks: 564
Average no. of tuples in the results set of a window: 5476.49
Average processing time per WLQ task (us): 361537
****************WLQ worker 49****************
Received WLQ tasks: 568
Average no. of tuples in the results set of a window: 5553.65
Average processing time per WLQ task (us): 353218
****************WLQ worker 37****************
Received WLQ tasks: 139
Average no. of tuples in the results set of a window: 5845.77
Average processing time per WLQ task (us): 431602
****************WLQ worker 38****************
Received WLQ tasks: 144
Average no. of tuples in the results set of a window: 5856.6
Average processing time per WLQ task (us): 374050
****************WLQ worker 35****************
Received WLQ tasks: 145
Average no. of tuples in the results set of a window: 5741.5
Average processing time per WLQ task (us): 438173
****************WLQ worker 36****************
Received WLQ tasks: 145
Average no. of tuples in the results set of a window: 5711.91
Average processing time per WLQ task (us): 393239
****************WLQ worker 39****************
Received WLQ tasks: 146
Average no. of tuples in the results set of a window: 5607.14
Average processing time per WLQ task (us): 427912
****************WLQ worker 40****************
Received WLQ tasks: 131
Average no. of tuples in the results set of a window: 5828.79
Average processing time per WLQ task (us): 476074
