********************************PLQ worker 58********************************
Received tuples: 0
Received punctuations: 0
Average deque size: 0
Average pane instances closed per punct.: 0
Average processing time per tuple (us): 0
********************************PLQ worker 46********************************
Received tuples: 0
Received punctuations: 0
Average deque size: 0
Average pane instances closed per punct.: 0
Average processing time per tuple (us): 0
********************************PLQ worker 11********************************
Received tuples: 0
Received punctuations: 0
Average deque size: 0
Average pane instances closed per punct.: 0
Average processing time per tuple (us): 0
********************************PLQ worker 44********************************
Received tuples: 0
Received punctuations: 0
Average deque size: 0
Average pane instances closed per punct.: 0
Average processing time per tuple (us): 0
********************************PLQ worker 38********************************
Received tuples: 0
Received punctuations: 0
Average deque size: 0
Average pane instances closed per punct.: 0
Average processing time per tuple (us): 0
********************************PLQ worker 27********************************
Received tuples: 0
Received punctuations: 0
Average deque size: 0
Average pane instances closed per punct.: 0
Average processing time per tuple (us): 0
********************************PLQ worker 4********************************
Received tuples: 248703
Received punctuations: 98
Average deque size: 2.55102
Average pane instances closed per punct.: 5.79167
Average processing time per tuple (us): 93.1772
********************************PLQ worker 12********************************
Received tuples: 0
Received punctuations: 0
Average deque size: 0
Average pane instances closed per punct.: 0
Average processing time per tuple (us): 0
********************************PLQ worker 15********************************
Received tuples: 0
Received punctuations: 0
Average deque size: 0
Average pane instances closed per punct.: 0
Average processing time per tuple (us): 0
********************************PLQ worker 16********************************
Received tuples: 0
Received punctuations: 0
Average deque size: 0
Average pane instances closed per punct.: 0
Average processing time per tuple (us): 0
********************************PLQ worker 49********************************
Received tuples: 0
Received punctuations: 0
Average deque size: 0
Average pane instances closed per punct.: 0
Average processing time per tuple (us): 0
********************************PLQ worker 55********************************
Received tuples: 0
Received punctuations: 0
Average deque size: 0
Average pane instances closed per punct.: 0
Average processing time per tuple (us): 0
********************************PLQ worker 10********************************
Received tuples: 0
Received punctuations: 0
Average deque size: 0
Average pane instances closed per punct.: 0
Average processing time per tuple (us): 0
********************************PLQ worker 29********************************
Received tuples: 0
Received punctuations: 0
Average deque size: 0
Average pane instances closed per punct.: 0
Average processing time per tuple (us): 0
********************************PLQ worker 19********************************
Received tuples: 0
Received punctuations: 0
Average deque size: 0
Average pane instances closed per punct.: 0
Average processing time per tuple (us): 0
********************************PLQ worker 35********************************
Received tuples: 0
Received punctuations: 0
Average deque size: 0
Average pane instances closed per punct.: 0
Average processing time per tuple (us): 0
********************************PLQ worker 18********************************
Received tuples: 0
Received punctuations: 0
Average deque size: 0
Average pane instances closed per punct.: 0
Average processing time per tuple (us): 0
********************************PLQ worker 57********************************
Received tuples: 0
Received punctuations: 0
Average deque size: 0
Average pane instances closed per punct.: 0
Average processing time per tuple (us): 0
********************************PLQ worker 5********************************
Received tuples: 0
Received punctuations: 0
Average deque size: 0
Average pane instances closed per punct.: 0
Average processing time per tuple (us): 0
********************************PLQ worker 37********************************
Received tuples: 0
Received punctuations: 0
Average deque size: 0
Average pane instances closed per punct.: 0
Average processing time per tuple (us): 0
********************************PLQ worker 52********************************
Received tuples: 0
Received punctuations: 0
Average deque size: 0
Average pane instances closed per punct.: 0
Average processing time per tuple (us): 0
********************************PLQ worker 26********************************
Received tuples: 0
Received punctuations: 0
Average deque size: 0
Average pane instances closed per punct.: 0
Average processing time per tuple (us): 0
********************************PLQ worker 17********************************
Received tuples: 0
Received punctuations: 0
Average deque size: 0
Average pane instances closed per punct.: 0
Average processing time per tuple (us): 0
********************************PLQ worker 3********************************
Received tuples: 253250
Received punctuations: 203
Average deque size: 1.84236
Average pane instances closed per punct.: 3.15152
Average processing time per tuple (us): 111.712
********************************PLQ worker 28********************************
Received tuples: 0
Received punctuations: 0
Average deque size: 0
Average pane instances closed per punct.: 0
Average processing time per tuple (us): 0
********************************PLQ worker 45********************************
Received tuples: 0
Received punctuations: 0
Average deque size: 0
Average pane instances closed per punct.: 0
Average processing time per tuple (us): 0
********************************PLQ worker 13********************************
Received tuples: 0
Received punctuations: 0
Average deque size: 0
Average pane instances closed per punct.: 0
Average processing time per tuple (us): 0
********************************PLQ worker 22********************************
Received tuples: 0
Received punctuations: 0
Average deque size: 0
Average pane instances closed per punct.: 0
Average processing time per tuple (us): 0
********************************PLQ worker 47********************************
Received tuples: 0
Received punctuations: 0
Average deque size: 0
Average pane instances closed per punct.: 0
Average processing time per tuple (us): 0
********************************PLQ worker 20********************************
Received tuples: 0
Received punctuations: 0
Average deque size: 0
Average pane instances closed per punct.: 0
Average processing time per tuple (us): 0
********************************PLQ worker 41********************************
Received tuples: 0
Received punctuations: 0
Average deque size: 0
Average pane instances closed per punct.: 0
Average processing time per tuple (us): 0
********************************PLQ worker 53********************************
Received tuples: 0
Received punctuations: 0
Average deque size: 0
Average pane instances closed per punct.: 0
Average processing time per tuple (us): 0
********************************PLQ worker 51********************************
Received tuples: 0
Received punctuations: 0
Average deque size: 0
Average pane instances closed per punct.: 0
Average processing time per tuple (us): 0
********************************PLQ worker 23********************************
Received tuples: 0
Received punctuations: 0
Average deque size: 0
Average pane instances closed per punct.: 0
Average processing time per tuple (us): 0
********************************PLQ worker 21********************************
Received tuples: 0
Received punctuations: 0
Average deque size: 0
Average pane instances closed per punct.: 0
Average processing time per tuple (us): 0
********************************PLQ worker 40********************************
Received tuples: 0
Received punctuations: 0
Average deque size: 0
Average pane instances closed per punct.: 0
Average processing time per tuple (us): 0
********************************PLQ worker 39********************************
Received tuples: 0
Received punctuations: 0
Average deque size: 0
Average pane instances closed per punct.: 0
Average processing time per tuple (us): 0
********************************PLQ worker 34********************************
Received tuples: 0
Received punctuations: 0
Average deque size: 0
Average pane instances closed per punct.: 0
Average processing time per tuple (us): 0
********************************PLQ worker 50********************************
Received tuples: 0
Received punctuations: 0
Average deque size: 0
Average pane instances closed per punct.: 0
Average processing time per tuple (us): 0
********************************PLQ worker 8********************************
Received tuples: 0
Received punctuations: 0
Average deque size: 0
Average pane instances closed per punct.: 0
Average processing time per tuple (us): 0
********************************PLQ worker 43********************************
Received tuples: 0
Received punctuations: 0
Average deque size: 0
Average pane instances closed per punct.: 0
Average processing time per tuple (us): 0
********************************PLQ worker 42********************************
Received tuples: 0
Received punctuations: 0
Average deque size: 0
Average pane instances closed per punct.: 0
Average processing time per tuple (us): 0
********************************PLQ worker 9********************************
Received tuples: 0
Received punctuations: 0
Average deque size: 0
Average pane instances closed per punct.: 0
Average processing time per tuple (us): 0
********************************PLQ worker 0********************************
Received tuples: 857488
Received punctuations: 445
Average deque size: 2.69438
Average pane instances closed per punct.: 4.875
Average processing time per tuple (us): 97.2807
********************************PLQ worker 24********************************
Received tuples: 0
Received punctuations: 0
Average deque size: 0
Average pane instances closed per punct.: 0
Average processing time per tuple (us): 0
********************************PLQ worker 25********************************
Received tuples: 0
Received punctuations: 0
Average deque size: 0
Average pane instances closed per punct.: 0
Average processing time per tuple (us): 0
********************************PLQ worker 48********************************
Received tuples: 0
Received punctuations: 0
Average deque size: 0
Average pane instances closed per punct.: 0
Average processing time per tuple (us): 0
********************************PLQ worker 2********************************
Received tuples: 1005365
Received punctuations: 487
Average deque size: 2.47228
Average pane instances closed per punct.: 5.21
Average processing time per tuple (us): 96.7563
********************************PLQ worker 6********************************
Received tuples: 757845
Received punctuations: 444
Average deque size: 2.01802
Average pane instances closed per punct.: 4.4125
Average processing time per tuple (us): 107.469
********************************PLQ worker 32********************************
Received tuples: 0
Received punctuations: 0
Average deque size: 0
Average pane instances closed per punct.: 0
Average processing time per tuple (us): 0
********************************PLQ worker 36********************************
Received tuples: 0
Received punctuations: 0
Average deque size: 0
Average pane instances closed per punct.: 0
Average processing time per tuple (us): 0
********************************PLQ worker 30********************************
Received tuples: 0
Received punctuations: 0
Average deque size: 0
Average pane instances closed per punct.: 0
Average processing time per tuple (us): 0
********************************PLQ worker 54********************************
Received tuples: 0
Received punctuations: 0
Average deque size: 0
Average pane instances closed per punct.: 0
Average processing time per tuple (us): 0
********************************PLQ worker 33********************************
Received tuples: 0
Received punctuations: 0
Average deque size: 0
Average pane instances closed per punct.: 0
Average processing time per tuple (us): 0
********************************PLQ worker 56********************************
Received tuples: 0
Received punctuations: 0
Average deque size: 0
Average pane instances closed per punct.: 0
Average processing time per tuple (us): 0
********************************PLQ worker 31********************************
Received tuples: 0
Received punctuations: 0
Average deque size: 0
Average pane instances closed per punct.: 0
Average processing time per tuple (us): 0
********************************PLQ worker 7********************************
Received tuples: 0
Received punctuations: 0
Average deque size: 0
Average pane instances closed per punct.: 0
Average processing time per tuple (us): 0
********************************PLQ worker 14********************************
Received tuples: 1937429
Received punctuations: 705
Average deque size: 2.07518
Average pane instances closed per punct.: 5.57895
Average processing time per tuple (us): 98.3339
********************************PLQ worker 1********************************
Received tuples: 1700159
Received punctuations: 838
Average deque size: 2.47613
Average pane instances closed per punct.: 4.82682
Average processing time per tuple (us): 95.4421
