****************WLQ worker 28****************
Received WLQ tasks: 751
Average no. of tuples in the results set of a window: 4195.88
Average processing time per WLQ task (us): 295533
****************WLQ worker 16****************
Received WLQ tasks: 384
Average no. of tuples in the results set of a window: 4503.16
Average processing time per WLQ task (us): 316564
****************WLQ worker 39****************
Received WLQ tasks: 0
Average no. of tuples in the results set of a window: 0
Average processing time per WLQ task (us): 0
****************WLQ worker 13****************
Received WLQ tasks: 459
Average no. of tuples in the results set of a window: 4674.25
Average processing time per WLQ task (us): 336995
****************WLQ worker 8****************
Received WLQ tasks: 570
Average no. of tuples in the results set of a window: 4430.35
Average processing time per WLQ task (us): 309481
****************WLQ worker 58****************
Received WLQ tasks: 1097
Average no. of tuples in the results set of a window: 4139.42
Average processing time per WLQ task (us): 297121
****************WLQ worker 9****************
Received WLQ tasks: 573
Average no. of tuples in the results set of a window: 4451.92
Average processing time per WLQ task (us): 299838
****************WLQ worker 10****************
Received WLQ tasks: 596
Average no. of tuples in the results set of a window: 4402.45
Average processing time per WLQ task (us): 310499
****************WLQ worker 6****************
Received WLQ tasks: 397
Average no. of tuples in the results set of a window: 4498.77
Average processing time per WLQ task (us): 304384
****************WLQ worker 4****************
Received WLQ tasks: 545
Average no. of tuples in the results set of a window: 4277
Average processing time per WLQ task (us): 277789
****************WLQ worker 1****************
Received WLQ tasks: 234
Average no. of tuples in the results set of a window: 3652.75
Average processing time per WLQ task (us): 249508
****************WLQ worker 2****************
Received WLQ tasks: 446
Average no. of tuples in the results set of a window: 4150.47
Average processing time per WLQ task (us): 311017
****************WLQ worker 7****************
Received WLQ tasks: 506
Average no. of tuples in the results set of a window: 4413.37
Average processing time per WLQ task (us): 295932
****************WLQ worker 27****************
Received WLQ tasks: 785
Average no. of tuples in the results set of a window: 4284.22
Average processing time per WLQ task (us): 303701
****************WLQ worker 11****************
Received WLQ tasks: 614
Average no. of tuples in the results set of a window: 4493.89
Average processing time per WLQ task (us): 307936
****************WLQ worker 12****************
Received WLQ tasks: 513
Average no. of tuples in the results set of a window: 4647.97
Average processing time per WLQ task (us): 331821
****************WLQ worker 32****************
Received WLQ tasks: 957
Average no. of tuples in the results set of a window: 4272.78
Average processing time per WLQ task (us): 302180
****************WLQ worker 17****************
Received WLQ tasks: 547
Average no. of tuples in the results set of a window: 4672.42
Average processing time per WLQ task (us): 319785
****************WLQ worker 18****************
Received WLQ tasks: 465
Average no. of tuples in the results set of a window: 4702.45
Average processing time per WLQ task (us): 327877
****************WLQ worker 34****************
Received WLQ tasks: 940
Average no. of tuples in the results set of a window: 4286.5
Average processing time per WLQ task (us): 302334
****************WLQ worker 33****************
Received WLQ tasks: 977
Average no. of tuples in the results set of a window: 4152.97
Average processing time per WLQ task (us): 293561
****************WLQ worker 35****************
Received WLQ tasks: 949
Average no. of tuples in the results set of a window: 4204.08
Average processing time per WLQ task (us): 308859
****************WLQ worker 36****************
Received WLQ tasks: 0
Average no. of tuples in the results set of a window: 0
Average processing time per WLQ task (us): 0
****************WLQ worker 15****************
Received WLQ tasks: 375
Average no. of tuples in the results set of a window: 4461.44
Average processing time per WLQ task (us): 308202
****************WLQ worker 23****************
Received WLQ tasks: 91
Average no. of tuples in the results set of a window: 4173.27
Average processing time per WLQ task (us): 293237
****************WLQ worker 24****************
Received WLQ tasks: 111
Average no. of tuples in the results set of a window: 4496
Average processing time per WLQ task (us): 276406
****************WLQ worker 29****************
Received WLQ tasks: 82
Average no. of tuples in the results set of a window: 3578.8
Average processing time per WLQ task (us): 292396
****************WLQ worker 30****************
Received WLQ tasks: 85
Average no. of tuples in the results set of a window: 3709.29
Average processing time per WLQ task (us): 291245
****************WLQ worker 26****************
Received WLQ tasks: 709
Average no. of tuples in the results set of a window: 4275.08
Average processing time per WLQ task (us): 303831
****************WLQ worker 40****************
Received WLQ tasks: 0
Average no. of tuples in the results set of a window: 0
Average processing time per WLQ task (us): 0
****************WLQ worker 43****************
Received WLQ tasks: 0
Average no. of tuples in the results set of a window: 0
Average processing time per WLQ task (us): 0
****************WLQ worker 44****************
Received WLQ tasks: 0
Average no. of tuples in the results set of a window: 0
Average processing time per WLQ task (us): 0
****************WLQ worker 38****************
Received WLQ tasks: 0
Average no. of tuples in the results set of a window: 0
Average processing time per WLQ task (us): 0
****************WLQ worker 37****************
Received WLQ tasks: 0
Average no. of tuples in the results set of a window: 0
Average processing time per WLQ task (us): 0
****************WLQ worker 42****************
Received WLQ tasks: 0
Average no. of tuples in the results set of a window: 0
Average processing time per WLQ task (us): 0
****************WLQ worker 41****************
Received WLQ tasks: 0
Average no. of tuples in the results set of a window: 0
Average processing time per WLQ task (us): 0
****************WLQ worker 14****************
Received WLQ tasks: 344
Average no. of tuples in the results set of a window: 4631
Average processing time per WLQ task (us): 310684
****************WLQ worker 3****************
Received WLQ tasks: 552
Average no. of tuples in the results set of a window: 4286.59
Average processing time per WLQ task (us): 294121
****************WLQ worker 20****************
Received WLQ tasks: 413
Average no. of tuples in the results set of a window: 4791.49
Average processing time per WLQ task (us): 332151
****************WLQ worker 19****************
Received WLQ tasks: 480
Average no. of tuples in the results set of a window: 4690.31
Average processing time per WLQ task (us): 325677
****************WLQ worker 45****************
Received WLQ tasks: 0
Average no. of tuples in the results set of a window: 0
Average processing time per WLQ task (us): 0
****************WLQ worker 46****************
Received WLQ tasks: 0
Average no. of tuples in the results set of a window: 0
Average processing time per WLQ task (us): 0
****************WLQ worker 49****************
Received WLQ tasks: 0
Average no. of tuples in the results set of a window: 0
Average processing time per WLQ task (us): 0
****************WLQ worker 50****************
Received WLQ tasks: 0
Average no. of tuples in the results set of a window: 0
Average processing time per WLQ task (us): 0
****************WLQ worker 31****************
Received WLQ tasks: 85
Average no. of tuples in the results set of a window: 3740
Average processing time per WLQ task (us): 288184
****************WLQ worker 57****************
Received WLQ tasks: 0
Average no. of tuples in the results set of a window: 0
Average processing time per WLQ task (us): 0
****************WLQ worker 51****************
Received WLQ tasks: 0
Average no. of tuples in the results set of a window: 0
Average processing time per WLQ task (us): 0
****************WLQ worker 52****************
Received WLQ tasks: 0
Average no. of tuples in the results set of a window: 0
Average processing time per WLQ task (us): 0
****************WLQ worker 48****************
Received WLQ tasks: 0
Average no. of tuples in the results set of a window: 0
Average processing time per WLQ task (us): 0
****************WLQ worker 47****************
Received WLQ tasks: 0
Average no. of tuples in the results set of a window: 0
Average processing time per WLQ task (us): 0
****************WLQ worker 53****************
Received WLQ tasks: 0
Average no. of tuples in the results set of a window: 0
Average processing time per WLQ task (us): 0
****************WLQ worker 54****************
Received WLQ tasks: 0
Average no. of tuples in the results set of a window: 0
Average processing time per WLQ task (us): 0
****************WLQ worker 55****************
Received WLQ tasks: 0
Average no. of tuples in the results set of a window: 0
Average processing time per WLQ task (us): 0
****************WLQ worker 56****************
Received WLQ tasks: 0
Average no. of tuples in the results set of a window: 0
Average processing time per WLQ task (us): 0
****************WLQ worker 5****************
Received WLQ tasks: 440
Average no. of tuples in the results set of a window: 4682.1
Average processing time per WLQ task (us): 297225
****************WLQ worker 22****************
Received WLQ tasks: 131
Average no. of tuples in the results set of a window: 4678.84
Average processing time per WLQ task (us): 390401
****************WLQ worker 21****************
Received WLQ tasks: 356
Average no. of tuples in the results set of a window: 4840.74
Average processing time per WLQ task (us): 335409
****************WLQ worker 0****************
Received WLQ tasks: 118
Average no. of tuples in the results set of a window: 3926.92
Average processing time per WLQ task (us): 256802
****************WLQ worker 25****************
Received WLQ tasks: 108
Average no. of tuples in the results set of a window: 4257.33
Average processing time per WLQ task (us): 304540
