****************WLQ worker 13****************
Received WLQ tasks: 411
Average no. of tuples in the results set of a window: 5443.88
Average processing time per WLQ task (us): 387226
****************WLQ worker 20****************
Received WLQ tasks: 341
Average no. of tuples in the results set of a window: 5460.12
Average processing time per WLQ task (us): 337196
****************WLQ worker 37****************
Received WLQ tasks: 318
Average no. of tuples in the results set of a window: 5557.29
Average processing time per WLQ task (us): 406506
****************WLQ worker 54****************
Received WLQ tasks: 249
Average no. of tuples in the results set of a window: 5515.69
Average processing time per WLQ task (us): 446722
****************WLQ worker 14****************
Received WLQ tasks: 391
Average no. of tuples in the results set of a window: 5458.17
Average processing time per WLQ task (us): 418874
****************WLQ worker 28****************
Received WLQ tasks: 305
Average no. of tuples in the results set of a window: 5436.84
Average processing time per WLQ task (us): 364424
****************WLQ worker 56****************
Received WLQ tasks: 266
Average no. of tuples in the results set of a window: 5467.3
Average processing time per WLQ task (us): 424686
****************WLQ worker 3****************
Received WLQ tasks: 116
Average no. of tuples in the results set of a window: 5528.75
Average processing time per WLQ task (us): 357895
****************WLQ worker 11****************
Received WLQ tasks: 393
Average no. of tuples in the results set of a window: 5697.88
Average processing time per WLQ task (us): 453653
****************WLQ worker 45****************
Received WLQ tasks: 265
Average no. of tuples in the results set of a window: 5401.93
Average processing time per WLQ task (us): 425554
****************WLQ worker 31****************
Received WLQ tasks: 256
Average no. of tuples in the results set of a window: 5260.5
Average processing time per WLQ task (us): 350271
****************WLQ worker 27****************
Received WLQ tasks: 299
Average no. of tuples in the results set of a window: 5561.35
Average processing time per WLQ task (us): 367900
****************WLQ worker 16****************
Received WLQ tasks: 388
Average no. of tuples in the results set of a window: 5616.38
Average processing time per WLQ task (us): 430292
****************WLQ worker 25****************
Received WLQ tasks: 270
Average no. of tuples in the results set of a window: 5582.36
Average processing time per WLQ task (us): 376028
****************WLQ worker 4****************
Received WLQ tasks: 397
Average no. of tuples in the results set of a window: 5653.11
Average processing time per WLQ task (us): 462013
****************WLQ worker 18****************
Received WLQ tasks: 303
Average no. of tuples in the results set of a window: 5473.96
Average processing time per WLQ task (us): 397796
****************WLQ worker 23****************
Received WLQ tasks: 276
Average no. of tuples in the results set of a window: 5453.67
Average processing time per WLQ task (us): 354392
****************WLQ worker 32****************
Received WLQ tasks: 244
Average no. of tuples in the results set of a window: 5457.2
Average processing time per WLQ task (us): 364133
****************WLQ worker 29****************
Received WLQ tasks: 293
Average no. of tuples in the results set of a window: 5545.86
Average processing time per WLQ task (us): 354810
****************WLQ worker 55****************
Received WLQ tasks: 252
Average no. of tuples in the results set of a window: 5587.43
Average processing time per WLQ task (us): 423724
****************WLQ worker 33****************
Received WLQ tasks: 249
Average no. of tuples in the results set of a window: 5491.68
Average processing time per WLQ task (us): 359721
****************WLQ worker 35****************
Received WLQ tasks: 319
Average no. of tuples in the results set of a window: 5524
Average processing time per WLQ task (us): 392672
****************WLQ worker 17****************
Received WLQ tasks: 368
Average no. of tuples in the results set of a window: 5509.13
Average processing time per WLQ task (us): 382431
****************WLQ worker 53****************
Received WLQ tasks: 259
Average no. of tuples in the results set of a window: 5418.61
Average processing time per WLQ task (us): 428891
****************WLQ worker 8****************
Received WLQ tasks: 152
Average no. of tuples in the results set of a window: 5307.54
Average processing time per WLQ task (us): 375358
****************WLQ worker 7****************
Received WLQ tasks: 434
Average no. of tuples in the results set of a window: 5625.2
Average processing time per WLQ task (us): 448717
****************WLQ worker 9****************
Received WLQ tasks: 392
Average no. of tuples in the results set of a window: 5611.55
Average processing time per WLQ task (us): 458832
****************WLQ worker 10****************
Received WLQ tasks: 413
Average no. of tuples in the results set of a window: 5649.07
Average processing time per WLQ task (us): 432282
****************WLQ worker 12****************
Received WLQ tasks: 280
Average no. of tuples in the results set of a window: 5511.78
Average processing time per WLQ task (us): 355885
****************WLQ worker 48****************
Received WLQ tasks: 235
Average no. of tuples in the results set of a window: 5497.69
Average processing time per WLQ task (us): 439507
****************WLQ worker 47****************
Received WLQ tasks: 261
Average no. of tuples in the results set of a window: 5491.04
Average processing time per WLQ task (us): 412316
****************WLQ worker 52****************
Received WLQ tasks: 258
Average no. of tuples in the results set of a window: 5443.27
Average processing time per WLQ task (us): 418198
****************WLQ worker 51****************
Received WLQ tasks: 267
Average no. of tuples in the results set of a window: 5464.07
Average processing time per WLQ task (us): 415247
****************WLQ worker 6****************
Received WLQ tasks: 427
Average no. of tuples in the results set of a window: 5645.84
Average processing time per WLQ task (us): 446249
****************WLQ worker 5****************
Received WLQ tasks: 0
Average no. of tuples in the results set of a window: 0
Average processing time per WLQ task (us): 0
****************WLQ worker 41****************
Received WLQ tasks: 312
Average no. of tuples in the results set of a window: 5594.1
Average processing time per WLQ task (us): 412927
****************WLQ worker 42****************
Received WLQ tasks: 347
Average no. of tuples in the results set of a window: 5447.47
Average processing time per WLQ task (us): 374064
****************WLQ worker 40****************
Received WLQ tasks: 339
Average no. of tuples in the results set of a window: 5543.12
Average processing time per WLQ task (us): 390745
****************WLQ worker 49****************
Received WLQ tasks: 257
Average no. of tuples in the results set of a window: 5456.92
Average processing time per WLQ task (us): 415540
****************WLQ worker 50****************
Received WLQ tasks: 262
Average no. of tuples in the results set of a window: 5554.64
Average processing time per WLQ task (us): 423078
****************WLQ worker 1****************
Received WLQ tasks: 270
Average no. of tuples in the results set of a window: 5564.71
Average processing time per WLQ task (us): 366326
****************WLQ worker 22****************
Received WLQ tasks: 287
Average no. of tuples in the results set of a window: 5461.45
Average processing time per WLQ task (us): 343476
****************WLQ worker 21****************
Received WLQ tasks: 285
Average no. of tuples in the results set of a window: 5600.38
Average processing time per WLQ task (us): 371596
****************WLQ worker 44****************
Received WLQ tasks: 263
Average no. of tuples in the results set of a window: 5425.91
Average processing time per WLQ task (us): 385546
****************WLQ worker 43****************
Received WLQ tasks: 275
Average no. of tuples in the results set of a window: 5415.81
Average processing time per WLQ task (us): 397304
****************WLQ worker 46****************
Received WLQ tasks: 248
Average no. of tuples in the results set of a window: 5556.07
Average processing time per WLQ task (us): 448558
****************WLQ worker 39****************
Received WLQ tasks: 343
Average no. of tuples in the results set of a window: 5505.56
Average processing time per WLQ task (us): 366355
****************WLQ worker 2****************
Received WLQ tasks: 387
Average no. of tuples in the results set of a window: 5778.17
Average processing time per WLQ task (us): 514924
****************WLQ worker 15****************
Received WLQ tasks: 381
Average no. of tuples in the results set of a window: 5602.33
Average processing time per WLQ task (us): 414230
****************WLQ worker 57****************
Received WLQ tasks: 261
Average no. of tuples in the results set of a window: 5468.04
Average processing time per WLQ task (us): 416166
****************WLQ worker 19****************
Received WLQ tasks: 313
Average no. of tuples in the results set of a window: 5467.96
Average processing time per WLQ task (us): 379089
****************WLQ worker 26****************
Received WLQ tasks: 261
Average no. of tuples in the results set of a window: 5586.45
Average processing time per WLQ task (us): 367821
****************WLQ worker 0****************
Received WLQ tasks: 269
Average no. of tuples in the results set of a window: 5566.24
Average processing time per WLQ task (us): 368798
****************WLQ worker 24****************
Received WLQ tasks: 285
Average no. of tuples in the results set of a window: 5542.52
Average processing time per WLQ task (us): 356551
****************WLQ worker 30****************
Received WLQ tasks: 263
Average no. of tuples in the results set of a window: 5402.09
Average processing time per WLQ task (us): 354728
****************WLQ worker 38****************
Received WLQ tasks: 342
Average no. of tuples in the results set of a window: 5472.68
Average processing time per WLQ task (us): 380405
****************WLQ worker 34****************
Received WLQ tasks: 241
Average no. of tuples in the results set of a window: 5446.4
Average processing time per WLQ task (us): 358696
****************WLQ worker 36****************
Received WLQ tasks: 329
Average no. of tuples in the results set of a window: 5404.41
Average processing time per WLQ task (us): 387067
****************WLQ worker 58****************
Received WLQ tasks: 573
Average no. of tuples in the results set of a window: 5708.96
Average processing time per WLQ task (us): 509953
