#control_step plq_rho plq_splitting wlq_rho nw_plq nw_wlq wlq_idle wlq_win_tasks wlq_merge_tasks [watts]
0 4.62517 1 0.00023627 1 1 0.999764 1 0 161.701
1 3.40318 1.28571 0 2 1 1 0 0 76.5018
2 3.50229 -nan 0 3 1 1 1 0 77.0636
3 1.2538 2.33333 0.878342 5 1 0.623568 12 0 78.1352
4 0.515861 2.4 112.725 7 1 0.139503 1 0 78.93
5 0.730839 -nan 85.2048 4 2 0.251984 3 0 78.1192
6 0.820359 3.36364 81.6676 3 3 0.552979 4 0 78.3017
7 0.677026 -nan 67.608 3 5 0.45209 5 0 78.9031
8 1.0578 2.8 29.0795 2 8 0.217076 19 0 80.1498
9 1.50531 -nan 43.5176 2 12 0.4046 10 0 82.2842
10 0.997437 2.3 9.47733 3 18 0.416065 50 0 86.2976
11 0.613634 -nan 16.8631 3 27 0.637679 27 0 90.9949
12 1.09963 2.81818 3.58982 2 41 0.114097 190 0 100.725
13 1.1835 -nan 4.57783 2 57 0.399108 93 0 109.177
14 2.77579 1.8 2.15704 1 58 0.298714 158 6 110.228
15 4.74935 -nan 1.54343 1 58 0.140739 102 61 111.783
16 3.3823 1 0.931669 1 58 0.309415 58 58 111.684
17 4.12553 -nan 0.769188 1 57 0.401977 20 1 108.312
18 3.86179 1.375 0 2 57 0.684211 0 0 106.088
19 3.55606 1 0 2 43 0.953488 0 0 97.1703
20 3.46863 2 0 3 32 1 0 0 91.1782
21 0.648541 1.5 0.100176 5 24 0.943565 42 7 89.3672
22 1.7836 -nan 0.842252 3 12 0.325123 56 8 83.7096
23 0.570806 2.63636 1.38479 5 14 0.220889 74 4 85.3363
24 1.36508 -nan 2.23111 3 21 0.274623 66 0 88.5016
25 0.517032 2.63636 2.36146 4 32 0.346942 75 0 95.0215
26 3.1421 -nan 0.841399 2 48 0.286578 88 69 103.944
27 2.19122 2.27273 0.757729 3 56 0.730854 6 0 106.746
28 1.04184 -nan 0.89912 3 54 0.733241 38 37 104.773
29 0.927509 3.27273 0.871305 4 55 0.501785 73 94 108.266
30 0.300373 -nan 0.635312 4 53 0.516786 30 36 107.838
31 0.91498 3.2 1.20255 2 35 0.519482 48 67 98.1959
32 0.971415 -nan 0.673259 2 48 0.537636 24 21 102.254
33 0.903533 2 1.31445 2 38 0.856324 23 19 95.5084
34 0.763039 2 0.559928 2 57 0.584839 29 34 106.885
35 0.946372 -nan 0.837963 2 34 0.829779 7 0 93.2657
36 0.705315 2 0.872274 2 32 0.392313 53 49 93.6925
37 0.885792 -nan 0.675006 2 30 0.651601 8 0 91.3587
38 0.731212 2 1.01115 2 22 0.429467 49 37 89.2908
39 0.869747 -nan 0.579555 2 26 0.574792 10 4 89.6554
40 0.814572 2 1.89208 2 16 0.460394 48 3 85.0109
41 0.974093 -nan 0.985207 2 24 0.452565 28 25 88.9506
42 0.722312 2 1.09975 2 27 0.53181 45 26 90.48
43 0.843301 -nan 0.75384 2 34 0.428501 21 19 93.9399
44 0.947693 2 1.25863 2 28 0.77231 26 15 91.2837
45 0.734499 2 0.69981 2 40 0.477214 38 41 98.0394
46 0.973078 -nan 0.783456 2 30 0.633529 5 0 92.9414
47 0.809378 2 0.859282 2 27 0.399249 57 44 91.7353
48 0.972789 -nan 0.628229 2 25 0.65888 9 0 89.4241
49 0.71021 2 1.5156 2 19 0.431536 49 14 87.0469
50 1.07748 -nan 0.826387 2 29 0.474576 20 25 91.5754
51 0.811416 2 1.08238 2 28 0.662331 48 23 91.1792
52 1.01164 -nan 0.819634 2 34 0.352465 23 24 94.735
53 1.00881 2 1.68396 2 32 0.778477 27 11 92.923
54 1.01268 -nan 0.726574 2 48 0.537458 29 32 102.233
55 1.11362 2 0.793745 2 41 0.803488 5 0 97.4087
56 0.450361 -nan 0.730373 3 39 0.480537 46 47 97.9195
57 1.28236 -nan 0.492452 2 31 0.680281 29 8 92.2413
58 0.468058 2.75 1.25212 3 23 0.444769 57 36 89.5305
59 0.839656 -nan 0.79345 2 33 0.316999 31 27 93.6523
60 0.994272 2.36364 1.02252 2 29 0.450106 49 44 92.2798
61 0.921858 -nan 0.717178 2 34 0.616479 13 6 94.7225
62 0.41248 2 1.15619 2 27 0.458984 54 28 91.969
63 2.6765 -nan 0.643461 1 36 0.420317 27 8 94.4442
64 1.49967 1.45455 0.540931 2 33 0.852758 16 1 92.1859
65 0.696587 -nan 0.690921 3 26 0.557648 25 15 89.9565
66 0.29997 2.81818 1.47274 3 19 0.66155 55 5 86.8861
67 0.471347 -nan 0.73848 2 29 0.333914 48 59 91.5347
68 2.1737 1.7 0.588327 1 23 0.428341 25 6 87.455
69 2.36384 -nan 0 2 20 0.95 0 0 85.0076
70 1.56558 2 0.777558 3 15 0.435619 33 15 84.847
71 0.418979 2.5 1.73614 4 16 0.301568 68 3 85.8667
72 0.968622 -nan 0.953901 2 24 0.207987 62 44 89.772
73 0.836333 2.72727 1.19495 2 26 0.42547 51 32 90.8168
74 1.10445 -nan 0.754561 2 36 0.482512 13 11 95.2819
75 0.472977 2.45455 0.788736 3 33 0.566765 70 50 94.5097
76 1.20008 -nan 0.743499 2 28 0.33184 25 8 92.4098
77 0.535333 2.72727 1.34902 3 27 0.672462 41 27 91.3463
78 1.14138 -nan 0.73037 2 41 0.399021 25 47 98.4591
79 0.501341 2.8 0.695121 3 37 0.637782 50 61 96.469
80 0.917983 -nan 0.703031 2 28 0.463886 23 8 93.57
81 0.888632 2.18182 2.30446 2 22 0.552438 35 7 88.3389
82 0.916137 -nan 0.951671 2 33 0.444762 31 30 94.2049
83 0.997997 -nan 0.660484 2 35 0.737873 10 0 93.8209
84 0.970259 2 0.896426 2 28 0.375816 55 47 91.8557
85 1.08719 -nan 0.657954 2 29 0.58681 8 0 91.2658
86 0.866716 2 1.0472 2 24 0.499647 53 35 90.4921
87 0.936695 -nan 0.720985 2 28 0.491816 17 13 91.4177
88 0.739401 2 1.7145 2 23 0.590431 48 7 88.9705
89 0.930466 -nan 0.893401 2 35 0.430063 33 28 95.1305
90 0.803333 2 0.769319 2 35 0.636998 43 40 94.7248
91 1.11506 -nan 0.63466 2 29 0.303158 19 4 92.3196
92 0.529127 2.7 1.22805 3 24 0.766489 42 18 90.4635
93 0.920861 -nan 0.753114 2 34 0.368782 28 44 94.7885
94 1.00369 2.11111 1.8983 2 28 0.71605 27 8 91.3707
95 0.764304 2 0.676195 2 42 0.519659 33 44 99.5318
96 0.943908 -nan 0.87487 2 30 0.717565 6 0 93.4915
97 0.839734 2 0.928343 2 29 0.331088 59 45 92.9678
98 0.997313 -nan 0.734005 2 30 0.723595 6 0 91.3592
99 0.770815 2 0.921105 2 26 0.311347 48 43 90.7236
100 1.10105 -nan 0.577322 2 27 0.688811 9 0 89.9499
101 0.497644 2.2 1.12669 3 21 0.316302 62 27 88.7285
102 1.00278 -nan 0.660172 2 27 0.432193 34 12 90.4513
103 0.78577 2.45455 1.35014 2 22 0.530513 46 21 88.4955
104 0.999561 -nan 0.874758 2 33 0.453914 16 21 93.9044
105 0.704907 2 0.818232 2 33 0.537303 54 44 93.9684
106 0.93173 -nan 0.749754 2 28 0.509446 16 2 92.2285
107 0.878371 2 1.50756 2 23 0.67788 40 15 90.0012
108 1.06504 -nan 0.783909 2 34 0.495779 19 23 94.1323
109 0.819023 2 0.842129 2 32 0.619966 44 39 93.1774
110 1.13153 -nan 0.765953 2 30 0.332618 21 9 92.358
111 0.482659 2.7 0.938412 3 28 0.808274 54 18 91.4181
112 1.04159 -nan 0.832779 2 29 0.193466 36 31 92.093
113 0.893867 2.2 1.19363 2 28 0.659214 37 19 91.5403
114 1.08333 -nan 0.765278 2 38 0.55961 23 22 96.929
115 0.906545 2 2.37341 2 35 0.698467 27 14 94.3743
116 1.10101 -nan 0.68875 2 53 0.543624 30 37 105.623
117 0.495333 2.7 1.0127 3 46 0.831443 35 29 101.481
118 0.974999 -nan 0.581024 2 52 0.510928 32 44 105.322
119 1.01914 -nan 0.779709 2 37 0.826595 7 0 95.3961
120 0.974595 2.09091 0.81697 2 34 0.468337 52 49 94.968
121 1.23939 -nan 0.725967 2 31 0.649195 9 0 92.0508
122 0.618194 2.18182 0.995411 3 30 0.381936 58 45 92.9793
123 0.969128 -nan 0.525073 2 34 0.565421 23 12 93.6432
124 0.774734 2.36364 1.48693 2 21 0.597165 47 10 89.1524
125 1.10839 -nan 0.990473 2 32 0.478469 23 25 94.5537
126 0.490172 2.5 0.717276 3 38 0.522582 57 61 97.2763
127 0.993652 -nan 0.847769 2 29 0.349582 22 7 92.8333
128 0.87586 2.3 0.928175 2 28 0.716033 35 32 90.7238
129 1.11447 -nan 0.683992 2 29 0.337573 20 13 91.5177
130 0.392209 2.5 0.853088 3 25 0.897271 40 9 90.8848
131 0.931531 -nan 0.873331 2 24 0.195895 49 44 90.2994
132 1.00249 -nan 0.677845 2 23 0.667788 8 0 88.3073
133 0.719332 2 1.39309 2 19 0.242138 60 17 87.6886
134 0.988071 -nan 0.613719 2 29 0.575058 18 15 91.2995
135 0.929025 2 1.2298 2 22 0.34393 51 24 88.8264
136 1.18059 -nan 0.656698 2 31 0.581158 14 10 91.8845
137 0.582138 2.36364 1.00467 3 27 0.460866 62 39 91.5529
138 1.07079 -nan 0.735425 2 31 0.383356 31 17 92.6562
139 0.930386 2.36364 1.03019 2 28 0.579035 43 36 91.6428
140 1.10035 -nan 0.706699 2 33 0.460946 20 12 93.6611
141 0.416751 2.3 1.17435 3 29 0.581568 52 25 92.0479
142 1.08629 -nan 0.687005 2 39 0.440887 27 27 96.9449
143 0.948862 2.25 0.858091 2 34 0.779476 37 34 95.1128
144 0.940452 -nan 0.620571 2 33 0.400838 24 24 95.2861
145 1.0627 2 1.14296 2 23 0.839753 10 6 89.452
146 1.08126 -nan 0.795549 2 30 0.319467 42 37 92.4451
147 1.15256 -nan 0.639043 2 28 0.812831 6 0 90.8072
148 0.504288 2 0.928077 3 24 0.306707 48 43 90.6951
149 1.15086 -nan 0.527535 2 25 0.536478 33 6 89.6531
150 0.377026 2.63636 1.57917 3 18 0.340805 57 16 88.4528
151 0.935444 -nan 0.742615 2 27 0.417988 34 32 90.6238
152 0.752635 2.41667 1.11184 2 22 0.448051 62 31 89.0983
153 1.12542 -nan 0.758331 2 28 0.406885 14 14 90.6847
154 0.38336 2.4 0.926699 3 26 0.482727 63 34 90.6525
155 1.05042 -nan 0.64511 2 27 0.485352 26 12 90.4195
156 0.99935 2.27273 1.48693 2 22 0.767109 25 14 88.6641
157 1.11104 -nan 0.791423 2 33 0.424481 32 33 93.5426
158 0.471263 2.45455 0.994575 3 31 0.613552 50 33 92.6617
159 1.00584 -nan 0.637151 2 35 0.485967 30 32 95.3853
160 1.04194 2.1 1.39584 2 27 0.680272 22 10 91.3195
161 1.10414 -nan 0.615224 2 41 0.472064 27 37 98.1152
162 0.535178 2.6 1.44756 3 33 0.794508 31 14 93.7567
163 0.909986 -nan 0.658089 2 49 0.481499 34 56 103.345
164 0.860732 2.125 0.549062 2 35 0.696386 38 39 96.2392
165 0.936787 -nan 0.792308 2 20 0.613207 8 0 89.7311
166 0.801879 2 1.79211 2 18 0.59513 40 9 85.6402
167 1.08852 -nan 0.93968 2 27 0.451057 27 27 90.6273
168 0.738854 2 0.912455 2 31 0.652273 40 26 92.34
169 1.00706 -nan 0.727886 2 32 0.354283 19 19 93.3004
170 0.946653 -nan 0.907734 2 28 0.870017 3 0 90.6576
171 0.643872 2 0.946067 2 29 0.293785 61 49 92.2884
172 0.51732 -nan 0.676204 2 31 0.683369 10 0 91.7546
173 0.460934 2 1.04689 2 22 0.359465 60 33 89.8893
174 3.03349 -nan 0.484935 1 26 0.574404 31 6 89.8783
175 2.24641 1.63636 0 2 20 0.53114 0 0 85.938
176 1.723 -nan 0.262852 3 15 0.91127 34 6 83.8194
177 0.236063 3.27273 7.10119 5 11 0.288168 22 1 84.2092
178 0.427593 -nan 2.6796 3 17 0.164164 74 0 86.0878
179 0.85176 3 1.56029 2 26 0.223062 115 58 91.1912
180 0.675677 2 0.835599 2 39 0.301627 46 63 98.0659
181 0.971215 -nan 0.781179 2 35 0.741124 6 0 94.5684
182 0.83933 2 0.900058 2 31 0.325219 52 43 93.1728
183 1.01295 -nan 0.668379 2 31 0.72015 5 0 91.8171
184 0.628012 2 0.987714 2 25 0.318342 57 42 90.3553
185 0.846118 -nan 0.669288 2 28 0.6218 11 0 90.6804
186 1.23266 -nan 0 2 20 0.9 0 0 86.8729
187 0.485224 2.07143 2.31424 3 14 0.49527 48 4 84.369
188 1.14885 -nan 1.2843 2 21 0.236849 62 19 88.2688
189 1.26402 -nan 0.791244 2 31 0.499923 19 16 92.5468
190 0.850102 -nan 0.948191 3 33 0.774279 2 0 93.5176
191 0.0983788 -nan 1.30295 3 35 0.282756 112 65 94.3637
192 0 -nan 0.781765 0 53 0.516171 25 36 103.515
193 0 -nan 0.827027 0 45 0.796443 7 0 99.5942
194 0 -nan 0 0 41 0.853659 0 0 96.4966
