****************WLQ worker 17****************
Received WLQ tasks: 350
Average no. of tuples in the results set of a window: 4475.69
Average processing time per WLQ task (us): 273958
****************WLQ worker 46****************
Received WLQ tasks: 0
Average no. of tuples in the results set of a window: 0
Average processing time per WLQ task (us): 0
****************WLQ worker 13****************
Received WLQ tasks: 321
Average no. of tuples in the results set of a window: 4595.28
Average processing time per WLQ task (us): 263356
****************WLQ worker 3****************
Received WLQ tasks: 264
Average no. of tuples in the results set of a window: 4605.91
Average processing time per WLQ task (us): 272849
****************WLQ worker 32****************
Received WLQ tasks: 383
Average no. of tuples in the results set of a window: 4594.78
Average processing time per WLQ task (us): 287612
****************WLQ worker 20****************
Received WLQ tasks: 330
Average no. of tuples in the results set of a window: 4458.13
Average processing time per WLQ task (us): 282391
****************WLQ worker 18****************
Received WLQ tasks: 136
Average no. of tuples in the results set of a window: 4201.64
Average processing time per WLQ task (us): 236120
****************WLQ worker 33****************
Received WLQ tasks: 287
Average no. of tuples in the results set of a window: 4863.59
Average processing time per WLQ task (us): 280931
****************WLQ worker 23****************
Received WLQ tasks: 285
Average no. of tuples in the results set of a window: 4254.85
Average processing time per WLQ task (us): 260815
****************WLQ worker 49****************
Received WLQ tasks: 0
Average no. of tuples in the results set of a window: 0
Average processing time per WLQ task (us): 0
****************WLQ worker 50****************
Received WLQ tasks: 0
Average no. of tuples in the results set of a window: 0
Average processing time per WLQ task (us): 0
****************WLQ worker 48****************
Received WLQ tasks: 0
Average no. of tuples in the results set of a window: 0
Average processing time per WLQ task (us): 0
****************WLQ worker 55****************
Received WLQ tasks: 0
Average no. of tuples in the results set of a window: 0
Average processing time per WLQ task (us): 0
****************WLQ worker 45****************
Received WLQ tasks: 732
Average no. of tuples in the results set of a window: 4347.72
Average processing time per WLQ task (us): 281573
****************WLQ worker 34****************
Received WLQ tasks: 294
Average no. of tuples in the results set of a window: 4676.62
Average processing time per WLQ task (us): 281979
****************WLQ worker 2****************
Received WLQ tasks: 561
Average no. of tuples in the results set of a window: 4053.38
Average processing time per WLQ task (us): 239066
****************WLQ worker 51****************
Received WLQ tasks: 0
Average no. of tuples in the results set of a window: 0
Average processing time per WLQ task (us): 0
****************WLQ worker 31****************
Received WLQ tasks: 360
Average no. of tuples in the results set of a window: 4675.36
Average processing time per WLQ task (us): 316411
****************WLQ worker 4****************
Received WLQ tasks: 587
Average no. of tuples in the results set of a window: 4216.32
Average processing time per WLQ task (us): 248663
****************WLQ worker 7****************
Received WLQ tasks: 502
Average no. of tuples in the results set of a window: 4358.45
Average processing time per WLQ task (us): 239801
****************WLQ worker 5****************
Received WLQ tasks: 626
Average no. of tuples in the results set of a window: 4159.22
Average processing time per WLQ task (us): 237223
****************WLQ worker 9****************
Received WLQ tasks: 439
Average no. of tuples in the results set of a window: 4346.44
Average processing time per WLQ task (us): 272271
****************WLQ worker 19****************
Received WLQ tasks: 326
Average no. of tuples in the results set of a window: 4330.84
Average processing time per WLQ task (us): 275874
****************WLQ worker 12****************
Received WLQ tasks: 428
Average no. of tuples in the results set of a window: 4337.9
Average processing time per WLQ task (us): 252395
****************WLQ worker 25****************
Received WLQ tasks: 413
Average no. of tuples in the results set of a window: 4066.13
Average processing time per WLQ task (us): 252202
****************WLQ worker 43****************
Received WLQ tasks: 749
Average no. of tuples in the results set of a window: 4351.19
Average processing time per WLQ task (us): 279453
****************WLQ worker 39****************
Received WLQ tasks: 115
Average no. of tuples in the results set of a window: 4501.83
Average processing time per WLQ task (us): 270822
****************WLQ worker 40****************
Received WLQ tasks: 115
Average no. of tuples in the results set of a window: 4543.38
Average processing time per WLQ task (us): 249363
****************WLQ worker 37****************
Received WLQ tasks: 130
Average no. of tuples in the results set of a window: 5389.3
Average processing time per WLQ task (us): 323338
****************WLQ worker 38****************
Received WLQ tasks: 246
Average no. of tuples in the results set of a window: 5113.65
Average processing time per WLQ task (us): 307437
****************WLQ worker 1****************
Received WLQ tasks: 296
Average no. of tuples in the results set of a window: 3928.42
Average processing time per WLQ task (us): 245229
****************WLQ worker 47****************
Received WLQ tasks: 0
Average no. of tuples in the results set of a window: 0
Average processing time per WLQ task (us): 0
****************WLQ worker 52****************
Received WLQ tasks: 0
Average no. of tuples in the results set of a window: 0
Average processing time per WLQ task (us): 0
****************WLQ worker 57****************
Received WLQ tasks: 0
Average no. of tuples in the results set of a window: 0
Average processing time per WLQ task (us): 0
****************WLQ worker 58****************
Received WLQ tasks: 1194
Average no. of tuples in the results set of a window: 4133.42
Average processing time per WLQ task (us): 271479
****************WLQ worker 53****************
Received WLQ tasks: 0
Average no. of tuples in the results set of a window: 0
Average processing time per WLQ task (us): 0
****************WLQ worker 54****************
Received WLQ tasks: 0
Average no. of tuples in the results set of a window: 0
Average processing time per WLQ task (us): 0
****************WLQ worker 30****************
Received WLQ tasks: 614
Average no. of tuples in the results set of a window: 4428.78
Average processing time per WLQ task (us): 285516
****************WLQ worker 29****************
Received WLQ tasks: 566
Average no. of tuples in the results set of a window: 4404.88
Average processing time per WLQ task (us): 279510
****************WLQ worker 35****************
Received WLQ tasks: 273
Average no. of tuples in the results set of a window: 5064.68
Average processing time per WLQ task (us): 333487
****************WLQ worker 36****************
Received WLQ tasks: 686
Average no. of tuples in the results set of a window: 4320.54
Average processing time per WLQ task (us): 280137
****************WLQ worker 24****************
Received WLQ tasks: 308
Average no. of tuples in the results set of a window: 4049.72
Average processing time per WLQ task (us): 246317
****************WLQ worker 16****************
Received WLQ tasks: 369
Average no. of tuples in the results set of a window: 4508.26
Average processing time per WLQ task (us): 247446
****************WLQ worker 56****************
Received WLQ tasks: 0
Average no. of tuples in the results set of a window: 0
Average processing time per WLQ task (us): 0
****************WLQ worker 14****************
Received WLQ tasks: 322
Average no. of tuples in the results set of a window: 4753.82
Average processing time per WLQ task (us): 267639
****************WLQ worker 28****************
Received WLQ tasks: 502
Average no. of tuples in the results set of a window: 4550.63
Average processing time per WLQ task (us): 309016
****************WLQ worker 27****************
Received WLQ tasks: 569
Average no. of tuples in the results set of a window: 4232.37
Average processing time per WLQ task (us): 298505
****************WLQ worker 0****************
Received WLQ tasks: 370
Average no. of tuples in the results set of a window: 4132.72
Average processing time per WLQ task (us): 253760
****************WLQ worker 8****************
Received WLQ tasks: 462
Average no. of tuples in the results set of a window: 4219.93
Average processing time per WLQ task (us): 257327
****************WLQ worker 15****************
Received WLQ tasks: 365
Average no. of tuples in the results set of a window: 4648.79
Average processing time per WLQ task (us): 270953
****************WLQ worker 42****************
Received WLQ tasks: 727
Average no. of tuples in the results set of a window: 4290.54
Average processing time per WLQ task (us): 280136
****************WLQ worker 41****************
Received WLQ tasks: 735
Average no. of tuples in the results set of a window: 4347.33
Average processing time per WLQ task (us): 278552
****************WLQ worker 6****************
Received WLQ tasks: 345
Average no. of tuples in the results set of a window: 4176.13
Average processing time per WLQ task (us): 235722
****************WLQ worker 10****************
Received WLQ tasks: 418
Average no. of tuples in the results set of a window: 4599.02
Average processing time per WLQ task (us): 287279
****************WLQ worker 11****************
Received WLQ tasks: 481
Average no. of tuples in the results set of a window: 4289.25
Average processing time per WLQ task (us): 269332
****************WLQ worker 21****************
Received WLQ tasks: 336
Average no. of tuples in the results set of a window: 4559.82
Average processing time per WLQ task (us): 281400
****************WLQ worker 22****************
Received WLQ tasks: 289
Average no. of tuples in the results set of a window: 4248.31
Average processing time per WLQ task (us): 283006
****************WLQ worker 26****************
Received WLQ tasks: 586
Average no. of tuples in the results set of a window: 4188.14
Average processing time per WLQ task (us): 283568
****************WLQ worker 44****************
Received WLQ tasks: 793
Average no. of tuples in the results set of a window: 4262.32
Average processing time per WLQ task (us): 257920
