****************WLQ worker 4****************
Received WLQ tasks: 160
Average no. of tuples in the results set of a window: 5238.4
Average processing time per WLQ task (us): 311814
****************WLQ worker 11****************
Received WLQ tasks: 138
Average no. of tuples in the results set of a window: 5089.08
Average processing time per WLQ task (us): 340575
****************WLQ worker 17****************
Received WLQ tasks: 128
Average no. of tuples in the results set of a window: 5217.79
Average processing time per WLQ task (us): 370792
****************WLQ worker 5****************
Received WLQ tasks: 124
Average no. of tuples in the results set of a window: 5113.71
Average processing time per WLQ task (us): 253645
****************WLQ worker 0****************
Received WLQ tasks: 93
Average no. of tuples in the results set of a window: 4738
Average processing time per WLQ task (us): 244909
****************WLQ worker 12****************
Received WLQ tasks: 172
Average no. of tuples in the results set of a window: 5355.14
Average processing time per WLQ task (us): 328498
****************WLQ worker 1****************
Received WLQ tasks: 116
Average no. of tuples in the results set of a window: 4859.5
Average processing time per WLQ task (us): 248275
****************WLQ worker 2****************
Received WLQ tasks: 135
Average no. of tuples in the results set of a window: 4878.57
Average processing time per WLQ task (us): 268486
****************WLQ worker 23****************
Received WLQ tasks: 90
Average no. of tuples in the results set of a window: 5311.75
Average processing time per WLQ task (us): 368457
****************WLQ worker 24****************
Received WLQ tasks: 94
Average no. of tuples in the results set of a window: 5337.14
Average processing time per WLQ task (us): 323874
****************WLQ worker 37****************
Received WLQ tasks: 73
Average no. of tuples in the results set of a window: 5164.5
Average processing time per WLQ task (us): 327991
****************WLQ worker 38****************
Received WLQ tasks: 118
Average no. of tuples in the results set of a window: 5183.92
Average processing time per WLQ task (us): 372668
****************WLQ worker 30****************
Received WLQ tasks: 112
Average no. of tuples in the results set of a window: 5370.43
Average processing time per WLQ task (us): 293769
****************WLQ worker 29****************
Received WLQ tasks: 74
Average no. of tuples in the results set of a window: 4830.17
Average processing time per WLQ task (us): 290330
****************WLQ worker 16****************
Received WLQ tasks: 122
Average no. of tuples in the results set of a window: 5393
Average processing time per WLQ task (us): 331835
****************WLQ worker 27****************
Received WLQ tasks: 76
Average no. of tuples in the results set of a window: 5091.25
Average processing time per WLQ task (us): 307178
****************WLQ worker 28****************
Received WLQ tasks: 74
Average no. of tuples in the results set of a window: 5083
Average processing time per WLQ task (us): 351710
****************WLQ worker 18****************
Received WLQ tasks: 124
Average no. of tuples in the results set of a window: 5039.1
Average processing time per WLQ task (us): 315434
****************WLQ worker 26****************
Received WLQ tasks: 65
Average no. of tuples in the results set of a window: 4988.2
Average processing time per WLQ task (us): 321970
****************WLQ worker 25****************
Received WLQ tasks: 103
Average no. of tuples in the results set of a window: 5286.56
Average processing time per WLQ task (us): 340679
****************WLQ worker 22****************
Received WLQ tasks: 150
Average no. of tuples in the results set of a window: 5129.92
Average processing time per WLQ task (us): 322633
****************WLQ worker 21****************
Received WLQ tasks: 108
Average no. of tuples in the results set of a window: 5019.11
Average processing time per WLQ task (us): 313063
****************WLQ worker 19****************
Received WLQ tasks: 118
Average no. of tuples in the results set of a window: 5152
Average processing time per WLQ task (us): 394306
****************WLQ worker 20****************
Received WLQ tasks: 79
Average no. of tuples in the results set of a window: 4842.11
Average processing time per WLQ task (us): 346107
****************WLQ worker 33****************
Received WLQ tasks: 59
Average no. of tuples in the results set of a window: 5289.2
Average processing time per WLQ task (us): 338437
****************WLQ worker 34****************
Received WLQ tasks: 68
Average no. of tuples in the results set of a window: 5051.25
Average processing time per WLQ task (us): 263157
****************WLQ worker 32****************
Received WLQ tasks: 83
Average no. of tuples in the results set of a window: 5142.86
Average processing time per WLQ task (us): 322050
****************WLQ worker 31****************
Received WLQ tasks: 87
Average no. of tuples in the results set of a window: 5170.5
Average processing time per WLQ task (us): 333741
****************WLQ worker 6****************
Received WLQ tasks: 175
Average no. of tuples in the results set of a window: 5432.38
Average processing time per WLQ task (us): 303892
****************WLQ worker 15****************
Received WLQ tasks: 110
Average no. of tuples in the results set of a window: 5217.5
Average processing time per WLQ task (us): 383042
****************WLQ worker 14****************
Received WLQ tasks: 57
Average no. of tuples in the results set of a window: 5476.83
Average processing time per WLQ task (us): 414303
****************WLQ worker 13****************
Received WLQ tasks: 116
Average no. of tuples in the results set of a window: 5050.4
Average processing time per WLQ task (us): 342565
****************WLQ worker 49****************
Received WLQ tasks: 345
Average no. of tuples in the results set of a window: 5047.03
Average processing time per WLQ task (us): 315535
****************WLQ worker 50****************
Received WLQ tasks: 328
Average no. of tuples in the results set of a window: 5143.94
Average processing time per WLQ task (us): 336132
****************WLQ worker 53****************
Received WLQ tasks: 321
Average no. of tuples in the results set of a window: 5129.16
Average processing time per WLQ task (us): 357377
****************WLQ worker 54****************
Received WLQ tasks: 340
Average no. of tuples in the results set of a window: 4988.26
Average processing time per WLQ task (us): 331830
****************WLQ worker 58****************
Received WLQ tasks: 357
Average no. of tuples in the results set of a window: 5277.47
Average processing time per WLQ task (us): 326947
****************WLQ worker 57****************
Received WLQ tasks: 332
Average no. of tuples in the results set of a window: 5089.48
Average processing time per WLQ task (us): 332478
****************WLQ worker 56****************
Received WLQ tasks: 328
Average no. of tuples in the results set of a window: 5057.64
Average processing time per WLQ task (us): 365117
****************WLQ worker 55****************
Received WLQ tasks: 344
Average no. of tuples in the results set of a window: 4972.12
Average processing time per WLQ task (us): 334463
****************WLQ worker 51****************
Received WLQ tasks: 318
Average no. of tuples in the results set of a window: 5118.36
Average processing time per WLQ task (us): 371866
****************WLQ worker 52****************
Received WLQ tasks: 331
Average no. of tuples in the results set of a window: 5016.49
Average processing time per WLQ task (us): 344712
****************WLQ worker 9****************
Received WLQ tasks: 62
Average no. of tuples in the results set of a window: 5318.67
Average processing time per WLQ task (us): 422683
****************WLQ worker 10****************
Received WLQ tasks: 117
Average no. of tuples in the results set of a window: 5265.31
Average processing time per WLQ task (us): 349512
****************WLQ worker 36****************
Received WLQ tasks: 64
Average no. of tuples in the results set of a window: 4986.12
Average processing time per WLQ task (us): 346765
****************WLQ worker 35****************
Received WLQ tasks: 62
Average no. of tuples in the results set of a window: 4911.43
Average processing time per WLQ task (us): 342818
****************WLQ worker 39****************
Received WLQ tasks: 138
Average no. of tuples in the results set of a window: 4715.8
Average processing time per WLQ task (us): 279738
****************WLQ worker 40****************
Received WLQ tasks: 127
Average no. of tuples in the results set of a window: 4850.46
Average processing time per WLQ task (us): 314877
****************WLQ worker 42****************
Received WLQ tasks: 275
Average no. of tuples in the results set of a window: 5069.39
Average processing time per WLQ task (us): 386178
****************WLQ worker 41****************
Received WLQ tasks: 136
Average no. of tuples in the results set of a window: 5073.21
Average processing time per WLQ task (us): 377501
****************WLQ worker 3****************
Received WLQ tasks: 135
Average no. of tuples in the results set of a window: 5219.86
Average processing time per WLQ task (us): 278542
****************WLQ worker 45****************
Received WLQ tasks: 280
Average no. of tuples in the results set of a window: 5024.36
Average processing time per WLQ task (us): 376653
****************WLQ worker 46****************
Received WLQ tasks: 277
Average no. of tuples in the results set of a window: 5178.73
Average processing time per WLQ task (us): 375382
****************WLQ worker 47****************
Received WLQ tasks: 319
Average no. of tuples in the results set of a window: 5103
Average processing time per WLQ task (us): 349203
****************WLQ worker 48****************
Received WLQ tasks: 296
Average no. of tuples in the results set of a window: 5110.02
Average processing time per WLQ task (us): 386042
****************WLQ worker 43****************
Received WLQ tasks: 283
Average no. of tuples in the results set of a window: 5078.89
Average processing time per WLQ task (us): 392796
****************WLQ worker 44****************
Received WLQ tasks: 313
Average no. of tuples in the results set of a window: 4916.92
Average processing time per WLQ task (us): 293710
****************WLQ worker 8****************
Received WLQ tasks: 151
Average no. of tuples in the results set of a window: 5434.57
Average processing time per WLQ task (us): 350315
****************WLQ worker 7****************
Received WLQ tasks: 155
Average no. of tuples in the results set of a window: 5161.5
Average processing time per WLQ task (us): 301570
