****************WLQ worker 18****************
Received WLQ tasks: 229
Average no. of tuples in the results set of a window: 4621.3
Average processing time per WLQ task (us): 349628
****************WLQ worker 39****************
Received WLQ tasks: 664
Average no. of tuples in the results set of a window: 4388.73
Average processing time per WLQ task (us): 317176
****************WLQ worker 32****************
Received WLQ tasks: 178
Average no. of tuples in the results set of a window: 3957.48
Average processing time per WLQ task (us): 258885
****************WLQ worker 8****************
Received WLQ tasks: 564
Average no. of tuples in the results set of a window: 4275.82
Average processing time per WLQ task (us): 294962
****************WLQ worker 58****************
Received WLQ tasks: 1230
Average no. of tuples in the results set of a window: 4060.44
Average processing time per WLQ task (us): 305734
****************WLQ worker 11****************
Received WLQ tasks: 529
Average no. of tuples in the results set of a window: 4416.97
Average processing time per WLQ task (us): 325843
****************WLQ worker 37****************
Received WLQ tasks: 666
Average no. of tuples in the results set of a window: 4392.95
Average processing time per WLQ task (us): 315135
****************WLQ worker 20****************
Received WLQ tasks: 123
Average no. of tuples in the results set of a window: 4709.69
Average processing time per WLQ task (us): 348884
****************WLQ worker 17****************
Received WLQ tasks: 386
Average no. of tuples in the results set of a window: 4438.63
Average processing time per WLQ task (us): 325969
****************WLQ worker 9****************
Received WLQ tasks: 465
Average no. of tuples in the results set of a window: 4416
Average processing time per WLQ task (us): 329902
****************WLQ worker 10****************
Received WLQ tasks: 493
Average no. of tuples in the results set of a window: 4310.45
Average processing time per WLQ task (us): 306328
****************WLQ worker 7****************
Received WLQ tasks: 637
Average no. of tuples in the results set of a window: 4249.81
Average processing time per WLQ task (us): 300908
****************WLQ worker 12****************
Received WLQ tasks: 518
Average no. of tuples in the results set of a window: 4538.39
Average processing time per WLQ task (us): 334582
****************WLQ worker 15****************
Received WLQ tasks: 372
Average no. of tuples in the results set of a window: 4636.32
Average processing time per WLQ task (us): 356824
****************WLQ worker 16****************
Received WLQ tasks: 371
Average no. of tuples in the results set of a window: 4758.05
Average processing time per WLQ task (us): 355132
****************WLQ worker 42****************
Received WLQ tasks: 0
Average no. of tuples in the results set of a window: 0
Average processing time per WLQ task (us): 0
****************WLQ worker 41****************
Received WLQ tasks: 668
Average no. of tuples in the results set of a window: 4293.23
Average processing time per WLQ task (us): 317549
****************WLQ worker 24****************
Received WLQ tasks: 174
Average no. of tuples in the results set of a window: 4646.06
Average processing time per WLQ task (us): 314106
****************WLQ worker 23****************
Received WLQ tasks: 170
Average no. of tuples in the results set of a window: 4725.06
Average processing time per WLQ task (us): 322523
****************WLQ worker 33****************
Received WLQ tasks: 192
Average no. of tuples in the results set of a window: 4020.62
Average processing time per WLQ task (us): 246399
****************WLQ worker 34****************
Received WLQ tasks: 670
Average no. of tuples in the results set of a window: 4256.18
Average processing time per WLQ task (us): 306097
****************WLQ worker 38****************
Received WLQ tasks: 675
Average no. of tuples in the results set of a window: 4276.76
Average processing time per WLQ task (us): 306041
****************WLQ worker 36****************
Received WLQ tasks: 650
Average no. of tuples in the results set of a window: 4371.75
Average processing time per WLQ task (us): 324207
****************WLQ worker 35****************
Received WLQ tasks: 658
Average no. of tuples in the results set of a window: 4351
Average processing time per WLQ task (us): 316994
****************WLQ worker 21****************
Received WLQ tasks: 126
Average no. of tuples in the results set of a window: 4785.07
Average processing time per WLQ task (us): 353989
****************WLQ worker 22****************
Received WLQ tasks: 133
Average no. of tuples in the results set of a window: 5193.56
Average processing time per WLQ task (us): 316434
****************WLQ worker 19****************
Received WLQ tasks: 136
Average no. of tuples in the results set of a window: 4555.38
Average processing time per WLQ task (us): 297608
****************WLQ worker 31****************
Received WLQ tasks: 101
Average no. of tuples in the results set of a window: 4636.73
Average processing time per WLQ task (us): 319821
****************WLQ worker 29****************
Received WLQ tasks: 121
Average no. of tuples in the results set of a window: 4135.67
Average processing time per WLQ task (us): 275498
****************WLQ worker 30****************
Received WLQ tasks: 118
Average no. of tuples in the results set of a window: 4179.46
Average processing time per WLQ task (us): 275582
****************WLQ worker 0****************
Received WLQ tasks: 0
Average no. of tuples in the results set of a window: 0
Average processing time per WLQ task (us): 0
****************WLQ worker 45****************
Received WLQ tasks: 0
Average no. of tuples in the results set of a window: 0
Average processing time per WLQ task (us): 0
****************WLQ worker 46****************
Received WLQ tasks: 0
Average no. of tuples in the results set of a window: 0
Average processing time per WLQ task (us): 0
****************WLQ worker 1****************
Received WLQ tasks: 0
Average no. of tuples in the results set of a window: 0
Average processing time per WLQ task (us): 0
****************WLQ worker 44****************
Received WLQ tasks: 0
Average no. of tuples in the results set of a window: 0
Average processing time per WLQ task (us): 0
****************WLQ worker 43****************
Received WLQ tasks: 0
Average no. of tuples in the results set of a window: 0
Average processing time per WLQ task (us): 0
****************WLQ worker 48****************
Received WLQ tasks: 0
Average no. of tuples in the results set of a window: 0
Average processing time per WLQ task (us): 0
****************WLQ worker 47****************
Received WLQ tasks: 0
Average no. of tuples in the results set of a window: 0
Average processing time per WLQ task (us): 0
****************WLQ worker 27****************
Received WLQ tasks: 162
Average no. of tuples in the results set of a window: 4464.1
Average processing time per WLQ task (us): 339236
****************WLQ worker 28****************
Received WLQ tasks: 104
Average no. of tuples in the results set of a window: 4299.4
Average processing time per WLQ task (us): 325897
****************WLQ worker 57****************
Received WLQ tasks: 0
Average no. of tuples in the results set of a window: 0
Average processing time per WLQ task (us): 0
****************WLQ worker 50****************
Received WLQ tasks: 0
Average no. of tuples in the results set of a window: 0
Average processing time per WLQ task (us): 0
****************WLQ worker 49****************
Received WLQ tasks: 0
Average no. of tuples in the results set of a window: 0
Average processing time per WLQ task (us): 0
****************WLQ worker 52****************
Received WLQ tasks: 0
Average no. of tuples in the results set of a window: 0
Average processing time per WLQ task (us): 0
****************WLQ worker 51****************
Received WLQ tasks: 0
Average no. of tuples in the results set of a window: 0
Average processing time per WLQ task (us): 0
****************WLQ worker 53****************
Received WLQ tasks: 0
Average no. of tuples in the results set of a window: 0
Average processing time per WLQ task (us): 0
****************WLQ worker 54****************
Received WLQ tasks: 0
Average no. of tuples in the results set of a window: 0
Average processing time per WLQ task (us): 0
****************WLQ worker 40****************
Received WLQ tasks: 660
Average no. of tuples in the results set of a window: 4428.27
Average processing time per WLQ task (us): 315850
****************WLQ worker 56****************
Received WLQ tasks: 0
Average no. of tuples in the results set of a window: 0
Average processing time per WLQ task (us): 0
****************WLQ worker 55****************
Received WLQ tasks: 0
Average no. of tuples in the results set of a window: 0
Average processing time per WLQ task (us): 0
****************WLQ worker 25****************
Received WLQ tasks: 163
Average no. of tuples in the results set of a window: 4637.12
Average processing time per WLQ task (us): 316069
****************WLQ worker 26****************
Received WLQ tasks: 155
Average no. of tuples in the results set of a window: 4703.61
Average processing time per WLQ task (us): 342110
****************WLQ worker 6****************
Received WLQ tasks: 616
Average no. of tuples in the results set of a window: 4269.65
Average processing time per WLQ task (us): 300108
****************WLQ worker 5****************
Received WLQ tasks: 683
Average no. of tuples in the results set of a window: 4290.98
Average processing time per WLQ task (us): 310245
****************WLQ worker 3****************
Received WLQ tasks: 763
Average no. of tuples in the results set of a window: 4304.74
Average processing time per WLQ task (us): 319810
****************WLQ worker 4****************
Received WLQ tasks: 753
Average no. of tuples in the results set of a window: 4270.67
Average processing time per WLQ task (us): 303828
****************WLQ worker 13****************
Received WLQ tasks: 433
Average no. of tuples in the results set of a window: 4500.96
Average processing time per WLQ task (us): 345992
****************WLQ worker 14****************
Received WLQ tasks: 456
Average no. of tuples in the results set of a window: 4521.63
Average processing time per WLQ task (us): 332590
****************WLQ worker 2****************
Received WLQ tasks: 810
Average no. of tuples in the results set of a window: 4187.41
Average processing time per WLQ task (us): 325577
