****************WLQ worker 12****************
Received WLQ tasks: 277
Average no. of tuples in the results set of a window: 5517.09
Average processing time per WLQ task (us): 450244
****************WLQ worker 53****************
Received WLQ tasks: 635
Average no. of tuples in the results set of a window: 5584.84
Average processing time per WLQ task (us): 381073
****************WLQ worker 0****************
Received WLQ tasks: 289
Average no. of tuples in the results set of a window: 5727.59
Average processing time per WLQ task (us): 335102
****************WLQ worker 8****************
Received WLQ tasks: 118
Average no. of tuples in the results set of a window: 5572.8
Average processing time per WLQ task (us): 397717
****************WLQ worker 45****************
Received WLQ tasks: 549
Average no. of tuples in the results set of a window: 5472.12
Average processing time per WLQ task (us): 454116
****************WLQ worker 30****************
Received WLQ tasks: 59
Average no. of tuples in the results set of a window: 5751.67
Average processing time per WLQ task (us): 324406
****************WLQ worker 28****************
Received WLQ tasks: 62
Average no. of tuples in the results set of a window: 6025.4
Average processing time per WLQ task (us): 416928
****************WLQ worker 31****************
Received WLQ tasks: 49
Average no. of tuples in the results set of a window: 5926.83
Average processing time per WLQ task (us): 486245
****************WLQ worker 38****************
Received WLQ tasks: 165
Average no. of tuples in the results set of a window: 5626.76
Average processing time per WLQ task (us): 415316
****************WLQ worker 20****************
Received WLQ tasks: 57
Average no. of tuples in the results set of a window: 5798
Average processing time per WLQ task (us): 424881
****************WLQ worker 43****************
Received WLQ tasks: 565
Average no. of tuples in the results set of a window: 5423.62
Average processing time per WLQ task (us): 442482
****************WLQ worker 3****************
Received WLQ tasks: 204
Average no. of tuples in the results set of a window: 5519.7
Average processing time per WLQ task (us): 419633
****************WLQ worker 4****************
Received WLQ tasks: 236
Average no. of tuples in the results set of a window: 5375.04
Average processing time per WLQ task (us): 389212
****************WLQ worker 15****************
Received WLQ tasks: 74
Average no. of tuples in the results set of a window: 5624.5
Average processing time per WLQ task (us): 383765
****************WLQ worker 16****************
Received WLQ tasks: 85
Average no. of tuples in the results set of a window: 5732.17
Average processing time per WLQ task (us): 338131
****************WLQ worker 22****************
Received WLQ tasks: 70
Average no. of tuples in the results set of a window: 5758.6
Average processing time per WLQ task (us): 358624
****************WLQ worker 21****************
Received WLQ tasks: 61
Average no. of tuples in the results set of a window: 5461.5
Average processing time per WLQ task (us): 409283
****************WLQ worker 26****************
Received WLQ tasks: 43
Average no. of tuples in the results set of a window: 6019.2
Average processing time per WLQ task (us): 531659
****************WLQ worker 25****************
Received WLQ tasks: 48
Average no. of tuples in the results set of a window: 6013.25
Average processing time per WLQ task (us): 440212
****************WLQ worker 51****************
Received WLQ tasks: 654
Average no. of tuples in the results set of a window: 5525.34
Average processing time per WLQ task (us): 368190
****************WLQ worker 41****************
Received WLQ tasks: 294
Average no. of tuples in the results set of a window: 5540.58
Average processing time per WLQ task (us): 400883
****************WLQ worker 42****************
Received WLQ tasks: 573
Average no. of tuples in the results set of a window: 5433.15
Average processing time per WLQ task (us): 437955
****************WLQ worker 58****************
Received WLQ tasks: 643
Average no. of tuples in the results set of a window: 5554.49
Average processing time per WLQ task (us): 423415
****************WLQ worker 57****************
Received WLQ tasks: 605
Average no. of tuples in the results set of a window: 5536.6
Average processing time per WLQ task (us): 410570
****************WLQ worker 23****************
Received WLQ tasks: 36
Average no. of tuples in the results set of a window: 5542.33
Average processing time per WLQ task (us): 394099
****************WLQ worker 18****************
Received WLQ tasks: 77
Average no. of tuples in the results set of a window: 5875.2
Average processing time per WLQ task (us): 354395
****************WLQ worker 17****************
Received WLQ tasks: 61
Average no. of tuples in the results set of a window: 5837.83
Average processing time per WLQ task (us): 429881
****************WLQ worker 34****************
Received WLQ tasks: 57
Average no. of tuples in the results set of a window: 5797.33
Average processing time per WLQ task (us): 436074
****************WLQ worker 33****************
Received WLQ tasks: 56
Average no. of tuples in the results set of a window: 6242.33
Average processing time per WLQ task (us): 335038
****************WLQ worker 50****************
Received WLQ tasks: 582
Average no. of tuples in the results set of a window: 5526.33
Average processing time per WLQ task (us): 418999
****************WLQ worker 55****************
Received WLQ tasks: 610
Average no. of tuples in the results set of a window: 5566.43
Average processing time per WLQ task (us): 400522
****************WLQ worker 56****************
Received WLQ tasks: 647
Average no. of tuples in the results set of a window: 5496.48
Average processing time per WLQ task (us): 371138
****************WLQ worker 32****************
Received WLQ tasks: 67
Average no. of tuples in the results set of a window: 5840
Average processing time per WLQ task (us): 311778
****************WLQ worker 47****************
Received WLQ tasks: 620
Average no. of tuples in the results set of a window: 5495.58
Average processing time per WLQ task (us): 412980
****************WLQ worker 48****************
Received WLQ tasks: 606
Average no. of tuples in the results set of a window: 5452.19
Average processing time per WLQ task (us): 403714
****************WLQ worker 44****************
Received WLQ tasks: 562
Average no. of tuples in the results set of a window: 5529.54
Average processing time per WLQ task (us): 446928
****************WLQ worker 54****************
Received WLQ tasks: 629
Average no. of tuples in the results set of a window: 5558.47
Average processing time per WLQ task (us): 382197
****************WLQ worker 40****************
Received WLQ tasks: 208
Average no. of tuples in the results set of a window: 5444.25
Average processing time per WLQ task (us): 378989
****************WLQ worker 39****************
Received WLQ tasks: 163
Average no. of tuples in the results set of a window: 5552.1
Average processing time per WLQ task (us): 446103
****************WLQ worker 37****************
Received WLQ tasks: 114
Average no. of tuples in the results set of a window: 5699.18
Average processing time per WLQ task (us): 543105
****************WLQ worker 36****************
Received WLQ tasks: 88
Average no. of tuples in the results set of a window: 5758.36
Average processing time per WLQ task (us): 508534
****************WLQ worker 2****************
Received WLQ tasks: 264
Average no. of tuples in the results set of a window: 5449.88
Average processing time per WLQ task (us): 375306
****************WLQ worker 1****************
Received WLQ tasks: 334
Average no. of tuples in the results set of a window: 5537.19
Average processing time per WLQ task (us): 381066
****************WLQ worker 7****************
Received WLQ tasks: 68
Average no. of tuples in the results set of a window: 5793.29
Average processing time per WLQ task (us): 528494
****************WLQ worker 46****************
Received WLQ tasks: 553
Average no. of tuples in the results set of a window: 5556.63
Average processing time per WLQ task (us): 449722
****************WLQ worker 52****************
Received WLQ tasks: 648
Average no. of tuples in the results set of a window: 5568.22
Average processing time per WLQ task (us): 375134
****************WLQ worker 29****************
Received WLQ tasks: 68
Average no. of tuples in the results set of a window: 5507
Average processing time per WLQ task (us): 320556
****************WLQ worker 24****************
Received WLQ tasks: 53
Average no. of tuples in the results set of a window: 5457.2
Average processing time per WLQ task (us): 408341
****************WLQ worker 27****************
Received WLQ tasks: 58
Average no. of tuples in the results set of a window: 5881.75
Average processing time per WLQ task (us): 375229
****************WLQ worker 49****************
Received WLQ tasks: 620
Average no. of tuples in the results set of a window: 5422.3
Average processing time per WLQ task (us): 397434
****************WLQ worker 11****************
Received WLQ tasks: 120
Average no. of tuples in the results set of a window: 5701.67
Average processing time per WLQ task (us): 474356
****************WLQ worker 35****************
Received WLQ tasks: 95
Average no. of tuples in the results set of a window: 5607.25
Average processing time per WLQ task (us): 477216
****************WLQ worker 14****************
Received WLQ tasks: 80
Average no. of tuples in the results set of a window: 5507.33
Average processing time per WLQ task (us): 297318
****************WLQ worker 13****************
Received WLQ tasks: 314
Average no. of tuples in the results set of a window: 5541.54
Average processing time per WLQ task (us): 448957
****************WLQ worker 6****************
Received WLQ tasks: 206
Average no. of tuples in the results set of a window: 5529.12
Average processing time per WLQ task (us): 411864
****************WLQ worker 5****************
Received WLQ tasks: 280
Average no. of tuples in the results set of a window: 5510
Average processing time per WLQ task (us): 403799
****************WLQ worker 9****************
Received WLQ tasks: 96
Average no. of tuples in the results set of a window: 5743.22
Average processing time per WLQ task (us): 445696
****************WLQ worker 10****************
Received WLQ tasks: 110
Average no. of tuples in the results set of a window: 5698.75
Average processing time per WLQ task (us): 451490
****************WLQ worker 19****************
Received WLQ tasks: 80
Average no. of tuples in the results set of a window: 5710.6
Average processing time per WLQ task (us): 323949
