****************WLQ worker 13****************
Received WLQ tasks: 438
Average no. of tuples in the results set of a window: 5087.42
Average processing time per WLQ task (us): 367583
****************WLQ worker 58****************
Received WLQ tasks: 1665
Average no. of tuples in the results set of a window: 4522.58
Average processing time per WLQ task (us): 344216
****************WLQ worker 47****************
Received WLQ tasks: 0
Average no. of tuples in the results set of a window: 0
Average processing time per WLQ task (us): 0
****************WLQ worker 5****************
Received WLQ tasks: 590
Average no. of tuples in the results set of a window: 4563.91
Average processing time per WLQ task (us): 343670
****************WLQ worker 8****************
Received WLQ tasks: 541
Average no. of tuples in the results set of a window: 4760.57
Average processing time per WLQ task (us): 371611
****************WLQ worker 28****************
Received WLQ tasks: 561
Average no. of tuples in the results set of a window: 4617.37
Average processing time per WLQ task (us): 360178
****************WLQ worker 40****************
Received WLQ tasks: 156
Average no. of tuples in the results set of a window: 4559.81
Average processing time per WLQ task (us): 392244
****************WLQ worker 14****************
Received WLQ tasks: 578
Average no. of tuples in the results set of a window: 5046.04
Average processing time per WLQ task (us): 377097
****************WLQ worker 37****************
Received WLQ tasks: 291
Average no. of tuples in the results set of a window: 4455.5
Average processing time per WLQ task (us): 315152
****************WLQ worker 44****************
Received WLQ tasks: 0
Average no. of tuples in the results set of a window: 0
Average processing time per WLQ task (us): 0
****************WLQ worker 23****************
Received WLQ tasks: 60
Average no. of tuples in the results set of a window: 4480.82
Average processing time per WLQ task (us): 398958
****************WLQ worker 27****************
Received WLQ tasks: 438
Average no. of tuples in the results set of a window: 4806.81
Average processing time per WLQ task (us): 350313
****************WLQ worker 22****************
Received WLQ tasks: 719
Average no. of tuples in the results set of a window: 4947.68
Average processing time per WLQ task (us): 369395
****************WLQ worker 55****************
Received WLQ tasks: 1479
Average no. of tuples in the results set of a window: 4549.1
Average processing time per WLQ task (us): 350263
****************WLQ worker 24****************
Received WLQ tasks: 365
Average no. of tuples in the results set of a window: 5005.68
Average processing time per WLQ task (us): 406429
****************WLQ worker 16****************
Received WLQ tasks: 699
Average no. of tuples in the results set of a window: 4797.2
Average processing time per WLQ task (us): 371022
****************WLQ worker 1****************
Received WLQ tasks: 605
Average no. of tuples in the results set of a window: 4547.15
Average processing time per WLQ task (us): 340249
****************WLQ worker 7****************
Received WLQ tasks: 551
Average no. of tuples in the results set of a window: 4817.35
Average processing time per WLQ task (us): 377464
****************WLQ worker 31****************
Received WLQ tasks: 9
Average no. of tuples in the results set of a window: 3371
Average processing time per WLQ task (us): 248748
****************WLQ worker 53****************
Received WLQ tasks: 1230
Average no. of tuples in the results set of a window: 4745.11
Average processing time per WLQ task (us): 354718
****************WLQ worker 54****************
Received WLQ tasks: 1561
Average no. of tuples in the results set of a window: 4526.3
Average processing time per WLQ task (us): 337411
****************WLQ worker 2****************
Received WLQ tasks: 635
Average no. of tuples in the results set of a window: 4522.22
Average processing time per WLQ task (us): 359608
****************WLQ worker 35****************
Received WLQ tasks: 369
Average no. of tuples in the results set of a window: 4933.04
Average processing time per WLQ task (us): 360136
****************WLQ worker 36****************
Received WLQ tasks: 277
Average no. of tuples in the results set of a window: 4485.7
Average processing time per WLQ task (us): 345545
****************WLQ worker 11****************
Received WLQ tasks: 494
Average no. of tuples in the results set of a window: 4693.26
Average processing time per WLQ task (us): 304036
****************WLQ worker 12****************
Received WLQ tasks: 371
Average no. of tuples in the results set of a window: 4813.14
Average processing time per WLQ task (us): 378241
****************WLQ worker 3****************
Received WLQ tasks: 440
Average no. of tuples in the results set of a window: 4499.34
Average processing time per WLQ task (us): 345263
****************WLQ worker 4****************
Received WLQ tasks: 490
Average no. of tuples in the results set of a window: 4489.29
Average processing time per WLQ task (us): 337276
****************WLQ worker 50****************
Received WLQ tasks: 43
Average no. of tuples in the results set of a window: 4391
Average processing time per WLQ task (us): 328914
****************WLQ worker 49****************
Received WLQ tasks: 0
Average no. of tuples in the results set of a window: 0
Average processing time per WLQ task (us): 0
****************WLQ worker 57****************
Received WLQ tasks: 1498
Average no. of tuples in the results set of a window: 4559.55
Average processing time per WLQ task (us): 344379
****************WLQ worker 34****************
Received WLQ tasks: 389
Average no. of tuples in the results set of a window: 4762.55
Average processing time per WLQ task (us): 325283
****************WLQ worker 33****************
Received WLQ tasks: 361
Average no. of tuples in the results set of a window: 4887.42
Average processing time per WLQ task (us): 352768
****************WLQ worker 38****************
Received WLQ tasks: 656
Average no. of tuples in the results set of a window: 4714.24
Average processing time per WLQ task (us): 374432
****************WLQ worker 46****************
Received WLQ tasks: 49
Average no. of tuples in the results set of a window: 4692.5
Average processing time per WLQ task (us): 350390
****************WLQ worker 45****************
Received WLQ tasks: 54
Average no. of tuples in the results set of a window: 4480.25
Average processing time per WLQ task (us): 339145
****************WLQ worker 52****************
Received WLQ tasks: 51
Average no. of tuples in the results set of a window: 4520.67
Average processing time per WLQ task (us): 231321
****************WLQ worker 10****************
Received WLQ tasks: 506
Average no. of tuples in the results set of a window: 4713.08
Average processing time per WLQ task (us): 337775
****************WLQ worker 48****************
Received WLQ tasks: 0
Average no. of tuples in the results set of a window: 0
Average processing time per WLQ task (us): 0
****************WLQ worker 6****************
Received WLQ tasks: 527
Average no. of tuples in the results set of a window: 4870.4
Average processing time per WLQ task (us): 367903
****************WLQ worker 30****************
Received WLQ tasks: 327
Average no. of tuples in the results set of a window: 5236.1
Average processing time per WLQ task (us): 384282
****************WLQ worker 29****************
Received WLQ tasks: 86
Average no. of tuples in the results set of a window: 4842.2
Average processing time per WLQ task (us): 375964
****************WLQ worker 39****************
Received WLQ tasks: 1240
Average no. of tuples in the results set of a window: 4728.85
Average processing time per WLQ task (us): 363477
****************WLQ worker 56****************
Received WLQ tasks: 1529
Average no. of tuples in the results set of a window: 4510.25
Average processing time per WLQ task (us): 334874
****************WLQ worker 43****************
Received WLQ tasks: 0
Average no. of tuples in the results set of a window: 0
Average processing time per WLQ task (us): 0
****************WLQ worker 51****************
Received WLQ tasks: 39
Average no. of tuples in the results set of a window: 4639.6
Average processing time per WLQ task (us): 364657
****************WLQ worker 0****************
Received WLQ tasks: 570
Average no. of tuples in the results set of a window: 4315.87
Average processing time per WLQ task (us): 323079
****************WLQ worker 15****************
Received WLQ tasks: 381
Average no. of tuples in the results set of a window: 4733.48
Average processing time per WLQ task (us): 379592
****************WLQ worker 26****************
Received WLQ tasks: 215
Average no. of tuples in the results set of a window: 4755.88
Average processing time per WLQ task (us): 381252
****************WLQ worker 25****************
Received WLQ tasks: 350
Average no. of tuples in the results set of a window: 5143.43
Average processing time per WLQ task (us): 410812
****************WLQ worker 9****************
Received WLQ tasks: 700
Average no. of tuples in the results set of a window: 4769.16
Average processing time per WLQ task (us): 357734
****************WLQ worker 20****************
Received WLQ tasks: 418
Average no. of tuples in the results set of a window: 4991
Average processing time per WLQ task (us): 372917
****************WLQ worker 19****************
Received WLQ tasks: 202
Average no. of tuples in the results set of a window: 5000.44
Average processing time per WLQ task (us): 383039
****************WLQ worker 32****************
Received WLQ tasks: 17
Average no. of tuples in the results set of a window: 3482.33
Average processing time per WLQ task (us): 249702
****************WLQ worker 42****************
Received WLQ tasks: 0
Average no. of tuples in the results set of a window: 0
Average processing time per WLQ task (us): 0
****************WLQ worker 41****************
Received WLQ tasks: 183
Average no. of tuples in the results set of a window: 4434.43
Average processing time per WLQ task (us): 351068
****************WLQ worker 18****************
Received WLQ tasks: 297
Average no. of tuples in the results set of a window: 4971.84
Average processing time per WLQ task (us): 359831
****************WLQ worker 17****************
Received WLQ tasks: 453
Average no. of tuples in the results set of a window: 5029.36
Average processing time per WLQ task (us): 378692
****************WLQ worker 21****************
Received WLQ tasks: 572
Average no. of tuples in the results set of a window: 4990.09
Average processing time per WLQ task (us): 355401
