#second results avg_latency(ms)
0 0 0
1 0 0
2 0 0
3 1 3296
4 1 4906.87
5 0 0
6 0 0
7 2 7134.54
8 0 0
9 1 8944.21
10 2 9464.91
11 0 0
12 1 11404.7
13 1 12031.9
14 1 13108.3
15 2 13600.6
16 0 0
17 0 0
18 5 15641.4
19 1 15982.2
20 1 17076.4
21 1 18322.7
22 7 17687
23 2 17896.8
24 18 17380.8
25 3 16150.7
26 12 15790.8
27 22 13542.9
28 9 10988.2
29 2 11079.4
30 37 7862.64
31 10 4451.4
32 1 4313.74
33 1 5276.67
34 12 4527.45
35 1 4331.11
36 1 5019.88
37 3 5597.53
38 8 5809.76
39 3 5802.16
40 10 5662.67
41 8 4211.7
42 2 4537.44
43 1 5053.45
44 3 6091.93
45 5 5724.89
46 2 6263.17
47 2 6920.41
48 10 6902.59
49 8 6102.46
50 1 6235.28
51 1 7077.71
52 1 7196.82
53 0 0
54 15 8004.84
55 11 6605.29
56 3 5875.54
57 12 5910.77
58 2 5636.73
59 8 5208.6
60 9 4579.52
61 3 4205.06
62 7 4247.57
63 2 4481
64 2 4923.93
65 7 5121.02
66 1 5548.39
67 0 0
68 11 6095.08
69 2 6237.55
70 2 6578.79
71 12 5792.17
72 1 5385.13
73 13 5491.96
74 2 4842.37
75 1 5455.58
76 10 5746.82
77 3 5038.19
78 3 5672.4
79 5 5501.46
80 10 5506.84
81 2 4947.2
82 4 5456.98
83 6 5332.77
84 3 5418.17
85 4 5810.71
86 6 5432.34
87 4 5920.07
88 5 5681.71
89 1 6102.52
90 10 6425.67
91 3 5922.66
92 7 5946.94
93 2 6188.75
94 5 6263.13
95 5 6033.04
96 9 5979.29
97 1 5526.5
98 12 5738.67
99 11 4399.23
100 8 3529.04
101 1 3465.7
102 8 3292.28
103 5 3244.59
104 4 3257.9
105 2 3682.41
106 3 4536.7
107 6 4472.14
108 1 4461.06
109 12 4330.14
110 2 4038.32
111 5 4233.04
112 2 4433.23
113 3 4966.14
114 7 4774.95
115 1 5107.15
116 2 5801.89
117 7 6275.89
118 6 5799.86
119 0 0
120 2 6992.17
121 16 5792.75
122 6 5136.71
123 7 4531.26
124 2 4528.97
125 5 4795.74
126 2 5480.93
127 1 6126.03
128 6 6876.89
129 7 5925.3
130 5 6075.36
131 3 6180.2
132 0 0
133 18 5832.75
134 1 5017.46
135 1 5762.07
136 2 6530.21
137 9 6803.92
138 14 5083.42
139 1 4660.8
140 1 5269.74
141 5 5647.47
142 2 6139.55
143 12 5771.57
144 3 5036.97
145 3 5384.61
146 3 6043.88
147 2 6498.42
148 12 6242.14
149 12 4624.68
150 2 4312.79
151 1 4912.62
152 2 5564.08
153 2 6387.58
154 0 0
155 2 7956.91
156 2 8347.11
157 6 8678.6
158 0 0
159 17 8275.85
160 10 7024.31
161 8 6254.59
162 5 5479.55
163 1 6057.05
164 1 6847.17
165 13 6516.63
166 6 5501.33
167 1 6024.65
168 2 6845.48
169 0 0
170 11 6909.27
171 1 7074.45
172 10 6980.46
173 20 5035.18
174 2 3664.56
175 6 4182.09
176 2 4249.74
177 1 4496.76
178 16 4118.55
179 1 3601.25
180 1 4328.87
181 1 4960.58
182 2 5553.14
183 8 5966.73
184 3 5839.44
185 1 6688.98
186 9 5948.91
187 0 0
188 4 6770.46
189 11 6244.51
190 8 5370.58
191 2 5277.64
192 2 6196.29
193 5 6512.59
194 0 0
195 2 7722.83
196 15 7489.42
197 3 5991.25
198 1 7024.69
199 0 0
200 1 8694.59
201 1 9290.97
202 1 10743.1
203 22 8681.38
204 9 7118.01
205 9 6226.11
206 3 6045.23
207 1 6933.2
208 7 6437.25
209 4 6734.18
210 6 6343.12
211 3 6492.25
212 8 6744.83
213 2 6795.17
214 9 6730.64
215 2 6571.08
216 0 0
217 13 6490.69
218 6 5911.71
219 2 6387.23
220 1 6970.49
221 9 6598.23
222 1 6876.53
223 11 6841.55
224 5 5955
225 6 5691.81
226 1 6400.64
227 2 6946.61
228 6 7029.2
229 2 7572.59
230 13 6982.95
231 2 6306.87
232 5 6724.9
233 3 6908.09
234 16 5998.58
235 2 5411.04
236 1 5791.49
237 8 5883.69
238 2 6000.1
239 1 6845.03
240 1 7107.72
241 19 6790.23
242 1 5390.22
243 2 6060.35
244 2 6611.96
245 3 7055.66
246 5 7513.51
247 2 7885.14
248 19 6414.17
249 7 4938.37
250 2 5050.71
251 0 0
252 11 5929.19
253 4 5643.62
254 6 5721
255 1 5530.66
256 2 6350.45
257 9 6527.04
258 5 5665.43
259 3 5910.28
260 1 6795.15
261 7 7035.11
262 6 6700.21
263 9 5984.19
264 0 0
265 2 6810.41
266 8 7309.78
267 1 6944.66
268 2 8230.48
269 19 6836.44
270 1 5240.7
271 2 6620.12
272 0 0
273 2 7863.05
274 7 7602.99
275 1 7987.9
276 9 7904.1
277 2 8274.68
278 7 8684.04
279 2 8230.47
280 2 9436.92
281 10 8785.18
282 1 9145.02
283 2 9188.59
284 18 8490.55
285 1 7421.17
286 11 7616.54
287 1 7581.08
288 17 6603.89
289 1 5250.74
290 3 6235.14
291 8 6312.67
292 2 6161.71
293 1 6698.63
294 8 6615.85
295 3 6473.96
296 11 6076.29
297 12 4935.75
298 5 4146.28
299 1 4737.15
300 2 5379.41
301 3 5963.92
302 15 4866.66
303 3 4374.08
304 6 4736.8
305 1 4308.09
306 2 5403.29
307 9 5517.83
308 3 4973.74
309 3 5586.73
310 8 5381.09
311 2 5357.94
312 10 5212.81
313 8 4506.14
314 9 3623.56
315 5 3380.28
316 3 3223.72
317 2 4036.03
318 2 4424.06
319 8 4418.75
320 3 4704.06
321 5 4687.99
322 3 4788.88
323 7 5077.99
324 2 4861.75
325 5 5493.16
326 8 5071.35
327 3 5266.06
328 5 5130.15
329 2 5177.17
330 3 5969.13
331 5 6022.71
332 3 5985.63
333 8 6219.55
334 1 6483.03
335 2 7076.23
336 10 6735.28
337 3 6647.32
338 6 6643.77
339 1 6974.24
340 20 6240.45
341 2 4627.06
342 6 4894.43
343 1 5066.2
344 3 5978.02
345 8 5579.85
346 1 5648.13
347 6 5826.13
348 6 5724.19
349 1 5626.66
350 8 6248.65
351 1 6122.69
352 2 6829.08
353 10 6486.09
354 2 6556.41
355 9 6425.17
356 9 5710.24
357 2 5679.98
358 3 6201.74
359 6 6150.8
360 1 6564.26
361 2 7535.94
362 10 6658.63
363 1 7078.82
364 7 6642.79
365 2 7443.8
366 6 7633.4
367 4 7728.32
368 2 7801.51
369 11 7380.07
370 8 6688.16
371 2 6739.58
372 9 6604.63
373 2 6397.94
374 8 6185.5
375 2 6741.97
376 0 0
377 9 7373.81
378 2 6920.76
379 9 6835.57
380 0 0
381 5 7686.59
382 15 6762.35
383 2 5935.5
384 3 6719.92
385 8 6442.33
386 1 6490.11
387 8 6444.89
388 6 6209.92
389 5 5891.52
390 1 6181.22
391 2 7251.63
392 9 7104.08
393 10 6095.13
394 1 5805.22
395 9 6111.78
396 9 5317.53
397 1 4968.65
398 9 5096.43
399 3 5123.67
400 9 4681.15
401 4 4725.87
402 6 4366.5
403 2 4500.67
404 9 4628.99
405 2 4615.06
406 2 5177.54
407 6 5378.9
408 1 5823.98
409 2 6223.01
410 9 6454.62
411 2 6142.22
412 9 6078.77
413 2 5738.99
414 8 5808.22
415 4 5934.74
416 8 5285.54
417 2 5367.12
418 9 5362.41
419 5 5059.38
420 5 5087.01
421 2 5314.39
422 5 5757.51
423 4 5889.32
424 1 6369.86
425 1 6814.73
426 3 7830.02
427 6 7664.16
428 2 8085.34
429 1 9002.16
430 2 9370.17
431 8 9101.07
432 1 9473.69
433 8 9754.15
434 1 9297.91
435 1 10473.3
436 10 10004.9
437 8 9685.13
438 3 9417.25
439 22 8429.6
440 8 5950.19
441 3 6012.42
442 10 5621.12
443 0 0
444 11 5355.88
445 8 4596.6
446 10 3841.67
447 1 3790.83
448 3 4278.81
449 7 4402.27
450 1 4428.41
451 3 5226.25
452 3 5630.24
453 7 5215.86
454 1 5379.06
455 8 5731.18
456 3 5464.52
457 8 5476.27
458 3 5741.97
459 4 5782.72
460 5 5854.21
461 2 5960.63
462 10 6008
463 9 5269.54
464 1 4967.9
465 10 5141.9
466 1 4952.94
467 7 5146.75
468 4 4784.22
469 2 5063.33
470 8 5129.19
471 3 5216.92
472 7 4998.36
473 2 5425.12
474 2 5828.61
475 4 6395.27
476 6 6291.01
477 4 6482.25
478 4 6386.71
479 7 6603.96
480 5 6083.3
481 3 6383.53
482 9 6103.91
483 3 6324.6
484 6 6142.15
485 1 6321.53
486 9 6545.13
487 2 6019.4
488 0 0
489 9 7225.99
490 2 6781.51
491 8 7405.31
492 2 7151.44
493 8 7105.97
494 2 6968.24
495 10 6901.15
496 1 7070.09
497 9 6889.77
498 2 6748.46
499 8 6730.38
500 9 5916.85
501 2 5960.28
502 8 6025.81
503 3 5789.68
504 9 5644.39
505 2 5684.81
506 9 5620.02
507 2 5367.36
508 2 6188.1
509 8 6312.12
510 2 5825.98
511 8 5610.69
512 2 6112.94
513 10 6184.43
514 4 5742.96
515 5 5502.53
516 2 6076.34
517 5 6206.12
518 6 5870.23
519 8 5582.65
520 2 5640.35
521 9 5540.05
522 2 5390.94
523 8 5764.9
524 3 5367.3
525 5 5863.74
526 4 5749.42
527 3 6169.03
528 7 5974.63
529 1 5785.38
530 10 6173.12
531 2 5583.3
532 9 5601.89
533 1 5277.27
534 3 6096.92
535 19 4869.09
536 7 3727.97
537 2 3301.16
538 2 3993.31
539 11 3910.33
540 5 3167.28
541 2 3625.98
542 3 4380.94
543 6 4244.79
544 4 4094.25
545 4 4538.1
546 3 4469.43
547 3 5280.09
548 9 5022.23
549 2 4949.41
550 3 5208.98
551 8 4993.23
552 8 4837.91
553 2 4739.02
554 5 5039.54
555 5 4677.49
556 5 4938.41
557 3 5222.97
558 2 5608.64
559 4 6201.39
560 4 6236.47
561 6 6084.85
562 5 6108.29
563 6 5731.33
564 1 6560.57
565 8 6386.29
566 1 6319.9
567 10 6472.69
568 1 5916.1
569 4 6712.41
570 6 6460.23
571 2 6679.11
572 11 6694.52
573 3 6429.38
574 8 5932.21
575 8 5612.3
576 3 5519.77
577 4 5664
578 5 6091.64
579 1 6517.45
580 9 6049.71
581 2 6059.47
582 1 7297.38
583 4 7524.54
584 7 6912.97
585 2 7487.39
586 18 6389.34
587 2 5469.55
588 2 5958.54
589 9 6020.15
590 1 5599.13
591 8 5847.25
592 18 4472.82
593 2 3699.06
594 2 3980.24
595 5 4533.44
596 1 4954.15
597 3 5345.82
598 9 5136.58
599 2 5196.05
600 11 5113.64
601 2 4443.78
602 5 4473.77
603 2 4683.43
604 4 5188.84
605 6 4953.47
606 11 4725.61
607 8 4002.95
608 2 3687.12
609 9 3914.15
610 2 3704.46
611 7 3813.53
612 3 3715.47
613 6 3742.81
614 3 3776.37
615 1 4338.43
616 3 5087.1
617 10 4516.97
618 2 4489.69
619 6 4862.46
620 2 4927.46
621 9 4965.4
622 4 4631.61
623 13 3993.93
624 3 3370.21
625 6 3304.14
626 2 3660.94
627 6 3750.77
628 3 3887.34
629 9 3714.27
630 2 3475.99
631 2 4272
632 13 3422.69
633 1 3347.12
634 2 3855.81
635 9 3886.37
636 1 4008.15
637 1 4521.26
638 1 5010.65
639 3 6172.72
640 6 6114.37
641 19 4946.19
642 3 3621.57
643 7 3455.26
644 5 3153.84
645 8 3046.66
646 2 3067.19
647 6 3088.75
648 4 3399.4
649 5 3150.64
650 4 3516.28
651 6 3037.29
652 1 4001.75
653 1 4689.08
654 1 5301.47
655 3 6027.28
656 6 5683.56
657 15 4741.04
658 7 3692.2
659 5 3132.13
660 9 3358.65
661 1 3044.91
662 2 3844.86
663 7 3946.31
664 1 4202.88
665 8 4444.57
666 2 4260.65
667 2 4868.09
668 8 4768.8
669 4 4345.5
670 6 4726.99
671 2 4829.65
672 6 4863.68
673 3 4819.51
674 2 5692.38
675 9 5428.91
676 2 5682.27
677 1 6177.8
678 10 5810.95
679 1 6095.46
680 15 5086.95
681 4 4297.71
682 1 5083.09
683 11 4263.68
684 2 4346.85
685 1 5199.22
686 15 4176.87
687 2 3985.37
688 5 4226.8
689 3 4094.96
690 9 4179.46
691 1 4012.81
692 2 4801.4
693 1 5443.62
694 16 4624.96
695 2 4047.69
696 6 4293.14
697 5 3900.53
698 2 4260.82
699 13 3914.31
700 3 3157.55
701 8 2907.26
702 3 3189.92
703 5 3519.45
704 2 3676.75
705 2 4294.46
706 3 4747.59
707 7 5104.77
708 9 4375.07
709 2 3658
710 2 4384.06
711 8 4648.53
712 9 4026.16
713 4 3571.31
714 2 3810.92
715 7 4085.34
716 3 4124.86
717 8 3768.19
718 1 3842.72
719 2 4830.8
720 2 5405.06
721 11 4896.93
