****************WLQ worker 4****************
Received WLQ tasks: 160
Average no. of tuples in the results set of a window: 5894
Average processing time per WLQ task (us): 604759
****************WLQ worker 14****************
Received WLQ tasks: 206
Average no. of tuples in the results set of a window: 5593.44
Average processing time per WLQ task (us): 479113
****************WLQ worker 41****************
Received WLQ tasks: 398
Average no. of tuples in the results set of a window: 5600.55
Average processing time per WLQ task (us): 559238
****************WLQ worker 35****************
Received WLQ tasks: 396
Average no. of tuples in the results set of a window: 5590.76
Average processing time per WLQ task (us): 635655
****************WLQ worker 7****************
Received WLQ tasks: 263
Average no. of tuples in the results set of a window: 5735.76
Average processing time per WLQ task (us): 545112
****************WLQ worker 29****************
Received WLQ tasks: 354
Average no. of tuples in the results set of a window: 5584.71
Average processing time per WLQ task (us): 622932
****************WLQ worker 17****************
Received WLQ tasks: 174
Average no. of tuples in the results set of a window: 5529.67
Average processing time per WLQ task (us): 527305
****************WLQ worker 31****************
Received WLQ tasks: 358
Average no. of tuples in the results set of a window: 5574.82
Average processing time per WLQ task (us): 643785
****************WLQ worker 27****************
Received WLQ tasks: 341
Average no. of tuples in the results set of a window: 5656.22
Average processing time per WLQ task (us): 635733
****************WLQ worker 12****************
Received WLQ tasks: 168
Average no. of tuples in the results set of a window: 5736.38
Average processing time per WLQ task (us): 607163
****************WLQ worker 11****************
Received WLQ tasks: 173
Average no. of tuples in the results set of a window: 5728.5
Average processing time per WLQ task (us): 509330
****************WLQ worker 13****************
Received WLQ tasks: 176
Average no. of tuples in the results set of a window: 5605.24
Average processing time per WLQ task (us): 610876
****************WLQ worker 6****************
Received WLQ tasks: 204
Average no. of tuples in the results set of a window: 5764.08
Average processing time per WLQ task (us): 483072
****************WLQ worker 5****************
Received WLQ tasks: 157
Average no. of tuples in the results set of a window: 5590.78
Average processing time per WLQ task (us): 440030
****************WLQ worker 10****************
Received WLQ tasks: 214
Average no. of tuples in the results set of a window: 5734.83
Average processing time per WLQ task (us): 545360
****************WLQ worker 0****************
Received WLQ tasks: 151
Average no. of tuples in the results set of a window: 5637.55
Average processing time per WLQ task (us): 529991
****************WLQ worker 49****************
Received WLQ tasks: 399
Average no. of tuples in the results set of a window: 5479.68
Average processing time per WLQ task (us): 565694
****************WLQ worker 50****************
Received WLQ tasks: 366
Average no. of tuples in the results set of a window: 5566.36
Average processing time per WLQ task (us): 635850
****************WLQ worker 30****************
Received WLQ tasks: 380
Average no. of tuples in the results set of a window: 5558.66
Average processing time per WLQ task (us): 585498
****************WLQ worker 20****************
Received WLQ tasks: 195
Average no. of tuples in the results set of a window: 5670.12
Average processing time per WLQ task (us): 576633
****************WLQ worker 19****************
Received WLQ tasks: 213
Average no. of tuples in the results set of a window: 5515.69
Average processing time per WLQ task (us): 486837
****************WLQ worker 23****************
Received WLQ tasks: 221
Average no. of tuples in the results set of a window: 5435.11
Average processing time per WLQ task (us): 524564
****************WLQ worker 24****************
Received WLQ tasks: 279
Average no. of tuples in the results set of a window: 5715.71
Average processing time per WLQ task (us): 477695
****************WLQ worker 45****************
Received WLQ tasks: 437
Average no. of tuples in the results set of a window: 5427.72
Average processing time per WLQ task (us): 542186
****************WLQ worker 46****************
Received WLQ tasks: 367
Average no. of tuples in the results set of a window: 5564.57
Average processing time per WLQ task (us): 624833
****************WLQ worker 16****************
Received WLQ tasks: 166
Average no. of tuples in the results set of a window: 5374.59
Average processing time per WLQ task (us): 544408
****************WLQ worker 21****************
Received WLQ tasks: 217
Average no. of tuples in the results set of a window: 5362.68
Average processing time per WLQ task (us): 549093
****************WLQ worker 22****************
Received WLQ tasks: 265
Average no. of tuples in the results set of a window: 5533.57
Average processing time per WLQ task (us): 506414
****************WLQ worker 52****************
Received WLQ tasks: 406
Average no. of tuples in the results set of a window: 5496.26
Average processing time per WLQ task (us): 585811
****************WLQ worker 51****************
Received WLQ tasks: 376
Average no. of tuples in the results set of a window: 5536.78
Average processing time per WLQ task (us): 605319
****************WLQ worker 43****************
Received WLQ tasks: 373
Average no. of tuples in the results set of a window: 5481.78
Average processing time per WLQ task (us): 650829
****************WLQ worker 44****************
Received WLQ tasks: 392
Average no. of tuples in the results set of a window: 5608.06
Average processing time per WLQ task (us): 601525
****************WLQ worker 42****************
Received WLQ tasks: 439
Average no. of tuples in the results set of a window: 5448.15
Average processing time per WLQ task (us): 526814
****************WLQ worker 39****************
Received WLQ tasks: 440
Average no. of tuples in the results set of a window: 5547.59
Average processing time per WLQ task (us): 562737
****************WLQ worker 40****************
Received WLQ tasks: 383
Average no. of tuples in the results set of a window: 5532.83
Average processing time per WLQ task (us): 596016
****************WLQ worker 57****************
Received WLQ tasks: 398
Average no. of tuples in the results set of a window: 5586.57
Average processing time per WLQ task (us): 568139
****************WLQ worker 58****************
Received WLQ tasks: 440
Average no. of tuples in the results set of a window: 5691.82
Average processing time per WLQ task (us): 568236
****************WLQ worker 47****************
Received WLQ tasks: 373
Average no. of tuples in the results set of a window: 5488.07
Average processing time per WLQ task (us): 626242
****************WLQ worker 48****************
Received WLQ tasks: 390
Average no. of tuples in the results set of a window: 5516.61
Average processing time per WLQ task (us): 589014
****************WLQ worker 54****************
Received WLQ tasks: 368
Average no. of tuples in the results set of a window: 5510.93
Average processing time per WLQ task (us): 671459
****************WLQ worker 33****************
Received WLQ tasks: 405
Average no. of tuples in the results set of a window: 5534.13
Average processing time per WLQ task (us): 580236
****************WLQ worker 34****************
Received WLQ tasks: 388
Average no. of tuples in the results set of a window: 5593.13
Average processing time per WLQ task (us): 609444
****************WLQ worker 56****************
Received WLQ tasks: 423
Average no. of tuples in the results set of a window: 5485.42
Average processing time per WLQ task (us): 516921
****************WLQ worker 55****************
Received WLQ tasks: 395
Average no. of tuples in the results set of a window: 5512.11
Average processing time per WLQ task (us): 571591
****************WLQ worker 36****************
Received WLQ tasks: 390
Average no. of tuples in the results set of a window: 5664
Average processing time per WLQ task (us): 589327
****************WLQ worker 3****************
Received WLQ tasks: 83
Average no. of tuples in the results set of a window: 5337.29
Average processing time per WLQ task (us): 545237
****************WLQ worker 38****************
Received WLQ tasks: 443
Average no. of tuples in the results set of a window: 5465.78
Average processing time per WLQ task (us): 502464
****************WLQ worker 37****************
Received WLQ tasks: 403
Average no. of tuples in the results set of a window: 5523.23
Average processing time per WLQ task (us): 582959
****************WLQ worker 8****************
Received WLQ tasks: 231
Average no. of tuples in the results set of a window: 5751.35
Average processing time per WLQ task (us): 582693
****************WLQ worker 18****************
Received WLQ tasks: 204
Average no. of tuples in the results set of a window: 5429.59
Average processing time per WLQ task (us): 510832
****************WLQ worker 32****************
Received WLQ tasks: 401
Average no. of tuples in the results set of a window: 5470.82
Average processing time per WLQ task (us): 555994
****************WLQ worker 15****************
Received WLQ tasks: 255
Average no. of tuples in the results set of a window: 5505.2
Average processing time per WLQ task (us): 448008
****************WLQ worker 2****************
Received WLQ tasks: 199
Average no. of tuples in the results set of a window: 5693.33
Average processing time per WLQ task (us): 497821
****************WLQ worker 1****************
Received WLQ tasks: 155
Average no. of tuples in the results set of a window: 5879.29
Average processing time per WLQ task (us): 629347
****************WLQ worker 9****************
Received WLQ tasks: 195
Average no. of tuples in the results set of a window: 5585.06
Average processing time per WLQ task (us): 563376
****************WLQ worker 26****************
Received WLQ tasks: 191
Average no. of tuples in the results set of a window: 5665.5
Average processing time per WLQ task (us): 521905
****************WLQ worker 25****************
Received WLQ tasks: 378
Average no. of tuples in the results set of a window: 5563.76
Average processing time per WLQ task (us): 580452
****************WLQ worker 28****************
Received WLQ tasks: 362
Average no. of tuples in the results set of a window: 5667.47
Average processing time per WLQ task (us): 647798
****************WLQ worker 53****************
Received WLQ tasks: 413
Average no. of tuples in the results set of a window: 5493.54
Average processing time per WLQ task (us): 567538
