********************************PLQ worker 51********************************
Received tuples: 0
Received punctuations: 0
Average deque size: 0
Average pane instances closed per punct.: 0
Average processing time per tuple (us): 0
********************************PLQ worker 47********************************
Received tuples: 0
Received punctuations: 0
Average deque size: 0
Average pane instances closed per punct.: 0
Average processing time per tuple (us): 0
********************************PLQ worker 25********************************
Received tuples: 0
Received punctuations: 0
Average deque size: 0
Average pane instances closed per punct.: 0
Average processing time per tuple (us): 0
********************************PLQ worker 14********************************
Received tuples: 42539
Received punctuations: 495
Average deque size: 2.13131
Average pane instances closed per punct.: 1
Average processing time per tuple (us): 83.9101
********************************PLQ worker 9********************************
Received tuples: 40985
Received punctuations: 339
Average deque size: 2.74041
Average pane instances closed per punct.: 1
Average processing time per tuple (us): 97.3988
********************************PLQ worker 7********************************
Received tuples: 140586
Received punctuations: 1502
Average deque size: 1.9474
Average pane instances closed per punct.: 1
Average processing time per tuple (us): 119.396
********************************PLQ worker 45********************************
Received tuples: 0
Received punctuations: 0
Average deque size: 0
Average pane instances closed per punct.: 0
Average processing time per tuple (us): 0
********************************PLQ worker 48********************************
Received tuples: 0
Received punctuations: 0
Average deque size: 0
Average pane instances closed per punct.: 0
Average processing time per tuple (us): 0
********************************PLQ worker 12********************************
Received tuples: 0
Received punctuations: 0
Average deque size: 0
Average pane instances closed per punct.: 0
Average processing time per tuple (us): 0
********************************PLQ worker 16********************************
Received tuples: 0
Received punctuations: 0
Average deque size: 0
Average pane instances closed per punct.: 0
Average processing time per tuple (us): 0
********************************PLQ worker 2********************************
Received tuples: 966658
Received punctuations: 9655
Average deque size: 2.08876
Average pane instances closed per punct.: 1
Average processing time per tuple (us): 124.031
********************************PLQ worker 29********************************
Received tuples: 1175185
Received punctuations: 11154
Average deque size: 2.15752
Average pane instances closed per punct.: 1
Average processing time per tuple (us): 119.258
********************************PLQ worker 32********************************
Received tuples: 0
Received punctuations: 0
Average deque size: 0
Average pane instances closed per punct.: 0
Average processing time per tuple (us): 0
********************************PLQ worker 26********************************
Received tuples: 0
Received punctuations: 0
Average deque size: 0
Average pane instances closed per punct.: 0
Average processing time per tuple (us): 0
********************************PLQ worker 44********************************
Received tuples: 0
Received punctuations: 0
Average deque size: 0
Average pane instances closed per punct.: 0
Average processing time per tuple (us): 0
********************************PLQ worker 37********************************
Received tuples: 0
Received punctuations: 0
Average deque size: 0
Average pane instances closed per punct.: 0
Average processing time per tuple (us): 0
********************************PLQ worker 54********************************
Received tuples: 0
Received punctuations: 0
Average deque size: 0
Average pane instances closed per punct.: 0
Average processing time per tuple (us): 0
********************************PLQ worker 20********************************
Received tuples: 0
Received punctuations: 0
Average deque size: 0
Average pane instances closed per punct.: 0
Average processing time per tuple (us): 0
********************************PLQ worker 36********************************
Received tuples: 0
Received punctuations: 0
Average deque size: 0
Average pane instances closed per punct.: 0
Average processing time per tuple (us): 0
********************************PLQ worker 41********************************
Received tuples: 0
Received punctuations: 0
Average deque size: 0
Average pane instances closed per punct.: 0
Average processing time per tuple (us): 0
********************************PLQ worker 43********************************
Received tuples: 0
Received punctuations: 0
Average deque size: 0
Average pane instances closed per punct.: 0
Average processing time per tuple (us): 0
********************************PLQ worker 23********************************
Received tuples: 0
Received punctuations: 0
Average deque size: 0
Average pane instances closed per punct.: 0
Average processing time per tuple (us): 0
********************************PLQ worker 5********************************
Received tuples: 512392
Received punctuations: 4756
Average deque size: 2.4365
Average pane instances closed per punct.: 1
Average processing time per tuple (us): 103.883
********************************PLQ worker 57********************************
Received tuples: 0
Received punctuations: 0
Average deque size: 0
Average pane instances closed per punct.: 0
Average processing time per tuple (us): 0
********************************PLQ worker 28********************************
Received tuples: 0
Received punctuations: 0
Average deque size: 0
Average pane instances closed per punct.: 0
Average processing time per tuple (us): 0
********************************PLQ worker 55********************************
Received tuples: 0
Received punctuations: 0
Average deque size: 0
Average pane instances closed per punct.: 0
Average processing time per tuple (us): 0
********************************PLQ worker 58********************************
Received tuples: 0
Received punctuations: 0
Average deque size: 0
Average pane instances closed per punct.: 0
Average processing time per tuple (us): 0
********************************PLQ worker 24********************************
Received tuples: 128374
Received punctuations: 1210
Average deque size: 2.25868
Average pane instances closed per punct.: 1
Average processing time per tuple (us): 111.743
********************************PLQ worker 27********************************
Received tuples: 20416
Received punctuations: 174
Average deque size: 2.8046
Average pane instances closed per punct.: 1
Average processing time per tuple (us): 90.4728
********************************PLQ worker 30********************************
Received tuples: 0
Received punctuations: 0
Average deque size: 0
Average pane instances closed per punct.: 0
Average processing time per tuple (us): 0
********************************PLQ worker 49********************************
Received tuples: 0
Received punctuations: 0
Average deque size: 0
Average pane instances closed per punct.: 0
Average processing time per tuple (us): 0
********************************PLQ worker 17********************************
Received tuples: 0
Received punctuations: 0
Average deque size: 0
Average pane instances closed per punct.: 0
Average processing time per tuple (us): 0
********************************PLQ worker 50********************************
Received tuples: 0
Received punctuations: 0
Average deque size: 0
Average pane instances closed per punct.: 0
Average processing time per tuple (us): 0
********************************PLQ worker 39********************************
Received tuples: 0
Received punctuations: 0
Average deque size: 0
Average pane instances closed per punct.: 0
Average processing time per tuple (us): 0
********************************PLQ worker 33********************************
Received tuples: 16626
Received punctuations: 171
Average deque size: 2.7193
Average pane instances closed per punct.: 1
Average processing time per tuple (us): 75.9018
********************************PLQ worker 19********************************
Received tuples: 74116
Received punctuations: 683
Average deque size: 2.64129
Average pane instances closed per punct.: 1
Average processing time per tuple (us): 93.1732
********************************PLQ worker 18********************************
Received tuples: 0
Received punctuations: 0
Average deque size: 0
Average pane instances closed per punct.: 0
Average processing time per tuple (us): 0
********************************PLQ worker 31********************************
Received tuples: 0
Received punctuations: 0
Average deque size: 0
Average pane instances closed per punct.: 0
Average processing time per tuple (us): 0
********************************PLQ worker 46********************************
Received tuples: 0
Received punctuations: 0
Average deque size: 0
Average pane instances closed per punct.: 0
Average processing time per tuple (us): 0
********************************PLQ worker 10********************************
Received tuples: 184178
Received punctuations: 1503
Average deque size: 2.30672
Average pane instances closed per punct.: 1
Average processing time per tuple (us): 123.399
********************************PLQ worker 8********************************
Received tuples: 313420
Received punctuations: 3032
Average deque size: 2.35356
Average pane instances closed per punct.: 1
Average processing time per tuple (us): 109.388
********************************PLQ worker 53********************************
Received tuples: 0
Received punctuations: 0
Average deque size: 0
Average pane instances closed per punct.: 0
Average processing time per tuple (us): 0
********************************PLQ worker 35********************************
Received tuples: 0
Received punctuations: 0
Average deque size: 0
Average pane instances closed per punct.: 0
Average processing time per tuple (us): 0
********************************PLQ worker 42********************************
Received tuples: 0
Received punctuations: 0
Average deque size: 0
Average pane instances closed per punct.: 0
Average processing time per tuple (us): 0
********************************PLQ worker 38********************************
Received tuples: 0
Received punctuations: 0
Average deque size: 0
Average pane instances closed per punct.: 0
Average processing time per tuple (us): 0
********************************PLQ worker 56********************************
Received tuples: 0
Received punctuations: 0
Average deque size: 0
Average pane instances closed per punct.: 0
Average processing time per tuple (us): 0
********************************PLQ worker 22********************************
Received tuples: 0
Received punctuations: 0
Average deque size: 0
Average pane instances closed per punct.: 0
Average processing time per tuple (us): 0
********************************PLQ worker 21********************************
Received tuples: 0
Received punctuations: 0
Average deque size: 0
Average pane instances closed per punct.: 0
Average processing time per tuple (us): 0
********************************PLQ worker 15********************************
Received tuples: 42971
Received punctuations: 495
Average deque size: 2.22828
Average pane instances closed per punct.: 1
Average processing time per tuple (us): 83.5577
********************************PLQ worker 40********************************
Received tuples: 0
Received punctuations: 0
Average deque size: 0
Average pane instances closed per punct.: 0
Average processing time per tuple (us): 0
********************************PLQ worker 52********************************
Received tuples: 0
Received punctuations: 0
Average deque size: 0
Average pane instances closed per punct.: 0
Average processing time per tuple (us): 0
********************************PLQ worker 1********************************
Received tuples: 999648
Received punctuations: 10362
Average deque size: 1.88332
Average pane instances closed per punct.: 1
Average processing time per tuple (us): 130.357
********************************PLQ worker 3********************************
Received tuples: 737952
Received punctuations: 7096
Average deque size: 2.22337
Average pane instances closed per punct.: 1
Average processing time per tuple (us): 115.027
********************************PLQ worker 4********************************
Received tuples: 329820
Received punctuations: 3329
Average deque size: 2.11986
Average pane instances closed per punct.: 1
Average processing time per tuple (us): 113.294
********************************PLQ worker 13********************************
Received tuples: 0
Received punctuations: 0
Average deque size: 0
Average pane instances closed per punct.: 0
Average processing time per tuple (us): 0
********************************PLQ worker 11********************************
Received tuples: 318077
Received punctuations: 2805
Average deque size: 2.50374
Average pane instances closed per punct.: 1
Average processing time per tuple (us): 102.255
********************************PLQ worker 6********************************
Received tuples: 1193510
Received punctuations: 10368
Average deque size: 2.56202
Average pane instances closed per punct.: 1
Average processing time per tuple (us): 107.393
********************************PLQ worker 0********************************
Received tuples: 1209458
Received punctuations: 12025
Average deque size: 2.02412
Average pane instances closed per punct.: 1
Average processing time per tuple (us): 126.067
********************************PLQ worker 34********************************
Received tuples: 1552976
Received punctuations: 13983
Average deque size: 2.48881
Average pane instances closed per punct.: 1
Average processing time per tuple (us): 108.172
