****************WLQ worker 45****************
Received WLQ tasks: 759
Average no. of tuples in the results set of a window: 4753.97
Average processing time per WLQ task (us): 296179
****************WLQ worker 26****************
Received WLQ tasks: 490
Average no. of tuples in the results set of a window: 4953.17
Average processing time per WLQ task (us): 332008
****************WLQ worker 35****************
Received WLQ tasks: 660
Average no. of tuples in the results set of a window: 4877.57
Average processing time per WLQ task (us): 314733
****************WLQ worker 46****************
Received WLQ tasks: 719
Average no. of tuples in the results set of a window: 4919.26
Average processing time per WLQ task (us): 329953
****************WLQ worker 43****************
Received WLQ tasks: 675
Average no. of tuples in the results set of a window: 5065.08
Average processing time per WLQ task (us): 329360
****************WLQ worker 44****************
Received WLQ tasks: 723
Average no. of tuples in the results set of a window: 4823.62
Average processing time per WLQ task (us): 315270
****************WLQ worker 50****************
Received WLQ tasks: 680
Average no. of tuples in the results set of a window: 4855.71
Average processing time per WLQ task (us): 336442
****************WLQ worker 49****************
Received WLQ tasks: 668
Average no. of tuples in the results set of a window: 4890.67
Average processing time per WLQ task (us): 356950
****************WLQ worker 29****************
Received WLQ tasks: 173
Average no. of tuples in the results set of a window: 5150.14
Average processing time per WLQ task (us): 426603
****************WLQ worker 30****************
Received WLQ tasks: 518
Average no. of tuples in the results set of a window: 4969.43
Average processing time per WLQ task (us): 271012
****************WLQ worker 52****************
Received WLQ tasks: 730
Average no. of tuples in the results set of a window: 4761.62
Average processing time per WLQ task (us): 323241
****************WLQ worker 51****************
Received WLQ tasks: 717
Average no. of tuples in the results set of a window: 4922.67
Average processing time per WLQ task (us): 321373
****************WLQ worker 33****************
Received WLQ tasks: 516
Average no. of tuples in the results set of a window: 4974.61
Average processing time per WLQ task (us): 350782
****************WLQ worker 39****************
Received WLQ tasks: 681
Average no. of tuples in the results set of a window: 5012.58
Average processing time per WLQ task (us): 335698
****************WLQ worker 40****************
Received WLQ tasks: 679
Average no. of tuples in the results set of a window: 5000.62
Average processing time per WLQ task (us): 326701
****************WLQ worker 47****************
Received WLQ tasks: 664
Average no. of tuples in the results set of a window: 5052.15
Average processing time per WLQ task (us): 365097
****************WLQ worker 48****************
Received WLQ tasks: 737
Average no. of tuples in the results set of a window: 5008.73
Average processing time per WLQ task (us): 314269
****************WLQ worker 42****************
Received WLQ tasks: 595
Average no. of tuples in the results set of a window: 5065.5
Average processing time per WLQ task (us): 393933
****************WLQ worker 41****************
Received WLQ tasks: 719
Average no. of tuples in the results set of a window: 4928.36
Average processing time per WLQ task (us): 321681
****************WLQ worker 54****************
Received WLQ tasks: 695
Average no. of tuples in the results set of a window: 4908.14
Average processing time per WLQ task (us): 311016
****************WLQ worker 53****************
Received WLQ tasks: 711
Average no. of tuples in the results set of a window: 5042.57
Average processing time per WLQ task (us): 316875
****************WLQ worker 56****************
Received WLQ tasks: 671
Average no. of tuples in the results set of a window: 4856.7
Average processing time per WLQ task (us): 360965
****************WLQ worker 55****************
Received WLQ tasks: 640
Average no. of tuples in the results set of a window: 4908.84
Average processing time per WLQ task (us): 362478
****************WLQ worker 58****************
Received WLQ tasks: 704
Average no. of tuples in the results set of a window: 5075.78
Average processing time per WLQ task (us): 375186
****************WLQ worker 57****************
Received WLQ tasks: 684
Average no. of tuples in the results set of a window: 5003.77
Average processing time per WLQ task (us): 322427
****************WLQ worker 38****************
Received WLQ tasks: 729
Average no. of tuples in the results set of a window: 4922.68
Average processing time per WLQ task (us): 309833
****************WLQ worker 37****************
Received WLQ tasks: 594
Average no. of tuples in the results set of a window: 4999.78
Average processing time per WLQ task (us): 378793
****************WLQ worker 32****************
Received WLQ tasks: 525
Average no. of tuples in the results set of a window: 4987
Average processing time per WLQ task (us): 314266
****************WLQ worker 31****************
Received WLQ tasks: 520
Average no. of tuples in the results set of a window: 4924.04
Average processing time per WLQ task (us): 306741
****************WLQ worker 25****************
Received WLQ tasks: 416
Average no. of tuples in the results set of a window: 5344.25
Average processing time per WLQ task (us): 358053
****************WLQ worker 0****************
Received WLQ tasks: 270
Average no. of tuples in the results set of a window: 5004.67
Average processing time per WLQ task (us): 246094
****************WLQ worker 27****************
Received WLQ tasks: 485
Average no. of tuples in the results set of a window: 4614.59
Average processing time per WLQ task (us): 319134
****************WLQ worker 28****************
Received WLQ tasks: 436
Average no. of tuples in the results set of a window: 5196.63
Average processing time per WLQ task (us): 363854
****************WLQ worker 2****************
Received WLQ tasks: 198
Average no. of tuples in the results set of a window: 5232.5
Average processing time per WLQ task (us): 401514
****************WLQ worker 1****************
Received WLQ tasks: 217
Average no. of tuples in the results set of a window: 5441.6
Average processing time per WLQ task (us): 267383
****************WLQ worker 16****************
Received WLQ tasks: 407
Average no. of tuples in the results set of a window: 5016.63
Average processing time per WLQ task (us): 374158
****************WLQ worker 15****************
Received WLQ tasks: 382
Average no. of tuples in the results set of a window: 4978.42
Average processing time per WLQ task (us): 350889
****************WLQ worker 17****************
Received WLQ tasks: 444
Average no. of tuples in the results set of a window: 5155.6
Average processing time per WLQ task (us): 345201
****************WLQ worker 18****************
Received WLQ tasks: 451
Average no. of tuples in the results set of a window: 5100.9
Average processing time per WLQ task (us): 391927
****************WLQ worker 10****************
Received WLQ tasks: 302
Average no. of tuples in the results set of a window: 5323.56
Average processing time per WLQ task (us): 381790
****************WLQ worker 9****************
Received WLQ tasks: 439
Average no. of tuples in the results set of a window: 4835.14
Average processing time per WLQ task (us): 322502
****************WLQ worker 19****************
Received WLQ tasks: 484
Average no. of tuples in the results set of a window: 5067.21
Average processing time per WLQ task (us): 323800
****************WLQ worker 20****************
Received WLQ tasks: 544
Average no. of tuples in the results set of a window: 4783
Average processing time per WLQ task (us): 304654
****************WLQ worker 24****************
Received WLQ tasks: 488
Average no. of tuples in the results set of a window: 5068.35
Average processing time per WLQ task (us): 284173
****************WLQ worker 23****************
Received WLQ tasks: 481
Average no. of tuples in the results set of a window: 5301.13
Average processing time per WLQ task (us): 318307
****************WLQ worker 5****************
Received WLQ tasks: 318
Average no. of tuples in the results set of a window: 5168.47
Average processing time per WLQ task (us): 330375
****************WLQ worker 6****************
Received WLQ tasks: 215
Average no. of tuples in the results set of a window: 4900.8
Average processing time per WLQ task (us): 392473
****************WLQ worker 22****************
Received WLQ tasks: 492
Average no. of tuples in the results set of a window: 5132.88
Average processing time per WLQ task (us): 339363
****************WLQ worker 21****************
Received WLQ tasks: 567
Average no. of tuples in the results set of a window: 4882.18
Average processing time per WLQ task (us): 293984
****************WLQ worker 12****************
Received WLQ tasks: 491
Average no. of tuples in the results set of a window: 5105.87
Average processing time per WLQ task (us): 283552
****************WLQ worker 11****************
Received WLQ tasks: 359
Average no. of tuples in the results set of a window: 4845.93
Average processing time per WLQ task (us): 295276
****************WLQ worker 3****************
Received WLQ tasks: 253
Average no. of tuples in the results set of a window: 5086.08
Average processing time per WLQ task (us): 335066
****************WLQ worker 4****************
Received WLQ tasks: 369
Average no. of tuples in the results set of a window: 4904.33
Average processing time per WLQ task (us): 290517
****************WLQ worker 7****************
Received WLQ tasks: 398
Average no. of tuples in the results set of a window: 4869.8
Average processing time per WLQ task (us): 303587
****************WLQ worker 8****************
Received WLQ tasks: 417
Average no. of tuples in the results set of a window: 5238.5
Average processing time per WLQ task (us): 258808
****************WLQ worker 13****************
Received WLQ tasks: 450
Average no. of tuples in the results set of a window: 4902.05
Average processing time per WLQ task (us): 297908
****************WLQ worker 14****************
Received WLQ tasks: 384
Average no. of tuples in the results set of a window: 4916.22
Average processing time per WLQ task (us): 316930
****************WLQ worker 36****************
Received WLQ tasks: 684
Average no. of tuples in the results set of a window: 4999.57
Average processing time per WLQ task (us): 313293
****************WLQ worker 34****************
Received WLQ tasks: 158
Average no. of tuples in the results set of a window: 4952.71
Average processing time per WLQ task (us): 429464
