#control_step plq_rho plq_splitting wlq_rho nw_plq nw_wlq wlq_idle wlq_win_tasks wlq_merge_tasks [watts]
0 3.88995 1 7.5512e-05 1 1 0.999924 1 0 182.256
1 3.89222 1.58333 0.850936 2 1 0.446892 14 0 95.8197
2 3.54643 1.53846 12.2352 3 1 0.388239 2 0 96.4377
3 2.8186 1.83333 10.5623 4 2 0.115546 8 0 97.8631
4 2.53521 2.84615 9.95653 5 3 0.125114 14 0 99.1419
5 1.9927 3.41667 10.0037 6 5 0.107817 25 0 101.566
6 0.765289 3.61538 23.6978 8 8 0.207796 30 0 105.008
7 0.280281 6 26.7201 7 12 0.158128 44 0 106.591
8 0.342141 4.46154 17.9252 4 18 0.0880004 83 0 109.047
9 1.04887 2.41667 8.53362 2 27 0.0972829 174 0 114.422
10 1.89961 2 3.55899 2 41 0.0911644 387 0 126.16
11 1.62756 2.41667 2.08916 3 56 0.0459729 531 0 139.8
12 0.870625 3 1.92717 3 56 0.0438463 378 0 139.725
13 1.45352 2.16667 1.39858 2 57 0.0523332 381 6 139.725
14 1.26043 2 0.800799 2 57 0.192869 153 124 138.009
15 1.38549 2 0.480023 2 56 0.604092 54 31 132.453
16 2.57593 1.92308 0.433592 3 42 0.706454 65 30 124.527
17 1.67031 2.83333 0.716907 5 32 0.443682 107 39 119.236
18 0.489646 5.15385 2.14547 8 33 0.109241 215 19 124.181
19 0.485613 4.41667 1.06091 4 50 0.148889 274 250 134.644
20 1.08293 2.46154 0.681562 2 57 0.349979 91 105 135.426
21 1.33696 2 0.484139 2 49 0.653206 55 28 128.202
22 1.39027 2.84615 0.476659 3 37 0.624544 82 56 119.603
23 0.583669 4.16667 1.29408 5 28 0.227886 191 58 118.005
24 0.664437 3.46154 0.833636 3 42 0.216003 123 212 126.613
25 0.609854 3 0.664917 3 37 0.401755 84 103 121.777
26 0.579456 3 0.864744 3 26 0.292823 81 108 114.7
27 2.60995 2.16667 0.761296 2 25 0.244173 62 46 112.496
28 3.8411 1.84615 0.339163 3 27 0.663083 33 3 112.877
29 1.18703 2.58333 0.449185 5 20 0.652589 68 17 110.518
30 0.709336 3.76923 3.17324 7 14 0.063331 89 5 108.651
31 1.51094 2.83333 1.88814 5 21 0.0599313 161 0 112.403
32 1.09788 3.53846 1.46447 6 32 0.140993 198 54 121.864
33 0.629527 5 1.00519 7 48 0.106763 231 285 135.307
34 0.733175 4.23077 0.759324 6 53 0.292015 99 185 136.378
35 0.657522 4 0.695432 6 43 0.380745 87 161 129.094
36 0.666921 3.23077 0.833507 5 32 0.319818 84 123 121.678
37 1.14967 2.25 0.934739 4 28 0.317209 82 54 117.009
38 0.815415 3.84615 1.42091 5 33 0.209611 133 88 121.446
39 0.410456 4.25 0.778633 4 50 0.297999 124 246 133.339
40 1.49443 2.46154 0.660227 2 42 0.522031 51 54 126.287
41 1.10699 2.91667 0.72465 3 40 0.453413 91 64 124.209
42 0.561049 3.92308 0.918819 4 36 0.185662 133 190 123.13
43 0.973916 3.16667 0.669176 3 37 0.401317 74 90 121.105
44 0.409831 3.92308 0.985386 4 29 0.169277 116 165 117.482
45 1.31089 2.5 0.751109 2 32 0.276332 66 54 116.363
46 0.91436 2.84615 0.627014 3 34 0.487346 99 105 118.66
47 0.667656 3 1.08336 3 23 0.0690757 101 85 112.98
48 0.819668 3 0.857598 3 28 0.175008 89 107 115.145
49 1.19343 3 1.04935 3 26 0.176954 59 74 113.951
50 0.514958 3.92308 0.974349 4 33 0.237023 129 162 120.53
51 1.86882 2.41667 0.708574 2 36 0.256485 56 52 119.472
52 1.36381 2.61538 0.523084 3 36 0.641259 66 54 118.966
53 0.573044 4 1.4738 5 28 0.16039 202 24 117.667
54 1.27158 3.46154 0.719865 3 42 0.293907 112 170 126.276
55 0.722231 4 0.749464 4 42 0.362741 114 186 126.283
56 0.366687 4 0.959748 4 34 0.163552 110 154 121.751
57 1.2599 2.41667 0.645419 2 37 0.39601 61 56 119.874
58 1.34364 2.92308 0.669715 3 33 0.515093 70 53 119.098
59 0.522906 4.5 1.00665 5 32 0.161786 160 178 120.43
60 0.621426 3.46154 0.931073 3 36 0.0989925 108 146 122.044
61 1.20673 2.25 0.616053 2 38 0.487554 60 43 120.796
62 0.962038 2.92308 0.794632 3 32 0.42991 87 74 118.53
63 0.776193 3 0.956014 3 29 0.264557 106 103 116.8
64 0.449208 3 0.893005 3 32 0.171962 101 129 118.359
65 1.12743 2.23077 0.659181 2 32 0.413822 65 50 115.714
66 0.925839 3 0.786073 3 27 0.39513 88 86 113.957
67 0.637981 3 1.26106 3 23 0.135198 117 56 112.777
68 1.49707 2.16667 0.656118 2 33 0.353053 75 70 117.838
69 1.47707 2.83333 0.565651 3 31 0.589431 64 53 116.054
70 0.594387 4.15385 1.71105 5 26 0.193213 173 28 116.679
71 0.533225 3.46154 0.942142 3 39 0.144679 165 220 124.979
72 1.46488 2.25 0.620643 2 41 0.424544 59 41 122.8
73 1.04131 3 0.567089 3 37 0.571799 94 87 120.737
74 0.397007 4 1.00863 4 27 0.0863262 149 136 116.491
75 1.20886 2.46154 0.659899 2 31 0.391565 72 59 115.805
76 1.24587 3 0.812724 3 28 0.276911 96 94 115.583
77 1.99992 4 0.530799 4 30 0.5376 32 18 115.745
78 1.2144 2.75 0.388883 6 24 0.751017 65 16 113.25
79 0.660915 3.92308 2.77741 8 17 0.192845 133 14 111.985
80 0.31288 5.16667 3.82648 6 26 0.0647733 194 0 116.608
81 0.659315 3.69231 1.97727 3 39 0.125659 394 0 125.313
82 1.45011 2.16667 0.908227 2 57 0.179508 207 252 139.194
83 1.38827 2 0.633575 2 57 0.463275 56 26 134.733
84 1.13239 2 0.522934 2 52 0.673901 58 34 130.594
85 2.02286 2.38462 0.655229 3 36 0.582087 74 37 120.568
86 0.887997 3 1.07353 5 34 0.218454 160 75 121.601
87 0.277477 5.07692 0.944794 6 41 0.16999 158 268 127.78
88 0.657169 3.5 0.70817 3 43 0.32113 100 138 126.571
89 0.55803 3 0.77348 3 33 0.338235 89 106 119.342
90 1.8964 2.25 0.553704 2 28 0.44795 45 29 113.725
91 1.35845 2.84615 0.806353 3 23 0.47241 71 48 111.45
92 0.569009 4.25 1.62821 5 26 0.0869987 209 21 115.557
93 0.494361 3.46154 0.995001 3 39 0.0939823 151 219 124.904
94 1.29131 2.25 0.552949 2 44 0.498376 66 43 125.249
95 0.979842 2.92308 0.621719 3 36 0.518265 93 87 120.084
96 0.67261 3 0.929781 3 27 0.109341 118 96 115.424
97 0.663025 3 0.899049 3 29 0.169464 85 112 116.029
98 0.920453 3 0.95558 3 29 0.235171 80 99 116.427
99 0.737718 3 0.81466 3 32 0.284145 92 98 118.821
100 0.747134 3 0.939335 3 28 0.135328 89 107 116.227
101 1.25838 3 0.717168 3 30 0.401258 56 63 117.263
102 0.639375 4 1.22456 4 29 0.187515 149 92 118.031
103 0.674279 3.23077 0.888209 3 40 0.204618 103 175 125.794
104 0.587605 3 0.711139 3 39 0.306776 82 108 123.47
105 1.33592 2.23077 0.654145 2 30 0.489593 60 45 115.54
106 1.2582 3 0.6068 3 28 0.534514 82 54 114.451
107 0.633435 3.92308 1.52959 4 24 0.115441 161 51 114.057
108 0.714598 3.16667 0.906543 3 36 0.197579 118 193 122.853
109 0.608213 3 0.832875 3 37 0.268956 83 111 121.866
110 1.28875 2.16667 0.672159 2 34 0.387448 55 40 118.318
111 0.924232 2.84615 0.7341 3 32 0.435807 97 94 118.117
112 0.710946 3 1.00223 3 26 0.161497 98 102 115.409
113 0.817362 3 0.882962 3 30 0.248204 88 110 116.804
114 0.836452 3 0.917699 3 29 0.215458 84 100 116.213
115 0.761649 3 0.902638 3 30 0.211559 89 108 117.06
116 0.594396 3 0.853254 3 30 0.198395 81 102 116.795
117 1.2306 2.23077 0.760023 2 28 0.320182 62 44 114.318
118 0.970319 3 0.82225 3 28 0.329516 99 90 115.255
119 0.616337 3 1.06735 3 26 0.1053 112 96 114.639
120 0.730528 3 0.867452 3 31 0.192992 80 115 117.616
121 0.610149 3 0.903568 3 29 0.228157 94 100 116.993
122 1.20906 2.25 0.722095 2 29 0.342408 60 46 114.594
123 0.880416 2.92308 0.866931 3 27 0.337521 94 90 114.917
124 0.70305 3 1.02238 3 26 0.202102 112 89 114.761
125 0.70637 3 0.903426 3 31 0.146301 89 123 117.283
126 0.928325 3 0.908753 3 31 0.241588 78 106 117.5
127 0.739593 3 0.870556 3 32 0.235192 89 100 119.032
128 0.512481 3 0.915538 3 30 0.204748 84 107 117.201
129 1.26053 2.16667 0.618073 2 31 0.424517 62 39 115.425
130 0.826698 3 0.831091 3 27 0.358847 105 95 115.003
131 0.890654 3 1.11404 3 24 0.0653964 99 85 114.134
132 0.807883 3 0.897639 3 30 0.204255 87 119 117.502
133 1.43769 3 0.846314 3 30 0.335154 58 72 116.083
134 0.367708 4.76923 0.946321 5 35 0.189206 143 217 122.553
135 0.86997 3.41667 0.788212 3 37 0.267697 87 107 121.868
136 0.623414 3 0.808936 3 32 0.32259 94 122 118.55
137 0.601496 3 0.878799 3 28 0.200814 86 98 116.6
138 1.39087 2.23077 0.723963 2 27 0.338206 53 40 113.725
139 1.10893 3 0.715058 3 28 0.401543 88 59 115.023
140 0.559684 4 1.46468 4 25 0.122674 164 66 114.983
141 1.36398 2.33333 0.788779 2 38 0.281371 97 131 122.164
142 1.25876 2.92308 0.512349 3 42 0.601738 70 61 123.587
143 0.677057 3.91667 0.995428 4 31 0.221274 145 145 119.562
144 0.368258 4 0.891758 4 36 0.183056 104 180 122.485
145 1.05584 2.33333 0.613173 2 36 0.421239 71 57 119.31
146 3.14351 2 0.56415 2 28 0.525981 59 37 114.309
147 3.83887 1.41667 0.239934 3 23 0.738209 14 0 110.096
148 3.41344 2.15385 0.134711 5 17 0.889268 30 0 107.36
149 0.755515 3.41667 1.28561 8 13 0.17985 109 26 108.679
150 1.08793 2.23077 1.71652 7 19 0.136475 113 12 112.77
151 0.679055 3.58333 2.79714 8 29 0.0744031 168 2 120.91
152 0.512175 4.46154 1.75009 6 44 0.08836 323 10 131.748
153 2.34967 2.33333 0.728871 3 56 0.342153 133 183 136.896
154 0 -nan 0.569931 0 54 0.643299 15 0 129.459
155 0 -nan 0 0 32 1 0 0 114.069
156 0 -nan 0.333249 0 16 0.781153 17 4 103.818
157 0 -nan 0.399791 0 8 0.822938 10 0 98.3005
158 0 -nan 1.44679 0 4 0.241622 8 0 97.7742
159 0 -nan 3.01751 0 6 0.552662 9 0 97.904
160 0 -nan 2.5923 0 9 0.530151 17 0 99.1266
161 0 -nan 1.95364 0 14 0.613337 15 0 101.662
162 0 -nan 1.21143 0 21 0.67823 6 7 105.434
163 0 -nan 0.707196 0 29 0.803823 3 0 109.483
164 0 -nan 0 0 22 0.954545 0 0 106.429
165 0 -nan 0 0 11 1 0 0 99.8821
166 0 -nan 0 0 6 1 0 0 96.5024
