****************WLQ worker 4****************
Received WLQ tasks: 274
Average no. of tuples in the results set of a window: 5159.9
Average processing time per WLQ task (us): 666998
****************WLQ worker 2****************
Received WLQ tasks: 292
Average no. of tuples in the results set of a window: 5059.05
Average processing time per WLQ task (us): 589699
****************WLQ worker 9****************
Received WLQ tasks: 375
Average no. of tuples in the results set of a window: 5012.94
Average processing time per WLQ task (us): 686029
****************WLQ worker 3****************
Received WLQ tasks: 314
Average no. of tuples in the results set of a window: 5175.29
Average processing time per WLQ task (us): 622707
****************WLQ worker 8****************
Received WLQ tasks: 368
Average no. of tuples in the results set of a window: 4930.67
Average processing time per WLQ task (us): 525999
****************WLQ worker 1****************
Received WLQ tasks: 191
Average no. of tuples in the results set of a window: 5098.79
Average processing time per WLQ task (us): 802950
****************WLQ worker 5****************
Received WLQ tasks: 312
Average no. of tuples in the results set of a window: 4872.83
Average processing time per WLQ task (us): 528617
****************WLQ worker 6****************
Received WLQ tasks: 435
Average no. of tuples in the results set of a window: 5247.41
Average processing time per WLQ task (us): 543810
****************WLQ worker 20****************
Received WLQ tasks: 428
Average no. of tuples in the results set of a window: 4959.33
Average processing time per WLQ task (us): 608944
****************WLQ worker 19****************
Received WLQ tasks: 519
Average no. of tuples in the results set of a window: 4857.06
Average processing time per WLQ task (us): 513698
****************WLQ worker 15****************
Received WLQ tasks: 465
Average no. of tuples in the results set of a window: 5117.97
Average processing time per WLQ task (us): 557579
****************WLQ worker 16****************
Received WLQ tasks: 416
Average no. of tuples in the results set of a window: 4936.52
Average processing time per WLQ task (us): 616538
****************WLQ worker 13****************
Received WLQ tasks: 433
Average no. of tuples in the results set of a window: 4807.55
Average processing time per WLQ task (us): 623096
****************WLQ worker 14****************
Received WLQ tasks: 475
Average no. of tuples in the results set of a window: 4937.7
Average processing time per WLQ task (us): 548469
****************WLQ worker 11****************
Received WLQ tasks: 273
Average no. of tuples in the results set of a window: 5444.47
Average processing time per WLQ task (us): 649109
****************WLQ worker 10****************
Received WLQ tasks: 456
Average no. of tuples in the results set of a window: 5112.31
Average processing time per WLQ task (us): 553520
****************WLQ worker 28****************
Received WLQ tasks: 491
Average no. of tuples in the results set of a window: 4984.28
Average processing time per WLQ task (us): 544996
****************WLQ worker 27****************
Received WLQ tasks: 461
Average no. of tuples in the results set of a window: 4879.34
Average processing time per WLQ task (us): 597835
****************WLQ worker 29****************
Received WLQ tasks: 433
Average no. of tuples in the results set of a window: 5007.53
Average processing time per WLQ task (us): 642150
****************WLQ worker 30****************
Received WLQ tasks: 0
Average no. of tuples in the results set of a window: 0
Average processing time per WLQ task (us): 0
****************WLQ worker 21****************
Received WLQ tasks: 431
Average no. of tuples in the results set of a window: 4771.22
Average processing time per WLQ task (us): 570032
****************WLQ worker 22****************
Received WLQ tasks: 290
Average no. of tuples in the results set of a window: 4435.04
Average processing time per WLQ task (us): 545355
****************WLQ worker 17****************
Received WLQ tasks: 475
Average no. of tuples in the results set of a window: 4956.52
Average processing time per WLQ task (us): 577375
****************WLQ worker 18****************
Received WLQ tasks: 482
Average no. of tuples in the results set of a window: 4983.61
Average processing time per WLQ task (us): 564077
****************WLQ worker 26****************
Received WLQ tasks: 516
Average no. of tuples in the results set of a window: 4989.04
Average processing time per WLQ task (us): 526574
****************WLQ worker 25****************
Received WLQ tasks: 457
Average no. of tuples in the results set of a window: 4999.76
Average processing time per WLQ task (us): 625219
****************WLQ worker 12****************
Received WLQ tasks: 404
Average no. of tuples in the results set of a window: 5056
Average processing time per WLQ task (us): 663924
****************WLQ worker 34****************
Received WLQ tasks: 443
Average no. of tuples in the results set of a window: 5135.9
Average processing time per WLQ task (us): 605689
****************WLQ worker 33****************
Received WLQ tasks: 438
Average no. of tuples in the results set of a window: 4988.1
Average processing time per WLQ task (us): 614190
****************WLQ worker 52****************
Received WLQ tasks: 514
Average no. of tuples in the results set of a window: 5052.2
Average processing time per WLQ task (us): 528405
****************WLQ worker 51****************
Received WLQ tasks: 464
Average no. of tuples in the results set of a window: 4941.18
Average processing time per WLQ task (us): 596332
****************WLQ worker 31****************
Received WLQ tasks: 488
Average no. of tuples in the results set of a window: 4870.71
Average processing time per WLQ task (us): 559566
****************WLQ worker 32****************
Received WLQ tasks: 492
Average no. of tuples in the results set of a window: 5021.54
Average processing time per WLQ task (us): 528399
****************WLQ worker 50****************
Received WLQ tasks: 387
Average no. of tuples in the results set of a window: 5133.45
Average processing time per WLQ task (us): 687059
****************WLQ worker 49****************
Received WLQ tasks: 489
Average no. of tuples in the results set of a window: 5084.16
Average processing time per WLQ task (us): 544689
****************WLQ worker 43****************
Received WLQ tasks: 455
Average no. of tuples in the results set of a window: 4848.62
Average processing time per WLQ task (us): 597806
****************WLQ worker 44****************
Received WLQ tasks: 477
Average no. of tuples in the results set of a window: 4898.97
Average processing time per WLQ task (us): 566449
****************WLQ worker 48****************
Received WLQ tasks: 479
Average no. of tuples in the results set of a window: 5071.87
Average processing time per WLQ task (us): 550233
****************WLQ worker 47****************
Received WLQ tasks: 495
Average no. of tuples in the results set of a window: 5051.79
Average processing time per WLQ task (us): 548988
****************WLQ worker 46****************
Received WLQ tasks: 427
Average no. of tuples in the results set of a window: 5060.71
Average processing time per WLQ task (us): 647158
****************WLQ worker 45****************
Received WLQ tasks: 417
Average no. of tuples in the results set of a window: 4813.03
Average processing time per WLQ task (us): 632822
****************WLQ worker 36****************
Received WLQ tasks: 435
Average no. of tuples in the results set of a window: 5015.43
Average processing time per WLQ task (us): 624628
****************WLQ worker 35****************
Received WLQ tasks: 433
Average no. of tuples in the results set of a window: 5166.62
Average processing time per WLQ task (us): 619915
****************WLQ worker 24****************
Received WLQ tasks: 488
Average no. of tuples in the results set of a window: 4774.29
Average processing time per WLQ task (us): 552532
****************WLQ worker 23****************
Received WLQ tasks: 478
Average no. of tuples in the results set of a window: 4841.36
Average processing time per WLQ task (us): 559237
****************WLQ worker 37****************
Received WLQ tasks: 409
Average no. of tuples in the results set of a window: 5130.36
Average processing time per WLQ task (us): 706435
****************WLQ worker 38****************
Received WLQ tasks: 458
Average no. of tuples in the results set of a window: 4916.66
Average processing time per WLQ task (us): 600845
****************WLQ worker 54****************
Received WLQ tasks: 429
Average no. of tuples in the results set of a window: 5011.97
Average processing time per WLQ task (us): 606396
****************WLQ worker 53****************
Received WLQ tasks: 447
Average no. of tuples in the results set of a window: 4891.46
Average processing time per WLQ task (us): 598332
****************WLQ worker 40****************
Received WLQ tasks: 471
Average no. of tuples in the results set of a window: 5043.22
Average processing time per WLQ task (us): 567141
****************WLQ worker 39****************
Received WLQ tasks: 471
Average no. of tuples in the results set of a window: 4833.19
Average processing time per WLQ task (us): 568530
****************WLQ worker 56****************
Received WLQ tasks: 450
Average no. of tuples in the results set of a window: 5020.14
Average processing time per WLQ task (us): 611686
****************WLQ worker 55****************
Received WLQ tasks: 434
Average no. of tuples in the results set of a window: 5034.36
Average processing time per WLQ task (us): 630102
****************WLQ worker 41****************
Received WLQ tasks: 452
Average no. of tuples in the results set of a window: 4901.29
Average processing time per WLQ task (us): 576784
****************WLQ worker 42****************
Received WLQ tasks: 445
Average no. of tuples in the results set of a window: 4865.5
Average processing time per WLQ task (us): 597001
****************WLQ worker 57****************
Received WLQ tasks: 466
Average no. of tuples in the results set of a window: 4801.33
Average processing time per WLQ task (us): 582131
****************WLQ worker 58****************
Received WLQ tasks: 499
Average no. of tuples in the results set of a window: 4945.19
Average processing time per WLQ task (us): 577934
****************WLQ worker 0****************
Received WLQ tasks: 132
Average no. of tuples in the results set of a window: 5288.38
Average processing time per WLQ task (us): 774172
****************WLQ worker 7****************
Received WLQ tasks: 382
Average no. of tuples in the results set of a window: 5110.09
Average processing time per WLQ task (us): 604263
