********************************PLQ worker 45********************************
Received tuples: 0
Received punctuations: 0
Average deque size: 0
Average pane instances closed per punct.: 0
Average processing time per tuple (us): 0
********************************PLQ worker 32********************************
Received tuples: 0
Received punctuations: 0
Average deque size: 0
Average pane instances closed per punct.: 0
Average processing time per tuple (us): 0
********************************PLQ worker 55********************************
Received tuples: 0
Received punctuations: 0
Average deque size: 0
Average pane instances closed per punct.: 0
Average processing time per tuple (us): 0
********************************PLQ worker 23********************************
Received tuples: 0
Received punctuations: 0
Average deque size: 0
Average pane instances closed per punct.: 0
Average processing time per tuple (us): 0
********************************PLQ worker 27********************************
Received tuples: 0
Received punctuations: 0
Average deque size: 0
Average pane instances closed per punct.: 0
Average processing time per tuple (us): 0
********************************PLQ worker 47********************************
Received tuples: 0
Received punctuations: 0
Average deque size: 0
Average pane instances closed per punct.: 0
Average processing time per tuple (us): 0
********************************PLQ worker 39********************************
Received tuples: 0
Received punctuations: 0
Average deque size: 0
Average pane instances closed per punct.: 0
Average processing time per tuple (us): 0
********************************PLQ worker 12********************************
Received tuples: 0
Received punctuations: 0
Average deque size: 0
Average pane instances closed per punct.: 0
Average processing time per tuple (us): 0
********************************PLQ worker 9********************************
Received tuples: 33691
Received punctuations: 344
Average deque size: 2.7064
Average pane instances closed per punct.: 1
Average processing time per tuple (us): 103.705
********************************PLQ worker 53********************************
Received tuples: 0
Received punctuations: 0
Average deque size: 0
Average pane instances closed per punct.: 0
Average processing time per tuple (us): 0
********************************PLQ worker 38********************************
Received tuples: 0
Received punctuations: 0
Average deque size: 0
Average pane instances closed per punct.: 0
Average processing time per tuple (us): 0
********************************PLQ worker 29********************************
Received tuples: 0
Received punctuations: 0
Average deque size: 0
Average pane instances closed per punct.: 0
Average processing time per tuple (us): 0
********************************PLQ worker 43********************************
Received tuples: 0
Received punctuations: 0
Average deque size: 0
Average pane instances closed per punct.: 0
Average processing time per tuple (us): 0
********************************PLQ worker 49********************************
Received tuples: 0
Received punctuations: 0
Average deque size: 0
Average pane instances closed per punct.: 0
Average processing time per tuple (us): 0
********************************PLQ worker 37********************************
Received tuples: 0
Received punctuations: 0
Average deque size: 0
Average pane instances closed per punct.: 0
Average processing time per tuple (us): 0
********************************PLQ worker 26********************************
Received tuples: 0
Received punctuations: 0
Average deque size: 0
Average pane instances closed per punct.: 0
Average processing time per tuple (us): 0
********************************PLQ worker 21********************************
Received tuples: 188718
Received punctuations: 1507
Average deque size: 2.42137
Average pane instances closed per punct.: 1
Average processing time per tuple (us): 177.036
********************************PLQ worker 44********************************
Received tuples: 0
Received punctuations: 0
Average deque size: 0
Average pane instances closed per punct.: 0
Average processing time per tuple (us): 0
********************************PLQ worker 25********************************
Received tuples: 0
Received punctuations: 0
Average deque size: 0
Average pane instances closed per punct.: 0
Average processing time per tuple (us): 0
********************************PLQ worker 22********************************
Received tuples: 855702
Received punctuations: 9339
Average deque size: 1.4418
Average pane instances closed per punct.: 1
Average processing time per tuple (us): 171.864
********************************PLQ worker 52********************************
Received tuples: 0
Received punctuations: 0
Average deque size: 0
Average pane instances closed per punct.: 0
Average processing time per tuple (us): 0
********************************PLQ worker 42********************************
Received tuples: 0
Received punctuations: 0
Average deque size: 0
Average pane instances closed per punct.: 0
Average processing time per tuple (us): 0
********************************PLQ worker 46********************************
Received tuples: 0
Received punctuations: 0
Average deque size: 0
Average pane instances closed per punct.: 0
Average processing time per tuple (us): 0
********************************PLQ worker 20********************************
Received tuples: 19417
Received punctuations: 337
Average deque size: 1.80712
Average pane instances closed per punct.: 1
Average processing time per tuple (us): 86.0359
********************************PLQ worker 14********************************
Received tuples: 41045
Received punctuations: 489
Average deque size: 2.0409
Average pane instances closed per punct.: 1
Average processing time per tuple (us): 100.771
********************************PLQ worker 36********************************
Received tuples: 0
Received punctuations: 0
Average deque size: 0
Average pane instances closed per punct.: 0
Average processing time per tuple (us): 0
********************************PLQ worker 17********************************
Received tuples: 0
Received punctuations: 0
Average deque size: 0
Average pane instances closed per punct.: 0
Average processing time per tuple (us): 0
********************************PLQ worker 24********************************
Received tuples: 0
Received punctuations: 0
Average deque size: 0
Average pane instances closed per punct.: 0
Average processing time per tuple (us): 0
********************************PLQ worker 7********************************
Received tuples: 245244
Received punctuations: 1831
Average deque size: 2.10213
Average pane instances closed per punct.: 1
Average processing time per tuple (us): 230.575
********************************PLQ worker 11********************************
Received tuples: 553068
Received punctuations: 7430
Average deque size: 1.16406
Average pane instances closed per punct.: 1
Average processing time per tuple (us): 203.886
********************************PLQ worker 10********************************
Received tuples: 69831
Received punctuations: 828
Average deque size: 1.96498
Average pane instances closed per punct.: 1
Average processing time per tuple (us): 131.3
********************************PLQ worker 13********************************
Received tuples: 0
Received punctuations: 0
Average deque size: 0
Average pane instances closed per punct.: 0
Average processing time per tuple (us): 0
********************************PLQ worker 18********************************
Received tuples: 0
Received punctuations: 0
Average deque size: 0
Average pane instances closed per punct.: 0
Average processing time per tuple (us): 0
********************************PLQ worker 48********************************
Received tuples: 0
Received punctuations: 0
Average deque size: 0
Average pane instances closed per punct.: 0
Average processing time per tuple (us): 0
********************************PLQ worker 16********************************
Received tuples: 40194
Received punctuations: 489
Average deque size: 2.17587
Average pane instances closed per punct.: 1
Average processing time per tuple (us): 103.571
********************************PLQ worker 15********************************
Received tuples: 40105
Received punctuations: 489
Average deque size: 2.18609
Average pane instances closed per punct.: 1
Average processing time per tuple (us): 102.359
********************************PLQ worker 54********************************
Received tuples: 0
Received punctuations: 0
Average deque size: 0
Average pane instances closed per punct.: 0
Average processing time per tuple (us): 0
********************************PLQ worker 58********************************
Received tuples: 0
Received punctuations: 0
Average deque size: 0
Average pane instances closed per punct.: 0
Average processing time per tuple (us): 0
********************************PLQ worker 57********************************
Received tuples: 0
Received punctuations: 0
Average deque size: 0
Average pane instances closed per punct.: 0
Average processing time per tuple (us): 0
********************************PLQ worker 19********************************
Received tuples: 0
Received punctuations: 0
Average deque size: 0
Average pane instances closed per punct.: 0
Average processing time per tuple (us): 0
********************************PLQ worker 50********************************
Received tuples: 0
Received punctuations: 0
Average deque size: 0
Average pane instances closed per punct.: 0
Average processing time per tuple (us): 0
********************************PLQ worker 56********************************
Received tuples: 0
Received punctuations: 0
Average deque size: 0
Average pane instances closed per punct.: 0
Average processing time per tuple (us): 0
********************************PLQ worker 41********************************
Received tuples: 0
Received punctuations: 0
Average deque size: 0
Average pane instances closed per punct.: 0
Average processing time per tuple (us): 0
********************************PLQ worker 28********************************
Received tuples: 0
Received punctuations: 0
Average deque size: 0
Average pane instances closed per punct.: 0
Average processing time per tuple (us): 0
********************************PLQ worker 51********************************
Received tuples: 0
Received punctuations: 0
Average deque size: 0
Average pane instances closed per punct.: 0
Average processing time per tuple (us): 0
********************************PLQ worker 34********************************
Received tuples: 0
Received punctuations: 0
Average deque size: 0
Average pane instances closed per punct.: 0
Average processing time per tuple (us): 0
********************************PLQ worker 33********************************
Received tuples: 0
Received punctuations: 0
Average deque size: 0
Average pane instances closed per punct.: 0
Average processing time per tuple (us): 0
********************************PLQ worker 40********************************
Received tuples: 0
Received punctuations: 0
Average deque size: 0
Average pane instances closed per punct.: 0
Average processing time per tuple (us): 0
********************************PLQ worker 35********************************
Received tuples: 0
Received punctuations: 0
Average deque size: 0
Average pane instances closed per punct.: 0
Average processing time per tuple (us): 0
********************************PLQ worker 31********************************
Received tuples: 0
Received punctuations: 0
Average deque size: 0
Average pane instances closed per punct.: 0
Average processing time per tuple (us): 0
********************************PLQ worker 30********************************
Received tuples: 1923217
Received punctuations: 20865
Average deque size: 1.5826
Average pane instances closed per punct.: 1
Average processing time per tuple (us): 159.817
********************************PLQ worker 8********************************
Received tuples: 448531
Received punctuations: 5123
Average deque size: 1.56002
Average pane instances closed per punct.: 1
Average processing time per tuple (us): 169.867
********************************PLQ worker 4********************************
Received tuples: 868138
Received punctuations: 7713
Average deque size: 2.29262
Average pane instances closed per punct.: 1
Average processing time per tuple (us): 156.834
********************************PLQ worker 3********************************
Received tuples: 593720
Received punctuations: 5105
Average deque size: 2.28874
Average pane instances closed per punct.: 1
Average processing time per tuple (us): 157.332
********************************PLQ worker 5********************************
Received tuples: 797296
Received punctuations: 7979
Average deque size: 1.75423
Average pane instances closed per punct.: 1
Average processing time per tuple (us): 159.505
********************************PLQ worker 6********************************
Received tuples: 124093
Received punctuations: 929
Average deque size: 2.53929
Average pane instances closed per punct.: 1
Average processing time per tuple (us): 159.016
********************************PLQ worker 2********************************
Received tuples: 907228
Received punctuations: 8290
Average deque size: 2.03414
Average pane instances closed per punct.: 1
Average processing time per tuple (us): 180.338
********************************PLQ worker 0********************************
Received tuples: 1217509
Received punctuations: 14533
Average deque size: 1.26381
Average pane instances closed per punct.: 1
Average processing time per tuple (us): 224.605
********************************PLQ worker 1********************************
Received tuples: 1033136
Received punctuations: 12149
Average deque size: 1.27846
Average pane instances closed per punct.: 1
Average processing time per tuple (us): 233.866
