****************WLQ worker 16****************
Received WLQ tasks: 506
Average no. of tuples in the results set of a window: 4827.29
Average processing time per WLQ task (us): 481035
****************WLQ worker 27****************
Received WLQ tasks: 497
Average no. of tuples in the results set of a window: 4647.37
Average processing time per WLQ task (us): 571020
****************WLQ worker 7****************
Received WLQ tasks: 286
Average no. of tuples in the results set of a window: 4628.27
Average processing time per WLQ task (us): 536002
****************WLQ worker 11****************
Received WLQ tasks: 384
Average no. of tuples in the results set of a window: 4727.23
Average processing time per WLQ task (us): 546002
****************WLQ worker 46****************
Received WLQ tasks: 529
Average no. of tuples in the results set of a window: 4696.84
Average processing time per WLQ task (us): 500614
****************WLQ worker 10****************
Received WLQ tasks: 459
Average no. of tuples in the results set of a window: 4631.95
Average processing time per WLQ task (us): 516458
****************WLQ worker 32****************
Received WLQ tasks: 488
Average no. of tuples in the results set of a window: 4853.68
Average processing time per WLQ task (us): 583962
****************WLQ worker 31****************
Received WLQ tasks: 499
Average no. of tuples in the results set of a window: 4793.09
Average processing time per WLQ task (us): 523767
****************WLQ worker 5****************
Received WLQ tasks: 271
Average no. of tuples in the results set of a window: 4699.82
Average processing time per WLQ task (us): 493182
****************WLQ worker 18****************
Received WLQ tasks: 513
Average no. of tuples in the results set of a window: 4696.71
Average processing time per WLQ task (us): 532446
****************WLQ worker 17****************
Received WLQ tasks: 489
Average no. of tuples in the results set of a window: 4603
Average processing time per WLQ task (us): 536832
****************WLQ worker 0****************
Received WLQ tasks: 179
Average no. of tuples in the results set of a window: 4623.44
Average processing time per WLQ task (us): 350406
****************WLQ worker 2****************
Received WLQ tasks: 357
Average no. of tuples in the results set of a window: 4804.07
Average processing time per WLQ task (us): 394061
****************WLQ worker 13****************
Received WLQ tasks: 483
Average no. of tuples in the results set of a window: 4660.93
Average processing time per WLQ task (us): 426889
****************WLQ worker 14****************
Received WLQ tasks: 437
Average no. of tuples in the results set of a window: 4613.67
Average processing time per WLQ task (us): 514576
****************WLQ worker 45****************
Received WLQ tasks: 426
Average no. of tuples in the results set of a window: 4862.49
Average processing time per WLQ task (us): 635697
****************WLQ worker 34****************
Received WLQ tasks: 501
Average no. of tuples in the results set of a window: 4660.65
Average processing time per WLQ task (us): 529828
****************WLQ worker 33****************
Received WLQ tasks: 533
Average no. of tuples in the results set of a window: 4667.28
Average processing time per WLQ task (us): 487124
****************WLQ worker 24****************
Received WLQ tasks: 563
Average no. of tuples in the results set of a window: 4701
Average processing time per WLQ task (us): 478513
****************WLQ worker 44****************
Received WLQ tasks: 544
Average no. of tuples in the results set of a window: 4620.11
Average processing time per WLQ task (us): 488021
****************WLQ worker 43****************
Received WLQ tasks: 489
Average no. of tuples in the results set of a window: 4828.17
Average processing time per WLQ task (us): 519215
****************WLQ worker 40****************
Received WLQ tasks: 563
Average no. of tuples in the results set of a window: 4735.3
Average processing time per WLQ task (us): 494951
****************WLQ worker 39****************
Received WLQ tasks: 524
Average no. of tuples in the results set of a window: 4770.2
Average processing time per WLQ task (us): 509316
****************WLQ worker 23****************
Received WLQ tasks: 480
Average no. of tuples in the results set of a window: 4786.56
Average processing time per WLQ task (us): 574955
****************WLQ worker 53****************
Received WLQ tasks: 472
Average no. of tuples in the results set of a window: 4833.05
Average processing time per WLQ task (us): 585009
****************WLQ worker 54****************
Received WLQ tasks: 491
Average no. of tuples in the results set of a window: 4716.1
Average processing time per WLQ task (us): 569685
****************WLQ worker 42****************
Received WLQ tasks: 474
Average no. of tuples in the results set of a window: 4768.97
Average processing time per WLQ task (us): 575137
****************WLQ worker 41****************
Received WLQ tasks: 546
Average no. of tuples in the results set of a window: 4678.47
Average processing time per WLQ task (us): 512666
****************WLQ worker 38****************
Received WLQ tasks: 521
Average no. of tuples in the results set of a window: 4720.41
Average processing time per WLQ task (us): 532506
****************WLQ worker 37****************
Received WLQ tasks: 491
Average no. of tuples in the results set of a window: 4727.78
Average processing time per WLQ task (us): 554731
****************WLQ worker 29****************
Received WLQ tasks: 495
Average no. of tuples in the results set of a window: 4605.68
Average processing time per WLQ task (us): 550769
****************WLQ worker 30****************
Received WLQ tasks: 537
Average no. of tuples in the results set of a window: 4695.64
Average processing time per WLQ task (us): 485157
****************WLQ worker 50****************
Received WLQ tasks: 463
Average no. of tuples in the results set of a window: 4734.69
Average processing time per WLQ task (us): 571734
****************WLQ worker 49****************
Received WLQ tasks: 554
Average no. of tuples in the results set of a window: 4635.92
Average processing time per WLQ task (us): 504008
****************WLQ worker 25****************
Received WLQ tasks: 596
Average no. of tuples in the results set of a window: 4557.33
Average processing time per WLQ task (us): 462268
****************WLQ worker 26****************
Received WLQ tasks: 558
Average no. of tuples in the results set of a window: 4637.88
Average processing time per WLQ task (us): 493589
****************WLQ worker 19****************
Received WLQ tasks: 507
Average no. of tuples in the results set of a window: 4651.92
Average processing time per WLQ task (us): 453622
****************WLQ worker 20****************
Received WLQ tasks: 356
Average no. of tuples in the results set of a window: 4762.64
Average processing time per WLQ task (us): 526805
****************WLQ worker 56****************
Received WLQ tasks: 470
Average no. of tuples in the results set of a window: 4790.36
Average processing time per WLQ task (us): 578240
****************WLQ worker 47****************
Received WLQ tasks: 519
Average no. of tuples in the results set of a window: 4613.91
Average processing time per WLQ task (us): 524601
****************WLQ worker 48****************
Received WLQ tasks: 519
Average no. of tuples in the results set of a window: 4782.06
Average processing time per WLQ task (us): 530170
****************WLQ worker 55****************
Received WLQ tasks: 521
Average no. of tuples in the results set of a window: 4671.92
Average processing time per WLQ task (us): 518798
****************WLQ worker 22****************
Received WLQ tasks: 517
Average no. of tuples in the results set of a window: 4608.56
Average processing time per WLQ task (us): 511987
****************WLQ worker 21****************
Received WLQ tasks: 522
Average no. of tuples in the results set of a window: 4834.66
Average processing time per WLQ task (us): 513833
****************WLQ worker 58****************
Received WLQ tasks: 646
Average no. of tuples in the results set of a window: 4534.03
Average processing time per WLQ task (us): 447133
****************WLQ worker 57****************
Received WLQ tasks: 553
Average no. of tuples in the results set of a window: 4667.52
Average processing time per WLQ task (us): 454500
****************WLQ worker 6****************
Received WLQ tasks: 322
Average no. of tuples in the results set of a window: 4656.29
Average processing time per WLQ task (us): 458658
****************WLQ worker 52****************
Received WLQ tasks: 489
Average no. of tuples in the results set of a window: 4749.06
Average processing time per WLQ task (us): 542360
****************WLQ worker 51****************
Received WLQ tasks: 567
Average no. of tuples in the results set of a window: 4649.03
Average processing time per WLQ task (us): 458135
****************WLQ worker 28****************
Received WLQ tasks: 483
Average no. of tuples in the results set of a window: 4636.89
Average processing time per WLQ task (us): 548817
****************WLQ worker 8****************
Received WLQ tasks: 465
Average no. of tuples in the results set of a window: 4686.74
Average processing time per WLQ task (us): 450336
****************WLQ worker 12****************
Received WLQ tasks: 401
Average no. of tuples in the results set of a window: 4629.85
Average processing time per WLQ task (us): 602055
****************WLQ worker 1****************
Received WLQ tasks: 215
Average no. of tuples in the results set of a window: 4809.4
Average processing time per WLQ task (us): 478364
****************WLQ worker 35****************
Received WLQ tasks: 503
Average no. of tuples in the results set of a window: 4798.53
Average processing time per WLQ task (us): 525712
****************WLQ worker 36****************
Received WLQ tasks: 556
Average no. of tuples in the results set of a window: 4776.42
Average processing time per WLQ task (us): 486271
****************WLQ worker 15****************
Received WLQ tasks: 504
Average no. of tuples in the results set of a window: 4797.35
Average processing time per WLQ task (us): 489464
****************WLQ worker 3****************
Received WLQ tasks: 402
Average no. of tuples in the results set of a window: 4594.93
Average processing time per WLQ task (us): 492552
****************WLQ worker 9****************
Received WLQ tasks: 439
Average no. of tuples in the results set of a window: 4685.96
Average processing time per WLQ task (us): 498686
****************WLQ worker 4****************
Received WLQ tasks: 336
Average no. of tuples in the results set of a window: 4766.04
Average processing time per WLQ task (us): 491564
