#control_step plq_rho plq_splitting wlq_rho nw_plq nw_wlq wlq_idle wlq_win_tasks wlq_merge_tasks [watts]
0 5.05795 1 9.5976e-05 1 1 0.999904 1 0 146.746
1 3.70647 1.25 1.10179 2 1 0.632738 9 0 95.97
2 3.79445 1.46154 6.84805 3 2 0.211439 7 0 97.6265
3 3.0729 2 7.92714 4 3 0.245224 10 0 98.9091
4 2.60309 2.92308 8.18549 5 5 0.157176 17 0 100.982
5 2.10539 3.83333 6.16869 6 8 0.140298 30 0 104.173
6 1.09759 3.38462 14.1166 8 12 0.189602 38 0 108.896
7 0.33423 6.83333 23.6596 9 18 0.174731 54 0 113.718
8 0.429779 5.69231 13.206 5 27 0.108242 120 0 118.11
9 0.800278 3.33333 7.07369 3 41 0.154347 230 0 129.022
10 0.805952 3 3.82198 3 56 0.0840588 426 0 142.534
11 1.5618 2.16667 3.02387 2 57 0.0352233 420 0 142.703
12 1.69149 2 2.72549 2 57 0.0367086 337 0 142.859
13 1.94947 2 2.10446 2 57 0.0628763 297 0 143.005
14 1.70039 2 1.42792 2 57 0.0553599 270 20 142.926
15 1.49758 2 0.903589 2 57 0.157845 114 83 142.414
16 1.50317 2 0.637547 2 57 0.439837 49 26 137.242
17 1.85203 2 0.704238 2 53 0.631018 30 16 131.727
18 3.70115 1.46154 0.50985 3 53 0.657834 63 33 132.926
19 1.51164 2.25 0.772769 5 40 0.457564 108 42 129.551
20 0.666188 3.69231 1.57651 8 44 0.115157 179 61 136.379
21 1.46862 2.5 1.15649 5 54 0.121819 167 112 142.488
22 1.05848 2.92308 1.04729 5 54 0.139421 128 83 142.632
23 0.509863 5 1.7462 5 54 0.098577 175 72 142.633
24 1.5116 2.69231 0.972611 2 57 0.175555 184 226 142.514
25 2.05409 2 0.649185 2 57 0.380073 46 24 138.033
26 1.62788 2 0.631202 2 53 0.536708 33 24 132.158
27 3.37378 1.66667 0.583061 3 48 0.672505 54 23 129.959
28 1.54894 2.53846 0.770234 5 41 0.430854 95 42 128.345
29 0.697789 3.66667 1.5842 8 45 0.160217 166 61 137.001
30 0.606292 4.23077 1.52561 5 54 0.109723 273 47 142.322
31 2.41858 2.5 0.843592 2 57 0.221641 136 134 140.713
32 1.56646 2 0.63624 2 56 0.463351 46 26 135.598
33 3.01241 2.16667 0.499259 3 52 0.694004 47 22 132.016
34 1.33707 2.61538 0.812019 5 39 0.433971 101 43 127.761
35 0.608008 4.5 1.77281 8 44 0.194866 204 36 135.463
36 0.68059 4.38462 1.58837 4 55 0.078788 251 96 142.493
37 1.37867 2.41667 0.8925 2 57 0.202259 119 181 141.898
38 1.62271 2 0.691115 2 57 0.373397 49 25 137.465
39 2.01468 2 0.638096 2 56 0.712129 30 15 133.211
40 3.17995 2.07692 0.575807 3 52 0.654653 57 37 132.149
41 1.50699 2.69231 0.69635 5 44 0.545914 94 43 133.005
42 0.632604 3.91667 1.79746 8 44 0.105626 198 37 136.131
43 0.790526 3.76923 1.50119 4 55 0.125373 239 64 142.72
44 1.47089 2.33333 0.940862 2 57 0.130475 128 145 142.651
45 1.57488 2 0.692457 2 57 0.363258 49 31 137.461
46 1.69191 2 0.673153 2 56 0.640977 35 29 134.477
47 2.96317 2.07692 0.558104 3 54 0.664262 56 32 134.68
48 1.43771 2.58333 0.78643 5 44 0.394931 95 41 131.28
49 0.649798 4 1.64837 8 49 0.184495 194 71 140.123
50 0.73504 3.91667 1.48904 4 55 0.119401 229 79 142.671
51 1.44031 2.46154 0.894128 2 57 0.149591 115 151 141.611
52 1.58896 2 0.667568 2 57 0.477937 41 27 136.695
53 1.63958 2 0.604877 2 55 0.692464 41 26 134.077
54 2.80425 2 0.606222 3 48 0.593344 51 25 129.48
55 1.36754 2.69231 0.802133 5 42 0.408199 116 48 129.645
56 0.737765 4.5 1.68766 7 47 0.204107 201 47 137.726
57 0.435437 4.84615 1.52312 5 54 0.100191 234 129 142.281
58 1.4753 2.58333 0.879458 2 57 0.175543 118 181 141.091
59 1.44499 2 0.588446 2 57 0.553314 45 30 137.015
60 1.50693 2 0.725002 2 49 0.538566 48 30 130.556
61 2.79686 2.23077 0.577484 3 51 0.620347 56 29 132.212
62 1.32105 2.58333 0.790915 5 43 0.418416 102 48 130.417
63 0.468779 5.07692 1.58637 8 48 0.18885 224 73 139.378
64 0.892013 3.5 1.10822 3 56 0.117748 190 196 142.683
65 1.57544 2.23077 0.738067 2 57 0.307984 74 84 139.463
66 1.97257 2 0.639032 2 56 0.490966 40 20 135.489
67 2.73297 2.23077 0.559136 3 52 0.681735 46 24 132.409
68 1.56722 2.58333 0.638778 5 43 0.571774 87 34 129.974
69 0.634043 3.76923 2.04237 8 40 0.192078 176 25 132.961
70 0.429037 4.75 1.77082 5 54 0.105903 277 40 142.348
71 1.33087 2.69231 0.979952 2 57 0.127875 166 185 142.675
72 1.49375 2 0.690141 2 57 0.349055 55 33 139.204
73 1.49098 2 0.641078 2 56 0.542134 42 32 134.803
74 2.58148 2.08333 0.569283 3 52 0.6376 59 29 133.674
75 1.36741 2.61538 0.747574 5 44 0.482275 99 47 132.648
76 0.504374 5.08333 1.58023 8 47 0.176998 232 61 138.483
77 0.783957 3.92308 1.09871 3 56 0.0640232 186 238 142.605
78 1.41308 2.16667 0.751589 2 57 0.311512 70 67 139.857
79 1.49173 2 0.653011 2 56 0.556524 43 29 135.884
80 2.04423 2.5 0.578631 3 53 0.618574 53 32 133.366
81 1.1296 3.15385 0.845729 5 45 0.368583 123 77 132.384
82 0.458694 5.41667 1.65111 6 46 0.168541 221 71 136.482
83 1.37877 2.92308 0.878286 2 57 0.174619 120 230 141.32
84 1.43374 2 0.673217 2 57 0.531833 47 36 136.596
85 1.40747 2 0.57717 2 55 0.585486 40 30 134.664
86 2.4409 2.33333 0.584392 3 47 0.622765 62 33 130.374
87 1.6118 3 0.960773 5 40 0.418549 100 47 128.122
88 0.719484 4.66667 1.43529 7 52 0.169988 209 115 142.034
89 0.464168 4.61538 1.35712 4 55 0.168156 216 136 142.339
90 4.82388 1.58333 0.734817 1 58 0.281195 80 121 139.514
91 5.42249 1 0.614447 1 57 0.656494 10 0 132.444
92 3.90795 1.25 0.267809 2 51 0.926898 24 0 127.844
93 3.68445 1.46154 0.332256 3 38 0.801434 31 0 120.813
94 1.41854 2.5 0.643014 5 29 0.542336 85 14 118.442
95 0.631249 3.92308 2.41235 8 27 0.160131 116 14 121.152
96 1.41063 2.75 1.53525 5 41 0.160344 187 38 131.104
97 0.696496 4 1.52197 5 54 0.126001 198 80 142.57
98 1.41788 2.41667 1.08922 3 56 0.110119 168 139 142.687
99 1.31783 2.38462 0.734043 3 56 0.285463 70 48 139.589
100 1.86999 3 0.691679 3 54 0.483904 53 29 135.298
101 1.47714 2.61538 0.78669 5 53 0.445511 108 61 138.095
102 1.429 3 0.745941 6 52 0.377532 90 59 138.114
103 1.09004 3.84615 0.98134 7 51 0.318205 129 123 140.625
104 0.425264 6.53846 2.53777 8 51 0.137892 269 14 142.073
105 0.642168 3.83333 1.8871 3 56 0.108307 317 37 142.668
106 4.18936 1.46154 0.958368 1 58 0.129613 186 189 142.76
107 4.90894 1 0.682903 1 57 0.521931 18 0 135.965
108 3.90561 1.23077 0.534115 2 56 0.792794 26 0 132.456
109 3.65959 1.41667 0.300216 3 44 0.8319 38 0 124.764
110 2.49405 2.38462 0.531261 5 33 0.670913 54 4 120.021
111 0.73336 3.41667 2.17081 8 26 0.2 116 10 120.814
112 1.07864 3.15385 1.99356 6 39 0.0849214 196 3 129.743
113 0.623673 3.58333 2.54297 6 53 0.169105 185 12 142.696
114 1.51896 2.53846 1.73596 3 56 0.0336454 243 26 143.009
115 1.26526 2.66667 0.983316 3 56 0.131067 127 135 142.644
116 0.97823 3 0.9689 3 56 0.251304 82 59 141.323
117 0.766306 3 0.887695 3 55 0.264718 96 120 139.693
118 0.821147 3 0.846547 3 54 0.274307 90 113 139.221
119 0.857198 3 0.870559 3 49 0.282479 86 112 135.068
120 0.783207 3 0.959773 3 47 0.231372 83 101 134.417
121 0.798298 3 0.893376 3 51 0.296502 94 126 136.539
122 0.940742 3 0.932658 3 50 0.245404 85 115 136.663
123 1.1287 3 0.784684 3 54 0.447681 57 71 136.731
124 1.33393 3.69231 0.917523 4 51 0.254413 123 160 138.177
125 0.551103 4.75 1.0858 5 54 0.132556 166 219 142.017
126 0.768709 3.38462 0.931402 3 56 0.209226 101 155 141.613
127 0.805704 3 0.784446 3 56 0.330725 76 98 139.111
128 0.73553 3 0.910939 3 48 0.300414 78 125 135.456
129 0.792444 3 0.828961 3 49 0.326116 84 103 134.33
130 0.845575 3 0.927234 3 44 0.184487 73 105 131.653
131 0.848139 3 0.919753 3 46 0.324111 81 108 132.534
132 0.857592 3 0.935386 3 48 0.243558 78 106 134.564
133 0.729245 3 0.92691 3 51 0.20945 80 114 136.664
134 0.881963 3 0.789693 3 54 0.412284 75 92 136.786
135 0.706255 3 0.944089 3 46 0.172024 84 127 133.475
136 0.860993 3 0.764839 3 50 0.464686 78 94 134.923
137 0.836408 3 1.01531 3 42 0.188686 83 116 130.514
138 0.85582 3 0.914195 3 48 0.279459 81 113 133.898
139 0.769935 3 0.889286 3 49 0.272342 79 105 134.271
140 0.774633 3 0.943166 3 48 0.27616 74 120 133.936
141 1.17117 3 0.846969 3 51 0.336592 63 84 134.72
142 0.561198 4 0.914465 4 54 0.2273 102 186 140.428
143 0.824404 3.16667 0.847724 3 55 0.344373 76 118 140.413
144 1.00064 3 0.90932 3 51 0.228069 82 102 135.772
145 0.684647 4 0.839205 4 55 0.330401 89 163 140.109
146 0.46144 4 0.923395 4 49 0.268848 79 177 137.158
147 1.5714 2.41667 0.750398 2 50 0.412873 59 53 133.484
148 1.3639 2.76923 0.744576 3 53 0.449937 61 53 134.216
149 0.665972 4.5 0.898264 5 54 0.302359 143 217 140.7
150 0.531786 4.23077 0.940589 4 54 0.246019 100 185 140.979
151 1.3569 2.41667 0.74655 2 57 0.326898 56 62 137.983
152 1.61355 2 0.654192 2 56 0.564305 48 23 135.114
153 2.05697 2.66667 0.602426 3 53 0.60623 51 30 133.596
154 1.11065 3.07692 0.769813 5 47 0.428109 124 79 133.388
155 0.388819 5.45455 1.62611 6 44 0.139984 215 70 134.459
156 0.0116942 -nan 0.778195 3 56 0.25287 99 190 136.289
157 0 -nan 0.625777 0 47 0.753266 3 0 124.468
