****************WLQ worker 4****************
Received WLQ tasks: 350
Average no. of tuples in the results set of a window: 4665.65
Average processing time per WLQ task (us): 447652
****************WLQ worker 19****************
Received WLQ tasks: 424
Average no. of tuples in the results set of a window: 4563.59
Average processing time per WLQ task (us): 534297
****************WLQ worker 33****************
Received WLQ tasks: 570
Average no. of tuples in the results set of a window: 4601.58
Average processing time per WLQ task (us): 474311
****************WLQ worker 2****************
Received WLQ tasks: 385
Average no. of tuples in the results set of a window: 4556.05
Average processing time per WLQ task (us): 437785
****************WLQ worker 18****************
Received WLQ tasks: 514
Average no. of tuples in the results set of a window: 4611.31
Average processing time per WLQ task (us): 487769
****************WLQ worker 17****************
Received WLQ tasks: 471
Average no. of tuples in the results set of a window: 4623.68
Average processing time per WLQ task (us): 541849
****************WLQ worker 16****************
Received WLQ tasks: 496
Average no. of tuples in the results set of a window: 4626.44
Average processing time per WLQ task (us): 467229
****************WLQ worker 15****************
Received WLQ tasks: 500
Average no. of tuples in the results set of a window: 4594.63
Average processing time per WLQ task (us): 509109
****************WLQ worker 5****************
Received WLQ tasks: 223
Average no. of tuples in the results set of a window: 4486
Average processing time per WLQ task (us): 532157
****************WLQ worker 0****************
Received WLQ tasks: 326
Average no. of tuples in the results set of a window: 4841.3
Average processing time per WLQ task (us): 334550
****************WLQ worker 20****************
Received WLQ tasks: 550
Average no. of tuples in the results set of a window: 4526.53
Average processing time per WLQ task (us): 496972
****************WLQ worker 9****************
Received WLQ tasks: 397
Average no. of tuples in the results set of a window: 4674.8
Average processing time per WLQ task (us): 522546
****************WLQ worker 10****************
Received WLQ tasks: 379
Average no. of tuples in the results set of a window: 4647.26
Average processing time per WLQ task (us): 430893
****************WLQ worker 7****************
Received WLQ tasks: 132
Average no. of tuples in the results set of a window: 4363.29
Average processing time per WLQ task (us): 433592
****************WLQ worker 8****************
Received WLQ tasks: 477
Average no. of tuples in the results set of a window: 4608.82
Average processing time per WLQ task (us): 444398
****************WLQ worker 13****************
Received WLQ tasks: 400
Average no. of tuples in the results set of a window: 4560.96
Average processing time per WLQ task (us): 455984
****************WLQ worker 11****************
Received WLQ tasks: 468
Average no. of tuples in the results set of a window: 4616.11
Average processing time per WLQ task (us): 456216
****************WLQ worker 12****************
Received WLQ tasks: 419
Average no. of tuples in the results set of a window: 4565.07
Average processing time per WLQ task (us): 484881
****************WLQ worker 21****************
Received WLQ tasks: 610
Average no. of tuples in the results set of a window: 4446.33
Average processing time per WLQ task (us): 408681
****************WLQ worker 22****************
Received WLQ tasks: 618
Average no. of tuples in the results set of a window: 4485.34
Average processing time per WLQ task (us): 420636
****************WLQ worker 23****************
Received WLQ tasks: 534
Average no. of tuples in the results set of a window: 4584.5
Average processing time per WLQ task (us): 491050
****************WLQ worker 24****************
Received WLQ tasks: 486
Average no. of tuples in the results set of a window: 4672.9
Average processing time per WLQ task (us): 533173
****************WLQ worker 31****************
Received WLQ tasks: 483
Average no. of tuples in the results set of a window: 4567.1
Average processing time per WLQ task (us): 548336
****************WLQ worker 32****************
Received WLQ tasks: 551
Average no. of tuples in the results set of a window: 4687.9
Average processing time per WLQ task (us): 507667
****************WLQ worker 6****************
Received WLQ tasks: 260
Average no. of tuples in the results set of a window: 4551.79
Average processing time per WLQ task (us): 529982
****************WLQ worker 14****************
Received WLQ tasks: 371
Average no. of tuples in the results set of a window: 4506.93
Average processing time per WLQ task (us): 474997
****************WLQ worker 25****************
Received WLQ tasks: 525
Average no. of tuples in the results set of a window: 4495.66
Average processing time per WLQ task (us): 496291
****************WLQ worker 26****************
Received WLQ tasks: 517
Average no. of tuples in the results set of a window: 4554.29
Average processing time per WLQ task (us): 522542
****************WLQ worker 36****************
Received WLQ tasks: 500
Average no. of tuples in the results set of a window: 4549.68
Average processing time per WLQ task (us): 537591
****************WLQ worker 35****************
Received WLQ tasks: 574
Average no. of tuples in the results set of a window: 4530.91
Average processing time per WLQ task (us): 457463
****************WLQ worker 37****************
Received WLQ tasks: 527
Average no. of tuples in the results set of a window: 4612.81
Average processing time per WLQ task (us): 501374
****************WLQ worker 38****************
Received WLQ tasks: 516
Average no. of tuples in the results set of a window: 4586.29
Average processing time per WLQ task (us): 499238
****************WLQ worker 34****************
Received WLQ tasks: 528
Average no. of tuples in the results set of a window: 4557.38
Average processing time per WLQ task (us): 529019
****************WLQ worker 42****************
Received WLQ tasks: 556
Average no. of tuples in the results set of a window: 4662.91
Average processing time per WLQ task (us): 482764
****************WLQ worker 41****************
Received WLQ tasks: 513
Average no. of tuples in the results set of a window: 4642.02
Average processing time per WLQ task (us): 531647
****************WLQ worker 3****************
Received WLQ tasks: 422
Average no. of tuples in the results set of a window: 4535.67
Average processing time per WLQ task (us): 416842
****************WLQ worker 29****************
Received WLQ tasks: 525
Average no. of tuples in the results set of a window: 4542.72
Average processing time per WLQ task (us): 506400
****************WLQ worker 30****************
Received WLQ tasks: 528
Average no. of tuples in the results set of a window: 4584.03
Average processing time per WLQ task (us): 500321
****************WLQ worker 43****************
Received WLQ tasks: 493
Average no. of tuples in the results set of a window: 4651.91
Average processing time per WLQ task (us): 539702
****************WLQ worker 44****************
Received WLQ tasks: 496
Average no. of tuples in the results set of a window: 4684.74
Average processing time per WLQ task (us): 539016
****************WLQ worker 54****************
Received WLQ tasks: 507
Average no. of tuples in the results set of a window: 4598.2
Average processing time per WLQ task (us): 526229
****************WLQ worker 53****************
Received WLQ tasks: 508
Average no. of tuples in the results set of a window: 4656.93
Average processing time per WLQ task (us): 551331
****************WLQ worker 58****************
Received WLQ tasks: 591
Average no. of tuples in the results set of a window: 4597.74
Average processing time per WLQ task (us): 479104
****************WLQ worker 57****************
Received WLQ tasks: 473
Average no. of tuples in the results set of a window: 4791.18
Average processing time per WLQ task (us): 574387
****************WLQ worker 28****************
Received WLQ tasks: 522
Average no. of tuples in the results set of a window: 4624.33
Average processing time per WLQ task (us): 492977
****************WLQ worker 50****************
Received WLQ tasks: 568
Average no. of tuples in the results set of a window: 4580.83
Average processing time per WLQ task (us): 465478
****************WLQ worker 55****************
Received WLQ tasks: 492
Average no. of tuples in the results set of a window: 4620.95
Average processing time per WLQ task (us): 542126
****************WLQ worker 56****************
Received WLQ tasks: 494
Average no. of tuples in the results set of a window: 4562.41
Average processing time per WLQ task (us): 553236
****************WLQ worker 52****************
Received WLQ tasks: 524
Average no. of tuples in the results set of a window: 4586.36
Average processing time per WLQ task (us): 517992
****************WLQ worker 51****************
Received WLQ tasks: 529
Average no. of tuples in the results set of a window: 4625.62
Average processing time per WLQ task (us): 517131
****************WLQ worker 49****************
Received WLQ tasks: 529
Average no. of tuples in the results set of a window: 4510.89
Average processing time per WLQ task (us): 488427
****************WLQ worker 47****************
Received WLQ tasks: 529
Average no. of tuples in the results set of a window: 4512.41
Average processing time per WLQ task (us): 535189
****************WLQ worker 48****************
Received WLQ tasks: 554
Average no. of tuples in the results set of a window: 4563.62
Average processing time per WLQ task (us): 479934
****************WLQ worker 45****************
Received WLQ tasks: 548
Average no. of tuples in the results set of a window: 4537.29
Average processing time per WLQ task (us): 495978
****************WLQ worker 46****************
Received WLQ tasks: 512
Average no. of tuples in the results set of a window: 4572.24
Average processing time per WLQ task (us): 533213
****************WLQ worker 40****************
Received WLQ tasks: 534
Average no. of tuples in the results set of a window: 4631.69
Average processing time per WLQ task (us): 492483
****************WLQ worker 39****************
Received WLQ tasks: 515
Average no. of tuples in the results set of a window: 4610.13
Average processing time per WLQ task (us): 499530
****************WLQ worker 27****************
Received WLQ tasks: 570
Average no. of tuples in the results set of a window: 4536.37
Average processing time per WLQ task (us): 477781
****************WLQ worker 1****************
Received WLQ tasks: 342
Average no. of tuples in the results set of a window: 4568.5
Average processing time per WLQ task (us): 341717
