****************WLQ worker 27****************
Received WLQ tasks: 491
Average no. of tuples in the results set of a window: 4891.43
Average processing time per WLQ task (us): 506713
****************WLQ worker 38****************
Received WLQ tasks: 572
Average no. of tuples in the results set of a window: 4517.5
Average processing time per WLQ task (us): 480817
****************WLQ worker 47****************
Received WLQ tasks: 484
Average no. of tuples in the results set of a window: 4505.6
Average processing time per WLQ task (us): 580202
****************WLQ worker 6****************
Received WLQ tasks: 281
Average no. of tuples in the results set of a window: 4651.48
Average processing time per WLQ task (us): 554668
****************WLQ worker 54****************
Received WLQ tasks: 542
Average no. of tuples in the results set of a window: 4551.64
Average processing time per WLQ task (us): 494758
****************WLQ worker 45****************
Received WLQ tasks: 569
Average no. of tuples in the results set of a window: 4643.97
Average processing time per WLQ task (us): 494125
****************WLQ worker 35****************
Received WLQ tasks: 552
Average no. of tuples in the results set of a window: 4582.72
Average processing time per WLQ task (us): 515007
****************WLQ worker 48****************
Received WLQ tasks: 553
Average no. of tuples in the results set of a window: 4638.66
Average processing time per WLQ task (us): 501361
****************WLQ worker 46****************
Received WLQ tasks: 550
Average no. of tuples in the results set of a window: 4667.95
Average processing time per WLQ task (us): 485764
****************WLQ worker 49****************
Received WLQ tasks: 539
Average no. of tuples in the results set of a window: 4770.28
Average processing time per WLQ task (us): 508515
****************WLQ worker 50****************
Received WLQ tasks: 512
Average no. of tuples in the results set of a window: 4578.17
Average processing time per WLQ task (us): 561581
****************WLQ worker 0****************
Received WLQ tasks: 164
Average no. of tuples in the results set of a window: 4524.88
Average processing time per WLQ task (us): 386991
****************WLQ worker 8****************
Received WLQ tasks: 456
Average no. of tuples in the results set of a window: 4624.67
Average processing time per WLQ task (us): 467031
****************WLQ worker 2****************
Received WLQ tasks: 377
Average no. of tuples in the results set of a window: 4477.38
Average processing time per WLQ task (us): 439690
****************WLQ worker 44****************
Received WLQ tasks: 556
Average no. of tuples in the results set of a window: 4894.5
Average processing time per WLQ task (us): 533166
****************WLQ worker 29****************
Received WLQ tasks: 560
Average no. of tuples in the results set of a window: 4689.17
Average processing time per WLQ task (us): 464924
****************WLQ worker 26****************
Received WLQ tasks: 482
Average no. of tuples in the results set of a window: 4907.9
Average processing time per WLQ task (us): 511840
****************WLQ worker 21****************
Received WLQ tasks: 484
Average no. of tuples in the results set of a window: 4654.76
Average processing time per WLQ task (us): 508576
****************WLQ worker 24****************
Received WLQ tasks: 558
Average no. of tuples in the results set of a window: 4534.77
Average processing time per WLQ task (us): 440255
****************WLQ worker 10****************
Received WLQ tasks: 445
Average no. of tuples in the results set of a window: 4554.14
Average processing time per WLQ task (us): 506416
****************WLQ worker 15****************
Received WLQ tasks: 465
Average no. of tuples in the results set of a window: 4654.29
Average processing time per WLQ task (us): 506731
****************WLQ worker 42****************
Received WLQ tasks: 570
Average no. of tuples in the results set of a window: 4597.24
Average processing time per WLQ task (us): 463682
****************WLQ worker 18****************
Received WLQ tasks: 548
Average no. of tuples in the results set of a window: 4730.59
Average processing time per WLQ task (us): 439913
****************WLQ worker 17****************
Received WLQ tasks: 167
Average no. of tuples in the results set of a window: 4422.08
Average processing time per WLQ task (us): 511125
****************WLQ worker 56****************
Received WLQ tasks: 543
Average no. of tuples in the results set of a window: 4567.87
Average processing time per WLQ task (us): 508296
****************WLQ worker 37****************
Received WLQ tasks: 562
Average no. of tuples in the results set of a window: 4607.89
Average processing time per WLQ task (us): 490672
****************WLQ worker 11****************
Received WLQ tasks: 348
Average no. of tuples in the results set of a window: 4810.53
Average processing time per WLQ task (us): 425085
****************WLQ worker 31****************
Received WLQ tasks: 606
Average no. of tuples in the results set of a window: 4537
Average processing time per WLQ task (us): 450173
****************WLQ worker 51****************
Received WLQ tasks: 532
Average no. of tuples in the results set of a window: 4921.84
Average processing time per WLQ task (us): 557192
****************WLQ worker 52****************
Received WLQ tasks: 554
Average no. of tuples in the results set of a window: 4688.09
Average processing time per WLQ task (us): 492901
****************WLQ worker 53****************
Received WLQ tasks: 529
Average no. of tuples in the results set of a window: 4669.72
Average processing time per WLQ task (us): 503299
****************WLQ worker 39****************
Received WLQ tasks: 568
Average no. of tuples in the results set of a window: 4610.76
Average processing time per WLQ task (us): 496504
****************WLQ worker 40****************
Received WLQ tasks: 551
Average no. of tuples in the results set of a window: 4619.85
Average processing time per WLQ task (us): 494868
****************WLQ worker 25****************
Received WLQ tasks: 520
Average no. of tuples in the results set of a window: 4811.74
Average processing time per WLQ task (us): 484483
****************WLQ worker 9****************
Received WLQ tasks: 470
Average no. of tuples in the results set of a window: 4568.62
Average processing time per WLQ task (us): 454413
****************WLQ worker 5****************
Received WLQ tasks: 206
Average no. of tuples in the results set of a window: 4689.73
Average processing time per WLQ task (us): 457507
****************WLQ worker 7****************
Received WLQ tasks: 463
Average no. of tuples in the results set of a window: 4565.75
Average processing time per WLQ task (us): 442457
****************WLQ worker 1****************
Received WLQ tasks: 226
Average no. of tuples in the results set of a window: 4615.73
Average processing time per WLQ task (us): 395644
****************WLQ worker 33****************
Received WLQ tasks: 594
Average no. of tuples in the results set of a window: 4769.9
Average processing time per WLQ task (us): 452614
****************WLQ worker 43****************
Received WLQ tasks: 558
Average no. of tuples in the results set of a window: 4537.26
Average processing time per WLQ task (us): 486807
****************WLQ worker 32****************
Received WLQ tasks: 590
Average no. of tuples in the results set of a window: 4565.77
Average processing time per WLQ task (us): 450255
****************WLQ worker 30****************
Received WLQ tasks: 508
Average no. of tuples in the results set of a window: 4524.24
Average processing time per WLQ task (us): 503167
****************WLQ worker 4****************
Received WLQ tasks: 417
Average no. of tuples in the results set of a window: 4639.09
Average processing time per WLQ task (us): 426144
****************WLQ worker 3****************
Received WLQ tasks: 293
Average no. of tuples in the results set of a window: 4603
Average processing time per WLQ task (us): 478787
****************WLQ worker 22****************
Received WLQ tasks: 474
Average no. of tuples in the results set of a window: 4618.14
Average processing time per WLQ task (us): 506965
****************WLQ worker 23****************
Received WLQ tasks: 474
Average no. of tuples in the results set of a window: 4747.29
Average processing time per WLQ task (us): 540297
****************WLQ worker 34****************
Received WLQ tasks: 540
Average no. of tuples in the results set of a window: 4490.44
Average processing time per WLQ task (us): 486156
****************WLQ worker 20****************
Received WLQ tasks: 482
Average no. of tuples in the results set of a window: 4826.49
Average processing time per WLQ task (us): 510652
****************WLQ worker 16****************
Received WLQ tasks: 448
Average no. of tuples in the results set of a window: 4541.58
Average processing time per WLQ task (us): 516925
****************WLQ worker 58****************
Received WLQ tasks: 560
Average no. of tuples in the results set of a window: 4586.3
Average processing time per WLQ task (us): 516552
****************WLQ worker 41****************
Received WLQ tasks: 562
Average no. of tuples in the results set of a window: 4615.03
Average processing time per WLQ task (us): 490041
****************WLQ worker 19****************
Received WLQ tasks: 468
Average no. of tuples in the results set of a window: 4703.21
Average processing time per WLQ task (us): 532722
****************WLQ worker 12****************
Received WLQ tasks: 476
Average no. of tuples in the results set of a window: 4510.03
Average processing time per WLQ task (us): 479696
****************WLQ worker 57****************
Received WLQ tasks: 547
Average no. of tuples in the results set of a window: 4551.23
Average processing time per WLQ task (us): 497138
****************WLQ worker 13****************
Received WLQ tasks: 441
Average no. of tuples in the results set of a window: 4855.93
Average processing time per WLQ task (us): 558981
****************WLQ worker 14****************
Received WLQ tasks: 492
Average no. of tuples in the results set of a window: 4575.59
Average processing time per WLQ task (us): 487758
****************WLQ worker 55****************
Received WLQ tasks: 502
Average no. of tuples in the results set of a window: 4954.39
Average processing time per WLQ task (us): 606740
****************WLQ worker 36****************
Received WLQ tasks: 563
Average no. of tuples in the results set of a window: 4473.95
Average processing time per WLQ task (us): 476503
****************WLQ worker 28****************
Received WLQ tasks: 476
Average no. of tuples in the results set of a window: 4572.8
Average processing time per WLQ task (us): 567860
