#second results avg_latency(ms)
0 2 779.746
1 3 1263.86
2 5 1884
3 4 2432.75
4 5 2907.18
5 5 3405.05
6 5 3899.17
7 4 4421.02
8 4 5048.83
9 3 5656.62
10 4 6372.19
11 3 7016.09
12 4 7621.38
13 1 8469.62
14 4 9208.84
15 3 9800.87
16 4 10395.6
17 3 11069.8
18 2 11788.7
19 3 12535.8
20 3 13408.7
21 4 13984.8
22 5 14532.2
23 4 15048.3
24 5 15570.1
25 5 16112.2
26 5 16649.2
27 3 17205.4
28 4 17785.4
29 6 18350
30 4 18876.1
31 4 19470.7
32 4 20053.9
33 3 20793.9
34 4 21257
35 4 22020.9
36 5 22500.9
37 4 23076.3
38 5 23546.6
39 5 24125.2
40 4 24737.1
41 4 25262.1
42 4 25817
43 4 26459.5
44 3 27212.9
45 4 27841
46 3 28361.3
47 3 28959.1
48 5 29729.6
49 3 30242.2
50 5 30862.4
51 4 31428.9
52 6 31969.4
53 4 32541.3
54 5 33078.6
55 4 33652.4
56 3 34172.5
57 5 34760.6
58 4 35387.7
59 3 36023
60 5 36541.1
61 5 37050.3
62 4 37581.7
63 4 38280.4
64 5 38752.9
65 5 39353.8
66 4 39979.2
67 4 40520.3
68 4 40958
69 5 41559.8
70 5 42102.1
71 4 42637
72 5 43190.9
73 4 43728
74 4 44361.6
75 3 44928.3
76 5 45627.3
77 4 46180.8
78 3 46751.1
79 3 47504.7
80 4 48063.4
81 3 48635.9
82 4 49518.3
83 4 50204.6
84 4 50735.9
85 4 51325.9
86 3 51961.6
87 4 52585.1
88 4 53066.5
89 4 53688.6
90 5 54260.8
91 5 54820
92 4 55322.1
93 5 55870.4
94 5 56414.6
95 4 56895.9
96 4 57481.5
97 5 58103.2
98 5 58644.1
99 5 59182.5
100 4 59709.6
101 4 60321.8
102 4 60899.2
103 4 61456.5
104 5 62025.3
105 4 62558.5
106 4 63172.8
107 5 63854.1
108 4 64314.2
109 4 64822.8
110 5 65432.5
111 4 66066
112 4 66630.2
113 4 67154.4
114 4 67756.1
115 5 68355.6
116 4 68879.4
117 5 69395.5
118 5 69900.7
119 4 70519.4
120 4 71171.7
121 4 71737.7
122 3 72267.9
123 4 72849.2
124 4 73447.3
125 4 74069.5
126 3 74744.4
127 3 75432.1
128 5 76088.3
129 4 76672
130 5 77170.2
131 5 77776.5
132 5 78259.6
133 3 78834.2
134 4 79471.7
135 4 80156.9
136 3 80773.9
137 4 81396.3
138 4 81949.8
139 4 82492.2
140 4 83066.4
141 4 83802.4
142 4 84434.5
143 4 84994.2
144 5 85473.4
145 4 86046.4
146 3 86799.3
147 2 87487.9
148 3 88303.1
149 4 88891
150 5 89417.2
151 2 89958.6
152 3 90762.9
153 4 91498.1
154 5 92015.5
155 3 92754.5
156 4 93337.3
157 3 93928.7
158 4 94558.6
159 5 95050
160 3 95587
161 5 96260.9
162 4 96728.8
163 4 97399.2
164 4 98068.3
165 4 98628.9
166 5 99166.3
167 3 99694.1
168 3 100480
169 4 101036
170 5 101702
171 5 102261
172 4 102870
173 4 103395
174 4 103901
175 4 104424
176 3 105254
177 4 105914
178 2 106714
179 3 107266
180 4 107955
181 5 108481
182 5 108991
183 4 109667
184 5 110201
185 5 110664
186 4 111243
187 4 111842
188 4 112419
189 2 112849
190 2 113769
191 1 114884
192 4 115466
193 3 116243
194 4 116773
195 4 117465
196 3 118012
197 5 118591
198 4 119143
199 5 119643
200 5 120219
201 4 120723
202 5 121271
203 4 121840
204 5 122319
205 5 122820
206 3 123385
207 4 124089
208 5 124684
209 5 125204
210 4 125800
211 5 126349
212 4 126841
213 5 127383
214 3 127985
215 6 128541
216 4 129063
217 4 129614
218 4 130307
219 3 130885
220 5 131494
221 3 132024
222 5 132659
223 4 133206
224 4 133786
225 5 134377
226 3 134980
227 3 135606
228 4 136235
229 5 136891
230 4 137516
231 3 138111
232 2 138687
233 1 139488
234 2 140577
235 4 141226
236 4 141847
237 5 142339
238 5 142847
239 6 143350
240 4 143975
241 4 144619
242 4 145159
243 5 145573
244 4 146068
245 5 146725
246 4 147196
247 4 147775
248 4 148435
249 4 148954
250 5 149562
251 4 150181
252 4 150850
253 4 151298
254 5 151871
255 4 152461
256 2 153117
257 3 153836
258 4 154593
259 4 155221
260 4 155820
261 2 156468
262 0 0
263 1 158141
264 0 0
265 1 160117
266 0 0
267 1 162370
268 2 163119
269 3 163796
270 4 164424
271 4 164988
272 5 165509
273 4 166062
274 4 166635
275 5 167224
276 5 167768
277 4 168251
278 4 168928
279 4 169478
280 5 170058
281 3 170559
282 3 171128
283 3 172024
284 4 172745
285 4 173371
286 5 173861
287 4 174310
288 5 174941
289 5 175472
290 4 175961
291 4 176540
292 3 177261
293 4 177857
294 4 178408
295 5 178985
296 4 179667
297 4 180179
298 4 180872
299 4 181420
300 4 182029
301 4 182649
302 4 183156
303 5 183614
304 4 184161
305 4 184834
306 5 185478
307 3 186039
308 4 186625
309 4 187156
310 4 187770
311 3 188477
312 5 189138
313 4 189700
314 3 190445
315 4 190943
316 4 191580
317 4 192215
318 5 192658
319 5 193283
320 3 193817
321 4 194410
322 5 194999
323 3 195500
324 5 196202
325 5 196790
326 4 197271
327 4 197842
328 4 198339
329 4 199012
330 5 199655
331 3 200189
332 5 200826
333 4 201453
334 4 201987
335 5 202538
336 5 203064
337 4 203565
338 5 204155
339 5 204623
340 4 205250
341 4 205828
342 5 206356
343 4 206821
344 4 207359
345 5 207983
346 4 208577
347 5 209171
348 4 209763
349 5 210331
350 4 210782
351 4 211384
352 4 212015
353 3 212665
354 3 213407
355 4 214018
356 5 214448
357 3 215105
358 2 215847
359 4 216636
360 4 217160
361 4 217772
362 4 218464
363 3 218919
364 2 219584
365 5 220389
366 4 220970
367 4 221541
368 5 222105
369 3 222663
370 5 223325
371 4 223916
372 4 224429
373 4 225123
374 5 225689
