#second results avg_latency(ms)
0 0 0
1 0 0
2 0 0
3 0 0
4 0 0
5 0 0
6 0 0
7 1 7279.96
8 0 0
9 1 9423.93
10 0 0
11 1 11507.5
12 0 0
13 1 12948.2
14 1 13920.6
15 1 15034
16 0 0
17 1 16825
18 0 0
19 1 18385.2
20 0 0
21 1 20355.4
22 0 0
23 1 22203
24 1 23710.7
25 1 24889.8
26 0 0
27 1 25933.3
28 1 27509.1
29 0 0
30 1 29106.6
31 1 30171.6
32 0 0
33 1 31833.5
34 0 0
35 1 33681.2
36 0 0
37 1 36136
38 0 0
39 0 0
40 1 38807.5
41 0 0
42 0 0
43 1 41643.7
44 0 0
45 0 0
46 1 44459.2
47 0 0
48 1 46456.9
49 0 0
50 0 0
51 1 48984.8
52 0 0
53 1 51594.9
54 0 0
55 0 0
56 1 53778.4
57 0 0
58 1 55601.7
59 1 56849.5
60 1 58165.8
61 1 59143.9
62 0 0
63 1 60306.3
64 1 61476.1
65 1 62445.1
66 1 63239.9
67 0 0
68 1 64740.7
69 0 0
70 1 67345.3
71 0 0
72 0 0
73 1 70134
74 0 0
75 0 0
76 0 0
77 1 73782.1
78 0 0
79 0 0
80 1 76444.5
81 0 0
82 1 79088.5
83 0 0
84 0 0
85 2 81490.5
86 1 82699
87 1 83542
88 1 84383.1
89 0 0
90 1 85626.4
91 1 86639.3
92 0 0
93 1 88613.5
94 0 0
95 1 90323.1
96 0 0
97 1 92626.6
98 0 0
99 1 94905.8
100 0 0
101 0 0
102 1 97119.9
103 0 0
104 1 99113.6
105 0 0
106 1 101021
107 0 0
108 1 102924
109 0 0
110 1 104678
111 1 106106
112 0 0
113 1 108151
114 0 0
115 1 110161
116 0 0
117 0 0
118 1 112956
119 0 0
120 0 0
121 0 0
122 1 116392
123 0 0
124 0 0
125 1 119324
126 0 0
127 0 0
128 1 122252
129 0 0
130 0 0
131 1 124829
132 0 0
133 1 127317
134 0 0
135 0 0
136 1 129579
137 1 130912
138 1 131932
139 0 0
140 1 133851
141 0 0
142 1 135791
143 0 0
144 1 137743
145 0 0
146 0 0
147 1 140408
148 0 0
149 1 142532
150 0 0
151 1 144139
152 0 0
153 1 145908
154 1 147096
155 0 0
156 1 148693
157 0 0
158 1 150401
159 1 152047
160 0 0
161 1 153667
162 0 0
163 1 155321
164 0 0
165 1 157303
166 0 0
167 1 159293
168 0 0
169 1 161449
170 0 0
171 0 0
172 1 163800
173 0 0
174 1 165775
175 0 0
176 1 168245
177 0 0
178 1 170008
179 0 0
180 1 171986
181 0 0
182 0 0
183 1 174624
184 0 0
185 0 0
186 1 177157
187 0 0
188 0 0
189 1 180067
190 0 0
191 0 0
192 1 183589
193 0 0
194 0 0
195 0 0
196 1 186804
197 0 0
198 1 189412
199 0 0
200 0 0
201 1 191664
202 1 193382
203 0 0
204 1 194558
205 1 195987
206 0 0
207 1 197676
208 0 0
209 1 199150
210 1 200659
211 0 0
212 1 201972
213 1 203295
214 0 0
215 1 204826
216 1 205813
217 2 206747
218 1 208225
219 0 0
220 1 209650
221 0 0
222 0 0
223 1 212290
224 0 0
225 1 214563
226 0 0
227 0 0
228 1 217243
229 0 0
230 1 219013
231 1 220337
232 0 0
233 1 222123
234 1 223275
235 0 0
236 1 225036
237 0 0
238 1 226277
239 1 227934
240 0 0
241 1 229993
242 0 0
243 0 0
244 1 232265
245 0 0
246 1 234762
247 0 0
248 1 236373
249 1 237508
250 1 238356
251 1 239112
252 0 0
253 1 240609
254 1 241940
255 0 0
256 1 243767
257 0 0
258 1 245500
259 0 0
260 1 247319
261 1 248756
262 1 249637
263 0 0
264 1 250721
265 1 252292
266 0 0
267 1 254267
268 0 0
269 1 256201
270 0 0
271 1 257773
272 0 0
273 1 259802
274 0 0
275 1 261944
276 0 0
277 0 0
278 1 264089
279 1 265526
280 0 0
281 1 266812
282 1 267676
283 1 269519
284 0 0
285 0 0
286 1 271504
287 0 0
288 1 273361
289 1 275115
290 0 0
291 1 276572
292 1 277706
293 0 0
294 1 279025
295 1 280783
296 0 0
297 0 0
298 1 283223
299 0 0
300 1 285590
301 0 0
302 1 287462
303 0 0
304 1 289026
305 1 290053
306 0 0
307 1 291684
308 0 0
309 0 0
310 1 294171
311 0 0
312 1 296306
313 0 0
314 0 0
315 1 299131
316 0 0
317 1 301454
318 0 0
319 1 303312
320 0 0
321 1 305184
322 0 0
323 1 306956
324 0 0
325 1 309047
326 0 0
327 1 311231
328 0 0
329 1 313064
330 0 0
331 1 314824
332 0 0
333 1 316643
334 1 317638
335 0 0
336 1 319383
337 1 320414
338 1 321617
339 0 0
340 1 322965
341 1 324058
342 0 0
343 1 325653
344 0 0
345 1 327660
346 0 0
347 1 329657
348 0 0
349 1 331191
350 1 332509
351 0 0
352 1 333842
353 1 335075
354 1 335956
355 1 336956
356 1 338058
357 0 0
358 1 339775
359 0 0
360 1 341282
361 1 343042
362 0 0
363 0 0
364 1 345105
365 1 346800
366 0 0
367 1 348156
368 1 349468
369 0 0
370 1 350689
371 1 351771
372 1 353146
373 0 0
374 1 355101
375 0 0
376 1 357090
377 0 0
378 1 358445
379 0 0
380 1 360377
381 0 0
382 1 362424
383 0 0
384 1 364816
385 0 0
386 0 0
387 1 367481
388 0 0
389 0 0
390 1 369840
391 0 0
392 1 372235
393 0 0
394 0 0
395 1 374762
396 0 0
397 1 376552
398 0 0
399 1 378518
400 0 0
401 1 380852
402 0 0
403 0 0
404 1 383300
405 1 384778
406 0 0
407 0 0
408 1 386861
409 0 0
410 1 389295
411 0 0
412 0 0
413 0 0
414 1 392833
415 0 0
416 0 0
417 0 0
418 1 396659
419 0 0
420 0 0
421 0 0
422 1 400674
423 0 0
424 0 0
425 1 403612
426 0 0
427 1 405839
428 0 0
429 1 407715
430 0 0
431 1 410019
432 0 0
433 1 411769
434 0 0
435 0 0
436 1 413997
437 0 0
438 0 0
439 1 416777
440 0 0
441 0 0
442 1 419649
443 0 0
444 0 0
445 1 422676
446 0 0
447 0 0
448 1 426020
449 0 0
450 0 0
451 0 0
452 1 429473
453 0 0
454 0 0
455 1 432288
456 0 0
457 1 434897
458 0 0
459 1 436411
460 0 0
461 1 438673
462 0 0
463 0 0
464 1 441434
465 0 0
466 0 0
467 0 0
468 1 444892
469 0 0
470 0 0
471 0 0
472 1 449438
473 0 0
474 0 0
475 0 0
476 1 453372
477 0 0
478 0 0
479 0 0
480 1 456490
481 0 0
482 1 458348
483 1 459827
484 0 0
485 1 462081
486 0 0
487 0 0
488 1 464844
489 0 0
490 0 0
491 1 467929
492 0 0
493 1 469566
494 0 0
495 1 471062
496 1 472631
497 0 0
498 0 0
499 1 474598
500 0 0
501 1 476714
502 0 0
503 0 0
504 1 479394
505 0 0
506 1 481545
507 0 0
508 1 483696
509 0 0
510 1 485162
511 0 0
512 1 487183
513 0 0
514 1 489495
515 0 0
516 1 490973
517 1 492428
518 0 0
519 1 494235
520 0 0
521 0 0
522 1 496534
523 0 0
524 0 0
525 1 500169
526 0 0
527 0 0
528 0 0
529 1 503390
530 0 0
531 1 505773
532 1 507029
533 0 0
534 1 508242
535 1 509506
536 0 0
537 1 511097
538 0 0
539 1 513491
540 0 0
541 0 0
542 1 516478
543 0 0
544 0 0
545 1 519193
546 0 0
547 0 0
548 1 522290
549 0 0
550 0 0
551 0 0
552 1 525588
553 0 0
554 0 0
555 1 528525
556 0 0
557 0 0
558 1 531312
559 0 0
560 1 533567
561 0 0
562 1 535128
563 1 536426
564 0 0
565 1 538333
566 0 0
567 1 540458
568 0 0
569 0 0
570 1 543046
571 0 0
572 1 544747
573 0 0
574 1 546277
575 0 0
576 1 548227
577 0 0
578 0 0
579 1 551254
580 0 0
581 0 0
582 1 554237
583 0 0
584 1 556341
585 0 0
586 1 557994
587 1 559619
588 0 0
589 0 0
590 1 561741
591 1 562822
592 1 564162
593 0 0
594 1 565879
595 0 0
596 1 567762
597 0 0
598 0 0
599 1 570305
600 0 0
601 1 572653
602 0 0
603 1 574138
604 0 0
605 1 575753
606 0 0
607 1 577677
608 0 0
609 1 579888
610 0 0
611 0 0
612 1 582503
613 0 0
614 1 584780
615 0 0
616 0 0
617 1 587971
618 0 0
619 0 0
620 1 590940
621 0 0
622 0 0
623 0 0
624 1 594628
625 0 0
626 0 0
627 1 597037
628 1 598178
629 1 599672
630 0 0
631 1 601477
632 0 0
633 1 602692
634 0 0
635 1 604624
636 1 605989
637 0 0
638 1 607379
639 1 608497
640 0 0
641 1 610562
642 0 0
643 1 612470
644 0 0
645 0 0
646 1 614870
647 0 0
648 1 616957
649 0 0
650 0 0
651 1 620001
652 0 0
653 0 0
654 0 0
655 0 0
656 1 625007
657 0 0
658 0 0
659 0 0
660 1 628931
661 0 0
662 0 0
663 0 0
664 1 632835
665 0 0
666 0 0
667 1 635330
668 1 637111
669 0 0
670 1 639009
671 0 0
672 1 640848
673 0 0
674 1 642607
675 0 0
676 1 644114
677 0 0
678 1 646307
679 0 0
680 0 0
681 0 0
682 1 649657
683 0 0
684 1 651885
685 0 0
686 1 653584
687 1 654675
688 1 655897
689 0 0
690 1 657101
691 0 0
692 1 659163
693 0 0
694 1 660972
695 1 662475
696 1 663536
697 0 0
698 1 664881
699 1 666295
700 0 0
701 1 668278
702 0 0
703 0 0
704 1 670447
705 0 0
706 1 673057
707 0 0
708 0 0
709 1 675739
710 0 0
711 0 0
712 1 678557
713 0 0
714 1 680481
715 0 0
716 1 682667
717 0 0
718 0 0
719 1 684662
720 0 0
721 1 686871
722 0 0
723 0 0
724 1 689598
725 0 0
726 1 691893
727 0 0
728 1 694029
729 0 0
730 0 0
731 1 696538
732 0 0
733 1 698134
734 0 0
735 1 700002
736 1 701316
737 0 0
738 1 702879
739 1 704066
740 1 705106
741 0 0
742 1 706577
743 0 0
744 1 708349
745 1 710217
746 0 0
747 0 0
748 1 712163
749 1 713666
750 0 0
751 1 715051
752 1 716655
753 0 0
754 1 717844
755 0 0
756 1 719717
757 1 721410
758 0 0
759 1 723350
760 0 0
761 0 0
762 1 725671
763 0 0
764 0 0
765 1 728244
766 0 0
767 1 730844
768 0 0
769 1 732983
770 0 0
771 0 0
772 1 735818
773 0 0
774 0 0
775 0 0
776 1 739466
777 0 0
778 0 0
779 0 0
780 0 0
781 1 744400
782 0 0
783 0 0
784 0 0
785 1 748063
786 0 0
787 1 750035
788 0 0
789 1 752177
790 0 0
791 1 754277
792 0 0
793 0 0
794 0 0
795 1 757639
796 0 0
797 0 0
798 0 0
799 1 761555
800 0 0
801 1 763744
802 0 0
803 1 765391
804 0 0
805 1 767260
806 0 0
807 1 769481
808 0 0
809 0 0
810 1 771766
811 0 0
812 1 773588
813 1 775187
814 0 0
815 1 776876
816 0 0
817 1 778853
818 0 0
819 1 780831
820 0 0
821 1 782657
822 0 0
823 0 0
824 1 784982
825 0 0
826 1 787716
827 0 0
828 0 0
829 1 790736
830 0 0
831 0 0
832 0 0
833 1 793786
834 0 0
835 1 796205
836 0 0
837 0 0
838 1 798584
839 0 0
840 0 0
841 1 801461
842 1 803059
843 0 0
844 1 804525
845 0 0
846 1 806378
847 0 0
848 1 808305
849 0 0
850 1 810319
851 0 0
852 0 0
853 1 813020
854 0 0
855 1 815288
856 0 0
857 1 816890
858 0 0
859 1 818724
860 0 0
861 1 820858
862 0 0
863 1 823019
864 0 0
865 0 0
866 1 825377
867 0 0
868 1 827690
869 0 0
870 0 0
871 1 830128
872 0 0
873 1 832476
874 0 0
875 1 834372
876 1 835452
877 0 0
878 1 836937
879 1 838077
880 0 0
881 1 839675
882 0 0
883 1 841479
884 0 0
885 1 843359
886 1 844953
887 1 845654
888 1 846780
889 0 0
890 1 848271
891 0 0
892 1 849985
893 0 0
894 1 852035
895 0 0
896 1 853826
897 0 0
898 1 856075
899 0 0
900 1 858179
901 0 0
902 0 0
903 1 860544
904 0 0
905 1 862502
906 0 0
907 1 864267
908 0 0
909 1 866190
910 0 0
911 1 867888
912 1 869283
913 0 0
914 1 871273
915 0 0
916 1 872876
917 0 0
918 1 874900
919 0 0
920 1 877097
921 0 0
922 1 878763
923 0 0
924 1 880530
925 0 0
926 0 0
927 1 883145
928 0 0
929 0 0
930 1 885997
931 0 0
932 0 0
933 0 0
934 1 890295
935 0 0
936 0 0
937 1 893196
938 0 0
939 0 0
940 1 895965
941 0 0
942 1 897714
943 0 0
944 1 899790
945 0 0
946 1 902228
947 0 0
948 0 0
949 0 0
950 1 905217
951 0 0
952 0 0
953 1 908276
954 0 0
955 1 910313
956 0 0
957 1 912615
958 0 0
959 0 0
960 1 915187
961 0 0
962 0 0
963 1 917936
964 0 0
965 0 0
966 1 921004
967 0 0
968 0 0
969 1 924095
970 0 0
971 0 0
972 1 926866
973 0 0
974 0 0
975 1 929537
976 0 0
977 0 0
978 1 932377
979 0 0
980 1 934405
981 0 0
982 1 936292
983 0 0
984 1 938526
985 0 0
986 0 0
987 1 940891
988 0 0
989 0 0
990 1 943724
991 0 0
992 1 946057
993 0 0
994 1 948296
995 0 0
996 0 0
997 1 950712
998 0 0
999 0 0
1000 1 953724
1001 0 0
1002 0 0
1003 0 0
1004 1 957276
1005 0 0
1006 0 0
1007 1 960288
1008 0 0
1009 1 962833
1010 0 0
1011 0 0
1012 0 0
1013 1 966206
1014 0 0
1015 0 0
1016 1 969183
1017 0 0
1018 0 0
1019 1 971893
1020 0 0
1021 1 974372
1022 0 0
1023 0 0
1024 1 976475
1025 1 978078
1026 1 979065
1027 0 0
1028 1 980245
1029 1 981584
1030 0 0
1031 1 983190
1032 0 0
1033 1 984944
1034 1 986456
1035 1 987258
1036 0 0
1037 1 988669
1038 0 0
1039 1 990744
1040 0 0
1041 1 993189
1042 0 0
1043 0 0
1044 1 995789
1045 0 0
1046 1 997966
1047 0 0
1048 1 999783
1049 0 0
1050 1 1.00184e+06
1051 0 0
1052 1 1.0037e+06
1053 0 0
1054 1 1.00513e+06
1055 0 0
1056 1 1.00667e+06
1057 1 1.00823e+06
1058 0 0
1059 1 1.01014e+06
1060 0 0
1061 1 1.0117e+06
1062 0 0
1063 1 1.01343e+06
1064 0 0
1065 1 1.01514e+06
1066 1 1.01699e+06
1067 0 0
1068 0 0
1069 1 1.01949e+06
1070 0 0
1071 0 0
1072 1 1.02216e+06
1073 1 1.02356e+06
1074 0 0
1075 2 1.02506e+06
1076 1 1.02642e+06
1077 0 0
1078 1 1.02796e+06
1079 0 0
1080 1 1.02988e+06
1081 0 0
1082 1 1.03164e+06
1083 0 0
1084 1 1.0332e+06
1085 1 1.03485e+06
1086 1 1.03579e+06
1087 0 0
1088 1 1.0371e+06
1089 0 0
1090 1 1.03885e+06
1091 0 0
1092 1 1.04094e+06
1093 0 0
1094 1 1.0433e+06
1095 0 0
1096 0 0
1097 1 1.04538e+06
1098 1 1.04634e+06
1099 2 1.04748e+06
1100 1 1.04881e+06
1101 0 0
1102 1 1.05026e+06
1103 0 0
1104 1 1.05205e+06
1105 0 0
1106 1 1.05429e+06
1107 0 0
1108 1 1.05631e+06
1109 0 0
1110 0 0
1111 1 1.05856e+06
1112 0 0
1113 1 1.06051e+06
1114 0 0
1115 1 1.06228e+06
1116 0 0
1117 1 1.06424e+06
1118 0 0
1119 1 1.06622e+06
1120 0 0
1121 1 1.0687e+06
1122 0 0
1123 1 1.07062e+06
1124 0 0
1125 1 1.07222e+06
1126 1 1.07364e+06
1127 0 0
1128 1 1.07516e+06
1129 0 0
1130 1 1.07675e+06
1131 1 1.07824e+06
1132 0 0
1133 1 1.08014e+06
1134 0 0
1135 1 1.08185e+06
1136 0 0
1137 1 1.08338e+06
1138 1 1.0848e+06
1139 0 0
1140 1 1.08631e+06
1141 0 0
1142 0 0
1143 1 1.08877e+06
1144 0 0
1145 1 1.09118e+06
1146 0 0
1147 1 1.09339e+06
1148 0 0
1149 0 0
1150 1 1.09595e+06
1151 1 1.09722e+06
1152 0 0
1153 1 1.0989e+06
1154 0 0
1155 1 1.10096e+06
1156 0 0
1157 1 1.10249e+06
1158 0 0
1159 1 1.10438e+06
1160 0 0
1161 1 1.10653e+06
1162 0 0
1163 1 1.10853e+06
1164 0 0
1165 1 1.11021e+06
1166 0 0
1167 1 1.11166e+06
1168 0 0
1169 1 1.11354e+06
1170 0 0
1171 1 1.11548e+06
1172 0 0
1173 1 1.11783e+06
1174 0 0
1175 1 1.1196e+06
1176 0 0
1177 0 0
1178 1 1.12237e+06
1179 0 0
1180 1 1.12456e+06
1181 0 0
1182 0 0
1183 1 1.12712e+06
1184 0 0
1185 1 1.12965e+06
1186 0 0
1187 0 0
1188 1 1.13215e+06
1189 0 0
1190 1 1.13403e+06
1191 0 0
1192 1 1.13594e+06
1193 0 0
1194 1 1.13783e+06
1195 0 0
1196 1 1.13984e+06
1197 0 0
1198 1 1.14158e+06
1199 1 1.14296e+06
1200 0 0
1201 1 1.14472e+06
1202 0 0
1203 0 0
1204 1 1.14686e+06
1205 0 0
1206 1 1.1489e+06
1207 1 1.15051e+06
1208 0 0
1209 1 1.15226e+06
1210 0 0
1211 1 1.15396e+06
1212 0 0
1213 1 1.15601e+06
1214 0 0
1215 1 1.15766e+06
1216 1 1.1591e+06
1217 0 0
1218 1 1.16079e+06
1219 1 1.16179e+06
1220 0 0
1221 1 1.16293e+06
1222 1 1.1641e+06
1223 1 1.1652e+06
1224 0 0
1225 1 1.16686e+06
1226 1 1.16838e+06
1227 0 0
1228 1 1.16985e+06
1229 0 0
1230 1 1.17197e+06
1231 0 0
1232 1 1.17376e+06
1233 0 0
1234 1 1.17556e+06
1235 0 0
1236 1 1.1776e+06
1237 0 0
1238 0 0
1239 1 1.17988e+06
1240 0 0
1241 1 1.18262e+06
1242 0 0
1243 0 0
1244 1 1.18477e+06
1245 0 0
1246 1 1.18729e+06
1247 0 0
1248 0 0
1249 1 1.18974e+06
1250 0 0
1251 1 1.19174e+06
1252 0 0
1253 1 1.19386e+06
1254 1 1.1947e+06
1255 0 0
1256 1 1.19649e+06
1257 0 0
1258 0 0
1259 1 1.19909e+06
1260 0 0
1261 0 0
1262 1 1.20226e+06
1263 0 0
1264 0 0
1265 0 0
1266 1 1.20583e+06
1267 0 0
1268 0 0
1269 1 1.20911e+06
1270 0 0
1271 1 1.21106e+06
1272 0 0
1273 1 1.21301e+06
1274 0 0
1275 1 1.21518e+06
1276 0 0
1277 0 0
1278 1 1.21754e+06
1279 0 0
1280 1 1.21987e+06
1281 0 0
1282 1 1.2217e+06
1283 0 0
1284 1 1.22335e+06
1285 0 0
1286 1 1.22516e+06
1287 0 0
1288 1 1.22681e+06
1289 0 0
1290 1 1.22912e+06
1291 1 1.23027e+06
1292 0 0
1293 1 1.23177e+06
1294 1 1.23297e+06
1295 0 0
1296 0 0
1297 1 1.23527e+06
1298 0 0
1299 1 1.23775e+06
1300 0 0
1301 0 0
1302 1 1.24057e+06
1303 0 0
1304 0 0
1305 0 0
1306 1 1.24422e+06
1307 0 0
1308 0 0
1309 1 1.24743e+06
1310 0 0
1311 0 0
1312 1 1.25033e+06
1313 0 0
1314 0 0
1315 1 1.25347e+06
1316 0 0
1317 1 1.25549e+06
1318 0 0
1319 0 0
1320 1 1.2578e+06
1321 1 1.25921e+06
1322 0 0
1323 1 1.26095e+06
1324 0 0
1325 1 1.26286e+06
1326 0 0
1327 0 0
1328 1 1.26527e+06
1329 0 0
1330 1 1.26767e+06
1331 0 0
1332 1 1.26973e+06
1333 0 0
1334 1 1.27165e+06
1335 0 0
1336 1 1.27356e+06
1337 0 0
1338 1 1.27533e+06
1339 0 0
1340 1 1.27708e+06
1341 0 0
1342 1 1.27898e+06
1343 0 0
1344 1 1.28092e+06
1345 0 0
1346 0 0
1347 1 1.28348e+06
1348 0 0
1349 1 1.28603e+06
1350 0 0
1351 0 0
1352 0 0
1353 1 1.28904e+06
1354 0 0
1355 1 1.29181e+06
1356 0 0
1357 0 0
1358 1 1.29424e+06
1359 0 0
1360 1 1.29656e+06
1361 0 0
1362 1 1.29815e+06
1363 0 0
1364 1 1.29999e+06
1365 0 0
1366 1 1.30206e+06
1367 0 0
1368 1 1.30384e+06
1369 0 0
1370 1 1.30592e+06
1371 0 0
1372 0 0
1373 1 1.30866e+06
1374 0 0
1375 1 1.31083e+06
1376 0 0
1377 1 1.31238e+06
1378 1 1.31303e+06
1379 1 1.3141e+06
1380 1 1.31554e+06
1381 0 0
1382 1 1.31736e+06
1383 0 0
1384 1 1.31902e+06
1385 1 1.3199e+06
1386 1 1.3208e+06
1387 0 0
1388 1 1.32246e+06
1389 0 0
1390 1 1.32463e+06
1391 0 0
1392 0 0
1393 1 1.32725e+06
1394 0 0
1395 0 0
1396 1 1.32984e+06
1397 0 0
1398 1 1.33181e+06
1399 0 0
1400 1 1.33414e+06
1401 0 0
1402 0 0
1403 1 1.337e+06
1404 0 0
1405 0 0
1406 0 0
1407 1 1.3411e+06
1408 0 0
1409 0 0
1410 0 0
1411 0 0
1412 1 1.34533e+06
1413 0 0
1414 0 0
1415 1 1.34877e+06
1416 0 0
1417 0 0
1418 1 1.35147e+06
1419 0 0
1420 1 1.3539e+06
1421 0 0
1422 0 0
1423 1 1.35593e+06
1424 0 0
1425 1 1.35805e+06
1426 1 1.35932e+06
1427 0 0
1428 1 1.36083e+06
1429 1 1.36224e+06
1430 1 1.36328e+06
1431 0 0
1432 1 1.36519e+06
1433 0 0
1434 0 0
1435 1 1.36768e+06
1436 0 0
1437 0 0
1438 1 1.37043e+06
1439 0 0
1440 0 0
1441 1 1.37318e+06
1442 0 0
1443 1 1.37566e+06
1444 0 0
1445 0 0
1446 1 1.37801e+06
1447 0 0
1448 0 0
1449 1 1.38116e+06
1450 0 0
1451 0 0
1452 0 0
1453 1 1.38458e+06
1454 0 0
1455 0 0
1456 0 0
1457 1 1.38897e+06
1458 0 0
1459 0 0
1460 0 0
1461 1 1.39235e+06
1462 0 0
1463 1 1.39514e+06
1464 0 0
1465 0 0
1466 1 1.39766e+06
1467 0 0
1468 1 1.39934e+06
1469 0 0
1470 1 1.40094e+06
1471 0 0
1472 1 1.40288e+06
1473 0 0
1474 1 1.40497e+06
1475 0 0
1476 1 1.40747e+06
1477 0 0
1478 0 0
1479 1 1.40979e+06
1480 0 0
1481 1 1.41148e+06
1482 0 0
1483 1 1.41351e+06
1484 0 0
1485 1 1.41586e+06
1486 0 0
1487 0 0
1488 1 1.41833e+06
1489 0 0
1490 0 0
1491 1 1.42119e+06
1492 0 0
1493 1 1.42308e+06
1494 0 0
1495 1 1.42496e+06
1496 0 0
1497 1 1.4268e+06
1498 0 0
1499 1 1.4295e+06
1500 0 0
1501 0 0
1502 0 0
1503 1 1.43267e+06
1504 0 0
1505 1 1.43519e+06
1506 0 0
1507 1 1.43726e+06
1508 0 0
1509 1 1.43914e+06
1510 0 0
1511 1 1.441e+06
1512 0 0
1513 1 1.44268e+06
1514 0 0
1515 0 0
1516 1 1.44495e+06
1517 0 0
1518 1 1.44753e+06
1519 0 0
1520 1 1.44943e+06
1521 0 0
1522 1 1.45075e+06
1523 1 1.45201e+06
1524 0 0
1525 1 1.45404e+06
1526 0 0
1527 1 1.45624e+06
1528 0 0
1529 0 0
1530 1 1.45836e+06
1531 0 0
1532 1 1.46059e+06
1533 0 0
1534 0 0
1535 1 1.46336e+06
1536 0 0
1537 1 1.46528e+06
1538 0 0
1539 1 1.46759e+06
1540 0 0
1541 0 0
1542 1 1.47016e+06
1543 0 0
1544 0 0
1545 1 1.47326e+06
1546 0 0
1547 0 0
1548 1 1.47633e+06
1549 0 0
1550 0 0
1551 1 1.47901e+06
1552 0 0
1553 0 0
1554 1 1.48208e+06
1555 0 0
1556 0 0
1557 1 1.48475e+06
1558 0 0
1559 0 0
1560 1 1.48732e+06
1561 0 0
1562 1 1.49e+06
1563 0 0
1564 0 0
1565 0 0
1566 1 1.49305e+06
1567 0 0
1568 1 1.49562e+06
1569 0 0
1570 0 0
1571 1 1.49816e+06
1572 0 0
1573 1 1.50054e+06
1574 0 0
1575 0 0
1576 1 1.50261e+06
1577 0 0
1578 1 1.50502e+06
1579 0 0
1580 0 0
1581 1 1.50749e+06
1582 0 0
1583 0 0
1584 1 1.51062e+06
1585 0 0
1586 0 0
1587 1 1.51322e+06
1588 1 1.51491e+06
1589 1 1.51587e+06
1590 1 1.51631e+06
1591 1 1.51692e+06
1592 1 1.51768e+06
1593 1 1.5195e+06
1594 0 0
1595 1 1.5213e+06
1596 0 0
1597 0 0
1598 1 1.52364e+06
1599 0 0
1600 1 1.52584e+06
1601 0 0
1602 0 0
1603 1 1.52846e+06
1604 0 0
1605 1 1.53078e+06
1606 0 0
1607 0 0
1608 0 0
1609 1 1.53426e+06
1610 0 0
1611 0 0
1612 1 1.53733e+06
1613 0 0
1614 1 1.53948e+06
1615 0 0
1616 1 1.54126e+06
1617 0 0
1618 1 1.54284e+06
1619 0 0
1620 1 1.54454e+06
1621 1 1.54608e+06
1622 0 0
1623 1 1.54796e+06
1624 0 0
1625 1 1.55012e+06
1626 0 0
1627 1 1.55182e+06
1628 0 0
1629 1 1.55375e+06
1630 0 0
1631 0 0
1632 1 1.55587e+06
1633 0 0
1634 1 1.55829e+06
1635 0 0
1636 0 0
1637 1 1.56149e+06
1638 0 0
1639 0 0
1640 0 0
1641 1 1.56521e+06
1642 0 0
1643 0 0
1644 0 0
1645 0 0
1646 1 1.56946e+06
1647 0 0
1648 1 1.57173e+06
1649 0 0
1650 1 1.57353e+06
1651 1 1.57466e+06
1652 1 1.57579e+06
1653 1 1.57663e+06
1654 1 1.57754e+06
1655 0 0
1656 1 1.57883e+06
1657 1 1.58039e+06
1658 0 0
1659 0 0
1660 1 1.58255e+06
1661 0 0
1662 0 0
1663 1 1.58555e+06
1664 0 0
1665 0 0
1666 1 1.58867e+06
1667 0 0
1668 0 0
1669 0 0
1670 1 1.59225e+06
1671 0 0
1672 0 0
1673 1 1.59566e+06
1674 0 0
1675 0 0
1676 1 1.59819e+06
1677 0 0
1678 1 1.60034e+06
1679 0 0
1680 0 0
1681 1 1.60288e+06
1682 0 0
1683 1 1.60534e+06
1684 0 0
1685 1 1.6075e+06
1686 0 0
1687 0 0
1688 0 0
1689 1 1.61065e+06
1690 0 0
1691 1 1.61338e+06
1692 0 0
1693 0 0
1694 0 0
1695 1 1.61701e+06
1696 0 0
1697 0 0
1698 0 0
1699 1 1.62034e+06
1700 0 0
1701 0 0
1702 1 1.62328e+06
1703 0 0
1704 1 1.62564e+06
1705 0 0
1706 1 1.62716e+06
1707 1 1.62872e+06
1708 0 0
1709 1 1.63051e+06
1710 0 0
1711 0 0
1712 1 1.63273e+06
1713 0 0
1714 0 0
1715 1 1.63559e+06
1716 0 0
1717 1 1.63827e+06
1718 0 0
1719 1 1.64016e+06
1720 0 0
1721 0 0
1722 1 1.64245e+06
1723 0 0
1724 1 1.64454e+06
1725 0 0
1726 0 0
1727 1 1.64716e+06
1728 0 0
1729 1 1.64926e+06
1730 0 0
1731 1 1.651e+06
1732 0 0
1733 1 1.65308e+06
1734 0 0
1735 1 1.6551e+06
1736 0 0
1737 1 1.6571e+06
1738 0 0
1739 1 1.65921e+06
1740 0 0
1741 1 1.66093e+06
1742 0 0
1743 1 1.66281e+06
1744 0 0
1745 1 1.66442e+06
1746 0 0
1747 1 1.66678e+06
1748 0 0
1749 0 0
1750 0 0
1751 1 1.66995e+06
1752 0 0
1753 1 1.67277e+06
1754 0 0
1755 0 0
1756 0 0
1757 1 1.67623e+06
1758 0 0
1759 0 0
1760 0 0
1761 1 1.68017e+06
1762 0 0
1763 1 1.68215e+06
1764 0 0
1765 1 1.68346e+06
1766 1 1.68468e+06
1767 0 0
1768 1 1.68696e+06
1769 0 0
1770 0 0
1771 1 1.68941e+06
1772 0 0
1773 0 0
1774 1 1.69218e+06
1775 0 0
1776 1 1.69444e+06
1777 0 0
1778 1 1.69648e+06
1779 0 0
1780 1 1.69793e+06
1781 1 1.69922e+06
1782 0 0
1783 1 1.7007e+06
1784 1 1.70242e+06
1785 0 0
1786 0 0
1787 1 1.7052e+06
1788 0 0
1789 0 0
1790 1 1.70796e+06
1791 0 0
1792 0 0
1793 1 1.71037e+06
1794 0 0
1795 1 1.71275e+06
1796 0 0
1797 1 1.71439e+06
1798 0 0
1799 1 1.71593e+06
1800 1 1.7177e+06
1801 0 0
1802 0 0
1803 1 1.71995e+06
1804 0 0
1805 0 0
1806 1 1.72328e+06
1807 0 0
1808 0 0
1809 0 0
1810 1 1.72705e+06
1811 0 0
1812 0 0
1813 1 1.72961e+06
1814 0 0
1815 0 0
1816 1 1.73238e+06
1817 0 0
1818 1 1.7342e+06
1819 0 0
1820 1 1.73633e+06
1821 1 1.73777e+06
1822 0 0
1823 1 1.73966e+06
1824 0 0
1825 1 1.74153e+06
1826 0 0
1827 1 1.74326e+06
1828 0 0
1829 1 1.74545e+06
1830 0 0
1831 1 1.74728e+06
1832 0 0
1833 1 1.74901e+06
1834 0 0
1835 1 1.75058e+06
1836 0 0
1837 1 1.75267e+06
1838 0 0
1839 1 1.75485e+06
1840 0 0
1841 1 1.75694e+06
1842 0 0
1843 1 1.7587e+06
1844 0 0
1845 1 1.76034e+06
1846 0 0
1847 1 1.76197e+06
1848 1 1.76334e+06
1849 0 0
1850 1 1.76463e+06
1851 1 1.76598e+06
1852 0 0
1853 1 1.76787e+06
1854 0 0
1855 0 0
1856 1 1.7703e+06
1857 0 0
1858 0 0
1859 1 1.7734e+06
1860 0 0
1861 0 0
1862 0 0
1863 1 1.77708e+06
1864 0 0
1865 1 1.77931e+06
1866 0 0
1867 0 0
1868 1 1.7818e+06
1869 1 1.78316e+06
1870 0 0
1871 1 1.78488e+06
1872 1 1.78627e+06
1873 0 0
1874 1 1.78765e+06
1875 0 0
1876 1 1.78942e+06
1877 1 1.79028e+06
1878 1 1.79134e+06
1879 1 1.79273e+06
1880 0 0
1881 1 1.79445e+06
1882 0 0
1883 0 0
1884 1 1.79692e+06
1885 0 0
1886 1 1.7989e+06
1887 0 0
1888 1 1.8009e+06
1889 0 0
1890 1 1.80304e+06
1891 0 0
1892 1 1.80495e+06
1893 0 0
1894 0 0
1895 1 1.80792e+06
1896 0 0
1897 0 0
1898 1 1.81057e+06
1899 0 0
1900 1 1.81293e+06
1901 0 0
1902 0 0
1903 1 1.81569e+06
1904 0 0
1905 0 0
1906 1 1.81816e+06
1907 0 0
1908 1 1.82028e+06
1909 1 1.8215e+06
1910 0 0
1911 1 1.8229e+06
1912 1 1.8241e+06
1913 0 0
1914 1 1.82592e+06
1915 0 0
1916 1 1.82819e+06
1917 0 0
1918 1 1.82925e+06
1919 0 0
1920 1 1.83107e+06
1921 1 1.83266e+06
1922 0 0
1923 0 0
1924 1 1.83515e+06
1925 0 0
1926 1 1.83739e+06
1927 0 0
1928 1 1.83906e+06
1929 1 1.84042e+06
1930 0 0
1931 1 1.84186e+06
1932 1 1.84313e+06
1933 0 0
1934 1 1.84452e+06
1935 0 0
1936 1 1.84626e+06
1937 0 0
1938 1 1.84825e+06
1939 0 0
1940 1 1.85012e+06
1941 0 0
1942 1 1.85189e+06
1943 1 1.85369e+06
1944 0 0
1945 0 0
1946 1 1.85586e+06
1947 0 0
1948 0 0
1949 1 1.85871e+06
1950 0 0
1951 0 0
1952 1 1.8615e+06
1953 0 0
1954 1 1.86389e+06
1955 0 0
1956 1 1.86614e+06
1957 0 0
1958 1 1.86806e+06
1959 0 0
1960 0 0
1961 1 1.87058e+06
1962 0 0
1963 1 1.87284e+06
1964 0 0
1965 0 0
1966 1 1.87537e+06
1967 0 0
1968 0 0
1969 1 1.87834e+06
1970 0 0
1971 0 0
1972 1 1.881e+06
1973 0 0
1974 1 1.88308e+06
1975 0 0
1976 1 1.88472e+06
1977 0 0
1978 1 1.88672e+06
1979 0 0
1980 1 1.88839e+06
1981 0 0
1982 1 1.89034e+06
1983 1 1.89177e+06
1984 0 0
1985 1 1.89379e+06
1986 0 0
1987 0 0
1988 0 0
1989 1 1.89689e+06
1990 0 0
1991 1 1.89902e+06
1992 1 1.90056e+06
1993 0 0
1994 1 1.90196e+06
1995 0 0
1996 1 1.9037e+06
1997 0 0
1998 1 1.90551e+06
1999 1 1.90683e+06
2000 0 0
2001 1 1.90832e+06
2002 0 0
2003 1 1.91005e+06
2004 0 0
2005 1 1.91267e+06
2006 0 0
2007 0 0
2008 1 1.9157e+06
2009 0 0
2010 0 0
2011 1 1.91838e+06
2012 0 0
2013 1 1.92039e+06
2014 0 0
2015 1 1.92247e+06
2016 0 0
2017 1 1.92431e+06
2018 0 0
2019 1 1.92595e+06
2020 0 0
2021 1 1.92783e+06
2022 0 0
2023 0 0
2024 1 1.93059e+06
2025 0 0
2026 0 0
2027 1 1.93355e+06
2028 0 0
2029 1 1.93527e+06
2030 0 0
2031 1 1.93736e+06
2032 0 0
2033 1 1.93954e+06
2034 0 0
2035 1 1.94123e+06
2036 0 0
2037 1 1.94342e+06
2038 0 0
2039 0 0
2040 1 1.94579e+06
2041 0 0
2042 0 0
2043 1 1.94884e+06
2044 0 0
2045 0 0
2046 1 1.95202e+06
2047 0 0
2048 0 0
2049 1 1.95427e+06
2050 1 1.95596e+06
2051 0 0
2052 0 0
2053 1 1.95801e+06
2054 2 1.95927e+06
2055 0 0
2056 1 1.96113e+06
2057 1 1.96237e+06
2058 0 0
2059 0 0
2060 1 1.96468e+06
2061 0 0
2062 1 1.9667e+06
2063 0 0
2064 1 1.9683e+06
2065 0 0
2066 1 1.97078e+06
2067 0 0
2068 0 0
2069 1 1.97324e+06
2070 0 0
2071 0 0
2072 1 1.97622e+06
2073 0 0
2074 0 0
2075 1 1.97903e+06
2076 0 0
2077 1 1.98157e+06
2078 0 0
2079 1 1.98322e+06
2080 0 0
2081 1 1.98462e+06
2082 0 0
2083 1 1.98659e+06
2084 0 0
2085 1 1.9889e+06
2086 0 0
2087 1 1.9912e+06
2088 0 0
2089 1 1.99298e+06
2090 0 0
2091 0 0
2092 1 1.99506e+06
2093 0 0
2094 1 1.99746e+06
2095 0 0
2096 0 0
2097 0 0
2098 1 2.00101e+06
2099 0 0
2100 0 0
2101 1 2.00403e+06
2102 0 0
2103 0 0
2104 1 2.00697e+06
2105 0 0
2106 1 2.00884e+06
2107 1 2.00986e+06
2108 1 2.01113e+06
2109 0 0
2110 1 2.01265e+06
2111 0 0
2112 1 2.01466e+06
2113 0 0
2114 1 2.01676e+06
2115 0 0
2116 1 2.01857e+06
2117 0 0
2118 1 2.02036e+06
2119 0 0
2120 1 2.02248e+06
2121 0 0
2122 1 2.02395e+06
2123 1 2.02511e+06
2124 1 2.02603e+06
2125 1 2.0271e+06
2126 0 0
2127 1 2.02846e+06
2128 0 0
2129 1 2.0303e+06
2130 0 0
2131 1 2.03269e+06
2132 0 0
2133 0 0
2134 1 2.03501e+06
2135 0 0
2136 1 2.03689e+06
2137 1 2.0386e+06
2138 0 0
2139 1 2.04047e+06
2140 0 0
2141 1 2.04249e+06
2142 0 0
2143 0 0
2144 1 2.04536e+06
2145 0 0
2146 0 0
2147 0 0
2148 1 2.04847e+06
2149 0 0
2150 1 2.05026e+06
2151 1 2.05188e+06
2152 0 0
2153 1 2.05373e+06
2154 0 0
2155 1 2.05579e+06
2156 0 0
2157 0 0
2158 1 2.05804e+06
2159 0 0
2160 0 0
2161 1 2.06099e+06
2162 0 0
2163 1 2.06334e+06
2164 0 0
2165 0 0
2166 1 2.0659e+06
2167 0 0
2168 1 2.068e+06
2169 0 0
2170 1 2.06949e+06
2171 1 2.07122e+06
2172 0 0
2173 1 2.07289e+06
2174 0 0
2175 0 0
2176 1 2.07516e+06
2177 0 0
2178 1 2.07781e+06
2179 0 0
2180 0 0
2181 1 2.08048e+06
2182 0 0
2183 1 2.08271e+06
2184 0 0
2185 1 2.08446e+06
2186 0 0
2187 0 0
2188 1 2.08673e+06
2189 0 0
2190 1 2.08922e+06
2191 0 0
2192 0 0
2193 0 0
2194 1 2.09261e+06
2195 0 0
2196 0 0
2197 1 2.0955e+06
2198 0 0
2199 0 0
2200 1 2.09889e+06
2201 0 0
2202 0 0
2203 0 0
2204 1 2.10256e+06
2205 0 0
2206 0 0
2207 1 2.10522e+06
2208 0 0
2209 1 2.10762e+06
2210 0 0
2211 0 0
2212 1 2.10993e+06
2213 0 0
2214 1 2.11224e+06
2215 0 0
2216 0 0
2217 1 2.11481e+06
2218 0 0
2219 1 2.11719e+06
2220 0 0
2221 1 2.11915e+06
2222 0 0
2223 0 0
2224 1 2.12157e+06
2225 1 2.12293e+06
2226 0 0
2227 1 2.12468e+06
2228 0 0
2229 1 2.12607e+06
2230 0 0
2231 1 2.12788e+06
2232 1 2.12948e+06
2233 0 0
2234 1 2.13152e+06
2235 0 0
2236 1 2.13329e+06
2237 0 0
2238 1 2.13479e+06
2239 1 2.13595e+06
2240 1 2.13672e+06
2241 1 2.13768e+06
2242 1 2.13876e+06
2243 0 0
2244 1 2.14014e+06
2245 1 2.14165e+06
2246 0 0
2247 1 2.1432e+06
2248 1 2.14432e+06
2249 0 0
2250 1 2.14566e+06
2251 0 0
2252 1 2.14773e+06
2253 0 0
2254 0 0
2255 1 2.15049e+06
2256 0 0
2257 1 2.1531e+06
2258 0 0
2259 0 0
2260 1 2.15518e+06
2261 1 2.15704e+06
2262 0 0
2263 1 2.15862e+06
2264 0 0
2265 1 2.16e+06
2266 0 0
2267 1 2.16218e+06
2268 0 0
2269 1 2.16422e+06
2270 0 0
2271 1 2.16617e+06
2272 1 2.16702e+06
2273 0 0
2274 1 2.16835e+06
2275 1 2.17004e+06
2276 0 0
2277 1 2.17211e+06
2278 0 0
2279 1 2.17386e+06
2280 0 0
2281 1 2.17549e+06
2282 0 0
2283 1 2.17693e+06
2284 0 0
2285 1 2.17894e+06
2286 0 0
2287 1 2.18151e+06
2288 0 0
2289 0 0
2290 1 2.18452e+06
2291 0 0
2292 0 0
2293 0 0
2294 1 2.18804e+06
2295 0 0
2296 0 0
2297 0 0
2298 1 2.1923e+06
2299 0 0
2300 0 0
2301 1 2.19519e+06
2302 0 0
2303 0 0
2304 1 2.1979e+06
2305 0 0
2306 0 0
2307 0 0
2308 1 2.2013e+06
2309 0 0
2310 0 0
2311 1 2.20451e+06
2312 0 0
2313 0 0
2314 1 2.20728e+06
2315 0 0
2316 0 0
2317 1 2.20976e+06
2318 1 2.21111e+06
2319 1 2.21246e+06
2320 0 0
2321 1 2.21359e+06
2322 0 0
2323 1 2.21542e+06
2324 0 0
2325 1 2.21759e+06
2326 0 0
2327 1 2.22e+06
2328 0 0
2329 0 0
2330 1 2.2223e+06
2331 0 0
2332 0 0
2333 1 2.22526e+06
2334 0 0
2335 1 2.22714e+06
2336 1 2.22863e+06
2337 0 0
2338 1 2.2304e+06
2339 0 0
2340 0 0
2341 1 2.2328e+06
2342 0 0
2343 0 0
2344 1 2.23613e+06
2345 0 0
2346 0 0
2347 1 2.2393e+06
2348 0 0
2349 0 0
2350 1 2.24154e+06
2351 0 0
2352 1 2.24412e+06
2353 0 0
2354 0 0
2355 1 2.24628e+06
2356 0 0
2357 1 2.2488e+06
2358 0 0
2359 0 0
2360 1 2.25118e+06
2361 0 0
2362 1 2.25342e+06
2363 0 0
2364 0 0
2365 1 2.25621e+06
2366 0 0
2367 0 0
2368 1 2.25903e+06
2369 0 0
2370 1 2.26136e+06
2371 0 0
2372 0 0
2373 1 2.26393e+06
2374 0 0
2375 0 0
2376 1 2.26644e+06
2377 0 0
2378 1 2.26845e+06
2379 0 0
2380 1 2.27039e+06
2381 1 2.27192e+06
2382 0 0
2383 1 2.27291e+06
2384 1 2.27404e+06
2385 1 2.27562e+06
2386 0 0
2387 1 2.2768e+06
2388 1 2.27834e+06
2389 0 0
2390 1 2.27958e+06
2391 0 0
2392 1 2.2813e+06
2393 1 2.28303e+06
2394 0 0
2395 1 2.28472e+06
2396 0 0
2397 0 0
2398 1 2.28728e+06
2399 1 2.28882e+06
2400 0 0
2401 0 0
2402 1 2.2908e+06
2403 0 0
2404 1 2.29298e+06
2405 0 0
2406 1 2.2952e+06
2407 0 0
2408 0 0
2409 1 2.29793e+06
2410 0 0
2411 0 0
2412 1 2.30097e+06
2413 0 0
2414 0 0
2415 1 2.30401e+06
2416 0 0
2417 0 0
2418 1 2.3066e+06
2419 0 0
2420 1 2.30857e+06
2421 0 0
2422 0 0
2423 1 2.31186e+06
2424 0 0
2425 0 0
2426 1 2.31456e+06
2427 0 0
2428 0 0
2429 1 2.31752e+06
2430 0 0
2431 0 0
2432 1 2.32045e+06
2433 0 0
2434 1 2.32199e+06
2435 0 0
2436 1 2.32407e+06
2437 0 0
2438 0 0
2439 1 2.32651e+06
2440 0 0
2441 0 0
2442 1 2.32968e+06
2443 0 0
2444 0 0
2445 1 2.33217e+06
2446 0 0
2447 0 0
2448 1 2.33512e+06
2449 0 0
2450 0 0
2451 1 2.33821e+06
2452 0 0
2453 0 0
2454 1 2.34127e+06
2455 0 0
2456 0 0
2457 0 0
2458 1 2.34485e+06
2459 0 0
2460 0 0
2461 1 2.34812e+06
2462 0 0
2463 0 0
2464 1 2.35119e+06
2465 0 0
2466 0 0
2467 1 2.35364e+06
2468 0 0
2469 1 2.35597e+06
2470 0 0
2471 1 2.3581e+06
2472 0 0
2473 1 2.35993e+06
2474 0 0
2475 1 2.36194e+06
2476 0 0
2477 0 0
2478 1 2.36451e+06
2479 0 0
2480 1 2.36628e+06
2481 0 0
2482 1 2.36791e+06
2483 1 2.36959e+06
2484 0 0
2485 0 0
2486 1 2.37179e+06
2487 0 0
2488 1 2.37366e+06
2489 0 0
2490 1 2.37551e+06
2491 1 2.37709e+06
2492 0 0
2493 1 2.37896e+06
2494 0 0
2495 0 0
2496 1 2.38123e+06
2497 0 0
2498 1 2.38377e+06
2499 0 0
2500 1 2.38578e+06
2501 0 0
2502 0 0
2503 1 2.38796e+06
2504 0 0
2505 1 2.39e+06
2506 0 0
2507 1 2.39244e+06
2508 0 0
2509 1 2.39441e+06
2510 0 0
2511 0 0
2512 1 2.39675e+06
2513 0 0
2514 1 2.39843e+06
2515 1 2.39989e+06
2516 0 0
2517 1 2.40123e+06
2518 1 2.40256e+06
2519 0 0
2520 1 2.40414e+06
2521 0 0
2522 1 2.40655e+06
2523 0 0
2524 0 0
2525 1 2.40885e+06
2526 1 2.41049e+06
2527 0 0
2528 1 2.41208e+06
2529 0 0
2530 1 2.41399e+06
2531 0 0
2532 1 2.41546e+06
2533 1 2.41702e+06
2534 0 0
2535 1 2.41849e+06
2536 1 2.41973e+06
2537 0 0
2538 1 2.4211e+06
2539 1 2.42205e+06
2540 0 0
2541 1 2.42364e+06
2542 1 2.42494e+06
2543 0 0
2544 1 2.42661e+06
2545 1 2.42823e+06
2546 0 0
2547 2 2.4297e+06
2548 1 2.43063e+06
2549 1 2.43139e+06
2550 0 0
2551 1 2.43307e+06
2552 0 0
2553 1 2.43572e+06
2554 0 0
2555 0 0
2556 1 2.43774e+06
2557 0 0
2558 1 2.43992e+06
2559 0 0
2560 1 2.44223e+06
2561 0 0
2562 0 0
2563 1 2.44488e+06
2564 0 0
2565 0 0
2566 0 0
2567 1 2.44846e+06
2568 0 0
2569 0 0
2570 1 2.45143e+06
2571 0 0
2572 1 2.45347e+06
2573 0 0
2574 1 2.45532e+06
2575 0 0
2576 1 2.45732e+06
2577 0 0
2578 1 2.45956e+06
2579 0 0
2580 0 0
2581 0 0
2582 1 2.46325e+06
2583 0 0
2584 0 0
2585 1 2.46652e+06
2586 0 0
2587 0 0
2588 1 2.46858e+06
2589 1 2.47024e+06
2590 0 0
2591 1 2.47179e+06
2592 0 0
2593 1 2.47389e+06
2594 0 0
2595 0 0
2596 1 2.47627e+06
2597 0 0
2598 1 2.47838e+06
2599 1 2.47973e+06
2600 0 0
2601 1 2.48114e+06
2602 0 0
2603 1 2.48283e+06
2604 0 0
2605 1 2.4855e+06
2606 0 0
2607 0 0
2608 1 2.48827e+06
2609 0 0
2610 0 0
2611 0 0
2612 1 2.49162e+06
2613 0 0
2614 1 2.49355e+06
2615 1 2.49504e+06
2616 0 0
2617 1 2.49671e+06
2618 0 0
2619 1 2.49868e+06
2620 0 0
2621 1 2.50072e+06
2622 0 0
2623 1 2.50256e+06
2624 0 0
2625 1 2.50396e+06
2626 1 2.50553e+06
2627 0 0
2628 1 2.50675e+06
2629 0 0
2630 1 2.50837e+06
2631 0 0
2632 1 2.5109e+06
2633 0 0
2634 0 0
2635 1 2.51355e+06
2636 0 0
2637 1 2.51545e+06
2638 1 2.51689e+06
2639 0 0
2640 1 2.51848e+06
2641 0 0
2642 1 2.51985e+06
2643 1 2.52156e+06
2644 0 0
2645 1 2.52303e+06
2646 0 0
2647 1 2.52471e+06
2648 1 2.52622e+06
2649 0 0
2650 0 0
2651 1 2.52846e+06
2652 0 0
2653 1 2.53062e+06
2654 0 0
2655 1 2.53258e+06
2656 0 0
2657 1 2.53488e+06
2658 0 0
2659 1 2.5367e+06
2660 0 0
2661 0 0
2662 1 2.53893e+06
2663 0 0
2664 0 0
2665 1 2.54179e+06
2666 0 0
2667 0 0
2668 1 2.54489e+06
2669 0 0
2670 0 0
2671 1 2.54764e+06
2672 0 0
2673 1 2.5498e+06
2674 0 0
2675 1 2.55178e+06
2676 0 0
2677 1 2.55344e+06
2678 1 2.55485e+06
2679 0 0
2680 1 2.55654e+06
2681 0 0
2682 1 2.55813e+06
2683 0 0
2684 1 2.56027e+06
2685 0 0
2686 1 2.56239e+06
2687 0 0
2688 0 0
2689 1 2.56487e+06
2690 1 2.56636e+06
2691 0 0
2692 1 2.56794e+06
2693 0 0
2694 1 2.56967e+06
2695 0 0
2696 1 2.57193e+06
2697 0 0
2698 0 0
2699 1 2.57491e+06
2700 0 0
2701 0 0
2702 0 0
2703 1 2.57856e+06
2704 0 0
2705 0 0
2706 0 0
2707 0 0
2708 1 2.58303e+06
2709 0 0
2710 0 0
2711 0 0
2712 1 2.58703e+06
2713 0 0
2714 1 2.58952e+06
2715 0 0
2716 1 2.59086e+06
2717 0 0
2718 1 2.59275e+06
2719 0 0
2720 1 2.59455e+06
2721 1 2.59597e+06
2722 0 0
2723 1 2.59745e+06
2724 1 2.59882e+06
2725 0 0
2726 1 2.60028e+06
2727 0 0
2728 1 2.60187e+06
2729 1 2.60284e+06
2730 1 2.60397e+06
2731 1 2.60488e+06
2732 0 0
2733 0 0
2734 0 0
2735 0 0
2736 0 0
2737 5 2.61037e+06
