#second results avg_latency(ms)
0 0 0
1 0 0
2 0 0
3 1 3397.21
4 0 0
5 1 5195.57
6 0 0
7 1 6841.44
8 1 8371.29
9 0 0
10 1 9916.93
11 0 0
12 1 11506.6
13 1 12958.6
14 0 0
15 1 14364
16 1 15666
17 1 17012.1
18 0 0
19 1 18554.9
20 1 19772.9
21 0 0
22 1 20976.3
23 1 22255.7
24 1 23367.8
25 0 0
26 1 24772.1
27 1 25857.3
28 1 27113.3
29 0 0
30 1 28232.4
31 1 29502.8
32 1 30687.2
33 0 0
34 1 31945.8
35 1 33037.3
36 1 34189.8
37 1 35471.5
38 0 0
39 1 36649.5
40 1 37979.5
41 1 38932.6
42 0 0
43 1 40390.8
44 1 41938.1
45 0 0
46 1 42988.3
47 1 44588
48 0 0
49 1 45940.3
50 1 47544.1
51 0 0
52 1 49078
53 0 0
54 1 50885.8
55 0 0
56 1 52417.3
57 1 54195.3
58 0 0
59 1 55724
60 0 0
61 1 57277.9
62 0 0
63 1 59169.3
64 0 0
65 1 61201.9
66 0 0
67 1 62934.6
68 1 64589.1
69 0 0
70 1 66098.3
71 0 0
72 1 67516.1
73 1 69068.8
74 0 0
75 1 70790.4
76 0 0
77 1 72412.3
78 0 0
79 1 74443.4
80 0 0
81 0 0
82 1 77219.4
83 0 0
84 0 0
85 1 80255.7
86 0 0
87 0 0
88 0 0
89 1 84034.6
90 1 85527.7
91 0 0
92 1 87181.6
93 0 0
94 1 88676.1
95 1 89914.4
96 0 0
97 1 91820.6
98 0 0
99 1 93530.5
100 1 94983.8
101 0 0
102 1 96318.8
103 1 97756.7
104 0 0
105 1 99225.2
106 0 0
107 1 101015
108 0 0
109 1 102930
110 0 0
111 0 0
112 1 106124
113 0 0
114 1 107747
115 0 0
116 0 0
117 1 110504
118 0 0
119 1 113038
120 0 0
121 1 114999
122 0 0
123 0 0
124 1 117499
125 0 0
126 0 0
127 1 119927
128 0 0
129 1 122318
130 0 0
131 1 124256
132 0 0
133 1 125693
134 1 127231
135 0 0
136 1 128778
137 1 130183
138 0 0
139 1 131192
140 1 132738
141 0 0
142 1 134064
143 1 135464
144 1 136518
145 0 0
146 1 137766
147 1 139258
148 1 140228
149 0 0
150 1 141791
151 1 143148
152 0 0
153 1 144203
154 1 145293
155 1 146576
156 1 147555
157 0 0
158 1 148943
159 1 150261
160 1 151559
161 0 0
162 1 152923
163 1 154064
164 0 0
165 1 155448
166 1 156771
167 0 0
168 1 158070
169 1 159407
170 1 160638
171 0 0
172 1 162205
173 1 163574
174 0 0
175 1 165529
176 0 0
177 1 166836
178 1 168235
179 0 0
180 1 169872
181 0 0
182 1 171485
183 1 172800
184 1 173726
185 0 0
186 1 175037
187 1 176269
188 1 177520
189 0 0
190 1 178681
191 1 180085
192 0 0
193 1 181370
194 1 182383
195 1 183832
196 0 0
197 1 185285
198 0 0
199 1 187102
200 0 0
201 1 188927
202 1 190117
203 1 191272
204 1 192480
205 0 0
206 1 194385
207 0 0
208 1 196321
209 0 0
210 0 0
211 1 198578
212 0 0
213 1 200266
214 1 201266
215 1 202413
216 0 0
217 1 203893
218 0 0
219 1 205876
220 1 207540
221 0 0
222 1 209392
223 0 0
224 1 211200
225 0 0
226 1 213129
227 0 0
228 1 214723
229 1 215547
230 1 216770
231 0 0
232 1 218039
233 1 219198
234 1 220507
235 0 0
236 1 221837
237 1 223439
238 0 0
239 1 225296
240 1 226327
241 0 0
242 1 227534
243 1 228438
244 1 229642
245 1 230933
246 0 0
247 1 232432
248 1 233522
249 0 0
250 1 234879
251 1 236312
252 0 0
253 1 237543
254 1 238846
255 0 0
256 1 240333
257 1 242166
258 0 0
259 1 243641
260 0 0
261 1 245053
262 1 246272
263 1 247669
264 0 0
265 1 249296
266 0 0
267 1 250653
268 1 252048
269 0 0
270 1 253484
271 1 255180
272 0 0
273 1 256526
274 1 258033
275 0 0
276 1 259645
277 0 0
278 1 261216
279 0 0
280 1 263002
281 0 0
282 1 264861
283 0 0
284 1 267107
285 0 0
286 1 269222
287 0 0
288 1 270807
289 1 272137
290 0 0
291 1 273475
292 1 274994
293 0 0
294 1 276364
295 0 0
296 1 278050
297 1 279440
298 0 0
299 1 281176
300 0 0
301 1 283455
302 0 0
303 0 0
304 1 285562
305 1 287283
306 0 0
307 1 288712
308 1 289850
309 1 291072
310 0 0
311 1 292488
312 0 0
313 1 293913
314 1 295435
315 0 0
316 1 297171
317 0 0
318 1 299112
319 0 0
320 1 300737
321 1 301802
322 1 303237
323 0 0
324 1 304605
325 1 305882
326 0 0
327 1 307249
328 1 308552
329 0 0
330 1 309884
331 1 311293
332 0 0
333 1 312575
334 1 313713
335 1 314840
336 1 316027
337 0 0
338 1 317288
339 1 318764
340 0 0
341 1 320121
342 1 321765
343 0 0
344 1 323066
345 1 324280
346 1 325445
347 1 326445
348 0 0
349 1 327805
350 1 329102
351 0 0
352 1 330644
353 1 331956
354 0 0
355 1 333512
356 0 0
357 1 335106
358 0 0
359 1 336846
360 1 338351
361 0 0
362 1 339757
363 1 341400
364 0 0
365 1 342729
366 1 344063
367 0 0
368 1 345431
369 1 346688
370 0 0
371 1 348155
372 1 349796
373 0 0
374 1 351616
375 0 0
376 1 353578
377 0 0
378 1 355253
379 0 0
380 1 356902
381 0 0
382 1 358431
383 1 360061
384 0 0
385 1 361497
386 1 362552
387 1 363596
388 1 364820
389 0 0
390 1 365860
391 1 367312
392 1 368442
393 0 0
394 1 369846
395 1 370811
396 1 372051
397 0 0
398 1 373409
399 1 375052
400 0 0
401 1 376669
402 0 0
403 1 378717
404 0 0
405 1 380382
406 0 0
407 1 381835
408 1 382776
409 1 384035
410 1 385234
411 0 0
412 1 386432
413 1 387462
414 0 0
415 1 389083
416 1 390610
417 1 391616
418 0 0
419 1 393040
420 1 394193
421 1 395335
422 0 0
423 1 396871
424 1 398211
425 0 0
426 1 399718
427 0 0
428 1 401269
429 1 402641
430 0 0
431 1 404187
432 1 405481
433 0 0
434 1 407076
435 1 408108
436 1 409360
437 1 410362
438 0 0
439 1 411786
440 0 0
441 1 413702
442 0 0
443 1 415179
444 1 416398
445 1 417721
446 0 0
447 1 418951
448 1 420252
449 1 421221
450 1 422374
451 0 0
452 1 423563
453 1 424734
454 1 426151
455 0 0
456 1 427547
457 1 428709
458 0 0
459 1 430048
460 1 431478
461 0 0
462 1 432915
463 1 434343
464 1 435331
465 0 0
466 1 436533
467 1 437927
468 0 0
469 1 439442
470 1 440899
471 0 0
472 1 442165
473 1 443500
474 0 0
475 1 445538
476 0 0
477 1 447281
478 0 0
479 1 448727
480 1 450051
481 0 0
482 1 451902
483 0 0
484 1 453783
485 0 0
486 1 455907
487 1 457049
488 0 0
489 1 458535
490 1 459951
491 0 0
492 1 461132
493 1 462461
494 1 463608
495 0 0
496 1 464879
497 1 466192
498 0 0
499 1 467962
500 0 0
501 1 469709
502 0 0
503 0 0
504 1 472203
505 0 0
506 1 474622
507 0 0
508 1 476092
509 1 477527
510 0 0
511 1 479067
512 1 480449
513 0 0
514 1 481848
515 1 483223
516 0 0
517 1 484900
518 0 0
519 1 486431
520 0 0
521 1 488609
522 0 0
523 0 0
524 1 491457
525 0 0
526 1 493634
527 0 0
528 1 495230
529 0 0
530 1 496850
531 0 0
532 1 498784
533 1 500384
534 0 0
535 1 501779
536 1 503138
537 0 0
538 1 504530
539 1 505938
540 0 0
541 1 507338
542 1 508729
543 0 0
544 1 510281
545 1 511760
546 0 0
547 1 513329
548 0 0
549 1 515129
550 0 0
551 1 516727
552 1 518200
553 0 0
554 1 520152
555 0 0
556 1 521645
557 0 0
558 1 523390
559 0 0
560 1 524970
561 1 526521
562 1 527564
563 0 0
564 1 528875
565 1 529896
566 1 531290
567 0 0
568 1 533335
569 0 0
570 1 535155
571 0 0
572 1 536651
573 1 538033
574 0 0
575 1 539365
576 1 540730
577 0 0
578 1 542065
579 1 543273
580 1 544460
581 0 0
582 1 545675
583 1 547060
584 0 0
585 1 548336
586 1 549510
587 1 550788
588 0 0
589 1 552069
590 1 553315
591 1 554557
592 0 0
593 1 555941
594 0 0
595 1 557603
596 1 558854
597 1 560068
598 1 561248
599 0 0
600 1 562441
601 1 563882
602 1 564954
603 0 0
604 1 566231
605 1 567580
606 1 568664
607 0 0
608 1 570073
609 1 570996
610 0 0
611 1 572381
612 1 573637
613 0 0
614 1 575406
615 1 576847
616 0 0
617 1 578369
618 1 579639
619 0 0
620 1 581159
621 1 582544
622 0 0
623 1 584000
624 0 0
625 1 585498
626 1 586713
627 1 587701
628 1 589043
629 0 0
630 1 590354
631 1 591475
632 0 0
633 1 592915
634 1 594099
635 1 595349
636 1 596508
637 0 0
638 1 597770
639 1 599137
640 1 600145
641 0 0
642 1 601487
643 1 602898
644 0 0
645 1 604528
646 0 0
647 1 606421
648 1 607609
649 0 0
650 1 608980
651 1 610317
652 0 0
653 1 611810
654 1 613303
655 0 0
656 1 614976
657 0 0
658 1 616245
659 1 617622
660 1 618959
661 0 0
662 1 620438
663 0 0
664 1 621809
665 1 623050
666 1 624324
667 0 0
668 1 625558
669 1 626968
670 0 0
671 1 628496
672 1 629719
673 1 630640
674 1 631888
675 0 0
676 1 633473
677 0 0
678 1 634909
679 1 636357
680 0 0
681 1 638197
682 0 0
683 1 639847
684 0 0
685 1 641556
686 1 643262
687 0 0
688 1 644357
689 1 645346
690 1 646490
691 1 647798
692 0 0
693 1 648870
694 1 650413
695 0 0
696 1 651793
697 1 652976
698 0 0
699 1 654380
700 1 655743
701 0 0
702 1 657397
703 1 658751
704 0 0
705 1 660222
706 1 661609
707 0 0
708 1 663125
709 1 664400
710 0 0
711 1 665724
712 1 667172
713 0 0
714 1 669001
715 0 0
716 1 670500
717 1 671755
718 0 0
719 1 673286
720 1 674926
721 0 0
722 1 676394
723 1 677504
724 0 0
725 1 678921
726 1 680368
727 0 0
728 1 681936
729 1 683337
730 0 0
731 1 684697
732 0 0
733 1 686459
734 1 687912
735 0 0
736 1 689147
737 1 690609
738 0 0
739 1 691838
740 1 693095
741 1 694264
742 0 0
743 1 695542
744 1 697097
745 0 0
746 1 698326
747 1 699475
748 1 700773
749 1 701776
750 0 0
751 1 703216
752 1 704433
753 1 705527
754 0 0
755 1 706694
756 1 707824
757 1 708965
758 1 710235
759 0 0
760 1 711625
761 0 0
762 1 713301
763 1 714691
764 0 0
765 1 716348
766 0 0
767 1 717919
768 1 719661
769 0 0
770 1 721221
771 0 0
772 1 722965
773 0 0
774 1 724370
775 1 725679
776 0 0
777 1 727317
778 1 728558
779 0 0
780 1 730150
781 1 731556
782 0 0
783 1 732891
784 1 734600
785 0 0
786 1 736099
787 0 0
788 1 737729
789 1 739246
790 0 0
791 1 740586
792 0 0
793 1 742302
794 1 743566
795 0 0
796 1 745037
797 1 746751
798 0 0
799 1 748383
800 1 749639
801 0 0
802 0 0
803 1 751600
804 0 0
805 1 753529
806 1 755090
807 0 0
808 1 757004
809 0 0
810 1 758398
811 0 0
812 1 760634
813 0 0
814 1 762444
815 0 0
816 1 764289
817 0 0
818 1 766010
819 1 767345
820 1 768390
821 0 0
822 1 769984
823 1 771154
824 0 0
825 1 772623
826 0 0
827 1 774351
828 1 775632
829 1 776752
830 0 0
831 1 777949
832 1 779069
833 1 780470
834 0 0
835 1 781953
836 1 783122
837 0 0
838 1 784454
839 1 785865
840 1 787045
841 0 0
842 1 788550
843 1 789751
844 1 790702
845 1 791568
846 0 0
847 1 792853
848 1 794261
849 0 0
850 1 795601
851 1 797171
852 0 0
853 1 798872
854 0 0
855 1 800429
856 1 801904
857 0 0
858 1 803687
859 0 0
860 1 805303
861 0 0
862 1 807143
863 1 808622
864 0 0
865 1 810271
866 0 0
867 1 811769
868 1 813270
869 0 0
870 1 815182
871 0 0
872 1 816830
873 0 0
874 1 818708
875 0 0
876 1 820330
877 0 0
878 1 821916
879 1 823566
880 0 0
881 1 825095
882 0 0
883 1 826661
884 1 827807
885 1 829146
886 0 0
887 1 830451
888 1 831804
889 0 0
890 1 833236
891 1 834900
892 0 0
893 1 836118
894 1 837401
895 0 0
896 1 839189
897 0 0
898 1 840582
899 1 842201
900 0 0
901 1 843917
902 0 0
903 1 845596
904 0 0
905 1 847302
906 1 849044
907 0 0
908 1 850610
909 0 0
910 1 851946
911 1 853447
912 0 0
913 1 855056
914 1 856340
915 0 0
916 1 857765
917 1 858922
918 1 860190
919 0 0
920 1 861322
921 1 862428
922 1 863898
923 0 0
924 1 864960
925 1 866103
926 1 867368
927 0 0
928 1 868759
929 0 0
930 1 870745
931 0 0
932 1 872676
933 0 0
934 1 874490
935 0 0
936 1 876231
937 0 0
938 1 878523
939 0 0
940 0 0
941 1 881007
942 0 0
943 1 883536
944 0 0
945 0 0
946 1 886421
947 0 0
948 0 0
949 1 888999
950 0 0
951 1 890904
952 1 892402
953 0 0
954 1 893852
955 1 894987
956 0 0
957 1 896572
958 1 897855
959 0 0
960 1 899253
961 1 900593
962 0 0
963 1 901985
964 1 903325
965 0 0
966 1 904648
967 0 0
968 1 906891
969 0 0
970 0 0
971 1 909583
972 0 0
973 0 0
974 1 912636
975 0 0
976 1 914798
977 0 0
978 1 916802
979 0 0
980 1 918475
981 1 919845
982 0 0
983 1 920966
984 1 922232
985 1 923419
986 0 0
987 1 924907
988 0 0
989 1 926556
990 1 927965
991 0 0
992 1 929869
993 0 0
994 1 932057
995 0 0
996 1 933476
997 0 0
998 1 934964
999 1 936566
1000 0 0
1001 1 937791
1002 1 939311
1003 0 0
1004 1 941001
1005 0 0
1006 1 942477
1007 0 0
1008 1 944458
1009 1 945945
1010 0 0
1011 1 947539
1012 0 0
1013 1 949017
1014 1 950343
1015 1 951516
1016 1 952539
1017 0 0
1018 1 953803
1019 1 955003
1020 0 0
1021 1 956389
1022 1 957929
1023 0 0
1024 1 959814
1025 0 0
1026 1 961392
1027 0 0
1028 1 963506
1029 0 0
1030 1 965106
1031 1 966246
1032 1 967359
1033 1 968316
1034 0 0
1035 1 969673
1036 1 970849
1037 0 0
1038 1 972294
1039 1 973986
1040 0 0
1041 1 975796
1042 0 0
1043 1 977508
1044 0 0
1045 1 979274
1046 0 0
1047 1 980910
1048 1 982264
1049 0 0
1050 1 984083
1051 1 985192
1052 0 0
1053 1 986717
1054 1 988069
1055 0 0
1056 1 989566
1057 1 990834
1058 0 0
1059 1 992209
1060 1 993732
1061 0 0
1062 1 995298
1063 1 996579
1064 0 0
1065 1 997590
1066 1 999016
1067 1 1.00002e+06
1068 0 0
1069 1 1.00147e+06
1070 0 0
1071 1 1.00383e+06
1072 0 0
1073 1 1.00607e+06
1074 0 0
1075 0 0
1076 1 1.0082e+06
1077 0 0
1078 1 1.0101e+06
1079 1 1.01124e+06
1080 1 1.01257e+06
1081 0 0
1082 1 1.01401e+06
1083 0 0
1084 1 1.01555e+06
1085 1 1.01717e+06
1086 0 0
1087 1 1.01837e+06
1088 1 1.01964e+06
1089 1 1.02097e+06
1090 0 0
1091 1 1.02209e+06
1092 1 1.02331e+06
1093 1 1.02455e+06
1094 1 1.02554e+06
1095 0 0
1096 1 1.02701e+06
1097 1 1.02845e+06
1098 0 0
1099 1 1.02981e+06
1100 1 1.03112e+06
1101 0 0
1102 1 1.03254e+06
1103 1 1.03404e+06
1104 0 0
1105 1 1.03544e+06
1106 0 0
1107 1 1.03688e+06
1108 1 1.03818e+06
1109 1 1.03938e+06
1110 0 0
1111 1 1.04074e+06
1112 1 1.04219e+06
1113 0 0
1114 1 1.04373e+06
1115 0 0
1116 1 1.04537e+06
1117 1 1.04669e+06
1118 1 1.04796e+06
1119 0 0
1120 1 1.04944e+06
1121 0 0
1122 1 1.05159e+06
1123 0 0
1124 1 1.05375e+06
1125 0 0
1126 0 0
1127 1 1.05634e+06
1128 0 0
1129 0 0
1130 1 1.05865e+06
1131 1 1.06008e+06
1132 0 0
1133 1 1.06172e+06
1134 1 1.06317e+06
1135 0 0
1136 1 1.06499e+06
1137 0 0
1138 0 0
1139 1 1.06777e+06
1140 0 0
1141 0 0
1142 1 1.07e+06
1143 0 0
1144 1 1.07213e+06
1145 0 0
1146 1 1.0741e+06
1147 0 0
1148 1 1.07589e+06
1149 0 0
1150 1 1.07836e+06
1151 0 0
1152 1 1.07971e+06
1153 1 1.08122e+06
1154 0 0
1155 1 1.08266e+06
1156 1 1.08391e+06
1157 0 0
1158 1 1.08533e+06
1159 1 1.08672e+06
1160 0 0
1161 1 1.08809e+06
1162 1 1.08881e+06
1163 1 1.0899e+06
1164 1 1.0909e+06
1165 0 0
1166 1 1.09251e+06
1167 1 1.09395e+06
1168 0 0
1169 1 1.09538e+06
1170 1 1.09693e+06
1171 0 0
1172 1 1.09856e+06
1173 0 0
1174 1 1.10001e+06
1175 1 1.10165e+06
1176 0 0
1177 1 1.10282e+06
1178 1 1.10437e+06
1179 1 1.10541e+06
1180 0 0
1181 1 1.10666e+06
1182 1 1.10764e+06
1183 1 1.10886e+06
1184 1 1.10986e+06
1185 1 1.11093e+06
1186 0 0
1187 1 1.11223e+06
1188 1 1.11339e+06
1189 0 0
1190 1 1.11495e+06
1191 1 1.11625e+06
1192 0 0
1193 1 1.11796e+06
1194 0 0
1195 1 1.11961e+06
1196 1 1.12099e+06
1197 1 1.12222e+06
1198 0 0
1199 1 1.12384e+06
1200 0 0
1201 1 1.12533e+06
1202 1 1.12669e+06
1203 0 0
1204 1 1.12805e+06
1205 1 1.12955e+06
1206 0 0
1207 1 1.13126e+06
1208 1 1.13237e+06
1209 0 0
1210 0 0
1211 1 1.13451e+06
1212 0 0
1213 0 0
1214 1 1.13781e+06
1215 0 0
1216 0 0
1217 0 0
1218 1 1.14217e+06
1219 0 0
1220 0 0
1221 0 0
1222 0 0
1223 0 0
1224 1 1.14756e+06
1225 0 0
1226 1 1.14988e+06
1227 0 0
1228 1 1.15167e+06
1229 0 0
1230 1 1.15355e+06
1231 0 0
1232 0 0
1233 1 1.15585e+06
1234 0 0
1235 1 1.15786e+06
1236 1 1.15941e+06
1237 0 0
1238 1 1.16066e+06
1239 1 1.16225e+06
1240 0 0
1241 1 1.16375e+06
1242 0 0
1243 1 1.16521e+06
1244 1 1.16706e+06
1245 0 0
1246 1 1.16863e+06
1247 0 0
1248 1 1.17008e+06
1249 1 1.17142e+06
1250 0 0
1251 1 1.1728e+06
1252 1 1.17453e+06
1253 0 0
1254 1 1.17626e+06
1255 0 0
1256 1 1.17768e+06
1257 0 0
1258 1 1.17931e+06
1259 1 1.1805e+06
1260 1 1.18184e+06
1261 0 0
1262 1 1.18323e+06
1263 1 1.18438e+06
1264 0 0
1265 1 1.18598e+06
1266 1 1.18729e+06
1267 0 0
1268 1 1.18891e+06
1269 1 1.18992e+06
1270 1 1.19124e+06
1271 0 0
1272 1 1.19241e+06
1273 1 1.19364e+06
1274 1 1.19483e+06
1275 0 0
1276 1 1.19608e+06
1277 1 1.19734e+06
1278 1 1.19872e+06
1279 0 0
1280 1 1.19982e+06
1281 1 1.20119e+06
1282 0 0
1283 1 1.20263e+06
1284 1 1.20378e+06
1285 1 1.20508e+06
1286 0 0
1287 1 1.2065e+06
1288 1 1.20776e+06
1289 0 0
1290 1 1.20907e+06
1291 1 1.21052e+06
1292 1 1.21159e+06
1293 1 1.21267e+06
1294 0 0
1295 1 1.21404e+06
1296 0 0
1297 1 1.21555e+06
1298 1 1.21688e+06
1299 0 0
1300 1 1.2183e+06
1301 1 1.21973e+06
1302 1 1.22076e+06
1303 0 0
1304 1 1.22204e+06
1305 1 1.2231e+06
1306 1 1.22427e+06
1307 1 1.22551e+06
1308 0 0
1309 1 1.22665e+06
1310 1 1.22781e+06
1311 1 1.2291e+06
1312 1 1.23014e+06
1313 0 0
1314 1 1.23146e+06
1315 1 1.23304e+06
1316 0 0
1317 1 1.23492e+06
1318 0 0
1319 0 0
1320 1 1.23703e+06
1321 0 0
1322 1 1.23888e+06
1323 0 0
1324 1 1.24067e+06
1325 1 1.24192e+06
1326 1 1.24344e+06
1327 0 0
1328 1 1.24486e+06
1329 0 0
1330 1 1.24665e+06
1331 1 1.24759e+06
1332 1 1.24889e+06
1333 0 0
1334 1 1.25017e+06
1335 1 1.2513e+06
1336 1 1.25256e+06
1337 0 0
1338 1 1.25392e+06
1339 1 1.25533e+06
1340 0 0
1341 1 1.25683e+06
1342 1 1.25796e+06
1343 0 0
1344 1 1.25953e+06
1345 1 1.2611e+06
1346 0 0
1347 1 1.26271e+06
1348 0 0
1349 1 1.2642e+06
1350 1 1.26529e+06
1351 1 1.26653e+06
1352 1 1.26761e+06
1353 0 0
1354 1 1.26902e+06
1355 1 1.27009e+06
1356 0 0
1357 1 1.27146e+06
1358 1 1.27272e+06
1359 0 0
1360 1 1.27417e+06
1361 1 1.27536e+06
1362 1 1.27674e+06
1363 0 0
1364 1 1.27811e+06
1365 1 1.27938e+06
1366 0 0
1367 1 1.28075e+06
1368 1 1.28246e+06
1369 0 0
1370 1 1.28446e+06
1371 0 0
1372 1 1.28628e+06
1373 0 0
1374 1 1.28777e+06
1375 1 1.28892e+06
1376 1 1.29003e+06
1377 0 0
1378 1 1.29127e+06
1379 1 1.29219e+06
1380 1 1.29339e+06
1381 1 1.29461e+06
1382 0 0
1383 1 1.29614e+06
1384 0 0
1385 1 1.29763e+06
1386 1 1.29916e+06
1387 0 0
1388 1 1.30075e+06
1389 1 1.30209e+06
1390 0 0
1391 1 1.30325e+06
1392 1 1.3048e+06
1393 0 0
1394 1 1.30639e+06
1395 0 0
1396 1 1.30826e+06
1397 0 0
1398 1 1.31041e+06
1399 0 0
1400 1 1.31177e+06
1401 1 1.31308e+06
1402 0 0
1403 1 1.31476e+06
1404 0 0
1405 1 1.31633e+06
1406 1 1.31796e+06
1407 0 0
1408 1 1.31951e+06
1409 1 1.32075e+06
1410 0 0
1411 1 1.32192e+06
1412 1 1.32304e+06
1413 1 1.3246e+06
1414 0 0
1415 1 1.32637e+06
1416 0 0
1417 1 1.32799e+06
1418 0 0
1419 1 1.33002e+06
1420 0 0
1421 1 1.33132e+06
1422 1 1.33261e+06
1423 1 1.33358e+06
1424 1 1.33475e+06
1425 0 0
1426 1 1.33615e+06
1427 1 1.33768e+06
1428 0 0
1429 1 1.33953e+06
1430 0 0
1431 1 1.34138e+06
1432 0 0
1433 1 1.34262e+06
1434 1 1.34406e+06
1435 0 0
1436 1 1.34543e+06
1437 1 1.34667e+06
1438 0 0
1439 1 1.3483e+06
1440 1 1.34954e+06
1441 0 0
1442 1 1.35113e+06
1443 1 1.35236e+06
1444 0 0
1445 1 1.35381e+06
1446 0 0
1447 1 1.35561e+06
1448 1 1.35708e+06
1449 0 0
1450 1 1.3586e+06
1451 0 0
1452 1 1.36065e+06
1453 0 0
1454 1 1.36273e+06
1455 0 0
1456 1 1.36479e+06
1457 0 0
1458 1 1.36633e+06
1459 1 1.3676e+06
1460 0 0
1461 1 1.36914e+06
1462 1 1.37063e+06
1463 0 0
1464 1 1.37238e+06
1465 0 0
1466 1 1.37364e+06
1467 1 1.375e+06
1468 0 0
1469 1 1.37629e+06
1470 1 1.37784e+06
1471 0 0
1472 1 1.37924e+06
1473 0 0
1474 1 1.38108e+06
1475 1 1.38239e+06
1476 1 1.38373e+06
1477 0 0
1478 1 1.38549e+06
1479 0 0
1480 1 1.38731e+06
1481 0 0
1482 1 1.3888e+06
1483 0 0
1484 1 1.39059e+06
1485 0 0
1486 0 0
1487 1 1.3936e+06
1488 0 0
1489 0 0
1490 0 0
1491 1 1.39734e+06
1492 0 0
1493 0 0
1494 0 0
1495 1 1.40193e+06
1496 0 0
1497 0 0
1498 0 0
1499 1 1.40536e+06
1500 0 0
1501 1 1.40695e+06
1502 1 1.40844e+06
1503 0 0
1504 1 1.40974e+06
1505 1 1.41135e+06
1506 0 0
1507 1 1.4128e+06
1508 0 0
1509 1 1.41452e+06
1510 1 1.416e+06
1511 0 0
1512 1 1.41728e+06
1513 1 1.41849e+06
1514 1 1.41951e+06
1515 1 1.42057e+06
1516 0 0
1517 1 1.42182e+06
1518 1 1.4231e+06
1519 1 1.42439e+06
1520 0 0
1521 1 1.42565e+06
1522 1 1.42672e+06
1523 1 1.4281e+06
1524 0 0
1525 1 1.42944e+06
1526 1 1.43062e+06
1527 1 1.43166e+06
1528 1 1.4325e+06
1529 1 1.43369e+06
1530 0 0
1531 1 1.43484e+06
1532 1 1.43636e+06
1533 0 0
1534 1 1.4376e+06
1535 1 1.43924e+06
1536 0 0
1537 1 1.44072e+06
1538 0 0
1539 1 1.44235e+06
1540 0 0
1541 1 1.44444e+06
1542 1 1.44571e+06
1543 0 0
1544 1 1.44704e+06
1545 1 1.44839e+06
1546 0 0
1547 1 1.44979e+06
1548 1 1.45136e+06
1549 0 0
1550 1 1.45288e+06
1551 1 1.4539e+06
1552 1 1.45493e+06
1553 1 1.45617e+06
1554 0 0
1555 1 1.45722e+06
1556 1 1.45846e+06
1557 1 1.45954e+06
1558 0 0
1559 1 1.4609e+06
1560 1 1.46211e+06
1561 0 0
1562 1 1.46363e+06
1563 1 1.46524e+06
1564 0 0
1565 1 1.467e+06
1566 0 0
1567 1 1.46844e+06
1568 1 1.47007e+06
1569 0 0
1570 2 1.47154e+06
1571 0 0
1572 1 1.47307e+06
1573 1 1.47411e+06
1574 1 1.47549e+06
1575 0 0
1576 1 1.47688e+06
1577 0 0
1578 1 1.47848e+06
1579 1 1.48012e+06
1580 0 0
1581 1 1.48159e+06
1582 0 0
1583 1 1.48332e+06
1584 1 1.48494e+06
1585 0 0
1586 1 1.48636e+06
1587 0 0
1588 1 1.48805e+06
1589 1 1.48918e+06
1590 1 1.49046e+06
1591 0 0
1592 1 1.49183e+06
1593 1 1.49336e+06
1594 0 0
1595 1 1.49469e+06
1596 0 0
1597 1 1.49646e+06
1598 1 1.49781e+06
1599 0 0
1600 1 1.49913e+06
1601 1 1.5006e+06
1602 0 0
1603 1 1.50227e+06
1604 1 1.50357e+06
1605 0 0
1606 1 1.50478e+06
1607 1 1.50617e+06
1608 0 0
1609 1 1.50786e+06
1610 0 0
1611 1 1.51009e+06
1612 0 0
1613 1 1.51209e+06
1614 0 0
1615 1 1.51331e+06
1616 1 1.51449e+06
1617 1 1.51564e+06
1618 0 0
1619 1 1.51697e+06
1620 1 1.51819e+06
1621 0 0
1622 1 1.51967e+06
1623 1 1.52098e+06
1624 1 1.52239e+06
1625 0 0
1626 1 1.52349e+06
1627 1 1.52463e+06
1628 0 0
1629 1 1.52628e+06
1630 1 1.52757e+06
1631 0 0
1632 1 1.5293e+06
1633 1 1.53074e+06
1634 0 0
1635 1 1.53227e+06
1636 0 0
1637 1 1.53424e+06
1638 0 0
1639 0 0
1640 1 1.53696e+06
1641 0 0
1642 1 1.53927e+06
1643 0 0
1644 0 0
1645 1 1.54167e+06
1646 0 0
1647 1 1.5436e+06
1648 0 0
1649 1 1.54544e+06
1650 0 0
1651 1 1.54714e+06
1652 1 1.54854e+06
1653 0 0
1654 1 1.55049e+06
1655 0 0
1656 1 1.55196e+06
1657 1 1.55347e+06
1658 0 0
1659 1 1.5549e+06
1660 1 1.55609e+06
1661 0 0
1662 1 1.5577e+06
1663 1 1.55926e+06
1664 0 0
1665 1 1.56073e+06
1666 0 0
1667 1 1.56226e+06
1668 1 1.56375e+06
1669 0 0
1670 0 0
1671 0 0
1672 0 0
1673 1 1.56793e+06
1674 0 0
1675 0 0
1676 0 0
1677 0 0
1678 0 0
1679 0 0
1680 1 1.57571e+06
1681 0 0
1682 0 0
1683 0 0
1684 0 0
1685 0 0
1686 0 0
1687 0 0
1688 0 0
1689 0 0
1690 0 0
1691 0 0
1692 0 0
1693 1 1.58779e+06
1694 0 0
1695 0 0
1696 0 0
1697 0 0
1698 0 0
1699 0 0
1700 0 0
1701 0 0
1702 0 0
1703 0 0
1704 0 0
1705 0 0
1706 0 0
1707 1 1.60246e+06
1708 0 0
1709 0 0
1710 0 0
1711 1 1.60573e+06
1712 0 0
1713 1 1.60793e+06
1714 0 0
1715 1 1.61019e+06
1716 0 0
1717 0 0
1718 1 1.61291e+06
1719 0 0
1720 1 1.61484e+06
1721 0 0
1722 1 1.61641e+06
1723 1 1.61781e+06
1724 0 0
1725 1 1.61913e+06
1726 1 1.62051e+06
1727 0 0
1728 1 1.62205e+06
1729 0 0
1730 1 1.62355e+06
1731 1 1.62515e+06
1732 1 1.62615e+06
1733 0 0
1734 1 1.62731e+06
1735 1 1.62879e+06
1736 0 0
1737 1 1.63003e+06
1738 1 1.63147e+06
1739 0 0
1740 1 1.63287e+06
1741 1 1.63391e+06
1742 0 0
1743 1 1.63561e+06
1744 1 1.63689e+06
1745 1 1.63835e+06
1746 0 0
1747 1 1.63958e+06
1748 1 1.6411e+06
1749 0 0
1750 1 1.64251e+06
1751 1 1.6439e+06
1752 0 0
1753 1 1.64529e+06
1754 1 1.64663e+06
1755 0 0
1756 1 1.64813e+06
1757 0 0
1758 1 1.64963e+06
1759 1 1.65074e+06
1760 1 1.65183e+06
1761 1 1.6531e+06
1762 1 1.65407e+06
1763 0 0
1764 1 1.65526e+06
1765 1 1.65637e+06
1766 1 1.65746e+06
1767 0 0
1768 1 1.65884e+06
1769 1 1.66013e+06
1770 0 0
1771 1 1.66208e+06
1772 0 0
1773 1 1.66375e+06
1774 1 1.66536e+06
1775 0 0
1776 1 1.6669e+06
1777 1 1.66812e+06
1778 0 0
1779 1 1.6694e+06
1780 1 1.67088e+06
1781 0 0
1782 1 1.67233e+06
1783 0 0
1784 1 1.67413e+06
1785 1 1.67539e+06
1786 0 0
1787 1 1.67679e+06
1788 1 1.67785e+06
1789 1 1.67928e+06
1790 0 0
1791 1 1.68075e+06
1792 1 1.68217e+06
1793 0 0
1794 1 1.68359e+06
1795 0 0
1796 1 1.68532e+06
1797 0 0
1798 1 1.68699e+06
1799 1 1.68863e+06
1800 0 0
1801 0 0
1802 1 1.6908e+06
1803 0 0
1804 1 1.693e+06
1805 0 0
1806 0 0
1807 1 1.69621e+06
1808 0 0
1809 0 0
1810 1 1.69847e+06
1811 0 0
1812 1 1.70037e+06
1813 1 1.70172e+06
1814 1 1.70301e+06
1815 0 0
1816 1 1.70459e+06
1817 0 0
1818 1 1.70604e+06
1819 1 1.70769e+06
1820 0 0
1821 1 1.70949e+06
1822 0 0
1823 1 1.71092e+06
1824 1 1.71208e+06
1825 1 1.71305e+06
1826 1 1.71425e+06
1827 0 0
1828 1 1.71544e+06
1829 1 1.71642e+06
1830 1 1.71769e+06
1831 0 0
1832 1 1.71887e+06
1833 1 1.72029e+06
1834 0 0
1835 1 1.72177e+06
1836 1 1.7233e+06
1837 0 0
1838 1 1.7248e+06
1839 1 1.72598e+06
1840 0 0
1841 1 1.72768e+06
1842 1 1.72876e+06
1843 1 1.72984e+06
1844 0 0
1845 1 1.73106e+06
1846 1 1.73214e+06
1847 1 1.73324e+06
1848 1 1.73431e+06
1849 0 0
1850 1 1.73566e+06
1851 1 1.73735e+06
1852 0 0
1853 1 1.73889e+06
1854 1 1.74014e+06
1855 0 0
1856 1 1.7414e+06
1857 1 1.74284e+06
1858 0 0
1859 1 1.74469e+06
1860 0 0
1861 1 1.74673e+06
1862 0 0
1863 0 0
1864 1 1.74886e+06
1865 0 0
1866 1 1.75069e+06
1867 0 0
1868 1 1.7526e+06
1869 1 1.75439e+06
1870 0 0
1871 1 1.75576e+06
1872 0 0
1873 1 1.75741e+06
1874 1 1.75862e+06
1875 1 1.75982e+06
1876 0 0
1877 1 1.76148e+06
1878 1 1.76287e+06
1879 0 0
1880 1 1.76454e+06
1881 0 0
1882 1 1.76579e+06
1883 1 1.76685e+06
1884 1 1.76825e+06
1885 0 0
1886 1 1.76965e+06
1887 1 1.77121e+06
1888 0 0
1889 1 1.77286e+06
1890 0 0
1891 1 1.77443e+06
1892 0 0
1893 1 1.77614e+06
1894 1 1.77742e+06
1895 1 1.77872e+06
1896 0 0
1897 1 1.78003e+06
1898 1 1.78149e+06
1899 0 0
1900 1 1.78301e+06
1901 0 0
1902 1 1.78498e+06
1903 0 0
1904 1 1.78702e+06
1905 0 0
1906 1 1.78825e+06
1907 1 1.78963e+06
1908 1 1.79074e+06
1909 0 0
1910 1 1.79223e+06
1911 1 1.79375e+06
1912 0 0
1913 1 1.79496e+06
1914 1 1.7964e+06
1915 0 0
1916 1 1.79771e+06
1917 0 0
1918 1 1.79953e+06
1919 1 1.80117e+06
1920 0 0
1921 1 1.80275e+06
1922 0 0
1923 1 1.80455e+06
1924 1 1.80554e+06
1925 1 1.80681e+06
1926 0 0
1927 1 1.80848e+06
1928 0 0
1929 1 1.80993e+06
1930 1 1.81098e+06
1931 1 1.81225e+06
1932 0 0
1933 1 1.81345e+06
1934 1 1.81449e+06
1935 1 1.81553e+06
1936 1 1.81674e+06
1937 1 1.81784e+06
1938 0 0
1939 1 1.81922e+06
1940 0 0
1941 1 1.82093e+06
1942 0 0
1943 1 1.82278e+06
1944 1 1.8243e+06
1945 0 0
1946 1 1.82585e+06
1947 0 0
1948 1 1.82744e+06
1949 1 1.8292e+06
1950 0 0
1951 1 1.83093e+06
1952 0 0
1953 1 1.83251e+06
1954 1 1.83378e+06
1955 0 0
1956 1 1.83491e+06
1957 1 1.83596e+06
1958 1 1.83708e+06
1959 0 0
1960 1 1.83878e+06
1961 0 0
1962 1 1.84059e+06
1963 0 0
1964 1 1.8426e+06
1965 1 1.84425e+06
1966 0 0
1967 1 1.84553e+06
1968 1 1.84699e+06
1969 0 0
1970 1 1.84827e+06
1971 1 1.84962e+06
1972 0 0
1973 1 1.85097e+06
1974 1 1.85248e+06
1975 0 0
1976 1 1.8538e+06
1977 1 1.85545e+06
1978 0 0
1979 1 1.85698e+06
1980 0 0
1981 1 1.85853e+06
1982 0 0
1983 1 1.86022e+06
1984 1 1.86187e+06
1985 0 0
1986 1 1.86377e+06
1987 0 0
1988 1 1.86557e+06
1989 0 0
1990 1 1.86713e+06
1991 0 0
1992 1 1.86887e+06
1993 1 1.87031e+06
1994 0 0
1995 1 1.87158e+06
1996 1 1.87256e+06
1997 1 1.87379e+06
1998 0 0
1999 1 1.87518e+06
2000 1 1.87692e+06
2001 0 0
2002 1 1.8787e+06
2003 0 0
2004 0 0
2005 1 1.88089e+06
2006 1 1.88231e+06
2007 0 0
2008 1 1.88419e+06
2009 1 1.88529e+06
2010 0 0
2011 1 1.88655e+06
2012 1 1.88801e+06
2013 0 0
2014 1 1.88977e+06
2015 1 1.89105e+06
2016 0 0
2017 1 1.893e+06
2018 0 0
2019 1 1.8942e+06
2020 0 0
2021 1 1.89595e+06
2022 1 1.89746e+06
2023 0 0
2024 1 1.89891e+06
2025 1 1.90026e+06
2026 1 1.90122e+06
2027 1 1.90222e+06
2028 0 0
2029 1 1.90362e+06
2030 1 1.90472e+06
2031 1 1.90581e+06
2032 0 0
2033 1 1.90728e+06
2034 1 1.90867e+06
2035 0 0
2036 1 1.91027e+06
2037 1 1.91126e+06
2038 1 1.91249e+06
2039 0 0
2040 1 1.91371e+06
2041 0 0
2042 1 1.91563e+06
2043 1 1.91712e+06
2044 0 0
2045 1 1.9189e+06
2046 0 0
2047 1 1.92074e+06
2048 0 0
2049 1 1.92203e+06
2050 0 0
2051 1 1.92396e+06
2052 1 1.92573e+06
2053 0 0
2054 1 1.92685e+06
2055 1 1.92822e+06
2056 0 0
2057 1 1.92962e+06
2058 1 1.9306e+06
2059 1 1.93162e+06
2060 0 0
2061 1 1.9332e+06
2062 1 1.93482e+06
2063 0 0
2064 1 1.93626e+06
2065 0 0
2066 1 1.93846e+06
2067 0 0
2068 1 1.94006e+06
2069 1 1.94145e+06
2070 0 0
2071 1 1.94278e+06
2072 1 1.94394e+06
2073 1 1.94536e+06
2074 0 0
2075 1 1.94672e+06
2076 1 1.94773e+06
2077 1 1.94902e+06
2078 0 0
2079 1 1.95015e+06
2080 1 1.95134e+06
2081 1 1.95269e+06
2082 0 0
2083 1 1.95445e+06
2084 0 0
2085 1 1.95585e+06
2086 0 0
2087 1 1.95752e+06
2088 1 1.95878e+06
2089 1 1.96024e+06
2090 0 0
2091 1 1.96152e+06
2092 1 1.96279e+06
2093 1 1.96384e+06
2094 0 0
2095 1 1.96535e+06
2096 0 0
2097 1 1.96712e+06
2098 1 1.96821e+06
2099 0 0
2100 1 1.96998e+06
2101 0 0
2102 1 1.97163e+06
2103 1 1.97324e+06
2104 0 0
2105 1 1.97502e+06
2106 0 0
2107 1 1.97625e+06
2108 1 1.97715e+06
2109 1 1.97831e+06
2110 1 1.97979e+06
2111 0 0
2112 1 1.98141e+06
2113 0 0
2114 1 1.98298e+06
2115 0 0
2116 1 1.98478e+06
2117 1 1.98627e+06
2118 0 0
2119 1 1.98765e+06
2120 1 1.98892e+06
2121 1 1.99016e+06
2122 0 0
2123 1 1.99138e+06
2124 1 1.99269e+06
2125 0 0
2126 1 1.99456e+06
2127 0 0
2128 1 1.99604e+06
2129 1 1.99749e+06
2130 0 0
2131 1 1.99876e+06
2132 1 1.99985e+06
2133 1 2.00117e+06
2134 0 0
2135 1 2.00283e+06
2136 0 0
2137 1 2.00425e+06
2138 1 2.00529e+06
2139 1 2.00634e+06
2140 1 2.00765e+06
2141 1 2.0086e+06
2142 0 0
2143 1 2.01024e+06
2144 1 2.01151e+06
2145 0 0
2146 1 2.01277e+06
2147 1 2.01394e+06
2148 1 2.01503e+06
2149 0 0
2150 1 2.01637e+06
2151 1 2.0177e+06
2152 0 0
2153 1 2.01931e+06
2154 1 2.02074e+06
2155 0 0
2156 1 2.0225e+06
2157 0 0
2158 1 2.02377e+06
2159 1 2.02487e+06
2160 1 2.02606e+06
2161 1 2.027e+06
2162 1 2.02809e+06
2163 0 0
2164 1 2.0292e+06
2165 1 2.03041e+06
2166 1 2.03179e+06
2167 0 0
2168 1 2.03312e+06
2169 0 0
2170 1 2.03486e+06
2171 1 2.03622e+06
2172 0 0
2173 1 2.03795e+06
2174 1 2.03943e+06
2175 0 0
2176 1 2.04106e+06
2177 0 0
2178 1 2.04242e+06
2179 1 2.04378e+06
2180 0 0
2181 1 2.04527e+06
2182 1 2.04645e+06
2183 1 2.04761e+06
2184 1 2.04873e+06
2185 0 0
2186 1 2.04991e+06
2187 1 2.0509e+06
2188 1 2.052e+06
2189 1 2.05337e+06
2190 0 0
2191 1 2.05474e+06
2192 1 2.0559e+06
2193 0 0
2194 1 2.05743e+06
2195 1 2.05884e+06
2196 0 0
2197 1 2.06044e+06
2198 0 0
2199 1 2.06214e+06
2200 0 0
2201 1 2.06383e+06
2202 1 2.06514e+06
2203 1 2.06625e+06
2204 0 0
2205 1 2.06747e+06
2206 1 2.06879e+06
2207 1 2.07007e+06
2208 0 0
2209 1 2.07179e+06
2210 0 0
2211 1 2.07318e+06
2212 1 2.07483e+06
2213 0 0
2214 1 2.07611e+06
2215 1 2.07742e+06
2216 0 0
2217 1 2.07859e+06
2218 1 2.07974e+06
2219 1 2.08108e+06
2220 0 0
2221 1 2.08254e+06
2222 1 2.08398e+06
2223 0 0
2224 1 2.08537e+06
2225 1 2.08674e+06
2226 0 0
2227 1 2.08829e+06
2228 1 2.08938e+06
2229 1 2.09046e+06
2230 0 0
2231 1 2.09164e+06
2232 1 2.09257e+06
2233 1 2.09383e+06
2234 1 2.09515e+06
2235 0 0
2236 1 2.09638e+06
2237 1 2.09804e+06
2238 0 0
2239 1 2.09976e+06
2240 0 0
2241 1 2.10138e+06
2242 0 0
2243 1 2.10283e+06
2244 1 2.10444e+06
2245 0 0
2246 1 2.10642e+06
2247 0 0
2248 1 2.10757e+06
2249 1 2.10903e+06
2250 0 0
2251 1 2.11075e+06
2252 0 0
2253 1 2.11252e+06
2254 0 0
2255 1 2.11457e+06
2256 0 0
2257 1 2.11675e+06
2258 0 0
2259 0 0
2260 1 2.11896e+06
2261 0 0
2262 1 2.12102e+06
2263 1 2.12257e+06
2264 0 0
2265 1 2.12443e+06
2266 0 0
2267 1 2.12601e+06
2268 0 0
2269 1 2.12754e+06
2270 1 2.12881e+06
2271 1 2.12967e+06
2272 1 2.13056e+06
2273 1 2.13177e+06
2274 0 0
2275 1 2.13324e+06
2276 0 0
2277 1 2.13516e+06
2278 0 0
2279 1 2.13672e+06
2280 1 2.13854e+06
2281 0 0
2282 0 0
2283 1 2.14057e+06
2284 0 0
2285 1 2.14322e+06
2286 0 0
2287 0 0
2288 1 2.1461e+06
2289 0 0
2290 0 0
2291 1 2.14894e+06
2292 0 0
2293 1 2.15044e+06
2294 1 2.15176e+06
2295 0 0
2296 1 2.15308e+06
2297 1 2.15436e+06
2298 1 2.15566e+06
2299 0 0
2300 1 2.1572e+06
2301 0 0
2302 1 2.15866e+06
2303 0 0
2304 1 2.1605e+06
2305 1 2.16203e+06
2306 0 0
2307 1 2.16353e+06
2308 0 0
2309 1 2.16509e+06
2310 1 2.16662e+06
2311 0 0
2312 1 2.16857e+06
2313 0 0
2314 1 2.16979e+06
2315 1 2.17103e+06
2316 1 2.17212e+06
2317 0 0
2318 1 2.17357e+06
2319 1 2.17533e+06
2320 0 0
2321 0 0
2322 1 2.1777e+06
2323 0 0
2324 0 0
2325 1 2.18078e+06
2326 0 0
2327 0 0
2328 1 2.18326e+06
2329 0 0
2330 1 2.18507e+06
2331 1 2.18609e+06
2332 1 2.18713e+06
2333 1 2.18862e+06
2334 0 0
2335 1 2.19026e+06
2336 0 0
2337 1 2.19166e+06
2338 1 2.19299e+06
2339 0 0
2340 1 2.19446e+06
2341 1 2.1958e+06
2342 1 2.19698e+06
2343 0 0
2344 1 2.19889e+06
2345 0 0
2346 1 2.2002e+06
2347 1 2.20139e+06
2348 0 0
2349 1 2.20273e+06
2350 1 2.20384e+06
2351 1 2.20504e+06
2352 1 2.20629e+06
2353 0 0
2354 1 2.20784e+06
2355 0 0
2356 1 2.20927e+06
2357 1 2.211e+06
2358 0 0
2359 1 2.2127e+06
2360 0 0
2361 1 2.21414e+06
2362 1 2.21564e+06
2363 0 0
2364 1 2.21689e+06
2365 1 2.21852e+06
2366 0 0
2367 1 2.21997e+06
2368 0 0
2369 1 2.22144e+06
2370 1 2.22276e+06
2371 1 2.22411e+06
2372 0 0
2373 1 2.22555e+06
2374 1 2.22666e+06
2375 0 0
2376 1 2.228e+06
2377 1 2.22966e+06
2378 0 0
2379 1 2.23156e+06
2380 0 0
2381 1 2.23333e+06
2382 0 0
2383 1 2.23493e+06
2384 0 0
2385 1 2.23666e+06
2386 0 0
2387 0 0
2388 0 0
2389 5 2.24031e+06
