#second results avg_latency(ms)
0 0 0
1 0 0
2 1 2462.03
3 0 0
4 0 0
5 0 0
6 3 6424.32
7 3 7097.52
8 0 0
9 1 9247.61
10 2 9653.65
11 1 10564
12 1 11286.9
13 3 12034.5
14 3 12690.3
15 1 13390.2
16 1 14937
17 1 15650.3
18 1 16114.1
19 2 17129.7
20 1 18377.6
21 2 19041.3
22 3 19915.3
23 2 20502.1
24 3 21218.7
25 1 22351.7
26 1 23130.3
27 1 24203.2
28 1 25142.7
29 1 25848.1
30 3 26615.1
31 3 27164.6
32 2 27955.4
33 1 28718.9
34 2 29650.2
35 1 30640.7
36 1 31319
37 2 32162
38 1 32951.1
39 2 33705.2
40 1 34530
41 1 35393.5
42 1 36351.2
43 1 37094.8
44 2 38283.4
45 1 39195
46 2 39942.1
47 2 40670.5
48 2 41748.5
49 1 42739.4
50 1 43307.8
51 2 44197.4
52 2 45097
53 1 45795.9
54 2 46593.3
55 2 47515.2
56 1 48482.3
57 2 49312.9
58 1 50202.4
59 1 50971.4
60 2 51777.7
61 1 52822.7
62 1 53601.3
63 1 54367.2
64 1 55497.4
65 1 56475.6
66 1 57295
67 2 58067.6
68 2 58818
69 1 59500.4
70 2 60338.1
71 3 61321.7
72 3 62035.4
73 2 62632.5
74 1 63596.3
75 1 64361.1
76 2 65335.5
77 2 66164
78 2 66908.9
79 2 67571.2
80 1 68238.3
81 2 69349.2
82 2 70262.6
83 3 70936.8
84 2 71809.9
85 2 72697.3
86 3 73390.1
87 1 73987.6
88 2 74932
89 1 75642.6
90 2 76503.5
91 2 77542.6
92 2 78112.1
93 2 78982.9
94 1 79795.6
95 3 80621.3
96 2 81441.1
97 1 82401
98 1 83126.9
99 2 83946
100 2 84671.2
101 2 85677.1
102 1 86725.1
103 1 87297
104 2 88056.7
105 1 88852.6
106 2 89753.3
107 1 90651.9
108 3 91536.5
109 2 92542.1
110 2 93341.3
111 2 94065.6
112 1 94770.8
113 3 95519.8
114 2 96389.7
115 3 97032
116 2 97881.4
117 1 98570.7
118 2 99398.4
119 2 100279
120 3 100997
121 1 101819
122 2 102592
123 2 103529
124 1 104571
125 1 105196
126 1 105989
127 1 106649
128 2 107787
129 1 108642
130 2 109630
131 1 110311
132 2 111210
133 0 0
134 1 112716
135 1 113930
136 1 115077
137 1 116021
138 1 116683
139 1 117372
140 2 118380
141 1 119425
142 1 120360
143 1 121153
144 1 121939
145 1 122926
146 1 123855
147 1 124786
148 1 125588
149 2 126433
150 1 127461
151 1 128557
152 0 0
153 1 130024
154 1 131127
155 1 132010
156 2 132718
157 1 133616
158 1 134455
159 2 135590
160 2 136372
161 1 137064
162 1 137696
163 2 138702
164 2 139818
165 1 140620
166 2 141479
167 1 142123
168 2 142924
169 1 144190
170 1 145035
171 2 145874
172 2 146407
173 1 146932
174 2 148102
175 1 149261
176 1 150291
177 1 151078
178 0 0
179 2 152592
180 1 153509
181 2 154083
182 2 154988
183 1 156004
184 2 156694
185 1 157452
186 1 158298
187 2 159402
188 2 160370
189 1 161068
190 3 161816
191 1 162695
192 1 163452
193 2 164325
194 2 165287
195 1 166250
196 1 167103
197 1 167823
198 1 168720
199 1 169872
200 1 170858
201 1 171611
202 2 172063
203 2 172827
204 3 173915
205 2 174763
206 1 175509
207 1 176241
208 2 177197
209 0 0
210 1 179122
211 1 180271
212 1 181312
213 1 182046
214 2 182721
215 1 183504
216 2 184099
217 1 184933
218 1 185922
219 3 186887
220 2 187637
221 2 188540
222 2 189319
223 2 190003
224 1 190734
225 2 191763
226 1 193008
227 1 193841
228 1 194270
229 1 194999
230 2 196004
231 1 197087
232 1 197816
233 1 198615
234 2 199563
235 2 200468
236 2 201173
237 2 201807
238 2 202771
239 2 203797
240 2 204481
241 1 205044
242 2 205844
243 2 206869
244 1 207823
245 1 208585
246 1 209323
247 1 210095
248 1 211175
249 1 212578
250 0 0
251 2 214045
252 1 214917
253 1 215429
254 1 216487
255 1 217657
256 2 218450
257 1 219230
258 2 220287
259 2 221260
260 1 221935
261 2 222795
262 1 223512
263 1 224063
264 2 225344
265 1 226495
266 1 227191
267 1 227889
268 2 228895
269 1 229478
270 2 230316
271 1 231208
272 2 232251
273 1 233063
274 2 233811
275 1 234731
276 2 235687
277 1 236765
278 1 237327
279 2 238007
280 3 238839
281 1 239610
282 3 240530
283 2 241163
284 2 242105
285 1 242870
286 2 243774
287 1 244710
288 2 245429
289 2 246421
290 1 247040
291 2 247823
292 2 248937
293 1 249633
294 2 250451
295 1 251690
296 0 0
297 1 252851
298 2 254166
299 1 255005
300 1 255621
301 1 256308
302 1 257164
303 2 258316
304 1 259277
305 1 260148
306 1 261007
307 1 261872
308 1 262961
309 1 263691
310 2 264768
311 1 265788
312 1 266274
313 1 266890
314 2 268106
315 1 269010
316 1 269819
317 1 270475
318 1 271425
319 1 272428
320 2 273555
321 0 0
322 1 274925
323 1 275915
324 2 277142
325 1 278059
326 3 278674
327 2 279541
328 2 280349
329 2 280952
330 1 281765
331 1 282450
332 2 283532
333 2 284494
334 1 285389
335 3 286130
336 1 287018
337 2 287685
338 2 288624
339 1 289664
340 1 290404
341 3 291137
342 2 291818
343 1 292513
344 2 293393
345 3 294405
346 1 295206
347 1 295823
348 3 296864
349 3 297489
350 2 298323
351 1 299287
352 1 299856
353 2 300787
354 2 301851
355 1 302670
356 1 303422
357 2 304114
358 2 304914
359 2 305821
360 1 306661
361 2 307409
362 2 308190
363 1 309080
364 2 310056
365 1 310995
366 2 311598
367 2 312491
368 2 313472
369 1 314354
370 2 314991
371 2 315912
372 1 316803
373 1 317452
374 2 318461
375 1 319540
376 1 320239
377 2 321149
378 1 321908
379 2 322657
380 2 323688
381 1 324340
382 2 325189
383 2 326106
384 1 326793
385 2 327644
386 2 328526
387 3 329379
388 2 330222
389 2 331033
390 1 331884
391 2 332702
392 1 333480
393 1 334060
394 2 335224
395 1 336120
396 1 336800
397 2 337607
398 2 338358
399 1 339228
400 1 340291
401 1 341327
402 1 342138
403 2 343063
404 1 343932
405 1 344685
406 2 345554
407 2 346503
408 1 347266
409 2 348069
410 2 348755
411 1 349566
412 1 350285
413 1 351204
414 1 352340
415 1 353282
416 1 354008
417 2 355211
418 1 356036
419 2 356748
420 1 357572
421 2 358510
422 1 359436
423 2 360243
424 1 360982
425 2 361757
426 1 362536
427 2 363628
428 0 0
429 2 365304
430 1 366351
431 2 367254
432 1 367999
433 2 368923
434 1 369737
435 1 370507
436 2 371339
437 3 372056
438 1 372852
439 3 373701
440 1 374337
441 2 375366
442 1 376488
443 1 377126
444 1 377807
445 1 378652
446 1 379877
447 0 0
448 1 381230
449 2 382652
450 1 383706
451 1 384348
452 2 384992
453 3 385982
454 1 386817
455 1 387555
456 1 388297
457 2 389489
458 1 390534
459 1 391503
460 0 0
461 1 392641
462 1 393956
463 1 395125
464 1 395907
465 1 396569
466 2 397375
467 1 398165
468 2 399098
469 1 400084
470 2 400877
471 1 401748
472 1 402486
473 2 403581
474 1 404417
475 1 404982
476 1 405768
477 2 407079
478 1 408072
479 1 408684
480 2 409424
481 1 410209
482 2 411236
483 2 412131
484 1 412809
485 2 413738
486 1 414664
487 1 415498
488 2 416258
489 1 417078
490 1 417949
491 1 418773
492 2 419944
493 1 421068
494 1 421706
495 1 422439
496 1 423275
497 2 424297
498 1 425494
499 1 425964
500 2 426949
501 1 428182
502 1 428981
503 3 429647
504 2 429997
505 2 430857
506 1 431909
507 1 432597
508 2 433623
509 0 0
510 1 435006
511 2 436244
512 2 437276
513 1 438029
514 2 438689
515 1 439578
516 2 440411
517 1 441252
518 1 441987
519 1 442929
520 1 444059
521 1 445147
522 1 445885
523 3 446691
524 3 447418
525 1 448238
526 1 448911
527 1 449611
528 1 450664
529 1 451829
530 1 452925
531 1 453677
532 1 454234
533 2 455285
534 1 456265
535 1 457085
536 1 457839
537 1 458696
538 1 459705
539 1 460652
540 2 461333
541 2 462122
542 1 463051
543 2 464053
544 1 464990
545 1 465631
546 2 466585
547 1 467378
548 2 468200
549 1 469016
550 2 469905
551 2 470964
552 1 471806
553 1 472458
554 1 473407
555 1 474312
556 1 475590
557 1 476586
558 1 477343
559 2 477890
560 1 478626
561 1 479392
562 2 480453
563 2 481529
564 2 482179
565 1 482878
566 1 483681
567 1 484509
568 2 485437
569 2 486335
570 1 487010
571 1 487654
572 1 488594
573 1 489710
574 1 490460
575 2 491550
576 2 492507
577 2 493392
578 1 494160
579 2 494966
580 2 495885
581 1 496807
582 1 497518
583 2 498537
584 1 499156
585 3 500024
586 2 500986
587 1 501967
588 1 502735
589 1 503691
590 1 504336
591 2 505201
592 2 505952
593 2 506768
594 3 507526
595 1 508357
596 2 509298
597 1 510231
598 1 510805
599 2 511776
600 1 513027
601 1 513686
602 1 514531
603 1 515260
604 2 516064
605 3 516909
606 1 517805
607 2 518336
608 2 519379
609 1 520408
610 2 521073
611 2 521741
612 2 522468
613 2 523541
614 1 524234
615 2 525208
616 1 526229
617 1 527089
618 1 528024
619 1 528638
620 2 529558
621 1 530574
622 1 531227
623 1 532071
624 2 533154
625 1 533848
626 2 534648
627 2 535468
628 1 536232
629 2 537329
630 2 538157
631 2 539000
632 2 539834
633 1 540529
634 1 541153
635 1 541953
636 2 543143
637 1 543948
638 2 544697
639 1 545440
640 1 546264
641 2 547442
642 1 548263
643 2 549180
644 1 550174
645 1 550849
646 1 551844
647 1 552680
648 2 553671
649 2 554615
650 2 555032
651 2 555919
652 2 556909
653 1 557768
654 1 558548
655 1 559429
656 1 560225
657 2 561104
658 2 561936
659 1 562804
660 2 563775
661 1 564630
662 1 565293
663 1 566322
664 1 567123
665 1 568147
666 3 568909
667 1 569573
668 2 570610
669 1 571504
670 2 572278
671 2 573194
672 2 573719
673 2 574563
674 1 575447
675 2 576295
676 2 577285
677 1 578156
678 1 578848
679 1 579673
680 2 580473
681 2 581353
682 1 582309
683 1 583047
684 2 584035
685 1 584931
686 3 585731
687 1 586692
688 1 587523
689 1 588204
690 2 589069
691 1 589936
692 1 590649
693 1 591620
694 1 592528
695 1 593560
696 1 594589
697 1 595242
698 2 596218
699 1 597205
700 1 597983
701 2 598816
702 2 599929
703 1 600562
704 2 601179
705 2 602078
706 1 602986
707 4 603769
708 2 604451
709 2 605223
710 2 605837
711 2 607006
712 1 608194
713 1 608731
714 2 609411
715 1 610125
716 2 610999
717 2 611916
718 2 612627
719 2 613707
720 2 614562
721 1 615393
722 1 616174
723 1 617075
724 1 618194
725 0 0
726 1 619501
727 2 620694
728 0 0
729 1 622103
730 2 623399
731 1 624419
732 2 624979
733 2 625695
734 1 626574
735 2 627608
736 1 628889
737 1 629375
738 2 629987
739 1 630932
740 1 631915
741 1 632783
742 1 633545
743 2 634492
744 1 635425
745 2 636352
746 1 637520
747 1 638137
748 1 638876
749 1 639620
750 2 640650
751 2 641655
752 2 642174
753 3 643004
754 2 644007
755 1 644688
756 1 645217
757 2 646245
758 2 647283
759 1 648177
760 1 649004
761 1 649853
762 1 650643
763 2 651739
764 1 652812
765 1 653764
766 1 654568
767 1 655414
768 2 656179
769 1 657102
770 1 658034
771 1 658761
772 1 659658
773 1 660635
774 1 661684
775 0 0
776 1 662759
777 1 663889
778 1 664670
779 2 665756
780 1 666739
781 2 667540
782 1 668354
783 2 669047
784 2 670004
785 2 671081
786 1 671793
787 2 672565
788 1 673526
789 1 674195
790 2 675077
791 1 676114
792 2 677000
793 1 677858
794 3 678504
795 1 679325
796 2 680184
797 2 681183
798 1 681930
799 2 682544
800 2 683350
801 3 684155
802 2 685186
803 3 685905
804 2 686310
805 2 687186
806 1 688130
807 2 689067
808 1 690114
809 1 691187
810 1 692011
811 1 692505
812 2 693248
813 1 694265
814 1 695358
815 1 696217
816 2 697040
817 1 697781
818 1 698339
819 2 699356
820 2 700275
821 1 700920
822 1 701739
823 1 702537
824 2 703857
825 2 704759
826 1 705499
827 2 706349
828 2 707186
829 2 707838
830 1 708689
831 2 709749
832 2 710528
833 2 711345
834 2 712191
835 1 712895
836 1 713538
837 2 714460
838 2 715563
839 1 716473
840 1 717315
841 1 718111
842 1 718918
843 2 719870
844 2 720821
845 1 721495
846 2 722239
847 1 723148
848 2 723990
849 2 724933
850 1 725800
851 1 726677
852 1 727842
853 0 0
854 1 729149
855 1 730420
856 2 731201
857 1 731869
858 3 732757
859 2 733685
860 2 734377
861 2 734879
862 0 0
863 5 736487
