#second results avg_latency(ms)
0 0 0
1 0 0
2 1 2379.97
3 2 3302.46
4 2 4170.39
5 2 4899.55
6 2 5863
7 2 6800.43
8 2 7470.59
9 2 8140.86
10 2 8938.53
11 1 9600.37
12 1 10442.9
13 2 11521.5
14 1 12679.9
15 1 13286.5
16 1 14090.4
17 2 15046.9
18 2 16076.3
19 2 16698.3
20 3 17333.3
21 2 18039.3
22 1 18965.7
23 1 19757.5
24 1 20817.2
25 1 21727.7
26 2 22703.9
27 3 23382
28 3 24085
29 1 24796.3
30 2 25662.1
31 1 26601
32 2 27513.9
33 1 28415.4
34 2 29206.3
35 1 29908.3
36 2 30746.1
37 1 31802
38 1 32680.3
39 1 33503.4
40 1 34494.2
41 1 35259.6
42 1 35936.4
43 3 36900.6
44 1 37713.4
45 2 38481
46 1 39450.3
47 2 40325.2
48 2 41091.8
49 2 41916.9
50 2 42859.4
51 1 43541.9
52 2 44344
53 1 45208.3
54 2 46132.5
55 1 47088.3
56 2 47874.9
57 1 48878
58 1 49551.1
59 1 50399.9
60 1 51427
61 1 52367.3
62 1 53243.5
63 2 54071.3
64 2 54783.4
65 2 55617.2
66 2 56382.1
67 2 57053.6
68 4 57799.2
69 1 58600.7
70 1 59294.1
71 2 60388.3
72 1 61244.2
73 3 62043.8
74 2 62945.9
75 2 63764.1
76 1 64775.9
77 1 65470.6
78 3 66167.7
79 2 66802.9
80 2 67553.2
81 2 68486.2
82 2 69253.5
83 2 69843.7
84 2 70929.8
85 1 71604.1
86 2 72538
87 1 73518.8
88 3 74188.9
89 1 74960.2
90 2 75891.2
91 1 76792
92 3 77463.5
93 1 78254.4
94 1 78943.5
95 2 80013.2
96 2 80820.9
97 2 81656
98 1 82680.3
99 1 83638.3
100 1 84272.4
101 2 85021.4
102 2 86097.6
103 1 87060.7
104 2 87779.1
105 2 88680.8
106 2 89414.5
107 2 90011.5
108 2 90685.4
109 2 91602.5
110 2 92506.8
111 2 93238.9
112 3 93954
113 2 94815.3
114 1 95506.5
115 2 96264.6
116 3 97189.2
117 2 97938.2
118 2 98889.9
119 1 99616.6
120 2 100331
121 1 101191
122 1 101957
123 2 102992
124 1 104135
125 2 104895
126 1 105776
127 2 106641
128 1 107408
129 1 108124
130 1 109160
131 1 110356
132 0 0
133 1 111472
134 2 112772
135 1 113572
136 2 114443
137 1 115316
138 1 116187
139 1 116933
140 1 117761
141 1 118902
142 1 119788
143 1 120647
144 2 121611
145 1 122455
146 1 123350
147 1 124507
148 0 0
149 1 125942
150 1 126988
151 1 127796
152 2 128570
153 1 129450
154 1 130145
155 2 131264
156 2 132007
157 2 133075
158 1 133987
159 1 134718
160 2 135483
161 1 136351
162 2 137272
163 2 138034
164 1 139070
165 1 140190
166 1 141129
167 1 141755
168 3 142437
169 1 143101
170 1 143737
171 2 144951
172 1 146212
173 1 147099
174 1 147959
175 1 148664
176 2 149477
177 2 150195
178 1 151068
179 1 151839
180 2 152622
181 1 153393
182 1 154255
183 2 155399
184 2 156366
185 1 157066
186 3 157778
187 1 158696
188 1 159422
189 2 160238
190 2 161146
191 1 162147
192 1 162817
193 1 163586
194 1 164409
195 1 165363
196 1 166392
197 3 167381
198 2 168312
199 1 169017
200 3 169674
201 1 170506
202 2 171365
203 1 172295
204 1 173158
205 0 0
206 1 174685
207 1 175856
208 1 176997
209 1 177712
210 2 178459
211 2 179440
212 1 180186
213 1 180702
214 2 181947
215 2 182888
216 2 183450
217 2 184484
218 2 185250
219 2 185918
220 1 186616
221 2 187632
222 1 188850
223 1 189641
224 1 190147
225 2 191122
226 1 192020
227 2 193022
228 1 194123
229 1 194762
230 2 195468
231 2 196244
232 3 197043
233 1 197857
234 2 198631
235 2 199490
236 2 200324
237 2 201227
238 1 202004
239 1 202707
240 1 203488
241 2 204486
242 1 205600
243 1 206696
244 0 0
245 1 208137
246 1 209314
247 2 210157
248 1 211013
249 1 212083
250 0 0
251 2 213540
252 1 214296
253 2 215247
254 1 216081
255 2 216800
256 2 217737
257 2 218791
258 1 219605
259 1 220510
260 1 221292
261 1 222158
262 1 222783
263 1 223475
264 2 224595
265 2 225410
266 2 226442
267 1 227485
268 1 228090
269 2 228777
270 2 229870
271 1 230802
272 1 231470
273 2 232458
274 1 233249
275 3 233961
276 2 234942
277 1 235752
278 3 236334
279 2 237233
280 1 238111
281 2 238847
282 1 239794
283 2 240695
284 1 241492
285 2 242184
286 2 243133
287 1 243954
288 2 244802
289 2 245749
290 1 246819
291 1 247797
292 0 0
293 1 249016
294 1 249919
295 2 250925
296 1 251749
297 1 252464
298 1 253292
299 2 254397
300 1 255316
301 1 256003
302 1 256918
303 1 257743
304 1 258627
305 1 259460
306 2 260636
307 1 261670
308 2 262464
309 1 263604
310 1 264272
311 2 265088
312 1 266083
313 1 266960
314 1 267922
315 1 268821
316 1 269806
317 1 270705
318 1 271701
319 1 272598
320 1 273270
321 2 274100
322 2 274681
323 2 275433
324 3 276369
325 1 276979
326 2 277842
327 1 278897
328 1 279723
329 2 280468
330 2 281533
331 1 282090
332 2 282773
333 2 283720
334 2 284691
335 1 285723
336 1 286450
337 3 287041
338 2 287729
339 2 288747
340 2 289594
341 2 290207
342 1 290894
343 2 291857
344 2 292856
345 3 293310
346 2 294102
347 1 295035
348 2 295997
349 1 296852
350 2 297680
351 1 298567
352 2 299490
353 2 300322
354 2 301186
355 1 301785
356 2 302593
357 2 303500
358 1 304089
359 2 305123
360 1 306101
361 2 306934
362 2 307850
363 1 308616
364 2 309452
365 1 310275
366 2 310991
367 2 311855
368 1 312781
369 1 313311
370 2 314399
371 1 315463
372 1 316174
373 2 317140
374 1 317935
375 2 318699
376 2 319675
377 1 320343
378 2 321142
379 2 322131
380 1 322877
381 2 323597
382 2 324432
383 3 325218
384 2 326036
385 2 326869
386 1 327710
387 2 328516
388 1 329375
389 1 329991
390 2 331119
391 1 332006
392 1 332697
393 2 333662
394 2 334403
395 1 335236
396 1 336264
397 1 337408
398 1 338344
399 2 339122
400 1 340024
401 1 340781
402 2 341681
403 1 342366
404 2 343160
405 2 344116
406 2 344806
407 1 345602
408 1 346372
409 1 347107
410 1 348249
411 1 349217
412 1 350030
413 1 350949
414 2 351885
415 2 352839
416 1 353571
417 2 354610
418 1 355459
419 2 356328
420 1 356978
421 2 357790
422 1 358576
423 2 359668
424 1 360856
425 1 361595
426 1 362304
427 2 363201
428 1 363847
429 2 364716
430 1 365585
431 1 366339
432 3 367265
433 2 367893
434 2 368778
435 3 369516
436 1 370430
437 1 371285
438 2 372291
439 1 373087
440 1 373951
441 1 375151
442 0 0
443 1 376348
444 1 377344
445 2 378499
446 1 379350
447 2 380061
448 3 380926
449 1 381835
450 1 382549
451 1 383381
452 1 384284
453 2 385267
454 1 386514
455 0 0
456 1 387801
457 1 389023
458 1 390016
459 1 390838
460 2 391767
461 1 392506
462 2 393281
463 1 394236
464 1 394843
465 2 395703
466 1 396551
467 1 397319
468 2 398398
469 2 399384
470 1 400455
471 1 401289
472 1 401993
473 2 402883
474 1 403701
475 2 404420
476 1 405501
477 2 406214
478 2 407032
479 1 407940
480 1 408553
481 2 409515
482 1 410477
483 1 411139
484 1 411900
485 1 412731
486 1 413779
487 1 414584
488 1 415505
489 2 416614
490 1 417641
491 1 418592
492 1 419449
493 1 420144
494 2 421157
495 1 422207
496 1 422946
497 1 423848
498 1 424718
499 4 425436
500 2 426091
501 1 426849
502 2 427764
503 1 428878
504 1 429650
505 1 430430
506 1 431412
507 2 432315
508 1 433002
509 2 433658
510 2 434644
511 1 435475
512 2 436247
513 1 437131
514 1 438060
515 1 439223
516 0 0
517 2 440806
518 2 441859
519 3 442517
520 2 443291
521 1 444152
522 1 444908
523 1 445812
524 1 446932
525 1 447976
526 1 448684
527 1 449274
528 2 450271
529 1 451214
530 1 452156
531 1 452959
532 1 453987
533 1 455009
534 1 455935
535 2 456732
536 1 457301
537 2 458138
538 1 459195
539 1 459974
540 1 460578
541 2 461561
542 1 462527
543 2 463337
544 1 464217
545 2 465010
546 2 465996
547 1 466723
548 2 467628
549 1 468795
550 1 469621
551 0 0
552 1 470763
553 2 472096
554 2 472906
555 1 473726
556 1 474603
557 1 475463
558 2 476344
559 2 477222
560 2 478040
561 1 479116
562 1 479951
563 1 480609
564 2 481428
565 2 482308
566 1 483301
567 1 484150
568 1 485163
569 1 486017
570 1 486765
571 2 487544
572 2 488446
573 1 489177
574 2 489981
575 2 491064
576 1 491689
577 2 492594
578 1 493592
579 2 494288
580 2 495103
581 2 495794
582 1 496495
583 1 497177
584 1 498217
585 1 499232
586 2 500220
587 2 501148
588 2 501903
589 2 502703
590 2 503251
591 2 504233
592 1 505090
593 2 506038
594 1 506901
595 1 507747
596 1 508532
597 1 509277
598 2 510324
599 1 511319
600 3 512024
601 1 512850
602 2 513526
603 2 514440
604 1 515373
605 2 516205
606 2 517030
607 2 517681
608 2 518608
609 1 519422
610 2 520163
611 1 521227
612 1 521843
613 1 522722
614 2 523784
615 1 524675
616 2 525620
617 1 526648
618 1 527427
619 1 528140
620 2 528888
621 2 529880
622 2 530784
623 1 531572
624 1 532478
625 2 533299
626 2 534094
627 2 534981
628 1 535506
629 2 536379
630 1 537494
631 1 538300
632 2 539140
633 1 539881
634 2 540629
635 1 541693
636 1 542498
637 2 543417
638 1 544236
639 2 545095
640 1 546041
641 1 546857
642 1 547757
643 1 548443
644 3 549514
645 2 550199
646 2 551043
647 1 551819
648 2 552704
649 1 553872
650 1 554700
651 1 555566
652 1 556226
653 2 556839
654 2 557851
655 1 558789
656 1 559443
657 2 560325
658 1 561546
659 1 562391
660 1 563205
661 3 564035
662 1 564761
663 2 565653
664 1 566459
665 2 567289
666 3 568164
667 2 568896
668 1 569602
669 1 570367
670 2 571332
671 2 572323
672 1 573245
673 1 573870
674 1 574791
675 2 575527
676 2 576476
677 1 577460
678 1 578212
679 1 578925
680 2 579881
681 2 580908
682 1 581611
683 1 582268
684 2 583347
685 1 584431
686 2 585167
687 1 586139
688 1 587084
689 1 588045
690 1 589009
691 0 0
692 2 590465
693 1 591536
694 1 592199
695 1 592872
696 2 593992
697 1 594803
698 2 595631
699 2 596419
700 2 597314
701 2 598285
702 2 599032
703 3 599565
704 2 600327
705 2 601143
706 2 602004
707 1 603031
708 1 603864
709 2 604769
710 2 605597
711 1 606389
712 2 607213
713 2 607909
714 2 608806
715 1 609574
716 2 610238
717 1 610998
718 2 612133
719 0 0
720 1 613663
721 1 614730
722 1 615637
723 1 616475
724 1 617541
725 1 618477
726 1 619229
727 2 620102
728 2 620755
729 2 621703
730 1 622679
731 1 623398
732 2 624564
733 1 625111
734 2 626049
735 1 627348
736 1 628212
737 1 629056
738 1 629708
739 1 630316
740 2 631407
741 1 632453
742 1 633297
743 1 634060
744 1 634756
745 1 635557
746 2 636553
747 2 637573
748 3 638311
749 2 639169
750 2 639967
751 1 640658
752 1 641197
753 2 642210
754 1 643005
755 2 643947
756 1 645080
757 1 646034
758 1 646991
759 1 647665
760 1 648200
761 1 649107
762 2 650334
763 1 651498
764 1 652061
765 2 652950
766 1 654157
767 1 654792
768 1 655739
769 1 656796
770 1 657619
771 1 658706
772 0 0
773 2 660103
774 1 661255
775 1 661927
776 2 662821
777 1 663673
778 1 664254
779 2 665069
780 2 665967
781 2 667038
782 1 667766
783 2 668582
784 1 669622
785 1 670134
786 2 671077
787 1 672020
788 2 672940
789 2 673904
790 2 674566
791 1 675231
792 2 676171
793 2 677102
794 2 677993
795 2 678842
796 2 679570
797 2 680210
798 2 681076
799 3 681916
800 2 682337
801 2 683162
802 1 684141
803 2 685055
804 1 686093
805 1 687182
806 1 688085
807 1 688672
808 2 689456
809 1 690401
810 1 691507
811 1 692447
812 1 693166
813 2 693777
814 1 694641
815 2 695620
816 1 696313
817 2 697015
818 1 697959
819 1 698814
820 1 699763
821 2 700561
822 2 701518
823 1 702362
824 2 703045
825 2 703816
826 2 704763
827 1 705897
828 2 706574
829 2 707471
830 2 708298
831 1 708946
832 2 709640
833 1 710570
834 2 711393
835 1 712224
836 1 712972
837 1 713831
838 2 714972
839 1 716017
840 2 716731
841 2 717508
842 1 718209
843 2 719143
844 1 720051
845 2 720743
846 2 721759
847 1 722839
848 0 0
849 1 723986
850 1 725359
851 1 726572
852 1 727332
853 2 727987
854 2 728896
855 2 729598
856 2 730409
857 3 731161
858 0 0
859 5 732830
