#second results avg_latency(ms)
0 0 0
1 0 0
2 0 0
3 0 0
4 0 0
5 0 0
6 0 0
7 1 7299.52
8 0 0
9 1 9679.05
10 0 0
11 1 11446.7
12 0 0
13 1 13058.2
14 1 13994.9
15 1 15060.2
16 0 0
17 1 16995.3
18 0 0
19 1 18473.3
20 0 0
21 1 20450.4
22 0 0
23 1 22201.7
24 1 23503.3
25 1 24890.9
26 0 0
27 1 26126.7
28 1 27505.6
29 0 0
30 1 29003.3
31 1 30462.1
32 0 0
33 1 31968.2
34 0 0
35 1 33689.9
36 0 0
37 0 0
38 1 36260.1
39 0 0
40 1 38694.2
41 0 0
42 0 0
43 1 41466
44 0 0
45 0 0
46 1 44135.5
47 0 0
48 1 46425.8
49 0 0
50 0 0
51 1 49051.5
52 0 0
53 0 0
54 1 51634.3
55 0 0
56 1 53811.1
57 0 0
58 1 55598.5
59 1 56916.4
60 0 0
61 1 58405
62 1 59193.3
63 1 60496.4
64 1 61336.9
65 1 62373.8
66 1 63424.5
67 0 0
68 1 64983.5
69 0 0
70 1 67424.1
71 0 0
72 0 0
73 1 70199.8
74 0 0
75 0 0
76 0 0
77 1 73856.1
78 0 0
79 0 0
80 1 76527.9
81 0 0
82 0 0
83 1 79437.4
84 0 0
85 1 81158.2
86 1 81984.5
87 2 83220.5
88 1 84552.3
89 1 85448.9
90 0 0
91 1 87032.7
92 0 0
93 1 88549.2
94 0 0
95 1 90343.6
96 0 0
97 1 92607.7
98 0 0
99 0 0
100 1 95021.2
101 0 0
102 1 97159.4
103 0 0
104 1 99258.4
105 0 0
106 1 101007
107 0 0
108 1 102953
109 0 0
110 1 104743
111 0 0
112 1 106417
113 1 108223
114 0 0
115 0 0
116 1 110539
117 0 0
118 0 0
119 1 113291
120 0 0
121 0 0
122 1 116520
123 0 0
124 0 0
125 1 119265
126 0 0
127 0 0
128 1 122697
129 0 0
130 0 0
131 1 125014
132 0 0
133 1 127359
134 0 0
135 0 0
136 1 129634
137 1 130875
138 1 132009
139 0 0
140 1 133995
141 0 0
142 1 135738
143 0 0
144 0 0
145 1 138017
146 0 0
147 1 140576
148 0 0
149 1 142574
150 0 0
151 1 144365
152 0 0
153 1 145984
154 1 147331
155 0 0
156 1 148850
157 0 0
158 1 150570
159 0 0
160 1 152469
161 1 153933
162 0 0
163 1 155608
164 0 0
165 1 157385
166 0 0
167 1 159600
168 0 0
169 1 161601
170 0 0
171 0 0
172 1 163779
173 0 0
174 1 166244
175 0 0
176 1 168078
177 0 0
178 1 170225
179 0 0
180 0 0
181 1 172398
182 0 0
183 1 174778
184 0 0
185 0 0
186 1 177246
187 0 0
188 0 0
189 1 180217
190 0 0
191 0 0
192 1 183589
193 0 0
194 0 0
195 0 0
196 1 186954
197 0 0
198 0 0
199 1 189777
200 0 0
201 1 191816
202 0 0
203 1 193610
204 1 194683
205 1 196113
206 0 0
207 1 197808
208 0 0
209 1 199455
210 1 200806
211 0 0
212 1 202128
213 1 203443
214 0 0
215 1 204785
216 1 205861
217 2 206941
218 0 0
219 1 208234
220 1 209983
221 0 0
222 0 0
223 1 212174
224 0 0
225 0 0
226 1 214978
227 0 0
228 1 217453
229 0 0
230 1 219166
231 1 220497
232 0 0
233 1 222077
234 0 0
235 1 223465
236 1 225267
237 0 0
238 1 226465
239 1 227919
240 0 0
241 0 0
242 1 230022
243 0 0
244 1 232249
245 0 0
246 1 234544
247 0 0
248 1 236471
249 1 237584
250 0 0
251 2 238907
252 0 0
253 1 240558
254 0 0
255 1 242220
256 1 243719
257 0 0
258 1 245683
259 0 0
260 1 247291
261 1 248767
262 0 0
263 1 249841
264 1 250894
265 1 252455
266 0 0
267 0 0
268 1 254642
269 1 256080
270 0 0
271 1 257932
272 0 0
273 1 259882
274 0 0
275 1 261951
276 0 0
277 0 0
278 1 264559
279 1 265640
280 0 0
281 1 266777
282 1 267974
283 0 0
284 1 269678
285 0 0
286 1 271466
287 0 0
288 1 273512
289 0 0
290 1 275405
291 1 276722
292 0 0
293 1 278005
294 1 279194
295 0 0
296 1 280820
297 0 0
298 1 283153
299 0 0
300 0 0
301 1 285794
302 0 0
303 1 287739
304 1 289193
305 1 290281
306 0 0
307 1 291811
308 0 0
309 0 0
310 1 294339
311 0 0
312 1 296648
313 0 0
314 0 0
315 1 299305
316 0 0
317 1 301497
318 0 0
319 1 303701
320 0 0
321 1 305341
322 0 0
323 1 307196
324 0 0
325 1 309205
326 0 0
327 0 0
328 1 311382
329 0 0
330 1 313222
331 1 315077
332 0 0
333 1 316900
334 1 317847
335 0 0
336 1 319565
337 1 320571
338 0 0
339 1 321925
340 1 323240
341 1 324283
342 0 0
343 1 325947
344 0 0
345 1 327686
346 0 0
347 1 329504
348 0 0
349 1 331265
350 1 332443
351 0 0
352 1 333842
353 1 335050
354 1 336187
355 1 337142
356 1 338383
357 0 0
358 1 339947
359 0 0
360 1 341419
361 0 0
362 1 343292
363 0 0
364 1 345130
365 1 346727
366 0 0
367 1 348266
368 1 349606
369 0 0
370 1 350746
371 1 351874
372 1 353258
373 0 0
374 0 0
375 1 355345
376 1 357185
377 0 0
378 1 358615
379 0 0
380 1 360332
381 0 0
382 1 362504
383 0 0
384 1 364592
385 0 0
386 0 0
387 1 367552
388 0 0
389 0 0
390 1 370192
391 0 0
392 1 372372
393 0 0
394 0 0
395 1 374744
396 0 0
397 1 376887
398 0 0
399 1 378436
400 0 0
401 1 380778
402 0 0
403 0 0
404 1 383344
405 1 384849
406 0 0
407 0 0
408 1 386993
409 0 0
410 1 389535
411 0 0
412 0 0
413 0 0
414 1 392869
415 0 0
416 0 0
417 0 0
418 1 396694
419 0 0
420 0 0
421 0 0
422 1 400928
423 0 0
424 0 0
425 1 403638
426 0 0
427 1 405673
428 0 0
429 1 407854
430 0 0
431 0 0
432 1 410163
433 0 0
434 1 411921
435 0 0
436 1 413930
437 0 0
438 0 0
439 1 417081
440 0 0
441 0 0
442 1 419642
443 0 0
444 0 0
445 1 422517
446 0 0
447 0 0
448 1 426001
449 0 0
450 0 0
451 1 429257
452 0 0
453 0 0
454 1 432147
455 0 0
456 0 0
457 1 434614
458 0 0
459 1 436223
460 0 0
461 1 438863
462 0 0
463 0 0
464 1 441339
465 0 0
466 0 0
467 0 0
468 1 444922
469 0 0
470 0 0
471 0 0
472 0 0
473 1 449757
474 0 0
475 0 0
476 1 453310
477 0 0
478 0 0
479 1 456182
480 0 0
481 1 458278
482 0 0
483 1 459968
484 0 0
485 0 0
486 1 462238
487 0 0
488 1 464759
489 0 0
490 0 0
491 0 0
492 1 467999
493 1 469557
494 0 0
495 1 470773
496 1 472416
497 0 0
498 0 0
499 1 474600
500 0 0
501 1 476823
502 0 0
503 1 479208
504 0 0
505 0 0
506 1 481564
507 0 0
508 1 483354
509 0 0
510 1 485044
511 0 0
512 1 487054
513 0 0
514 1 489293
515 0 0
516 1 490783
517 1 492214
518 0 0
519 1 494082
520 0 0
521 0 0
522 1 496659
523 0 0
524 0 0
525 1 499696
526 0 0
527 0 0
528 1 503136
529 0 0
530 0 0
531 1 505603
532 0 0
533 1 507038
534 1 508071
535 1 509343
536 0 0
537 1 510921
538 0 0
539 1 513152
540 0 0
541 0 0
542 1 516034
543 0 0
544 0 0
545 1 518949
546 0 0
547 0 0
548 0 0
549 1 522632
550 0 0
551 1 525078
552 0 0
553 0 0
554 0 0
555 1 528637
556 0 0
557 0 0
558 1 531458
559 0 0
560 1 533409
561 0 0
562 1 534896
563 1 536189
564 0 0
565 1 537850
566 0 0
567 1 540220
568 0 0
569 0 0
570 1 542693
571 0 0
572 1 544465
573 1 546017
574 0 0
575 1 547971
576 0 0
577 0 0
578 1 550826
579 0 0
580 0 0
581 1 553893
582 0 0
583 0 0
584 1 556171
585 0 0
586 1 557752
587 1 559330
588 0 0
589 1 561208
590 0 0
591 1 562669
592 1 563860
593 0 0
594 1 565581
595 0 0
596 1 567365
597 0 0
598 1 569881
599 0 0
600 0 0
601 1 572616
602 1 573705
603 0 0
604 1 575428
605 0 0
606 1 577480
607 0 0
608 0 0
609 1 579587
610 0 0
611 1 582115
612 0 0
613 0 0
614 1 584812
615 0 0
616 0 0
617 1 587625
618 0 0
619 0 0
620 1 590613
621 0 0
622 0 0
623 0 0
624 1 594265
625 0 0
626 1 596425
627 0 0
628 1 597873
629 1 599176
630 0 0
631 1 600807
632 1 602311
633 0 0
634 1 604273
635 0 0
636 1 605537
637 1 606838
638 0 0
639 1 608283
640 0 0
641 1 610026
642 0 0
643 1 612263
644 0 0
645 1 614571
646 0 0
647 1 616586
648 0 0
649 0 0
650 0 0
651 1 619616
652 0 0
653 0 0
654 0 0
655 1 624105
656 0 0
657 0 0
658 0 0
659 0 0
660 1 628538
661 0 0
662 0 0
663 1 632144
664 0 0
665 0 0
666 1 634890
667 0 0
668 1 636636
669 0 0
670 1 638559
671 0 0
672 1 640643
673 0 0
674 1 642192
675 0 0
676 1 643974
677 0 0
678 1 646107
679 0 0
680 0 0
681 1 649020
682 0 0
683 0 0
684 1 651553
685 1 653073
686 0 0
687 1 654265
688 1 655258
689 1 656582
690 0 0
691 1 658660
692 0 0
693 1 660665
694 0 0
695 1 661757
696 1 663129
697 1 664384
698 0 0
699 1 666023
700 0 0
701 1 667811
702 0 0
703 1 670140
704 0 0
705 0 0
706 1 672811
707 0 0
708 0 0
709 1 675450
710 0 0
711 0 0
712 1 678228
713 0 0
714 1 680181
715 0 0
716 1 682192
717 0 0
718 1 684326
719 0 0
720 0 0
721 1 686665
722 0 0
723 1 689001
724 0 0
725 0 0
726 1 691521
727 0 0
728 1 693892
729 0 0
730 1 696064
731 0 0
732 1 697627
733 0 0
734 1 699484
735 0 0
736 1 700807
737 1 702306
738 1 703481
739 0 0
740 1 704644
741 1 705970
742 0 0
743 1 707911
744 0 0
745 1 709862
746 0 0
747 1 711938
748 1 712987
749 0 0
750 1 714437
751 0 0
752 1 716229
753 1 717503
754 0 0
755 1 719139
756 0 0
757 1 720854
758 0 0
759 1 722741
760 0 0
761 0 0
762 1 725366
763 0 0
764 1 727583
765 0 0
766 0 0
767 1 730127
768 0 0
769 1 732419
770 0 0
771 0 0
772 1 735409
773 0 0
774 0 0
775 0 0
776 1 738945
777 0 0
778 0 0
779 0 0
780 1 743573
781 0 0
782 0 0
783 0 0
784 1 747095
785 0 0
786 0 0
787 1 749767
788 1 751391
789 0 0
790 0 0
791 1 753416
792 0 0
793 0 0
794 1 756720
795 0 0
796 0 0
797 0 0
798 1 761084
799 0 0
800 0 0
801 1 763114
802 1 764715
803 0 0
804 1 766619
805 0 0
806 0 0
807 1 769052
808 0 0
809 1 771041
810 0 0
811 1 772926
812 0 0
813 1 774671
814 1 776157
815 0 0
816 0 0
817 1 778300
818 0 0
819 1 780255
820 1 781947
821 0 0
822 0 0
823 1 784167
824 0 0
825 0 0
826 1 787335
827 0 0
828 0 0
829 1 789753
830 0 0
831 0 0
832 1 793196
833 0 0
834 0 0
835 1 795609
836 0 0
837 1 797748
838 0 0
839 0 0
840 1 800590
841 0 0
842 1 802422
843 1 803926
844 0 0
845 1 805462
846 0 0
847 1 807452
848 0 0
849 1 809602
850 0 0
851 0 0
852 1 812055
853 0 0
854 1 814469
855 0 0
856 1 816138
857 0 0
858 1 818004
859 0 0
860 1 820198
861 0 0
862 0 0
863 1 822512
864 0 0
865 1 824549
866 0 0
867 0 0
868 1 827183
869 0 0
870 1 829543
871 0 0
872 1 831522
873 0 0
874 1 833475
875 0 0
876 1 834902
877 1 836047
878 1 837257
879 0 0
880 1 838755
881 0 0
882 1 840752
883 0 0
884 1 842713
885 0 0
886 1 844115
887 1 844952
888 1 845978
889 1 847377
890 0 0
891 1 849212
892 0 0
893 1 851238
894 0 0
895 1 853026
896 0 0
897 1 855184
898 0 0
899 0 0
900 1 857383
901 0 0
902 1 859807
903 0 0
904 1 861479
905 0 0
906 1 863512
907 0 0
908 1 865275
909 0 0
910 1 866780
911 1 868564
912 0 0
913 1 870254
914 0 0
915 1 872221
916 0 0
917 0 0
918 1 874360
919 0 0
920 1 876307
921 1 878007
922 0 0
923 1 879811
924 0 0
925 0 0
926 1 882003
927 0 0
928 0 0
929 1 885533
930 0 0
931 0 0
932 0 0
933 1 889342
934 0 0
935 0 0
936 0 0
937 1 892764
938 0 0
939 1 895192
940 0 0
941 1 896989
942 0 0
943 1 899249
944 0 0
945 0 0
946 1 901403
947 0 0
948 0 0
949 1 904375
950 0 0
951 0 0
952 1 907306
953 0 0
954 1 909374
955 0 0
956 1 911748
957 0 0
958 0 0
959 1 914397
960 0 0
961 0 0
962 1 917320
963 0 0
964 0 0
965 1 920109
966 0 0
967 0 0
968 1 922962
969 0 0
970 0 0
971 1 925662
972 0 0
973 0 0
974 1 928646
975 0 0
976 0 0
977 1 931473
978 0 0
979 1 933621
980 0 0
981 1 935509
982 0 0
983 1 937459
984 0 0
985 0 0
986 1 940133
987 0 0
988 0 0
989 1 943010
990 0 0
991 1 945104
992 0 0
993 1 947220
994 0 0
995 0 0
996 1 949999
997 0 0
998 0 0
999 1 952551
1000 0 0
1001 0 0
1002 1 956069
1003 0 0
1004 0 0
1005 1 958904
1006 0 0
1007 0 0
1008 0 0
1009 1 962137
1010 0 0
1011 0 0
1012 1 965018
1013 0 0
1014 0 0
1015 1 968090
1016 0 0
1017 0 0
1018 1 970961
1019 0 0
1020 1 973226
1021 0 0
1022 0 0
1023 1 975506
1024 1 977046
1025 1 978081
1026 0 0
1027 1 979231
1028 1 980755
1029 0 0
1030 1 982209
1031 0 0
1032 1 983833
1033 1 985327
1034 1 986225
1035 0 0
1036 1 987683
1037 0 0
1038 1 989876
1039 0 0
1040 1 992179
1041 0 0
1042 0 0
1043 1 994518
1044 0 0
1045 1 996962
1046 0 0
1047 1 998776
1048 0 0
1049 1 1.00081e+06
1050 0 0
1051 0 0
1052 1 1.00289e+06
1053 1 1.00415e+06
1054 1 1.00552e+06
1055 0 0
1056 1 1.0071e+06
1057 0 0
1058 1 1.00893e+06
1059 0 0
1060 1 1.01086e+06
1061 0 0
1062 1 1.01227e+06
1063 1 1.0141e+06
1064 0 0
1065 0 0
1066 1 1.01621e+06
1067 0 0
1068 1 1.01875e+06
1069 0 0
1070 0 0
1071 1 1.02086e+06
1072 1 1.02252e+06
1073 0 0
1074 2 1.02402e+06
1075 1 1.02534e+06
1076 0 0
1077 1 1.02681e+06
1078 0 0
1079 1 1.02882e+06
1080 0 0
1081 1 1.03058e+06
1082 0 0
1083 1 1.03205e+06
1084 1 1.03353e+06
1085 1 1.03476e+06
1086 0 0
1087 1 1.03603e+06
1088 1 1.03758e+06
1089 0 0
1090 0 0
1091 1 1.03987e+06
1092 0 0
1093 1 1.04215e+06
1094 0 0
1095 1 1.04431e+06
1096 0 0
1097 1 1.0454e+06
1098 2 1.04648e+06
1099 1 1.04763e+06
1100 0 0
1101 1 1.04907e+06
1102 0 0
1103 1 1.05095e+06
1104 0 0
1105 1 1.05315e+06
1106 0 0
1107 1 1.05531e+06
1108 0 0
1109 0 0
1110 1 1.05758e+06
1111 0 0
1112 1 1.05942e+06
1113 1 1.0612e+06
1114 0 0
1115 0 0
1116 1 1.06312e+06
1117 0 0
1118 1 1.06517e+06
1119 0 0
1120 1 1.06789e+06
1121 0 0
1122 1 1.06933e+06
1123 0 0
1124 1 1.07096e+06
1125 1 1.07228e+06
1126 0 0
1127 1 1.07405e+06
1128 0 0
1129 1 1.07556e+06
1130 1 1.07708e+06
1131 0 0
1132 1 1.07879e+06
1133 0 0
1134 1 1.08056e+06
1135 0 0
1136 1 1.08225e+06
1137 1 1.08368e+06
1138 0 0
1139 1 1.08517e+06
1140 0 0
1141 1 1.08752e+06
1142 0 0
1143 0 0
1144 1 1.09022e+06
1145 0 0
1146 1 1.0924e+06
1147 0 0
1148 0 0
1149 1 1.09455e+06
1150 1 1.09605e+06
1151 0 0
1152 1 1.09773e+06
1153 0 0
1154 1 1.09964e+06
1155 0 0
1156 1 1.10125e+06
1157 0 0
1158 1 1.10322e+06
1159 0 0
1160 1 1.10523e+06
1161 0 0
1162 1 1.10733e+06
1163 0 0
1164 1 1.10908e+06
1165 1 1.11046e+06
1166 0 0
1167 1 1.11234e+06
1168 0 0
1169 0 0
1170 1 1.11436e+06
1171 0 0
1172 1 1.1164e+06
1173 0 0
1174 1 1.11868e+06
1175 0 0
1176 1 1.12086e+06
1177 0 0
1178 0 0
1179 1 1.12333e+06
1180 0 0
1181 0 0
1182 1 1.12588e+06
1183 0 0
1184 1 1.12836e+06
1185 0 0
1186 0 0
1187 1 1.13086e+06
1188 0 0
1189 1 1.13265e+06
1190 0 0
1191 1 1.13469e+06
1192 0 0
1193 1 1.13632e+06
1194 0 0
1195 1 1.13843e+06
1196 0 0
1197 1 1.14032e+06
1198 1 1.14179e+06
1199 0 0
1200 1 1.14345e+06
1201 0 0
1202 1 1.1457e+06
1203 0 0
1204 1 1.14753e+06
1205 0 0
1206 1 1.14934e+06
1207 0 0
1208 1 1.151e+06
1209 0 0
1210 1 1.15265e+06
1211 0 0
1212 1 1.15439e+06
1213 0 0
1214 1 1.15655e+06
1215 1 1.15782e+06
1216 0 0
1217 1 1.15925e+06
1218 1 1.16047e+06
1219 1 1.16149e+06
1220 0 0
1221 1 1.16281e+06
1222 1 1.16391e+06
1223 1 1.16547e+06
1224 0 0
1225 1 1.16683e+06
1226 0 0
1227 1 1.16865e+06
1228 0 0
1229 1 1.17049e+06
1230 0 0
1231 1 1.17244e+06
1232 0 0
1233 1 1.17424e+06
1234 0 0
1235 1 1.17643e+06
1236 0 0
1237 1 1.17866e+06
1238 0 0
1239 0 0
1240 1 1.18165e+06
1241 0 0
1242 0 0
1243 1 1.18369e+06
1244 0 0
1245 1 1.18577e+06
1246 0 0
1247 1 1.18824e+06
1248 0 0
1249 0 0
1250 1 1.19049e+06
1251 0 0
1252 1 1.19241e+06
1253 1 1.19346e+06
1254 1 1.19497e+06
1255 0 0
1256 0 0
1257 1 1.19774e+06
1258 0 0
1259 0 0
1260 0 0
1261 1 1.20092e+06
1262 0 0
1263 0 0
1264 1 1.20467e+06
1265 0 0
1266 0 0
1267 1 1.20741e+06
1268 0 0
1269 1 1.20948e+06
1270 0 0
1271 0 0
1272 1 1.21162e+06
1273 0 0
1274 1 1.21392e+06
1275 0 0
1276 1 1.21608e+06
1277 0 0
1278 0 0
1279 1 1.2183e+06
1280 0 0
1281 1 1.22047e+06
1282 0 0
1283 1 1.22193e+06
1284 1 1.22346e+06
1285 0 0
1286 1 1.22553e+06
1287 0 0
1288 1 1.22732e+06
1289 0 0
1290 1 1.22894e+06
1291 1 1.23009e+06
1292 0 0
1293 1 1.23167e+06
1294 0 0
1295 1 1.23375e+06
1296 0 0
1297 0 0
1298 1 1.23642e+06
1299 0 0
1300 0 0
1301 1 1.23945e+06
1302 0 0
1303 0 0
1304 1 1.2429e+06
1305 0 0
1306 0 0
1307 0 0
1308 1 1.24614e+06
1309 0 0
1310 0 0
1311 1 1.24897e+06
1312 0 0
1313 0 0
1314 1 1.25194e+06
1315 0 0
1316 1 1.25403e+06
1317 0 0
1318 1 1.25609e+06
1319 0 0
1320 1 1.25764e+06
1321 0 0
1322 1 1.25948e+06
1323 0 0
1324 1 1.26139e+06
1325 0 0
1326 1 1.26361e+06
1327 0 0
1328 0 0
1329 1 1.26605e+06
1330 0 0
1331 1 1.26808e+06
1332 0 0
1333 1 1.27035e+06
1334 0 0
1335 1 1.27208e+06
1336 0 0
1337 1 1.27372e+06
1338 0 0
1339 1 1.27545e+06
1340 0 0
1341 1 1.27749e+06
1342 0 0
1343 1 1.27961e+06
1344 0 0
1345 1 1.28185e+06
1346 0 0
1347 0 0
1348 1 1.28447e+06
1349 0 0
1350 0 0
1351 1 1.2879e+06
1352 0 0
1353 0 0
1354 1 1.29045e+06
1355 0 0
1356 1 1.29266e+06
1357 0 0
1358 0 0
1359 1 1.29505e+06
1360 0 0
1361 1 1.29689e+06
1362 0 0
1363 1 1.29853e+06
1364 0 0
1365 1 1.30056e+06
1366 0 0
1367 1 1.30234e+06
1368 0 0
1369 1 1.30423e+06
1370 0 0
1371 0 0
1372 1 1.30728e+06
1373 0 0
1374 1 1.30908e+06
1375 0 0
1376 2 1.3113e+06
1377 1 1.31253e+06
1378 0 0
1379 1 1.31405e+06
1380 0 0
1381 1 1.31556e+06
1382 0 0
1383 1 1.31735e+06
1384 1 1.31838e+06
1385 1 1.31927e+06
1386 1 1.32095e+06
1387 0 0
1388 0 0
1389 1 1.32327e+06
1390 0 0
1391 1 1.32573e+06
1392 0 0
1393 0 0
1394 1 1.32857e+06
1395 0 0
1396 1 1.33029e+06
1397 0 0
1398 0 0
1399 1 1.33261e+06
1400 0 0
1401 0 0
1402 1 1.33575e+06
1403 0 0
1404 0 0
1405 0 0
1406 1 1.33967e+06
1407 0 0
1408 0 0
1409 0 0
1410 1 1.34373e+06
1411 0 0
1412 0 0
1413 1 1.3471e+06
1414 0 0
1415 0 0
1416 1 1.34992e+06
1417 0 0
1418 0 0
1419 1 1.35206e+06
1420 0 0
1421 1 1.35443e+06
1422 0 0
1423 1 1.35639e+06
1424 0 0
1425 1 1.35778e+06
1426 1 1.35932e+06
1427 0 0
1428 1 1.36064e+06
1429 1 1.36178e+06
1430 0 0
1431 1 1.36364e+06
1432 0 0
1433 1 1.366e+06
1434 0 0
1435 0 0
1436 1 1.36896e+06
1437 0 0
1438 0 0
1439 1 1.37189e+06
1440 0 0
1441 0 0
1442 1 1.37411e+06
1443 0 0
1444 1 1.37644e+06
1445 0 0
1446 0 0
1447 1 1.3796e+06
1448 0 0
1449 0 0
1450 0 0
1451 1 1.38326e+06
1452 0 0
1453 0 0
1454 0 0
1455 0 0
1456 1 1.3875e+06
1457 0 0
1458 0 0
1459 1 1.39085e+06
1460 0 0
1461 0 0
1462 1 1.39359e+06
1463 0 0
1464 1 1.39606e+06
1465 0 0
1466 1 1.39774e+06
1467 0 0
1468 1 1.39946e+06
1469 0 0
1470 1 1.40138e+06
1471 0 0
1472 1 1.40346e+06
1473 0 0
1474 0 0
1475 1 1.40581e+06
1476 0 0
1477 1 1.40794e+06
1478 0 0
1479 1 1.40988e+06
1480 0 0
1481 1 1.41209e+06
1482 0 0
1483 1 1.41418e+06
1484 0 0
1485 0 0
1486 1 1.41672e+06
1487 0 0
1488 0 0
1489 1 1.41932e+06
1490 0 0
1491 1 1.4214e+06
1492 0 0
1493 1 1.42322e+06
1494 0 0
1495 1 1.42517e+06
1496 0 0
1497 0 0
1498 1 1.42796e+06
1499 0 0
1500 0 0
1501 1 1.43091e+06
1502 0 0
1503 1 1.43331e+06
1504 0 0
1505 0 0
1506 1 1.43567e+06
1507 0 0
1508 1 1.4375e+06
1509 0 0
1510 1 1.4395e+06
1511 0 0
1512 1 1.44116e+06
1513 0 0
1514 1 1.44332e+06
1515 0 0
1516 1 1.44558e+06
1517 0 0
1518 0 0
1519 1 1.44774e+06
1520 1 1.44924e+06
1521 0 0
1522 1 1.45055e+06
1523 1 1.45233e+06
1524 0 0
1525 0 0
1526 1 1.45448e+06
1527 0 0
1528 1 1.45676e+06
1529 0 0
1530 1 1.45894e+06
1531 0 0
1532 0 0
1533 1 1.46187e+06
1534 0 0
1535 1 1.46377e+06
1536 0 0
1537 0 0
1538 1 1.46583e+06
1539 0 0
1540 1 1.4683e+06
1541 0 0
1542 0 0
1543 1 1.47135e+06
1544 0 0
1545 0 0
1546 1 1.4744e+06
1547 0 0
1548 0 0
1549 0 0
1550 1 1.47753e+06
1551 0 0
1552 0 0
1553 1 1.48044e+06
1554 0 0
1555 1 1.48297e+06
1556 0 0
1557 0 0
1558 1 1.48565e+06
1559 0 0
1560 0 0
1561 1 1.4881e+06
1562 0 0
1563 0 0
1564 1 1.49107e+06
1565 0 0
1566 0 0
1567 1 1.49389e+06
1568 0 0
1569 1 1.49649e+06
1570 0 0
1571 0 0
1572 1 1.49861e+06
1573 0 0
1574 1 1.50084e+06
1575 0 0
1576 1 1.50324e+06
1577 0 0
1578 0 0
1579 1 1.50592e+06
1580 0 0
1581 0 0
1582 1 1.50894e+06
1583 0 0
1584 0 0
1585 1 1.51141e+06
1586 0 0
1587 1 1.51323e+06
1588 2 1.51446e+06
1589 1 1.51518e+06
1590 1 1.516e+06
1591 0 0
1592 1 1.51795e+06
1593 0 0
1594 1 1.51947e+06
1595 0 0
1596 1 1.52183e+06
1597 0 0
1598 0 0
1599 1 1.52426e+06
1600 0 0
1601 1 1.52704e+06
1602 0 0
1603 0 0
1604 1 1.52909e+06
1605 0 0
1606 0 0
1607 1 1.53221e+06
1608 0 0
1609 0 0
1610 1 1.53538e+06
1611 0 0
1612 0 0
1613 1 1.53796e+06
1614 1 1.53956e+06
1615 0 0
1616 1 1.54111e+06
1617 0 0
1618 1 1.54283e+06
1619 0 0
1620 1 1.54441e+06
1621 1 1.5461e+06
1622 0 0
1623 0 0
1624 1 1.54826e+06
1625 0 0
1626 1 1.55018e+06
1627 0 0
1628 1 1.55194e+06
1629 0 0
1630 1 1.55407e+06
1631 0 0
1632 1 1.55647e+06
1633 0 0
1634 0 0
1635 0 0
1636 1 1.55978e+06
1637 0 0
1638 0 0
1639 1 1.5635e+06
1640 0 0
1641 0 0
1642 0 0
1643 0 0
1644 1 1.56785e+06
1645 0 0
1646 1 1.5703e+06
1647 0 0
1648 1 1.57216e+06
1649 1 1.57306e+06
1650 0 0
1651 1 1.57412e+06
1652 1 1.57497e+06
1653 1 1.57586e+06
1654 1 1.57698e+06
1655 0 0
1656 1 1.57875e+06
1657 0 0
1658 1 1.58109e+06
1659 0 0
1660 0 0
1661 1 1.58351e+06
1662 0 0
1663 0 0
1664 1 1.58694e+06
1665 0 0
1666 0 0
1667 0 0
1668 1 1.59051e+06
1669 0 0
1670 0 0
1671 1 1.59375e+06
1672 0 0
1673 0 0
1674 1 1.59629e+06
1675 0 0
1676 1 1.5986e+06
1677 0 0
1678 0 0
1679 1 1.60087e+06
1680 0 0
1681 1 1.60357e+06
1682 0 0
1683 0 0
1684 1 1.60586e+06
1685 0 0
1686 0 0
1687 1 1.60901e+06
1688 0 0
1689 1 1.61141e+06
1690 0 0
1691 0 0
1692 0 0
1693 1 1.61526e+06
1694 0 0
1695 0 0
1696 0 0
1697 1 1.6186e+06
1698 0 0
1699 0 0
1700 1 1.62203e+06
1701 0 0
1702 0 0
1703 1 1.62411e+06
1704 1 1.62528e+06
1705 0 0
1706 1 1.62691e+06
1707 1 1.62865e+06
1708 0 0
1709 0 0
1710 1 1.63124e+06
1711 0 0
1712 0 0
1713 1 1.6339e+06
1714 0 0
1715 1 1.63639e+06
1716 0 0
1717 0 0
1718 1 1.63845e+06
1719 0 0
1720 1 1.64088e+06
1721 0 0
1722 1 1.6428e+06
1723 0 0
1724 0 0
1725 1 1.64538e+06
1726 0 0
1727 1 1.64751e+06
1728 0 0
1729 1 1.64919e+06
1730 0 0
1731 1 1.65168e+06
1732 0 0
1733 1 1.65336e+06
1734 0 0
1735 1 1.65522e+06
1736 0 0
1737 0 0
1738 1 1.65747e+06
1739 1 1.65902e+06
1740 0 0
1741 1 1.66099e+06
1742 0 0
1743 1 1.66295e+06
1744 0 0
1745 0 0
1746 1 1.66517e+06
1747 0 0
1748 0 0
1749 1 1.6681e+06
1750 0 0
1751 0 0
1752 1 1.67112e+06
1753 0 0
1754 0 0
1755 0 0
1756 1 1.67487e+06
1757 0 0
1758 0 0
1759 1 1.67807e+06
1760 0 0
1761 1 1.68047e+06
1762 0 0
1763 1 1.68171e+06
1764 1 1.68306e+06
1765 0 0
1766 0 0
1767 1 1.68531e+06
1768 0 0
1769 1 1.68793e+06
1770 0 0
1771 0 0
1772 1 1.69041e+06
1773 0 0
1774 1 1.69262e+06
1775 0 0
1776 1 1.69462e+06
1777 0 0
1778 1 1.69623e+06
1779 1 1.69734e+06
1780 0 0
1781 1 1.69887e+06
1782 0 0
1783 1 1.70071e+06
1784 0 0
1785 0 0
1786 1 1.70334e+06
1787 0 0
1788 1 1.70604e+06
1789 0 0
1790 0 0
1791 1 1.70875e+06
1792 0 0
1793 1 1.71092e+06
1794 0 0
1795 1 1.71267e+06
1796 0 0
1797 1 1.71404e+06
1798 0 0
1799 1 1.71609e+06
1800 0 0
1801 1 1.7183e+06
1802 0 0
1803 0 0
1804 1 1.7215e+06
1805 0 0
1806 0 0
1807 0 0
1808 1 1.72536e+06
1809 0 0
1810 0 0
1811 1 1.72785e+06
1812 0 0
1813 0 0
1814 1 1.7304e+06
1815 0 0
1816 1 1.73254e+06
1817 0 0
1818 1 1.73467e+06
1819 0 0
1820 1 1.736e+06
1821 0 0
1822 1 1.73783e+06
1823 0 0
1824 1 1.73975e+06
1825 0 0
1826 1 1.74162e+06
1827 0 0
1828 1 1.74381e+06
1829 0 0
1830 1 1.74543e+06
1831 1 1.74701e+06
1832 0 0
1833 1 1.74882e+06
1834 0 0
1835 1 1.75097e+06
1836 0 0
1837 0 0
1838 1 1.75308e+06
1839 0 0
1840 1 1.75545e+06
1841 0 0
1842 1 1.75698e+06
1843 1 1.75856e+06
1844 0 0
1845 1 1.76003e+06
1846 0 0
1847 1 1.76171e+06
1848 1 1.76281e+06
1849 0 0
1850 1 1.76434e+06
1851 1 1.766e+06
1852 0 0
1853 0 0
1854 1 1.76883e+06
1855 0 0
1856 0 0
1857 1 1.77199e+06
1858 0 0
1859 0 0
1860 0 0
1861 1 1.7753e+06
1862 0 0
1863 1 1.77753e+06
1864 0 0
1865 0 0
1866 1 1.77984e+06
1867 1 1.78133e+06
1868 0 0
1869 1 1.78292e+06
1870 0 0
1871 1 1.78442e+06
1872 1 1.78621e+06
1873 0 0
1874 1 1.78743e+06
1875 1 1.78862e+06
1876 1 1.78955e+06
1877 0 0
1878 1 1.79093e+06
1879 1 1.7928e+06
1880 0 0
1881 0 0
1882 1 1.79512e+06
1883 0 0
1884 1 1.79711e+06
1885 0 0
1886 1 1.79915e+06
1887 0 0
1888 0 0
1889 1 1.80141e+06
1890 1 1.80315e+06
1891 0 0
1892 0 0
1893 1 1.80612e+06
1894 0 0
1895 0 0
1896 1 1.80877e+06
1897 0 0
1898 0 0
1899 1 1.81162e+06
1900 0 0
1901 1 1.81389e+06
1902 0 0
1903 0 0
1904 1 1.81621e+06
1905 0 0
1906 1 1.81848e+06
1907 0 0
1908 1 1.81977e+06
1909 1 1.82121e+06
1910 0 0
1911 1 1.82248e+06
1912 0 0
1913 1 1.82434e+06
1914 1 1.82613e+06
1915 0 0
1916 1 1.82768e+06
1917 0 0
1918 1 1.82926e+06
1919 0 0
1920 1 1.83109e+06
1921 0 0
1922 1 1.83334e+06
1923 0 0
1924 1 1.83567e+06
1925 0 0
1926 1 1.83737e+06
1927 0 0
1928 1 1.83864e+06
1929 1 1.83997e+06
1930 0 0
1931 1 1.84145e+06
1932 1 1.84261e+06
1933 0 0
1934 1 1.84452e+06
1935 0 0
1936 1 1.84643e+06
1937 0 0
1938 1 1.84831e+06
1939 0 0
1940 1 1.84985e+06
1941 0 0
1942 1 1.85196e+06
1943 0 0
1944 1 1.85423e+06
1945 0 0
1946 0 0
1947 1 1.85677e+06
1948 0 0
1949 0 0
1950 1 1.85957e+06
1951 0 0
1952 0 0
1953 1 1.86232e+06
1954 0 0
1955 1 1.86437e+06
1956 0 0
1957 1 1.86645e+06
1958 0 0
1959 1 1.86857e+06
1960 0 0
1961 0 0
1962 1 1.871e+06
1963 0 0
1964 1 1.87353e+06
1965 0 0
1966 0 0
1967 1 1.87651e+06
1968 0 0
1969 0 0
1970 1 1.87917e+06
1971 0 0
1972 1 1.8811e+06
1973 0 0
1974 1 1.88284e+06
1975 0 0
1976 1 1.88512e+06
1977 0 0
1978 1 1.88662e+06
1979 0 0
1980 1 1.88851e+06
1981 1 1.88982e+06
1982 0 0
1983 0 0
1984 1 1.89195e+06
1985 0 0
1986 0 0
1987 1 1.89483e+06
1988 0 0
1989 1 1.89708e+06
1990 0 0
1991 1 1.89863e+06
1992 1 1.9002e+06
1993 0 0
1994 1 1.902e+06
1995 0 0
1996 1 1.90353e+06
1997 1 1.90489e+06
1998 0 0
1999 1 1.90659e+06
2000 0 0
2001 1 1.90832e+06
2002 0 0
2003 1 1.91081e+06
2004 0 0
2005 0 0
2006 1 1.91364e+06
2007 0 0
2008 0 0
2009 0 0
2010 1 1.91679e+06
2011 1 1.91855e+06
2012 0 0
2013 0 0
2014 1 1.9207e+06
2015 1 1.92234e+06
2016 0 0
2017 1 1.92427e+06
2018 0 0
2019 1 1.92619e+06
2020 0 0
2021 0 0
2022 1 1.92887e+06
2023 0 0
2024 0 0
2025 1 1.93155e+06
2026 0 0
2027 1 1.93353e+06
2028 0 0
2029 1 1.93562e+06
2030 0 0
2031 1 1.93768e+06
2032 0 0
2033 1 1.93945e+06
2034 0 0
2035 0 0
2036 1 1.9418e+06
2037 0 0
2038 1 1.94394e+06
2039 0 0
2040 0 0
2041 0 0
2042 1 1.94733e+06
2043 0 0
2044 1 1.95003e+06
2045 0 0
2046 0 0
2047 1 1.95252e+06
2048 0 0
2049 1 1.95412e+06
2050 0 0
2051 1 1.95631e+06
2052 1 1.95697e+06
2053 1 1.95781e+06
2054 1 1.95914e+06
2055 0 0
2056 1 1.96053e+06
2057 0 0
2058 1 1.96284e+06
2059 0 0
2060 1 1.96468e+06
2061 0 0
2062 1 1.96657e+06
2063 0 0
2064 1 1.96876e+06
2065 0 0
2066 0 0
2067 1 1.9714e+06
2068 0 0
2069 0 0
2070 1 1.97451e+06
2071 0 0
2072 0 0
2073 1 1.9772e+06
2074 0 0
2075 0 0
2076 1 1.97973e+06
2077 1 1.98114e+06
2078 0 0
2079 1 1.98285e+06
2080 0 0
2081 1 1.98476e+06
2082 0 0
2083 1 1.98685e+06
2084 0 0
2085 0 0
2086 1 1.98944e+06
2087 0 0
2088 1 1.99137e+06
2089 0 0
2090 1 1.99326e+06
2091 0 0
2092 1 1.99562e+06
2093 0 0
2094 0 0
2095 0 0
2096 1 1.99916e+06
2097 0 0
2098 0 0
2099 1 2.00184e+06
2100 0 0
2101 0 0
2102 1 2.00511e+06
2103 0 0
2104 1 2.00719e+06
2105 1 2.008e+06
2106 1 2.00928e+06
2107 0 0
2108 1 2.01066e+06
2109 0 0
2110 1 2.01265e+06
2111 0 0
2112 1 2.015e+06
2113 0 0
2114 1 2.01672e+06
2115 0 0
2116 1 2.0185e+06
2117 0 0
2118 0 0
2119 1 2.02081e+06
2120 1 2.02222e+06
2121 1 2.0232e+06
2122 1 2.02418e+06
2123 1 2.02524e+06
2124 0 0
2125 1 2.02652e+06
2126 0 0
2127 1 2.02851e+06
2128 0 0
2129 1 2.03082e+06
2130 0 0
2131 0 0
2132 1 2.03296e+06
2133 0 0
2134 1 2.03482e+06
2135 1 2.03663e+06
2136 0 0
2137 1 2.03832e+06
2138 0 0
2139 0 0
2140 1 2.04101e+06
2141 0 0
2142 1 2.04335e+06
2143 0 0
2144 0 0
2145 1 2.04619e+06
2146 0 0
2147 0 0
2148 1 2.0486e+06
2149 1 2.04999e+06
2150 0 0
2151 1 2.05169e+06
2152 0 0
2153 0 0
2154 1 2.05393e+06
2155 0 0
2156 1 2.05638e+06
2157 0 0
2158 0 0
2159 1 2.0589e+06
2160 0 0
2161 1 2.06154e+06
2162 0 0
2163 0 0
2164 1 2.06389e+06
2165 0 0
2166 1 2.06613e+06
2167 0 0
2168 1 2.06771e+06
2169 0 0
2170 1 2.06922e+06
2171 0 0
2172 1 2.07119e+06
2173 0 0
2174 1 2.0734e+06
2175 0 0
2176 0 0
2177 1 2.07609e+06
2178 0 0
2179 1 2.07831e+06
2180 0 0
2181 1 2.08071e+06
2182 0 0
2183 1 2.08258e+06
2184 0 0
2185 0 0
2186 1 2.08486e+06
2187 0 0
2188 1 2.08733e+06
2189 0 0
2190 0 0
2191 0 0
2192 1 2.09089e+06
2193 0 0
2194 0 0
2195 1 2.09374e+06
2196 0 0
2197 0 0
2198 1 2.09701e+06
2199 0 0
2200 0 0
2201 0 0
2202 1 2.10091e+06
2203 0 0
2204 0 0
2205 1 2.10318e+06
2206 0 0
2207 1 2.1056e+06
2208 0 0
2209 0 0
2210 1 2.1079e+06
2211 0 0
2212 1 2.11027e+06
2213 0 0
2214 0 0
2215 1 2.11296e+06
2216 0 0
2217 1 2.1153e+06
2218 0 0
2219 1 2.11715e+06
2220 0 0
2221 0 0
2222 1 2.11942e+06
2223 0 0
2224 1 2.12125e+06
2225 1 2.12272e+06
2226 0 0
2227 1 2.12415e+06
2228 0 0
2229 1 2.12593e+06
2230 1 2.12761e+06
2231 0 0
2232 0 0
2233 1 2.12962e+06
2234 1 2.13148e+06
2235 0 0
2236 1 2.13313e+06
2237 1 2.13398e+06
2238 1 2.13478e+06
2239 1 2.13567e+06
2240 1 2.13687e+06
2241 0 0
2242 1 2.13834e+06
2243 1 2.13975e+06
2244 0 0
2245 1 2.1411e+06
2246 1 2.14242e+06
2247 0 0
2248 1 2.14375e+06
2249 0 0
2250 1 2.1461e+06
2251 0 0
2252 0 0
2253 1 2.14861e+06
2254 0 0
2255 1 2.15122e+06
2256 0 0
2257 0 0
2258 1 2.15332e+06
2259 0 0
2260 1 2.15515e+06
2261 1 2.15674e+06
2262 0 0
2263 1 2.15819e+06
2264 0 0
2265 1 2.16029e+06
2266 0 0
2267 1 2.16231e+06
2268 0 0
2269 1 2.16424e+06
2270 1 2.16517e+06
2271 0 0
2272 1 2.16634e+06
2273 0 0
2274 1 2.16837e+06
2275 0 0
2276 1 2.1704e+06
2277 0 0
2278 1 2.17215e+06
2279 1 2.17354e+06
2280 0 0
2281 1 2.17503e+06
2282 0 0
2283 1 2.17725e+06
2284 0 0
2285 0 0
2286 1 2.17975e+06
2287 0 0
2288 0 0
2289 1 2.18281e+06
2290 0 0
2291 0 0
2292 1 2.18631e+06
2293 0 0
2294 0 0
2295 0 0
2296 0 0
2297 1 2.19041e+06
2298 0 0
2299 0 0
2300 1 2.19339e+06
2301 0 0
2302 1 2.19593e+06
2303 0 0
2304 0 0
2305 0 0
2306 1 2.19942e+06
2307 0 0
2308 0 0
2309 1 2.20245e+06
2310 0 0
2311 0 0
2312 1 2.2054e+06
2313 0 0
2314 0 0
2315 1 2.20787e+06
2316 1 2.20941e+06
2317 1 2.21049e+06
2318 0 0
2319 1 2.21177e+06
2320 0 0
2321 1 2.21358e+06
2322 0 0
2323 1 2.21593e+06
2324 0 0
2325 1 2.21787e+06
2326 0 0
2327 0 0
2328 1 2.22064e+06
2329 0 0
2330 0 0
2331 1 2.22365e+06
2332 0 0
2333 1 2.22542e+06
2334 1 2.22665e+06
2335 0 0
2336 0 0
2337 1 2.22879e+06
2338 0 0
2339 1 2.23105e+06
2340 0 0
2341 0 0
2342 1 2.23413e+06
2343 0 0
2344 0 0
2345 0 0
2346 1 2.23735e+06
2347 0 0
2348 1 2.24001e+06
2349 0 0
2350 0 0
2351 1 2.24252e+06
2352 0 0
2353 1 2.24457e+06
2354 0 0
2355 0 0
2356 1 2.24693e+06
2357 0 0
2358 1 2.24895e+06
2359 0 0
2360 0 0
2361 1 2.2519e+06
2362 0 0
2363 0 0
2364 1 2.25466e+06
2365 0 0
2366 1 2.25691e+06
2367 0 0
2368 0 0
2369 1 2.25948e+06
2370 0 0
2371 0 0
2372 1 2.26237e+06
2373 0 0
2374 1 2.26445e+06
2375 0 0
2376 1 2.2668e+06
2377 0 0
2378 1 2.2685e+06
2379 1 2.26987e+06
2380 0 0
2381 1 2.27106e+06
2382 1 2.27219e+06
2383 1 2.27341e+06
2384 0 0
2385 1 2.27506e+06
2386 0 0
2387 1 2.27647e+06
2388 1 2.27766e+06
2389 0 0
2390 1 2.27942e+06
2391 0 0
2392 1 2.28123e+06
2393 1 2.28294e+06
2394 0 0
2395 0 0
2396 1 2.28541e+06
2397 0 0
2398 1 2.28715e+06
2399 0 0
2400 1 2.28893e+06
2401 0 0
2402 1 2.29128e+06
2403 0 0
2404 1 2.29342e+06
2405 0 0
2406 0 0
2407 0 0
2408 1 2.29654e+06
2409 0 0
2410 1 2.29924e+06
2411 0 0
2412 0 0
2413 0 0
2414 1 2.30247e+06
2415 0 0
2416 1 2.30477e+06
2417 0 0
2418 0 0
2419 1 2.30703e+06
2420 0 0
2421 0 0
2422 1 2.31e+06
2423 0 0
2424 1 2.3126e+06
2425 0 0
2426 0 0
2427 0 0
2428 1 2.31573e+06
2429 0 0
2430 1 2.31833e+06
2431 0 0
2432 1 2.32034e+06
2433 0 0
2434 1 2.32227e+06
2435 0 0
2436 0 0
2437 1 2.32477e+06
2438 0 0
2439 0 0
2440 1 2.3278e+06
2441 0 0
2442 0 0
2443 1 2.33012e+06
2444 0 0
2445 0 0
2446 1 2.33342e+06
2447 0 0
2448 0 0
2449 1 2.33649e+06
2450 0 0
2451 0 0
2452 1 2.33935e+06
2453 0 0
2454 0 0
2455 0 0
2456 1 2.3431e+06
2457 0 0
2458 0 0
2459 1 2.34658e+06
2460 0 0
2461 0 0
2462 1 2.34911e+06
2463 0 0
2464 0 0
2465 1 2.35176e+06
2466 0 0
2467 1 2.35389e+06
2468 0 0
2469 1 2.35618e+06
2470 0 0
2471 1 2.35804e+06
2472 0 0
2473 0 0
2474 1 2.3604e+06
2475 0 0
2476 1 2.36246e+06
2477 0 0
2478 1 2.36439e+06
2479 0 0
2480 1 2.36622e+06
2481 0 0
2482 1 2.36788e+06
2483 0 0
2484 1 2.36978e+06
2485 0 0
2486 1 2.37171e+06
2487 0 0
2488 1 2.37347e+06
2489 0 0
2490 1 2.37523e+06
2491 0 0
2492 1 2.37732e+06
2493 0 0
2494 1 2.37934e+06
2495 0 0
2496 1 2.38165e+06
2497 0 0
2498 0 0
2499 1 2.38396e+06
2500 0 0
2501 1 2.38594e+06
2502 0 0
2503 1 2.38823e+06
2504 0 0
2505 1 2.39049e+06
2506 0 0
2507 0 0
2508 1 2.39271e+06
2509 0 0
2510 1 2.39508e+06
2511 0 0
2512 1 2.39675e+06
2513 1 2.39792e+06
2514 0 0
2515 1 2.39932e+06
2516 1 2.40086e+06
2517 0 0
2518 1 2.40245e+06
2519 0 0
2520 0 0
2521 1 2.40472e+06
2522 0 0
2523 1 2.40709e+06
2524 1 2.40851e+06
2525 0 0
2526 1 2.41019e+06
2527 0 0
2528 1 2.41211e+06
2529 0 0
2530 1 2.41335e+06
2531 0 0
2532 1 2.41513e+06
2533 1 2.4166e+06
2534 1 2.41784e+06
2535 0 0
2536 1 2.41919e+06
2537 1 2.42015e+06
2538 0 0
2539 1 2.42177e+06
2540 1 2.42328e+06
2541 0 0
2542 1 2.42471e+06
2543 1 2.4262e+06
2544 0 0
2545 1 2.42742e+06
2546 2 2.42845e+06
2547 1 2.4296e+06
2548 0 0
2549 1 2.43118e+06
2550 0 0
2551 0 0
2552 1 2.43384e+06
2553 0 0
2554 1 2.43605e+06
2555 0 0
2556 1 2.43821e+06
2557 0 0
2558 1 2.44035e+06
2559 0 0
2560 0 0
2561 1 2.44283e+06
2562 0 0
2563 0 0
2564 0 0
2565 1 2.44637e+06
2566 0 0
2567 0 0
2568 1 2.44939e+06
2569 0 0
2570 1 2.45136e+06
2571 0 0
2572 1 2.4533e+06
2573 0 0
2574 1 2.45532e+06
2575 0 0
2576 1 2.45767e+06
2577 0 0
2578 0 0
2579 0 0
2580 1 2.46137e+06
2581 0 0
2582 0 0
2583 0 0
2584 1 2.46463e+06
2585 0 0
2586 1 2.46671e+06
2587 1 2.46827e+06
2588 0 0
2589 1 2.46989e+06
2590 0 0
2591 1 2.4721e+06
2592 0 0
2593 0 0
2594 1 2.4743e+06
2595 0 0
2596 1 2.4762e+06
2597 0 0
2598 1 2.47798e+06
2599 1 2.47929e+06
2600 0 0
2601 1 2.48089e+06
2602 0 0
2603 1 2.48328e+06
2604 0 0
2605 0 0
2606 1 2.48626e+06
2607 0 0
2608 0 0
2609 0 0
2610 1 2.4896e+06
2611 0 0
2612 1 2.49152e+06
2613 0 0
2614 1 2.49315e+06
2615 1 2.49482e+06
2616 0 0
2617 1 2.49684e+06
2618 0 0
2619 0 0
2620 1 2.49885e+06
2621 1 2.50068e+06
2622 0 0
2623 1 2.5023e+06
2624 1 2.50346e+06
2625 0 0
2626 1 2.5051e+06
2627 0 0
2628 1 2.50668e+06
2629 0 0
2630 0 0
2631 1 2.5093e+06
2632 0 0
2633 1 2.51193e+06
2634 0 0
2635 1 2.51339e+06
2636 1 2.51482e+06
2637 0 0
2638 1 2.51633e+06
2639 0 0
2640 1 2.51795e+06
2641 1 2.51945e+06
2642 0 0
2643 1 2.52126e+06
2644 0 0
2645 1 2.52276e+06
2646 0 0
2647 1 2.52433e+06
2648 0 0
2649 1 2.52656e+06
2650 0 0
2651 1 2.52858e+06
2652 0 0
2653 1 2.53068e+06
2654 0 0
2655 1 2.53272e+06
2656 0 0
2657 0 0
2658 1 2.53506e+06
2659 0 0
2660 1 2.53718e+06
2661 0 0
2662 0 0
2663 1 2.5398e+06
2664 0 0
2665 0 0
2666 1 2.54277e+06
2667 0 0
2668 0 0
2669 1 2.54574e+06
2670 0 0
2671 1 2.54789e+06
2672 0 0
2673 1 2.55e+06
2674 0 0
2675 1 2.55167e+06
2676 1 2.55296e+06
2677 0 0
2678 1 2.55465e+06
2679 0 0
2680 1 2.55625e+06
2681 0 0
2682 1 2.55855e+06
2683 0 0
2684 0 0
2685 1 2.56065e+06
2686 0 0
2687 1 2.56279e+06
2688 1 2.56433e+06
2689 0 0
2690 1 2.56607e+06
2691 0 0
2692 1 2.56779e+06
2693 0 0
2694 0 0
2695 1 2.57018e+06
2696 0 0
2697 1 2.57296e+06
2698 0 0
2699 0 0
2700 0 0
2701 1 2.57684e+06
2702 0 0
2703 0 0
2704 0 0
2705 0 0
2706 1 2.58114e+06
2707 0 0
2708 0 0
2709 0 0
2710 1 2.58514e+06
2711 0 0
2712 1 2.58749e+06
2713 0 0
2714 1 2.58897e+06
2715 0 0
2716 1 2.59063e+06
2717 0 0
2718 1 2.59281e+06
2719 0 0
2720 1 2.59429e+06
2721 1 2.59529e+06
2722 1 2.59699e+06
2723 0 0
2724 1 2.59863e+06
2725 0 0
2726 1 2.59998e+06
2727 1 2.60109e+06
2728 1 2.60214e+06
2729 1 2.60306e+06
2730 0 0
2731 0 0
2732 0 0
2733 0 0
2734 0 0
2735 5 2.60848e+06
