#control_step plq_rho plq_splitting wlq_rho nw_plq nw_wlq [watts]
0 1.16636 4 0 4 0
1 1.33825 4 0 4 0
2 1.7509 4 0 4 0
3 1.6868 4 0 4 0
4 1.63195 4 0 4 0
5 1.40805 4 0 4 0
6 1.3315 4 0 4 0
7 1.46307 4 0 4 0
8 1.44113 4 0 4 0
9 1.36874 4 0 4 0
10 1.44385 4 0 4 0
11 1.397 4 0 4 0
12 1.44546 4 0 4 0
13 1.48231 4 0 4 0
14 1.38579 4 0 4 0
15 1.31904 4 0 4 0
16 1.3413 4 0 4 0
17 1.27885 4 0 4 0
18 1.47214 4 0 4 0
19 1.47134 4 0 4 0
20 1.61789 4 0 4 0
21 1.38362 4 0 4 0
22 1.38154 4 0 4 0
23 1.36196 4 0 4 0
24 1.53221 4 0 4 0
25 1.40224 4 0 4 0
26 1.40349 4 0 4 0
27 1.41369 4 0 4 0
28 1.40082 4 0 4 0
29 1.40927 4 0 4 0
30 1.61574 4 0 4 0
31 1.49246 4 0 4 0
32 1.30856 4 0 4 0
33 1.42892 4 0 4 0
34 1.3792 4 0 4 0
35 1.50359 4 0 4 0
36 1.56896 4 0 4 0
37 1.8018 4 0 4 0
38 1.35176 4 0 4 0
39 1.37869 4 0 4 0
40 1.40475 4 0 4 0
41 1.57041 4 0 4 0
42 1.84932 4 0 4 0
43 1.65357 4 0 4 0
44 1.47754 4 0 4 0
45 1.28647 4 0 4 0
46 2.11061 4 0 4 0
47 1.53001 4 0 4 0
48 1.38337 4 0 4 0
49 1.39026 4 0 4 0
50 1.37676 4 0 4 0
51 1.32481 4 0 4 0
52 1.39925 4 0 4 0
53 1.37096 4 0 4 0
54 1.37066 4 0 4 0
55 1.43374 4 0 4 0
56 1.65299 4 0 4 0
57 2.14883 4 0 4 0
58 1.37626 4 0 4 0
