#control_step plq_rho plq_splitting wlq_rho nw_plq nw_wlq [watts]
0 0.516613 8 0 8 0
1 0.480455 8 0 8 0
2 0.623987 8 0 8 0
3 0.601582 8 0 8 0
4 0.46056 8 0 8 0
5 0.45 8 0 8 0
6 0.540512 8 0 8 0
7 0.409745 8 0 8 0
8 0.69208 8 0 8 0
9 0.758309 8 0 8 0
10 0.645237 8 0 8 0
11 0.565793 8 0 8 0
12 0.675872 8 0 8 0
13 0.56876 8 0 8 0
14 0.538826 8 0 8 0
15 0.711746 8 0 8 0
16 0.541993 8 0 8 0
17 0.618819 8 0 8 0
18 0.758146 8 0 8 0
19 0.538455 8 0 8 0
20 0.444533 8 0 8 0
21 0.546769 8 0 8 0
22 0.569958 8 0 8 0
23 0.530897 8 0 8 0
24 0.636163 8 0 8 0
25 0.632431 8 0 8 0
26 0.624498 8 0 8 0
27 0.682475 8 0 8 0
28 0.615644 8 0 8 0
29 0.653879 8 0 8 0
30 0.645179 8 0 8 0
31 0.726995 8 0 8 0
32 0.656762 8 0 8 0
33 0.605686 8 0 8 0
34 0.537861 8 0 8 0
35 0.571662 8 0 8 0
36 0.616919 8 0 8 0
37 0.602255 8 0 8 0
38 0.592646 8 0 8 0
39 0.549627 8 0 8 0
40 0.678456 8 0 8 0
41 0.500194 8 0 8 0
42 0.661731 8 0 8 0
43 0.657149 8 0 8 0
44 0.592451 8 0 8 0
45 0.698631 8 0 8 0
46 0.525518 8 0 8 0
47 0.561543 8 0 8 0
48 0.556554 8 0 8 0
49 0.565566 8 0 8 0
50 0.501344 8 0 8 0
