#control_step plq_rho plq_splitting wlq_rho nw_plq nw_wlq [watts]
0 0.16489 15 0 15 0
1 0.170399 15 0 15 0
2 0.20899 15 0 15 0
3 0.210459 15 0 15 0
4 0.15388 15 0 15 0
5 0.154614 15 0 15 0
6 0.189068 15 0 15 0
7 0.137829 15 0 15 0
8 0.235374 15 0 15 0
9 0.256032 15 0 15 0
10 0.222067 15 0 15 0
11 0.191376 15 0 15 0
12 0.2315 15 0 15 0
13 0.18896 15 0 15 0
14 0.183134 15 0 15 0
15 0.24455 15 0 15 0
16 0.192573 15 0 15 0
17 0.207571 15 0 15 0
18 0.253359 15 0 15 0
19 0.192372 15 0 15 0
20 0.154242 15 0 15 0
21 0.183478 15 0 15 0
22 0.195592 15 0 15 0
23 0.180479 15 0 15 0
24 0.212881 15 0 15 0
25 0.223209 15 0 15 0
26 0.212733 15 0 15 0
27 0.234325 15 0 15 0
28 0.210934 15 0 15 0
29 0.224012 15 0 15 0
30 0.225776 15 0 15 0
31 0.244226 15 0 15 0
32 0.22464 15 0 15 0
33 0.209793 15 0 15 0
34 0.184251 15 0 15 0
35 0.197328 15 0 15 0
36 0.205072 15 0 15 0
37 0.20616 15 0 15 0
38 0.202526 15 0 15 0
39 0.18896 15 0 15 0
40 0.235327 15 0 15 0
41 0.169222 15 0 15 0
42 0.227656 15 0 15 0
43 0.224375 15 0 15 0
44 0.202207 15 0 15 0
45 0.244381 15 0 15 0
46 0.18216 15 0 15 0
47 0.19083 15 0 15 0
48 0.190454 15 0 15 0
49 0.195446 15 0 15 0
50 0.17452 15 0 15 0
