#control_step plq_rho plq_splitting wlq_rho nw_plq nw_wlq [watts]
0 0.0840609 18 0 18 0
1 0.104418 18 0 18 0
2 0.143288 18 0 18 0
3 0.09951 18 0 18 0
4 0.0957536 18 0 18 0
5 0.105778 18 0 18 0
6 0.0953419 18 0 18 0
7 0.116275 18 0 18 0
8 0.0902558 18 0 18 0
9 0.102296 18 0 18 0
10 0.0972298 18 0 18 0
11 0.0915034 18 0 18 0
12 0.112208 18 0 18 0
13 0.114048 18 0 18 0
14 0.0999383 18 0 18 0
15 0.092781 18 0 18 0
16 0.0945697 18 0 18 0
17 0.0957442 18 0 18 0
18 0.102905 18 0 18 0
19 0.094891 18 0 18 0
20 0.113613 18 0 18 0
21 0.0935491 18 0 18 0
22 0.110254 18 0 18 0
23 0.102585 18 0 18 0
24 0.134115 18 0 18 0
25 0.1052 18 0 18 0
26 0.105403 18 0 18 0
27 0.10643 18 0 18 0
28 0.116769 18 0 18 0
29 0.102996 18 0 18 0
30 0.130522 18 0 18 0
31 0.111027 18 0 18 0
32 0.0907833 18 0 18 0
33 0.0984402 18 0 18 0
34 0.0968263 18 0 18 0
35 0.104377 18 0 18 0
36 0.105995 18 0 18 0
37 0.137914 18 0 18 0
38 0.0940866 18 0 18 0
39 0.0915197 18 0 18 0
40 0.103678 18 0 18 0
41 0.115076 18 0 18 0
42 0.230921 18 0 18 0
43 0.0967369 18 0 18 0
44 0.114627 18 0 18 0
45 0.0926554 18 0 18 0
46 0.106855 18 0 18 0
47 0.102177 18 0 18 0
48 0.102109 18 0 18 0
49 0.110416 18 0 18 0
50 0.0995202 18 0 18 0
51 0.0984739 18 0 18 0
52 0.103216 18 0 18 0
53 0.0929178 18 0 18 0
54 0.0930361 18 0 18 0
55 0.0939651 18 0 18 0
56 0.11204 18 0 18 0
57 0.118748 18 0 18 0
58 0.110683 18 0 18 0
