#control_step plq_rho plq_splitting wlq_rho nw_plq nw_wlq [watts]
0 1.09502 5 0 5 0
1 1.19311 5 0 5 0
2 1.40389 5 0 5 0
3 1.42657 5 0 5 0
4 1.16555 5 0 5 0
5 1.13779 5 0 5 0
6 1.18349 5 0 5 0
7 1.04246 5 0 5 0
8 1.40994 5 0 5 0
9 1.35903 5 0 5 0
10 1.50522 5 0 5 0
11 1.52407 5 0 5 0
12 1.67194 5 0 5 0
13 1.37373 5 0 5 0
14 1.39211 5 0 5 0
15 1.51987 5 0 5 0
16 1.33079 5 0 5 0
17 1.64503 5 0 5 0
18 1.55202 5 0 5 0
19 1.23556 5 0 5 0
20 1.31582 5 0 5 0
21 1.38859 5 0 5 0
22 1.38704 5 0 5 0
23 1.20971 5 0 5 0
24 1.46835 5 0 5 0
25 1.57748 5 0 5 0
26 1.58187 5 0 5 0
27 1.42002 5 0 5 0
28 1.31108 5 0 5 0
29 1.35125 5 0 5 0
30 1.38728 5 0 5 0
31 1.50922 5 0 5 0
32 1.34997 5 0 5 0
33 1.52114 5 0 5 0
34 1.35688 5 0 5 0
35 1.35317 5 0 5 0
36 1.36123 5 0 5 0
37 1.50397 5 0 5 0
38 1.5792 5 0 5 0
39 1.34878 5 0 5 0
40 1.53962 5 0 5 0
41 1.36943 5 0 5 0
42 1.47724 5 0 5 0
43 1.53409 5 0 5 0
44 1.55566 5 0 5 0
45 1.62133 5 0 5 0
46 1.37804 5 0 5 0
47 1.33065 5 0 5 0
48 1.31732 5 0 5 0
49 1.32543 5 0 5 0
50 1.15861 5 0 5 0
