#control_step plq_rho plq_splitting wlq_rho nw_plq nw_wlq [watts]
0 6.76838 1.9 0 3 0
1 6.91888 3 0 3 0
2 5.50574 3 0 3 0
3 3.60065 3 0 3 0
4 3.1016 3 0 3 0
5 2.60692 3 0 3 0
6 3.38721 3 0 3 0
7 2.56789 3 0 3 0
8 3.43769 3 0 3 0
9 4.328 3 0 3 0
10 3.35718 3 0 3 0
11 2.98414 3 0 3 0
12 3.64277 3 0 3 0
13 3.63069 3 0 3 0
14 2.80199 3 0 3 0
15 3.46098 3 0 3 0
16 2.87432 3 0 3 0
17 2.95874 3 0 3 0
18 3.51831 3 0 3 0
19 2.79458 3 0 3 0
20 2.73341 3 0 3 0
21 3.18586 3 0 3 0
22 2.96269 3 0 3 0
23 2.60685 3 0 3 0
24 2.88168 3 0 3 0
25 3.41537 3 0 3 0
26 3.41605 3 0 3 0
27 4.19547 3 0 3 0
28 3.72944 3 0 3 0
29 3.82889 3 0 3 0
30 3.71241 3 0 3 0
31 4.61484 3 0 3 0
32 3.66786 3 0 3 0
33 3.33876 3 0 3 0
34 3.26195 3 0 3 0
35 3.54997 3 0 3 0
36 3.67972 3 0 3 0
37 3.52533 3 0 3 0
38 3.27665 3 0 3 0
39 3.09203 3 0 3 0
40 3.96679 3 0 3 0
41 2.83627 3 0 3 0
42 3.99505 3 0 3 0
43 4.31487 3 0 3 0
44 3.25541 3 0 3 0
45 3.2893 3 0 3 0
46 3.23342 3 0 3 0
47 3.14653 3 0 3 0
48 2.89601 3 0 3 0
49 3.09693 3 0 3 0
50 3.31265 3 0 3 0
