#control_step plq_rho plq_splitting wlq_rho nw_plq nw_wlq [watts]
0 0.611779 7 0 7 0
1 0.62911 7 0 7 0
2 0.769361 7 0 7 0
3 0.778347 7 0 7 0
4 0.568181 7 0 7 0
5 0.570591 7 0 7 0
6 0.694224 7 0 7 0
7 0.50857 7 0 7 0
8 0.879433 7 0 7 0
9 0.965279 7 0 7 0
10 0.817387 7 0 7 0
11 0.71104 7 0 7 0
12 0.87963 7 0 7 0
13 0.69837 7 0 7 0
14 0.672619 7 0 7 0
15 0.919595 7 0 7 0
16 0.70898 7 0 7 0
17 0.764716 7 0 7 0
18 0.940269 7 0 7 0
19 0.709756 7 0 7 0
20 0.573616 7 0 7 0
21 0.673348 7 0 7 0
22 0.720783 7 0 7 0
23 0.660425 7 0 7 0
24 0.791903 7 0 7 0
25 0.82814 7 0 7 0
26 0.785731 7 0 7 0
27 0.878649 7 0 7 0
28 0.77913 7 0 7 0
29 0.829434 7 0 7 0
30 0.849801 7 0 7 0
31 0.903253 7 0 7 0
32 0.836147 7 0 7 0
33 0.774406 7 0 7 0
34 0.679675 7 0 7 0
35 0.726515 7 0 7 0
36 0.755983 7 0 7 0
37 0.754001 7 0 7 0
38 0.748908 7 0 7 0
39 0.693458 7 0 7 0
40 0.867215 7 0 7 0
41 0.633902 7 0 7 0
42 0.835138 7 0 7 0
43 0.843783 7 0 7 0
44 0.741633 7 0 7 0
45 0.920353 7 0 7 0
46 0.669354 7 0 7 0
47 0.709993 7 0 7 0
48 0.707027 7 0 7 0
49 0.716547 7 0 7 0
50 0.670196 7 0 7 0
