#control_step plq_rho plq_splitting wlq_rho nw_plq nw_wlq [watts]
0 0.0695369 20 0 20 0
1 0.0866796 20 0 20 0
2 0.119127 20 0 20 0
3 0.0826488 20 0 20 0
4 0.078837 20 0 20 0
5 0.0881634 20 0 20 0
6 0.0790238 20 0 20 0
7 0.095616 20 0 20 0
8 0.075078 20 0 20 0
9 0.0842475 20 0 20 0
10 0.0807018 20 0 20 0
11 0.0758774 20 0 20 0
12 0.093104 20 0 20 0
13 0.0945942 20 0 20 0
14 0.0823509 20 0 20 0
15 0.076553 20 0 20 0
16 0.0789115 20 0 20 0
17 0.0794569 20 0 20 0
18 0.0851236 20 0 20 0
19 0.0788645 20 0 20 0
20 0.09406 20 0 20 0
21 0.0774003 20 0 20 0
22 0.0914708 20 0 20 0
23 0.0850954 20 0 20 0
24 0.112006 20 0 20 0
25 0.0874409 20 0 20 0
26 0.0872835 20 0 20 0
27 0.0881367 20 0 20 0
28 0.0969728 20 0 20 0
29 0.0856745 20 0 20 0
30 0.108151 20 0 20 0
31 0.0921499 20 0 20 0
32 0.075159 20 0 20 0
33 0.0813788 20 0 20 0
34 0.0799707 20 0 20 0
35 0.0865128 20 0 20 0
36 0.0880149 20 0 20 0
37 0.114804 20 0 20 0
38 0.0779546 20 0 20 0
39 0.0766002 20 0 20 0
40 0.0858139 20 0 20 0
41 0.0961001 20 0 20 0
42 0.192677 20 0 20 0
43 0.0802756 20 0 20 0
44 0.0952914 20 0 20 0
45 0.0771245 20 0 20 0
46 0.0884311 20 0 20 0
47 0.0852579 20 0 20 0
48 0.0854302 20 0 20 0
49 0.0914405 20 0 20 0
50 0.0830623 20 0 20 0
51 0.0817571 20 0 20 0
52 0.0859665 20 0 20 0
53 0.0772864 20 0 20 0
54 0.0770058 20 0 20 0
55 0.0783419 20 0 20 0
56 0.0932084 20 0 20 0
57 0.0983771 20 0 20 0
58 0.0919347 20 0 20 0
