#control_step plq_rho plq_splitting wlq_rho nw_plq nw_wlq [watts]
0 1.83423 1.80952 0 15 0
1 0.77778 3.64 0 15 0
2 0.903641 3.28 0 15 0
3 0.915519 3.56 0 15 0
4 0.99272 2.6 0 15 0
5 0.958493 2.68 0 15 0
6 0.943486 3.12 0 15 0
7 0.873877 2.76 0 15 0
8 0.873475 3.68 0 15 0
9 0.85917 4.28 0 15 0
10 0.830612 3.76 0 15 0
11 0.986126 2.84 0 15 0
12 0.951521 3.52 0 15 0
13 0.841923 3.4 0 15 0
14 0.928583 3.16 0 15 0
15 1.07483 3.4 0 15 0
16 0.838595 3.52 0 15 0
17 0.884632 3.28 0 15 0
18 0.889679 4 0 15 0
19 0.918504 3.48 0 15 0
20 0.905495 2.76 0 15 0
21 0.888097 2.96 0 15 0
22 0.8534 3.44 0 15 0
23 0.925612 2.96 0 15 0
24 0.934839 3.36 0 15 0
25 0.849267 3.88 0 15 0
26 0.966458 3.2 0 15 0
27 0.91153 3.76 0 15 0
28 0.869295 3.44 0 15 0
29 0.898353 3.8 0 15 0
30 0.917187 3.68 0 15 0
31 0.900174 3.72 0 15 0
32 0.864444 3.64 0 15 0
33 0.84949 3.64 0 15 0
34 0.853314 3.32 0 15 0
35 0.891423 3.28 0 15 0
36 0.92677 3.48 0 15 0
37 0.912658 3.52 0 15 0
38 0.91216 3.44 0 15 0
39 0.906126 3.28 0 15 0
40 0.925118 3.76923 0 15 0
41 0.865661 3.25 0 15 0
42 0.89591 3.46154 0 15 0
43 0.923399 3.54167 0 15 0
44 0.854341 3.68 0 15 0
45 0.859954 4.08 0 15 0
46 0.90584 3.23077 0 15 0
47 0.981799 3 0 15 0
48 0.888618 3.375 0 15 0
49 0.949426 3.23077 0 15 0
50 0.88293 3.42105 0 15 0
