#control_step plq_rho plq_splitting wlq_rho nw_plq nw_wlq [watts]
0 0.169529 12 0 12 0
1 0.212181 12 0 12 0
2 0.289998 12 0 12 0
3 0.203258 12 0 12 0
4 0.194155 12 0 12 0
5 0.21503 12 0 12 0
6 0.197116 12 0 12 0
7 0.234957 12 0 12 0
8 0.185066 12 0 12 0
9 0.208625 12 0 12 0
10 0.198328 12 0 12 0
11 0.188197 12 0 12 0
12 0.22863 12 0 12 0
13 0.233297 12 0 12 0
14 0.202803 12 0 12 0
15 0.189997 12 0 12 0
16 0.192954 12 0 12 0
17 0.196841 12 0 12 0
18 0.209402 12 0 12 0
19 0.194362 12 0 12 0
20 0.231547 12 0 12 0
21 0.191497 12 0 12 0
22 0.225083 12 0 12 0
23 0.209094 12 0 12 0
24 0.273703 12 0 12 0
25 0.213915 12 0 12 0
26 0.214076 12 0 12 0
27 0.215686 12 0 12 0
28 0.237712 12 0 12 0
29 0.209481 12 0 12 0
30 0.264118 12 0 12 0
31 0.226051 12 0 12 0
32 0.184775 12 0 12 0
33 0.201868 12 0 12 0
34 0.19645 12 0 12 0
35 0.213445 12 0 12 0
36 0.217241 12 0 12 0
37 0.278222 12 0 12 0
38 0.193084 12 0 12 0
39 0.187421 12 0 12 0
40 0.210811 12 0 12 0
41 0.234259 12 0 12 0
42 0.517463 12 0 12 0
43 0.19796 12 0 12 0
44 0.234197 12 0 12 0
45 0.190112 12 0 12 0
46 0.217627 12 0 12 0
47 0.209091 12 0 12 0
48 0.208998 12 0 12 0
49 0.223563 12 0 12 0
50 0.203392 12 0 12 0
51 0.20142 12 0 12 0
52 0.209639 12 0 12 0
53 0.191124 12 0 12 0
54 0.190715 12 0 12 0
55 0.19333 12 0 12 0
56 0.228831 12 0 12 0
57 0.24147 12 0 12 0
58 0.226146 12 0 12 0
