#control_step plq_rho plq_splitting wlq_rho nw_plq nw_wlq [watts]
0 2.91549 2.28571 0 9 0
1 0.824477 6.08 0 9 0
2 0.823972 5.24 0 9 0
3 0.869189 4.92 0 9 0
4 0.844864 3.84 0 9 0
5 0.857746 3.52 0 9 0
6 0.952089 4.04 0 9 0
7 0.937037 3.28 0 9 0
8 0.927256 5.08 0 9 0
9 0.856453 6.36 0 9 0
10 0.950639 4.48 0 9 0
11 0.907962 4.36 0 9 0
12 0.948322 4.88 0 9 0
13 0.966501 4.24 0 9 0
14 0.948175 4.16 0 9 0
15 0.859204 5.6 0 9 0
16 0.860805 4.88 0 9 0
17 0.989966 4.52 0 9 0
18 0.839339 6.48 0 9 0
19 0.908909 4.32 0 9 0
20 0.805688 4 0 9 0
21 0.872876 4 0 9 0
22 0.890471 4.6 0 9 0
23 0.844526 3.96 0 9 0
24 0.873751 5.36 0 9 0
25 0.888751 5.6 0 9 0
26 1.00492 4.48 0 9 0
27 0.922709 5.48 0 9 0
28 0.898016 4.84 0 9 0
29 0.86741 5.6 0 9 0
30 0.945025 4.72 0 9 0
31 0.96282 5.5 0 9 0
32 0.938622 5.2 0 9 0
33 0.897494 5.04167 0 9 0
34 0.885669 4.42308 0 9 0
35 0.882572 4.75 0 9 0
36 0.905575 4.65385 0 9 0
37 0.877319 5.04 0 9 0
38 0.841111 5.08 0 9 0
39 0.898887 4.32 0 9 0
40 0.893569 5.32 0 9 0
41 0.812445 4.52 0 9 0
42 1.27735 4 0 9 0
43 0.810604 5.76 0 9 0
44 0.878757 4.6 0 9 0
45 0.889289 5.68 0 9 0
46 0.899516 4.32 0 9 0
47 0.850299 4.4 0 9 0
48 0.839678 5 0 9 0
49 0.88788 4.48 0 9 0
50 0.851802 4.57895 0 9 0
