#control_step plq_rho plq_splitting wlq_rho nw_plq nw_wlq [watts]
0 3.44374 2.40909 0 8 0
1 1.00621 6.29167 0 8 0
2 0.708438 7.11538 0 8 0
3 0.847485 5.4 0 8 0
4 0.99955 3.8 0 8 0
5 0.9108 4.08 0 8 0
6 1.00214 4.64 0 8 0
7 0.830916 3.88 0 8 0
8 0.900189 5.6 0 8 0
9 0.895386 6.48 0 8 0
10 0.950879 5.12 0 8 0
11 0.830686 5.16 0 8 0
12 0.925357 5.6 0 8 0
13 0.872057 4.92 0 8 0
14 0.928612 4.48 0 8 0
15 0.913692 6.04 0 8 0
16 0.86402 5.08 0 8 0
17 1.01472 4.8 0 8 0
18 0.91415 6.32 0 8 0
19 0.783486 5.32 0 8 0
20 0.948709 4.08 0 8 0
21 0.95856 4.4 0 8 0
22 0.876346 5.44 0 8 0
23 0.962219 4.4 0 8 0
24 0.937018 5.16 0 8 0
25 0.918785 5.8 0 8 0
26 0.912348 5.16 0 8 0
27 0.830861 6.48 0 8 0
28 0.900569 5.36 0 8 0
29 0.827026 6.08 0 8 0
30 0.887583 5.84 0 8 0
31 1.0174 5.52 0 8 0
32 0.901916 5.64 0 8 0
33 0.88687 5.36 0 8 0
34 0.909727 4.64 0 8 0
35 0.920547 5.04 0 8 0
36 0.854621 5.48 0 8 0
37 0.932246 5.12 0 8 0
38 0.851121 5.48 0 8 0
39 0.897084 4.92 0 8 0
40 0.933716 5.88 0 8 0
41 0.890784 4.44 0 8 0
42 1.05159 4.96 0 8 0
43 0.969428 5.32 0 8 0
44 0.910727 5.12 0 8 0
45 0.874681 6.52 0 8 0
46 0.826155 5 0 8 0
47 0.944292 4.44 0 8 0
48 0.915142 4.96 0 8 0
49 0.916797 4.96 0 8 0
50 0.83697 5 0 8 0
