#control_step plq_rho plq_splitting wlq_rho nw_plq nw_wlq [watts]
0 0.109684 19 0 19 0
1 0.112944 19 0 19 0
2 0.137813 19 0 19 0
3 0.139458 19 0 19 0
4 0.10086 19 0 19 0
5 0.101172 19 0 19 0
6 0.125156 19 0 19 0
7 0.0901132 19 0 19 0
8 0.155386 19 0 19 0
9 0.169934 19 0 19 0
10 0.146096 19 0 19 0
11 0.125317 19 0 19 0
12 0.152868 19 0 19 0
13 0.124114 19 0 19 0
14 0.120326 19 0 19 0
15 0.160701 19 0 19 0
16 0.127061 19 0 19 0
17 0.135762 19 0 19 0
18 0.166208 19 0 19 0
19 0.125826 19 0 19 0
20 0.102616 19 0 19 0
21 0.11971 19 0 19 0
22 0.12911 19 0 19 0
23 0.117434 19 0 19 0
24 0.139884 19 0 19 0
25 0.147231 19 0 19 0
26 0.138777 19 0 19 0
27 0.154478 19 0 19 0
28 0.138996 19 0 19 0
29 0.147099 19 0 19 0
30 0.149608 19 0 19 0
31 0.160298 19 0 19 0
32 0.148106 19 0 19 0
33 0.138559 19 0 19 0
34 0.120952 19 0 19 0
35 0.130234 19 0 19 0
36 0.13437 19 0 19 0
37 0.134507 19 0 19 0
38 0.134284 19 0 19 0
39 0.122855 19 0 19 0
40 0.15603 19 0 19 0
41 0.110588 19 0 19 0
42 0.14991 19 0 19 0
43 0.147292 19 0 19 0
44 0.132585 19 0 19 0
45 0.161559 19 0 19 0
46 0.119576 19 0 19 0
47 0.12483 19 0 19 0
48 0.125033 19 0 19 0
49 0.128291 19 0 19 0
50 0.115532 19 0 19 0
