#control_step plq_rho plq_splitting wlq_rho nw_plq nw_wlq [watts]
0 0.118278 15 0 15 0
1 0.144752 15 0 15 0
2 0.199265 15 0 15 0
3 0.136223 15 0 15 0
4 0.132527 15 0 15 0
5 0.146826 15 0 15 0
6 0.133438 15 0 15 0
7 0.160409 15 0 15 0
8 0.126418 15 0 15 0
9 0.141496 15 0 15 0
10 0.136121 15 0 15 0
11 0.126883 15 0 15 0
12 0.156122 15 0 15 0
13 0.159182 15 0 15 0
14 0.137093 15 0 15 0
15 0.129788 15 0 15 0
16 0.132736 15 0 15 0
17 0.131995 15 0 15 0
18 0.142745 15 0 15 0
19 0.131065 15 0 15 0
20 0.158633 15 0 15 0
21 0.128815 15 0 15 0
22 0.153372 15 0 15 0
23 0.144107 15 0 15 0
24 0.186583 15 0 15 0
25 0.145797 15 0 15 0
26 0.146223 15 0 15 0
27 0.148007 15 0 15 0
28 0.164276 15 0 15 0
29 0.141739 15 0 15 0
30 0.181072 15 0 15 0
31 0.152127 15 0 15 0
32 0.12628 15 0 15 0
33 0.13798 15 0 15 0
34 0.133659 15 0 15 0
35 0.1471 15 0 15 0
36 0.147381 15 0 15 0
37 0.190158 15 0 15 0
38 0.13126 15 0 15 0
39 0.128672 15 0 15 0
40 0.143558 15 0 15 0
41 0.160961 15 0 15 0
42 0.320379 15 0 15 0
43 0.13336 15 0 15 0
44 0.160041 15 0 15 0
45 0.129499 15 0 15 0
46 0.148141 15 0 15 0
47 0.142264 15 0 15 0
48 0.142885 15 0 15 0
49 0.153451 15 0 15 0
50 0.138943 15 0 15 0
51 0.136681 15 0 15 0
52 0.143682 15 0 15 0
53 0.128488 15 0 15 0
54 0.130349 15 0 15 0
55 0.130677 15 0 15 0
56 0.15543 15 0 15 0
57 0.165524 15 0 15 0
58 0.15298 15 0 15 0
