#control_step plq_rho plq_splitting wlq_rho nw_plq nw_wlq [watts]
0 4.97928 2.40909 0 6 0
1 1.88426 5.44 0 6 0
2 1.09478 6 0 6 0
3 1.03438 6 0 6 0
4 0.897559 6 0 6 0
5 0.807674 6 0 6 0
6 0.872759 6 0 6 0
7 0.78449 6 0 6 0
8 1.05943 6 0 6 0
9 1.3245 6 0 6 0
10 1.13269 6 0 6 0
11 1.04205 6 0 6 0
12 1.03314 6 0 6 0
13 1.0842 6 0 6 0
14 0.995896 6 0 6 0
15 1.04192 6 0 6 0
16 1.07563 6 0 6 0
17 1.06151 6 0 6 0
18 1.09638 6 0 6 0
19 1.01144 6 0 6 0
20 0.951446 6 0 6 0
21 0.880713 6 0 6 0
22 0.906685 6 0 6 0
23 0.901689 6 0 6 0
24 0.981404 6 0 6 0
25 1.10814 6 0 6 0
26 1.02666 6 0 6 0
27 1.07752 6 0 6 0
28 1.09237 6 0 6 0
29 1.19347 6 0 6 0
30 1.03346 6 0 6 0
31 1.24322 6 0 6 0
32 1.07852 6 0 6 0
33 1.11531 6 0 6 0
34 1.00959 6 0 6 0
35 1.0611 6 0 6 0
36 1.03191 6 0 6 0
37 1.00289 6 0 6 0
38 0.960966 6 0 6 0
39 0.940811 6 0 6 0
40 1.12762 6 0 6 0
41 0.945223 6 0 6 0
42 1.02226 6 0 6 0
43 1.13311 6 0 6 0
44 0.963184 6 0 6 0
45 1.16866 6 0 6 0
46 0.983793 6 0 6 0
47 0.957045 6 0 6 0
48 1.08441 6 0 6 0
49 0.934494 6 0 6 0
50 0.759327 6 0 6 0
