#control_step plq_rho plq_splitting wlq_rho nw_plq nw_wlq [watts]
0 1.58038 2 0 18 0
1 0.856319 3.25 0 18 0
2 0.957159 3.15385 0 18 0
3 0.923519 3.2 0 18 0
4 0.907004 2.72 0 18 0
5 0.85835 2.84 0 18 0
6 0.857714 3.24 0 18 0
7 0.833061 2.8 0 18 0
8 0.872979 3.6 0 18 0
9 0.879097 4 0 18 0
10 0.940624 3.36 0 18 0
11 0.861553 3.28 0 18 0
12 0.934026 3.48 0 18 0
13 0.904183 3.12 0 18 0
14 0.874454 3.16 0 18 0
15 0.878075 3.68 0 18 0
16 0.910476 3.32 0 18 0
17 0.931631 3.16 0 18 0
18 0.928367 3.72 0 18 0
19 0.880031 3.32 0 18 0
20 0.851346 3 0 18 0
21 0.952133 2.84 0 18 0
22 0.984319 3.12 0 18 0
23 1.02567 2.92 0 18 0
24 0.975896 3.08 0 18 0
25 0.979149 3.48 0 18 0
26 0.926526 3.24 0 18 0
27 0.881163 3.56 0 18 0
28 0.89782 3.4 0 18 0
29 0.914448 3.64 0 18 0
30 0.910366 3.4 0 18 0
31 0.966291 3.52 0 18 0
32 0.934561 3.4 0 18 0
33 0.910881 3.4 0 18 0
34 0.869379 3.36 0 18 0
35 0.989885 3.08 0 18 0
36 0.92842 3.28 0 18 0
37 0.915469 3.4 0 18 0
38 0.907165 3.24 0 18 0
39 0.940019 3.24 0 18 0
40 1.02575 3.2 0 18 0
41 1.01602 2.92 0 18 0
42 1.13999 2.68 0 18 0
43 1.1206 3.12 0 18 0
44 1.06414 2.84 0 18 0
45 1.06189 3.24 0 18 0
46 0.962456 3.12 0 18 0
47 0.849251 3.08 0 18 0
48 0.889703 3.36 0 18 0
49 0.913267 3.2 0 18 0
50 0.835824 3.45 0 18 0
