#control_step plq_rho plq_splitting wlq_rho nw_plq nw_wlq [watts]
0 0.282245 11 0 11 0
1 0.285999 11 0 11 0
2 0.354135 11 0 11 0
3 0.355839 11 0 11 0
4 0.258888 11 0 11 0
5 0.261165 11 0 11 0
6 0.319024 11 0 11 0
7 0.23281 11 0 11 0
8 0.398151 11 0 11 0
9 0.432772 11 0 11 0
10 0.374205 11 0 11 0
11 0.324652 11 0 11 0
12 0.389443 11 0 11 0
13 0.320747 11 0 11 0
14 0.309706 11 0 11 0
15 0.411756 11 0 11 0
16 0.323272 11 0 11 0
17 0.350767 11 0 11 0
18 0.426758 11 0 11 0
19 0.32085 11 0 11 0
20 0.259811 11 0 11 0
21 0.309273 11 0 11 0
22 0.329985 11 0 11 0
23 0.304807 11 0 11 0
24 0.361054 11 0 11 0
25 0.373697 11 0 11 0
26 0.356823 11 0 11 0
27 0.393547 11 0 11 0
28 0.356506 11 0 11 0
29 0.375295 11 0 11 0
30 0.379183 11 0 11 0
31 0.409686 11 0 11 0
32 0.37793 11 0 11 0
33 0.354045 11 0 11 0
34 0.309734 11 0 11 0
35 0.332495 11 0 11 0
36 0.347478 11 0 11 0
37 0.346433 11 0 11 0
38 0.341882 11 0 11 0
39 0.317816 11 0 11 0
40 0.396473 11 0 11 0
41 0.285547 11 0 11 0
42 0.382941 11 0 11 0
43 0.377881 11 0 11 0
44 0.341556 11 0 11 0
45 0.41118 11 0 11 0
46 0.306095 11 0 11 0
47 0.32329 11 0 11 0
48 0.321313 11 0 11 0
49 0.328265 11 0 11 0
50 0.294252 11 0 11 0
