#control_step plq_rho plq_splitting wlq_rho nw_plq nw_wlq [watts]
0 0.144437 16 0 16 0
1 0.154033 16 0 16 0
2 0.185519 16 0 16 0
3 0.18964 16 0 16 0
4 0.136906 16 0 16 0
5 0.138506 16 0 16 0
6 0.171074 16 0 16 0
7 0.123471 16 0 16 0
8 0.210242 16 0 16 0
9 0.230346 16 0 16 0
10 0.199919 16 0 16 0
11 0.170664 16 0 16 0
12 0.207671 16 0 16 0
13 0.169448 16 0 16 0
14 0.16421 16 0 16 0
15 0.219889 16 0 16 0
16 0.174776 16 0 16 0
17 0.184267 16 0 16 0
18 0.22698 16 0 16 0
19 0.172699 16 0 16 0
20 0.140437 16 0 16 0
21 0.161866 16 0 16 0
22 0.177372 16 0 16 0
23 0.160266 16 0 16 0
24 0.190218 16 0 16 0
25 0.20236 16 0 16 0
26 0.189347 16 0 16 0
27 0.209999 16 0 16 0
28 0.18951 16 0 16 0
29 0.200653 16 0 16 0
30 0.204759 16 0 16 0
31 0.215622 16 0 16 0
32 0.202206 16 0 16 0
33 0.189069 16 0 16 0
34 0.165803 16 0 16 0
35 0.177434 16 0 16 0
36 0.183317 16 0 16 0
37 0.184163 16 0 16 0
38 0.182282 16 0 16 0
39 0.16776 16 0 16 0
40 0.212471 16 0 16 0
41 0.151448 16 0 16 0
42 0.202811 16 0 16 0
43 0.202034 16 0 16 0
44 0.181967 16 0 16 0
45 0.221266 16 0 16 0
46 0.163251 16 0 16 0
47 0.171425 16 0 16 0
48 0.172182 16 0 16 0
49 0.173831 16 0 16 0
50 0.159757 16 0 16 0
