#control_step plq_rho plq_splitting wlq_rho nw_plq nw_wlq [watts]
0 1.68 1.86364 0 19 0
1 0.846361 3.24 0 19 0
2 0.847342 3.44 0 19 0
3 0.867497 3.52 0 19 0
4 0.904871 2.8 0 19 0
5 0.896819 2.8 0 19 0
6 0.888959 3.24 0 19 0
7 0.87378 2.72 0 19 0
8 0.945454 3.52 0 19 0
9 0.915203 3.64 0 19 0
10 0.926591 3.48 0 19 0
11 0.895329 3.12 0 19 0
12 0.892704 3.64 0 19 0
13 0.937302 3.04 0 19 0
14 0.900974 3.08 0 19 0
15 0.89166 3.6 0 19 0
16 0.844503 3.36 0 19 0
17 0.89046 3.36 0 19 0
18 0.924843 3.84 0 19 0
19 0.852156 3.32 0 19 0
20 0.939135 2.84 0 19 0
21 1.07038 2.8 0 19 0
22 0.960338 3.2 0 19 0
23 0.864815 3.08 0 19 0
24 0.993673 3.04 0 19 0
25 0.990055 3.36 0 19 0
26 0.997632 2.88 0 19 0
27 1.05606 3.24 0 19 0
28 1.00411 3.08 0 19 0
29 0.928159 3.32 0 19 0
30 0.881166 3.56 0 19 0
31 0.927379 3.56 0 19 0
32 0.929312 3.44 0 19 0
33 0.926159 3.28 0 19 0
34 0.896859 3.16 0 19 0
35 0.917333 3.2 0 19 0
36 0.956171 3.24 0 19 0
37 0.965582 3.2 0 19 0
38 0.958526 3.08 0 19 0
39 0.886955 3.04 0 19 0
40 0.977279 3.52 0 19 0
41 0.863541 3.08 0 19 0
42 0.923446 3.32 0 19 0
43 0.942196 3.44 0 19 0
44 0.939709 3.16 0 19 0
45 0.930617 3.56 0 19 0
46 0.85656 3.24 0 19 0
47 0.876756 3.16 0 19 0
48 0.913095 3.16 0 19 0
49 0.899583 3.16 0 19 0
50 0.794559 3.36842 0 19 0
