#control_step plq_rho plq_splitting wlq_rho nw_plq nw_wlq [watts]
0 1.71324 4 0 4 0
1 1.74824 4 0 4 0
2 2.02148 4 0 4 0
3 1.95812 4 0 4 0
4 1.78355 4 0 4 0
5 1.71582 4 0 4 0
6 1.85671 4 0 4 0
7 1.78063 4 0 4 0
8 2.01818 4 0 4 0
9 2.09796 4 0 4 0
10 1.86374 4 0 4 0
11 1.8345 4 0 4 0
12 2.11156 4 0 4 0
13 1.64074 4 0 4 0
14 1.77826 4 0 4 0
15 2.27119 4 0 4 0
16 2.24665 4 0 4 0
17 2.26334 4 0 4 0
18 2.82672 4 0 4 0
19 1.93283 4 0 4 0
20 1.78841 4 0 4 0
21 2.1102 4 0 4 0
22 2.04776 4 0 4 0
23 1.9198 4 0 4 0
24 2.12893 4 0 4 0
25 2.63972 4 0 4 0
26 1.9602 4 0 4 0
27 2.19869 4 0 4 0
28 2.0283 4 0 4 0
29 2.01549 4 0 4 0
30 2.64537 4 0 4 0
31 2.19646 4 0 4 0
32 2.22047 4 0 4 0
33 2.05188 4 0 4 0
34 1.76798 4 0 4 0
35 1.85016 4 0 4 0
36 2.35777 4 0 4 0
37 2.26914 4 0 4 0
38 2.19084 4 0 4 0
39 2.02097 4 0 4 0
40 2.07219 4 0 4 0
41 1.69802 4 0 4 0
42 1.91812 4 0 4 0
43 2.06853 4 0 4 0
44 1.96676 4 0 4 0
45 2.16883 4 0 4 0
46 1.78984 4 0 4 0
47 1.72044 4 0 4 0
48 2.04411 4 0 4 0
49 2.10572 4 0 4 0
50 1.65568 4 0 4 0
