#control_step plq_rho plq_splitting wlq_rho nw_plq nw_wlq [watts]
0 0.199862 11 0 11 0
1 0.245386 11 0 11 0
2 0.334444 11 0 11 0
3 0.231117 11 0 11 0
4 0.22649 11 0 11 0
5 0.248223 11 0 11 0
6 0.226821 11 0 11 0
7 0.270559 11 0 11 0
8 0.215451 11 0 11 0
9 0.239617 11 0 11 0
10 0.229873 11 0 11 0
11 0.216994 11 0 11 0
12 0.26212 11 0 11 0
13 0.269668 11 0 11 0
14 0.233518 11 0 11 0
15 0.220663 11 0 11 0
16 0.224972 11 0 11 0
17 0.225479 11 0 11 0
18 0.24278 11 0 11 0
19 0.224578 11 0 11 0
20 0.26855 11 0 11 0
21 0.21899 11 0 11 0
22 0.258865 11 0 11 0
23 0.244329 11 0 11 0
24 0.313148 11 0 11 0
25 0.246033 11 0 11 0
26 0.247854 11 0 11 0
27 0.24914 11 0 11 0
28 0.276805 11 0 11 0
29 0.239495 11 0 11 0
30 0.308129 11 0 11 0
31 0.257993 11 0 11 0
32 0.213354 11 0 11 0
33 0.232366 11 0 11 0
34 0.227413 11 0 11 0
35 0.249371 11 0 11 0
36 0.247482 11 0 11 0
37 0.321169 11 0 11 0
38 0.224004 11 0 11 0
39 0.219133 11 0 11 0
40 0.24286 11 0 11 0
41 0.270612 11 0 11 0
42 0.637562 11 0 11 0
43 0.2313 11 0 11 0
44 0.271591 11 0 11 0
45 0.219504 11 0 11 0
46 0.252841 11 0 11 0
47 0.239569 11 0 11 0
48 0.244923 11 0 11 0
49 0.25773 11 0 11 0
50 0.237115 11 0 11 0
51 0.232219 11 0 11 0
52 0.242341 11 0 11 0
53 0.219615 11 0 11 0
54 0.221161 11 0 11 0
55 0.223407 11 0 11 0
56 0.264718 11 0 11 0
57 0.279336 11 0 11 0
58 0.260254 11 0 11 0
