#control_step plq_rho plq_splitting wlq_rho nw_plq nw_wlq [watts]
0 0.394099 9 0 9 0
1 0.405351 9 0 9 0
2 0.497292 9 0 9 0
3 0.501821 9 0 9 0
4 0.367123 9 0 9 0
5 0.366966 9 0 9 0
6 0.449966 9 0 9 0
7 0.330247 9 0 9 0
8 0.557986 9 0 9 0
9 0.609927 9 0 9 0
10 0.530293 9 0 9 0
11 0.455643 9 0 9 0
12 0.549162 9 0 9 0
13 0.451168 9 0 9 0
14 0.435768 9 0 9 0
15 0.583879 9 0 9 0
16 0.456123 9 0 9 0
17 0.492624 9 0 9 0
18 0.600974 9 0 9 0
19 0.454099 9 0 9 0
20 0.369457 9 0 9 0
21 0.434714 9 0 9 0
22 0.46552 9 0 9 0
23 0.429554 9 0 9 0
24 0.507301 9 0 9 0
25 0.528427 9 0 9 0
26 0.503758 9 0 9 0
27 0.554254 9 0 9 0
28 0.502531 9 0 9 0
29 0.529509 9 0 9 0
30 0.537316 9 0 9 0
31 0.57761 9 0 9 0
32 0.533098 9 0 9 0
33 0.497773 9 0 9 0
34 0.437365 9 0 9 0
35 0.471379 9 0 9 0
36 0.487245 9 0 9 0
37 0.488153 9 0 9 0
38 0.480875 9 0 9 0
39 0.448636 9 0 9 0
40 0.560696 9 0 9 0
41 0.404266 9 0 9 0
42 0.539136 9 0 9 0
43 0.531626 9 0 9 0
44 0.48022 9 0 9 0
45 0.58303 9 0 9 0
46 0.432487 9 0 9 0
47 0.454848 9 0 9 0
48 0.453372 9 0 9 0
49 0.462936 9 0 9 0
50 0.418665 9 0 9 0
