#control_step plq_rho plq_splitting wlq_rho nw_plq nw_wlq [watts]
0 0.23511 12 0 12 0
1 0.251086 12 0 12 0
2 0.303146 12 0 12 0
3 0.306812 12 0 12 0
4 0.223679 12 0 12 0
5 0.226994 12 0 12 0
6 0.278561 12 0 12 0
7 0.201842 12 0 12 0
8 0.340488 12 0 12 0
9 0.373074 12 0 12 0
10 0.324052 12 0 12 0
11 0.279261 12 0 12 0
12 0.337736 12 0 12 0
13 0.274922 12 0 12 0
14 0.266849 12 0 12 0
15 0.356332 12 0 12 0
16 0.283243 12 0 12 0
17 0.299534 12 0 12 0
18 0.365555 12 0 12 0
19 0.28105 12 0 12 0
20 0.228306 12 0 12 0
21 0.263541 12 0 12 0
22 0.286704 12 0 12 0
23 0.261576 12 0 12 0
24 0.308155 12 0 12 0
25 0.327913 12 0 12 0
26 0.307166 12 0 12 0
27 0.340399 12 0 12 0
28 0.307011 12 0 12 0
29 0.324871 12 0 12 0
30 0.329682 12 0 12 0
31 0.348276 12 0 12 0
32 0.327686 12 0 12 0
33 0.305074 12 0 12 0
34 0.269872 12 0 12 0
35 0.288495 12 0 12 0
36 0.296292 12 0 12 0
37 0.298462 12 0 12 0
38 0.295585 12 0 12 0
39 0.27232 12 0 12 0
40 0.343706 12 0 12 0
41 0.246303 12 0 12 0
42 0.329876 12 0 12 0
43 0.324847 12 0 12 0
44 0.293273 12 0 12 0
45 0.359165 12 0 12 0
46 0.264457 12 0 12 0
47 0.276997 12 0 12 0
48 0.279241 12 0 12 0
49 0.283117 12 0 12 0
50 0.259028 12 0 12 0
