#control_step plq_rho plq_splitting wlq_rho nw_plq nw_wlq [watts]
0 1.55122 1.8 0 20 0
1 0.963604 3.08 0 20 0
2 0.89422 3.16 0 20 0
3 0.931081 3.16 0 20 0
4 0.931791 2.72 0 20 0
5 1.02768 2.52 0 20 0
6 0.965099 2.96154 0 20 0
7 0.809577 3 0 20 0
8 0.850987 3.52 0 20 0
9 0.916902 3.80769 0 20 0
10 0.924399 3.25 0 20 0
11 0.876551 3.44 0 20 0
12 0.894723 3.61538 0 20 0
13 0.883088 3.12 0 20 0
14 0.87766 3.24 0 20 0
15 0.943323 3.56 0 20 0
16 0.914187 3.2 0 20 0
17 0.889115 3.32 0 20 0
18 0.94891 3.68 0 20 0
19 0.883987 3.32 0 20 0
20 0.863315 3.04 0 20 0
21 1.02328 2.6 0 20 0
22 0.926439 3.2 0 20 0
23 0.936087 3.04 0 20 0
24 0.885469 3.32 0 20 0
25 0.845975 3.8 0 20 0
26 0.882884 3.28 0 20 0
27 0.872471 3.6 0 20 0
28 0.897188 3.44 0 20 0
29 0.955436 3.36 0 20 0
30 0.943284 3.36 0 20 0
31 0.954334 3.48 0 20 0
32 0.932158 3.4 0 20 0
33 0.926807 3.36 0 20 0
34 0.900782 3.28 0 20 0
35 0.939299 3.12 0 20 0
36 0.953795 3.28 0 20 0
37 0.923443 3.2 0 20 0
38 1.09924 3 0 20 0
39 1.16414 2.6 0 20 0
40 1.18939 2.84 0 20 0
41 1.01579 2.68 0 20 0
42 0.980358 3.08 0 20 0
43 0.992257 3.48 0 20 0
44 1.02404 2.96 0 20 0
45 1.00977 3.36 0 20 0
46 0.894735 3.16 0 20 0
47 0.934711 3 0 20 0
48 0.928153 3.2 0 20 0
49 0.929526 3.08 0 20 0
50 0.843608 3.45 0 20 0
