#control_step plq_rho plq_splitting wlq_rho nw_plq nw_wlq [watts]
0 2.84297 3 0 3 0
1 2.57465 3 0 3 0
2 3.64367 3 0 3 0
3 3.17189 3 0 3 0
4 2.9563 3 0 3 0
5 2.59481 3 0 3 0
6 3.08611 3 0 3 0
7 2.79496 3 0 3 0
8 3.63586 3 0 3 0
9 3.67908 3 0 3 0
10 3.22883 3 0 3 0
11 3.37647 3 0 3 0
12 3.67642 3 0 3 0
13 2.64212 3 0 3 0
14 3.11037 3 0 3 0
15 3.22887 3 0 3 0
16 2.72141 3 0 3 0
17 3.11431 3 0 3 0
18 3.70988 3 0 3 0
19 3.1219 3 0 3 0
20 2.70216 3 0 3 0
21 2.68491 3 0 3 0
22 2.73106 3 0 3 0
23 2.70097 3 0 3 0
24 3.63845 3 0 3 0
25 3.34825 3 0 3 0
26 4.31921 3 0 3 0
27 3.6137 3 0 3 0
28 3.85089 3 0 3 0
29 3.84641 3 0 3 0
30 3.99763 3 0 3 0
31 3.85976 3 0 3 0
32 3.25978 3 0 3 0
33 3.79789 3 0 3 0
34 3.5427 3 0 3 0
35 3.48479 3 0 3 0
36 3.57172 3 0 3 0
37 3.24077 3 0 3 0
38 3.2556 3 0 3 0
39 3.40159 3 0 3 0
40 3.37376 3 0 3 0
41 4.01542 3 0 3 0
42 3.5085 3 0 3 0
43 3.44138 3 0 3 0
44 3.3022 3 0 3 0
45 3.57694 3 0 3 0
46 2.92237 3 0 3 0
47 2.80907 3 0 3 0
48 3.27064 3 0 3 0
49 4.14489 3 0 3 0
