#control_step plq_rho plq_splitting wlq_rho nw_plq nw_wlq [watts]
0 5.50937 1.95238 0 4 0
1 4.62739 3.92 0 4 0
2 2.87481 4 0 4 0
3 2.06357 4 0 4 0
4 1.75108 4 0 4 0
5 1.68638 4 0 4 0
6 2.04334 4 0 4 0
7 1.56905 4 0 4 0
8 2.41377 4 0 4 0
9 2.13262 4 0 4 0
10 2.03814 4 0 4 0
11 1.70213 4 0 4 0
12 1.9363 4 0 4 0
13 2.00388 4 0 4 0
14 1.71381 4 0 4 0
15 1.87142 4 0 4 0
16 1.93078 4 0 4 0
17 2.4735 4 0 4 0
18 2.5298 4 0 4 0
19 2.27577 4 0 4 0
20 1.83159 4 0 4 0
21 2.01633 4 0 4 0
22 2.1759 4 0 4 0
23 1.97147 4 0 4 0
24 2.03665 4 0 4 0
25 2.2588 4 0 4 0
26 2.22888 4 0 4 0
27 2.46122 4 0 4 0
28 1.96178 4 0 4 0
29 2.17334 4 0 4 0
30 1.94987 4 0 4 0
31 2.5349 4 0 4 0
32 2.42417 4 0 4 0
33 2.13713 4 0 4 0
34 1.90901 4 0 4 0
35 1.90897 4 0 4 0
36 1.98598 4 0 4 0
37 2.20625 4 0 4 0
38 2.13131 4 0 4 0
39 2.09508 4 0 4 0
40 2.51646 4 0 4 0
41 1.77079 4 0 4 0
42 2.03212 4 0 4 0
43 1.89332 4 0 4 0
44 1.92299 4 0 4 0
45 2.11351 4 0 4 0
46 1.88114 4 0 4 0
47 1.87563 4 0 4 0
48 1.78723 4 0 4 0
49 1.90553 4 0 4 0
50 1.84111 4 0 4 0
