#control_step plq_rho plq_splitting wlq_rho nw_plq nw_wlq [watts]
0 0.343149 8 0 8 0
1 0.424297 8 0 8 0
2 0.581211 8 0 8 0
3 0.400166 8 0 8 0
4 0.391 8 0 8 0
5 0.429016 8 0 8 0
6 0.393313 8 0 8 0
7 0.467777 8 0 8 0
8 0.372707 8 0 8 0
9 0.41158 8 0 8 0
10 0.398316 8 0 8 0
11 0.373986 8 0 8 0
12 0.454659 8 0 8 0
13 0.463484 8 0 8 0
14 0.403125 8 0 8 0
15 0.378359 8 0 8 0
16 0.387155 8 0 8 0
17 0.389331 8 0 8 0
18 0.416631 8 0 8 0
19 0.384108 8 0 8 0
20 0.46055 8 0 8 0
21 0.379269 8 0 8 0
22 0.445755 8 0 8 0
23 0.419045 8 0 8 0
24 0.541061 8 0 8 0
25 0.425118 8 0 8 0
26 0.425865 8 0 8 0
27 0.430259 8 0 8 0
28 0.479324 8 0 8 0
29 0.412463 8 0 8 0
30 0.53886 8 0 8 0
31 0.444344 8 0 8 0
32 0.369176 8 0 8 0
33 0.401391 8 0 8 0
34 0.391098 8 0 8 0
35 0.429724 8 0 8 0
36 0.430253 8 0 8 0
37 0.56763 8 0 8 0
38 0.3854 8 0 8 0
39 0.375691 8 0 8 0
40 0.420913 8 0 8 0
41 0.467001 8 0 8 0
42 1.29758 8 0 8 0
43 0.399493 8 0 8 0
44 0.466596 8 0 8 0
45 0.378918 8 0 8 0
46 0.43668 8 0 8 0
47 0.413897 8 0 8 0
48 0.422292 8 0 8 0
49 0.446136 8 0 8 0
50 0.409037 8 0 8 0
51 0.401549 8 0 8 0
52 0.419066 8 0 8 0
53 0.378334 8 0 8 0
54 0.380977 8 0 8 0
55 0.382783 8 0 8 0
56 0.459324 8 0 8 0
57 0.483784 8 0 8 0
58 0.449424 8 0 8 0
