#control_step plq_rho plq_splitting wlq_rho nw_plq nw_wlq [watts]
0 0.148854 13 0 13 0
1 0.185538 13 0 13 0
2 0.251565 13 0 13 0
3 0.176403 13 0 13 0
4 0.168473 13 0 13 0
5 0.188245 13 0 13 0
6 0.170541 13 0 13 0
7 0.205136 13 0 13 0
8 0.162326 13 0 13 0
9 0.181861 13 0 13 0
10 0.173237 13 0 13 0
11 0.1627 13 0 13 0
12 0.199244 13 0 13 0
13 0.204234 13 0 13 0
14 0.176676 13 0 13 0
15 0.165918 13 0 13 0
16 0.167962 13 0 13 0
17 0.170906 13 0 13 0
18 0.182674 13 0 13 0
19 0.16963 13 0 13 0
20 0.201593 13 0 13 0
21 0.166054 13 0 13 0
22 0.196407 13 0 13 0
23 0.182991 13 0 13 0
24 0.237524 13 0 13 0
25 0.185856 13 0 13 0
26 0.18687 13 0 13 0
27 0.187783 13 0 13 0
28 0.208245 13 0 13 0
29 0.18178 13 0 13 0
30 0.230624 13 0 13 0
31 0.196641 13 0 13 0
32 0.160892 13 0 13 0
33 0.175719 13 0 13 0
34 0.171806 13 0 13 0
35 0.186309 13 0 13 0
36 0.187745 13 0 13 0
37 0.24203 13 0 13 0
38 0.168882 13 0 13 0
39 0.163793 13 0 13 0
40 0.183958 13 0 13 0
41 0.204794 13 0 13 0
42 0.433693 13 0 13 0
43 0.172253 13 0 13 0
44 0.204 13 0 13 0
45 0.165072 13 0 13 0
46 0.18911 13 0 13 0
47 0.180769 13 0 13 0
48 0.181518 13 0 13 0
49 0.196316 13 0 13 0
50 0.178017 13 0 13 0
51 0.174923 13 0 13 0
52 0.183692 13 0 13 0
53 0.165688 13 0 13 0
54 0.165066 13 0 13 0
55 0.168337 13 0 13 0
56 0.200043 13 0 13 0
57 0.209562 13 0 13 0
58 0.196485 13 0 13 0
