#control_step plq_rho plq_splitting wlq_rho nw_plq nw_wlq [watts]
0 0.180954 14 0 14 0
1 0.19408 14 0 14 0
2 0.233907 14 0 14 0
3 0.239247 14 0 14 0
4 0.171384 14 0 14 0
5 0.17316 14 0 14 0
6 0.215783 14 0 14 0
7 0.155331 14 0 14 0
8 0.264663 14 0 14 0
9 0.288359 14 0 14 0
10 0.25002 14 0 14 0
11 0.21399 14 0 14 0
12 0.260959 14 0 14 0
13 0.211392 14 0 14 0
14 0.205559 14 0 14 0
15 0.276294 14 0 14 0
16 0.218312 14 0 14 0
17 0.230998 14 0 14 0
18 0.282911 14 0 14 0
19 0.218083 14 0 14 0
20 0.176373 14 0 14 0
21 0.203195 14 0 14 0
22 0.222253 14 0 14 0
23 0.201734 14 0 14 0
24 0.238483 14 0 14 0
25 0.253591 14 0 14 0
26 0.237148 14 0 14 0
27 0.262812 14 0 14 0
28 0.237755 14 0 14 0
29 0.251901 14 0 14 0
30 0.255784 14 0 14 0
31 0.270608 14 0 14 0
32 0.252476 14 0 14 0
33 0.237049 14 0 14 0
34 0.208137 14 0 14 0
35 0.223176 14 0 14 0
36 0.230043 14 0 14 0
37 0.230148 14 0 14 0
38 0.228851 14 0 14 0
39 0.210434 14 0 14 0
40 0.265322 14 0 14 0
41 0.191758 14 0 14 0
42 0.252992 14 0 14 0
43 0.252673 14 0 14 0
44 0.226992 14 0 14 0
45 0.278179 14 0 14 0
46 0.205318 14 0 14 0
47 0.212997 14 0 14 0
48 0.215494 14 0 14 0
49 0.219502 14 0 14 0
50 0.199418 14 0 14 0
