#control_step plq_rho plq_splitting wlq_rho nw_plq nw_wlq [watts]
0 0.276489 9 0 9 0
1 0.342611 9 0 9 0
2 0.470297 9 0 9 0
3 0.32996 9 0 9 0
4 0.315651 9 0 9 0
5 0.35194 9 0 9 0
6 0.318517 9 0 9 0
7 0.383485 9 0 9 0
8 0.30257 9 0 9 0
9 0.336988 9 0 9 0
10 0.324195 9 0 9 0
11 0.303912 9 0 9 0
12 0.370621 9 0 9 0
13 0.376425 9 0 9 0
14 0.331579 9 0 9 0
15 0.307768 9 0 9 0
16 0.314781 9 0 9 0
17 0.316685 9 0 9 0
18 0.340288 9 0 9 0
19 0.315644 9 0 9 0
20 0.375869 9 0 9 0
21 0.308819 9 0 9 0
22 0.3643 9 0 9 0
23 0.340055 9 0 9 0
24 0.443476 9 0 9 0
25 0.347404 9 0 9 0
26 0.349295 9 0 9 0
27 0.348317 9 0 9 0
28 0.388327 9 0 9 0
29 0.33932 9 0 9 0
30 0.431361 9 0 9 0
31 0.366205 9 0 9 0
32 0.300495 9 0 9 0
33 0.326817 9 0 9 0
34 0.321461 9 0 9 0
35 0.344323 9 0 9 0
36 0.352161 9 0 9 0
37 0.455514 9 0 9 0
38 0.313378 9 0 9 0
39 0.303704 9 0 9 0
40 0.344637 9 0 9 0
41 0.379433 9 0 9 0
42 0.97497 9 0 9 0
43 0.322517 9 0 9 0
44 0.381267 9 0 9 0
45 0.310901 9 0 9 0
46 0.357539 9 0 9 0
47 0.338674 9 0 9 0
48 0.341153 9 0 9 0
49 0.36558 9 0 9 0
50 0.331953 9 0 9 0
51 0.328685 9 0 9 0
52 0.342274 9 0 9 0
53 0.311186 9 0 9 0
54 0.311181 9 0 9 0
55 0.313585 9 0 9 0
56 0.370931 9 0 9 0
57 0.393614 9 0 9 0
58 0.368915 9 0 9 0
