#control_step plq_rho plq_splitting wlq_rho nw_plq nw_wlq [watts]
0 0.843014 6 0 6 0
1 0.839634 6 0 6 0
2 1.03412 6 0 6 0
3 1.00877 6 0 6 0
4 0.796211 6 0 6 0
5 0.746038 6 0 6 0
6 0.91475 6 0 6 0
7 0.669932 6 0 6 0
8 1.1722 6 0 6 0
9 1.27963 6 0 6 0
10 1.08256 6 0 6 0
11 1.02203 6 0 6 0
12 1.08581 6 0 6 0
13 1.0656 6 0 6 0
14 0.92919 6 0 6 0
15 1.13238 6 0 6 0
16 0.997796 6 0 6 0
17 0.98937 6 0 6 0
18 1.19317 6 0 6 0
19 1.00667 6 0 6 0
20 0.892783 6 0 6 0
21 0.859219 6 0 6 0
22 0.943803 6 0 6 0
23 0.893135 6 0 6 0
24 0.99767 6 0 6 0
25 1.08525 6 0 6 0
26 1.04728 6 0 6 0
27 1.09137 6 0 6 0
28 1.15068 6 0 6 0
29 1.07453 6 0 6 0
30 1.09791 6 0 6 0
31 1.16496 6 0 6 0
32 1.10632 6 0 6 0
33 1.13392 6 0 6 0
34 0.999626 6 0 6 0
35 1.01988 6 0 6 0
36 0.993007 6 0 6 0
37 0.993805 6 0 6 0
38 1.0007 6 0 6 0
39 0.93272 6 0 6 0
40 1.10737 6 0 6 0
41 0.907352 6 0 6 0
42 1.05987 6 0 6 0
43 1.09493 6 0 6 0
44 0.952002 6 0 6 0
45 1.22243 6 0 6 0
46 0.952666 6 0 6 0
47 1.02232 6 0 6 0
48 1.00589 6 0 6 0
49 0.900009 6 0 6 0
50 0.866364 6 0 6 0
