#control_step plq_rho plq_splitting wlq_rho nw_plq nw_wlq [watts]
0 5.07306 2.31818 0 5 0
1 2.7694 4.79167 0 5 0
2 1.56449 5 0 5 0
3 1.38303 5 0 5 0
4 1.20462 5 0 5 0
5 1.18423 5 0 5 0
6 1.33768 5 0 5 0
7 1.0382 5 0 5 0
8 1.33561 5 0 5 0
9 1.57059 5 0 5 0
10 1.22376 5 0 5 0
11 1.30914 5 0 5 0
12 1.59711 5 0 5 0
13 1.60275 5 0 5 0
14 1.3182 5 0 5 0
15 1.62898 5 0 5 0
16 1.33113 5 0 5 0
17 1.51475 5 0 5 0
18 1.79119 5 0 5 0
19 1.2207 5 0 5 0
20 1.16454 5 0 5 0
21 1.34661 5 0 5 0
22 1.52771 5 0 5 0
23 1.32226 5 0 5 0
24 1.3684 5 0 5 0
25 1.39504 5 0 5 0
26 1.56543 5 0 5 0
27 1.63444 5 0 5 0
28 1.4663 5 0 5 0
29 1.36456 5 0 5 0
30 1.28879 5 0 5 0
31 1.48735 5 0 5 0
32 1.41922 5 0 5 0
33 1.29655 5 0 5 0
34 1.38895 5 0 5 0
35 1.3307 5 0 5 0
36 1.43917 5 0 5 0
37 1.43114 5 0 5 0
38 1.48072 5 0 5 0
39 1.40138 5 0 5 0
40 1.58939 5 0 5 0
41 1.2794 5 0 5 0
42 1.60387 5 0 5 0
43 1.45654 5 0 5 0
44 1.52179 5 0 5 0
45 1.62174 5 0 5 0
46 1.39224 5 0 5 0
47 1.32798 5 0 5 0
48 1.40214 5 0 5 0
49 1.40144 5 0 5 0
50 1.08427 5 0 5 0
