#control_step plq_rho plq_splitting wlq_rho nw_plq nw_wlq [watts]
0 1.94165 1.90476 0 14 0
1 0.808014 3.68 0 14 0
2 0.85732 3.48 0 14 0
3 0.864647 3.76 0 14 0
4 1.0128 2.64 0 14 0
5 0.875451 2.92 0 14 0
6 0.88381 3.28 0 14 0
7 0.890893 2.84 0 14 0
8 0.933633 3.56 0 14 0
9 0.824473 4.56 0 14 0
10 0.867237 3.76 0 14 0
11 0.891416 3.28 0 14 0
12 0.843806 3.96 0 14 0
13 0.835699 3.48 0 14 0
14 0.920866 3.2 0 14 0
15 0.896458 3.92 0 14 0
16 0.859055 3.64 0 14 0
17 0.908876 3.4 0 14 0
18 0.917014 4.24 0 14 0
19 0.866771 3.6 0 14 0
20 0.873628 2.96 0 14 0
21 1.08632 2.4 0 14 0
22 1.08235 3.08 0 14 0
23 0.989217 3 0 14 0
24 0.92299 3.48 0 14 0
25 0.855062 4.04 0 14 0
26 0.873273 3.4 0 14 0
27 0.908958 3.96 0 14 0
28 1.01037 3.2 0 14 0
29 0.93383 3.8 0 14 0
30 0.983296 3.52 0 14 0
31 0.966578 3.76 0 14 0
32 0.93458 3.64 0 14 0
33 0.864046 3.84 0 14 0
34 0.863104 3.53846 0 14 0
35 0.891846 3.48 0 14 0
36 0.857101 3.44 0 14 0
37 0.871412 3.52 0 14 0
38 0.896729 3.48 0 14 0
39 0.928459 3.16 0 14 0
40 0.896695 4.08 0 14 0
41 0.895123 3.08 0 14 0
42 0.971037 3.56 0 14 0
43 0.842361 3.84 0 14 0
44 0.819249 3.72 0 14 0
45 0.895553 4.2 0 14 0
46 0.938549 3.08 0 14 0
47 1.08641 2.88 0 14 0
48 0.90711 3.24 0 14 0
49 0.984824 3.24 0 14 0
50 0.797828 3.89474 0 14 0
