#control_step plq_rho plq_splitting wlq_rho nw_plq nw_wlq [watts]
0 0.560024 6 0 6 0
1 0.694531 6 0 6 0
2 0.97107 6 0 6 0
3 0.680939 6 0 6 0
4 0.64148 6 0 6 0
5 0.71572 6 0 6 0
6 0.643612 6 0 6 0
7 0.776071 6 0 6 0
8 0.611765 6 0 6 0
9 0.683754 6 0 6 0
10 0.653463 6 0 6 0
11 0.616841 6 0 6 0
12 0.755059 6 0 6 0
13 0.771536 6 0 6 0
14 0.66608 6 0 6 0
15 0.625569 6 0 6 0
16 0.634551 6 0 6 0
17 0.642019 6 0 6 0
18 0.689471 6 0 6 0
19 0.636777 6 0 6 0
20 0.762258 6 0 6 0
21 0.626013 6 0 6 0
22 0.738658 6 0 6 0
23 0.685359 6 0 6 0
24 0.917093 6 0 6 0
25 0.704713 6 0 6 0
26 0.70306 6 0 6 0
27 0.708926 6 0 6 0
28 0.78354 6 0 6 0
29 0.695428 6 0 6 0
30 0.889755 6 0 6 0
31 0.816248 6 0 6 0
32 0.60937 6 0 6 0
33 0.663334 6 0 6 0
34 0.647798 6 0 6 0
35 0.703444 6 0 6 0
36 0.712803 6 0 6 0
37 0.987834 6 0 6 0
38 0.636172 6 0 6 0
39 0.621674 6 0 6 0
40 0.694847 6 0 6 0
41 0.77681 6 0 6 0
42 2.40921 6 0 6 0
43 0.830649 6 0 6 0
44 0.774775 6 0 6 0
45 0.642812 6 0 6 0
46 0.720315 6 0 6 0
47 0.689011 6 0 6 0
48 0.687746 6 0 6 0
49 0.738046 6 0 6 0
50 0.67094 6 0 6 0
51 0.66504 6 0 6 0
52 0.691666 6 0 6 0
53 0.626901 6 0 6 0
54 0.626846 6 0 6 0
55 0.637063 6 0 6 0
56 0.75317 6 0 6 0
57 0.810305 6 0 6 0
58 0.754037 6 0 6 0
