#control_step plq_rho plq_splitting wlq_rho nw_plq nw_wlq [watts]
0 3.73962 2 0 2 0
1 4.80754 2 0 2 0
2 5.24567 2 0 2 0
3 4.1866 2 0 2 0
4 4.0498 2 0 2 0
5 4.35373 2 0 2 0
6 4.624 2 0 2 0
7 5.18259 2 0 2 0
8 4.61875 2 0 2 0
9 4.78851 2 0 2 0
10 6.80948 2 0 2 0
11 4.93457 2 0 2 0
12 4.92596 2 0 2 0
13 5.44891 2 0 2 0
14 5.64761 2 0 2 0
15 5.4715 2 0 2 0
16 5.04653 2 0 2 0
17 4.32399 2 0 2 0
18 4.4212 2 0 2 0
19 4.10683 2 0 2 0
20 4.6901 2 0 2 0
21 4.37013 2 0 2 0
22 4.81981 2 0 2 0
23 4.31417 2 0 2 0
24 5.26599 2 0 2 0
25 4.80903 2 0 2 0
26 5.33996 2 0 2 0
27 5.13263 2 0 2 0
28 4.97277 2 0 2 0
29 4.53428 2 0 2 0
30 4.74908 2 0 2 0
31 4.61184 2 0 2 0
32 4.42485 2 0 2 0
33 4.50785 2 0 2 0
34 4.5655 2 0 2 0
35 5.5421 2 0 2 0
36 4.57224 2 0 2 0
37 5.87443 2 0 2 0
38 4.32953 2 0 2 0
39 4.79795 2 0 2 0
40 4.47147 2 0 2 0
41 4.69244 2 0 2 0
42 5.86154 2 0 2 0
43 4.15464 2 0 2 0
44 4.96777 2 0 2 0
45 4.35729 2 0 2 0
46 4.9005 2 0 2 0
47 4.85041 2 0 2 0
48 4.22715 2 0 2 0
49 4.60089 2 0 2 0
50 4.80952 2 0 2 0
51 4.29865 2 0 2 0
52 4.40335 2 0 2 0
53 4.45119 2 0 2 0
54 4.23481 2 0 2 0
55 4.20964 2 0 2 0
56 4.45161 2 0 2 0
57 4.79392 2 0 2 0
58 4.58485 2 0 2 0
