#control_step plq_rho plq_splitting wlq_rho nw_plq nw_wlq [watts]
0 1.57371 2.09524 0 16 0
1 0.880478 3.24 0 16 0
2 0.858977 3.4 0 16 0
3 0.924872 3.28 0 16 0
4 0.921898 2.68 0 16 0
5 0.943183 2.76 0 16 0
6 0.914259 3.08333 0 16 0
7 0.989505 2.53846 0 16 0
8 1.14593 3.04 0 16 0
9 0.903065 4.08 0 16 0
10 0.960082 3.32 0 16 0
11 0.905859 3.08 0 16 0
12 0.954075 3.52 0 16 0
13 0.849218 3.32 0 16 0
14 0.875303 3.16 0 16 0
15 0.911237 3.72 0 16 0
16 0.86801 3.36 0 16 0
17 0.893552 3.36 0 16 0
18 0.867293 4 0 16 0
19 0.959575 3.24 0 16 0
20 0.945153 2.76 0 16 0
21 1.04253 2.68 0 16 0
22 0.919289 3.4 0 16 0
23 0.883919 3.08 0 16 0
24 0.94 3.16 0 16 0
25 0.853057 3.96 0 16 0
26 0.983747 3.2 0 16 0
27 0.808723 3.88 0 16 0
28 0.852745 3.48 0 16 0
29 0.902346 3.68 0 16 0
30 0.915361 3.44 0 16 0
31 1.00206 3.52 0 16 0
32 0.840693 3.6 0 16 0
33 0.959764 3.4 0 16 0
34 0.91704 3.32 0 16 0
35 0.997096 3 0 16 0
36 0.953496 3.24 0 16 0
37 0.909422 3.28 0 16 0
38 1.16703 2.84 0 16 0
39 1.28029 2.44 0 16 0
40 1.32734 2.68 0 16 0
41 1.03861 2.84 0 16 0
42 1.03786 3.16 0 16 0
43 0.874296 3.8 0 16 0
44 0.934867 3.36 0 16 0
45 0.908292 3.76 0 16 0
46 0.883397 3.24 0 16 0
47 0.825526 3.2 0 16 0
48 0.883167 3.52 0 16 0
49 0.972036 3.08 0 16 0
50 0.806009 3.65 0 16 0
