#control_step plq_rho plq_splitting wlq_rho nw_plq nw_wlq [watts]
0 0.227604 13 0 13 0
1 0.208101 13 0 13 0
2 0.272864 13 0 13 0
3 0.262198 13 0 13 0
4 0.200454 13 0 13 0
5 0.196203 13 0 13 0
6 0.237127 13 0 13 0
7 0.177728 13 0 13 0
8 0.301137 13 0 13 0
9 0.329764 13 0 13 0
10 0.27915 13 0 13 0
11 0.247226 13 0 13 0
12 0.289987 13 0 13 0
13 0.247464 13 0 13 0
14 0.237199 13 0 13 0
15 0.306578 13 0 13 0
16 0.236572 13 0 13 0
17 0.269278 13 0 13 0
18 0.330872 13 0 13 0
19 0.236019 13 0 13 0
20 0.192518 13 0 13 0
21 0.238603 13 0 13 0
22 0.24905 13 0 13 0
23 0.231107 13 0 13 0
24 0.278853 13 0 13 0
25 0.275259 13 0 13 0
26 0.272169 13 0 13 0
27 0.295706 13 0 13 0
28 0.269315 13 0 13 0
29 0.285366 13 0 13 0
30 0.280507 13 0 13 0
31 0.316969 13 0 13 0
32 0.284838 13 0 13 0
33 0.266364 13 0 13 0
34 0.234352 13 0 13 0
35 0.248969 13 0 13 0
36 0.267747 13 0 13 0
37 0.263411 13 0 13 0
38 0.257537 13 0 13 0
39 0.240468 13 0 13 0
40 0.29744 13 0 13 0
41 0.217473 13 0 13 0
42 0.288227 13 0 13 0
43 0.288003 13 0 13 0
44 0.260032 13 0 13 0
45 0.304565 13 0 13 0
46 0.229007 13 0 13 0
47 0.243675 13 0 13 0
48 0.243533 13 0 13 0
49 0.248198 13 0 13 0
50 0.214028 13 0 13 0
