#control_step plq_rho plq_splitting wlq_rho nw_plq nw_wlq [watts]
0 0.0994157 17 0 17 0
1 0.118212 17 0 17 0
2 0.163662 17 0 17 0
3 0.104101 17 0 17 0
4 0.107431 17 0 17 0
5 0.115374 17 0 17 0
6 0.108617 17 0 17 0
7 0.125346 17 0 17 0
8 0.102352 17 0 17 0
9 0.110641 17 0 17 0
10 0.107986 17 0 17 0
11 0.10096 17 0 17 0
12 0.124049 17 0 17 0
13 0.128247 17 0 17 0
14 0.107694 17 0 17 0
15 0.102015 17 0 17 0
16 0.106489 17 0 17 0
17 0.10557 17 0 17 0
18 0.112861 17 0 17 0
19 0.105524 17 0 17 0
20 0.128667 17 0 17 0
21 0.100972 17 0 17 0
22 0.12154 17 0 17 0
23 0.115678 17 0 17 0
24 0.144967 17 0 17 0
25 0.11695 17 0 17 0
26 0.116983 17 0 17 0
27 0.115635 17 0 17 0
28 0.13218 17 0 17 0
29 0.109388 17 0 17 0
30 0.14924 17 0 17 0
31 0.11752 17 0 17 0
32 0.0997645 17 0 17 0
33 0.110922 17 0 17 0
34 0.103306 17 0 17 0
35 0.118704 17 0 17 0
36 0.116558 17 0 17 0
37 0.152262 17 0 17 0
38 0.103502 17 0 17 0
39 0.10216 17 0 17 0
40 0.112741 17 0 17 0
41 0.129455 17 0 17 0
42 0.262867 17 0 17 0
43 0.108754 17 0 17 0
44 0.126594 17 0 17 0
45 0.0996931 17 0 17 0
46 0.117962 17 0 17 0
47 0.111844 17 0 17 0
48 0.114513 17 0 17 0
49 0.121866 17 0 17 0
50 0.111161 17 0 17 0
51 0.107889 17 0 17 0
52 0.115041 17 0 17 0
53 0.0994166 17 0 17 0
54 0.105535 17 0 17 0
55 0.102424 17 0 17 0
56 0.125268 17 0 17 0
57 0.134687 17 0 17 0
58 0.117794 17 0 17 0
