#control_step plq_rho plq_splitting wlq_rho nw_plq nw_wlq [watts]
0 2.16632 2.09091 0 13 0
1 0.778006 3.92 0 13 0
2 0.858979 3.8 0 13 0
3 0.898148 3.76 0 13 0
4 0.785995 3.32 0 13 0
5 0.861917 3 0 13 0
6 0.863889 3.4 0 13 0
7 0.986829 2.56 0 13 0
8 0.896151 3.92 0 13 0
9 0.829073 4.56 0 13 0
10 0.877036 3.92 0 13 0
11 0.851906 3.6 0 13 0
12 0.934334 3.84 0 13 0
13 0.815674 3.56 0 13 0
14 0.912466 3.28 0 13 0
15 0.902867 4.12 0 13 0
16 0.827178 3.64 0 13 0
17 0.948926 3.4 0 13 0
18 0.937784 4.12 0 13 0
19 0.804506 3.84 0 13 0
20 0.825694 3.12 0 13 0
21 0.901368 3.16 0 13 0
22 0.921933 3.52 0 13 0
23 0.840502 3.12 0 13 0
24 0.81633 4.04 0 13 0
25 0.838034 4.2 0 13 0
26 0.867911 3.84 0 13 0
27 0.946257 4.08 0 13 0
28 0.843395 3.92 0 13 0
29 0.878992 3.96 0 13 0
30 1.04765 3.48 0 13 0
31 0.962462 3.92 0 13 0
32 0.922267 3.61538 0 13 0
33 0.837002 4.12 0 13 0
34 0.852396 3.48 0 13 0
35 0.91715 3.44 0 13 0
36 0.890799 3.52 0 13 0
37 0.824334 3.8 0 13 0
38 0.861756 3.84 0 13 0
39 0.857325 3.36 0 13 0
40 0.832501 4.24 0 13 0
41 0.817987 3.48 0 13 0
42 0.922639 3.8 0 13 0
43 0.836116 4.04 0 13 0
44 0.980688 3.36 0 13 0
45 0.888265 4.28 0 13 0
46 0.922346 3.36 0 13 0
47 0.849756 3.52 0 13 0
48 0.875721 3.32 0 13 0
49 0.89116 3.48 0 13 0
