#control_step plq_rho plq_splitting wlq_rho nw_plq nw_wlq [watts]
0 0.1303 14 0 14 0
1 0.163445 14 0 14 0
2 0.223782 14 0 14 0
3 0.155444 14 0 14 0
4 0.150272 14 0 14 0
5 0.165047 14 0 14 0
6 0.150658 14 0 14 0
7 0.181306 14 0 14 0
8 0.142374 14 0 14 0
9 0.159701 14 0 14 0
10 0.153254 14 0 14 0
11 0.144336 14 0 14 0
12 0.175592 14 0 14 0
13 0.179359 14 0 14 0
14 0.155684 14 0 14 0
15 0.14553 14 0 14 0
16 0.149297 14 0 14 0
17 0.149979 14 0 14 0
18 0.161467 14 0 14 0
19 0.148082 14 0 14 0
20 0.177821 14 0 14 0
21 0.146168 14 0 14 0
22 0.172541 14 0 14 0
23 0.161298 14 0 14 0
24 0.209763 14 0 14 0
25 0.16473 14 0 14 0
26 0.165628 14 0 14 0
27 0.165242 14 0 14 0
28 0.183209 14 0 14 0
29 0.160928 14 0 14 0
30 0.201964 14 0 14 0
31 0.173683 14 0 14 0
32 0.141986 14 0 14 0
33 0.154275 14 0 14 0
34 0.151992 14 0 14 0
35 0.165259 14 0 14 0
36 0.166019 14 0 14 0
37 0.214715 14 0 14 0
38 0.147678 14 0 14 0
39 0.145207 14 0 14 0
40 0.162034 14 0 14 0
41 0.181156 14 0 14 0
42 0.381855 14 0 14 0
43 0.150959 14 0 14 0
44 0.178905 14 0 14 0
45 0.145749 14 0 14 0
46 0.166649 14 0 14 0
47 0.160858 14 0 14 0
48 0.161583 14 0 14 0
49 0.170859 14 0 14 0
50 0.157773 14 0 14 0
51 0.154114 14 0 14 0
52 0.16208 14 0 14 0
53 0.145955 14 0 14 0
54 0.146417 14 0 14 0
55 0.148108 14 0 14 0
56 0.176209 14 0 14 0
57 0.18544 14 0 14 0
58 0.173428 14 0 14 0
