#control_step plq_rho plq_splitting wlq_rho nw_plq nw_wlq [watts]
0 9.80203 1 0 1 0
1 14.3704 1 0 1 0
2 18.5746 1 0 1 0
3 16.2181 1 0 1 0
4 14.9176 1 0 1 0
5 14.5706 1 0 1 0
6 13.3834 1 0 1 0
7 15.2009 1 0 1 0
8 13.9686 1 0 1 0
9 13.9248 1 0 1 0
10 13.1598 1 0 1 0
11 13.8554 1 0 1 0
12 14.3198 1 0 1 0
13 13.8159 1 0 1 0
14 14.2782 1 0 1 0
15 12.6935 1 0 1 0
16 13.0024 1 0 1 0
17 13.9117 1 0 1 0
18 14.4118 1 0 1 0
19 14.4096 1 0 1 0
20 16.0808 1 0 1 0
21 14.2682 1 0 1 0
22 17.2044 1 0 1 0
23 14.8279 1 0 1 0
24 17.1566 1 0 1 0
25 18.0221 1 0 1 0
26 16.3854 1 0 1 0
27 14.9796 1 0 1 0
28 15.4515 1 0 1 0
29 14.9688 1 0 1 0
30 15.8897 1 0 1 0
31 16.8235 1 0 1 0
32 18.5794 1 0 1 0
33 22.5346 1 0 1 0
34 23.5623 1 0 1 0
35 23.2778 1 0 1 0
36 14.7724 1 0 1 0
37 16.1467 1 0 1 0
38 14.5761 1 0 1 0
39 14.4493 1 0 1 0
40 14.4041 1 0 1 0
41 15.176 1 0 1 0
42 20.8703 1 0 1 0
43 15.4508 1 0 1 0
44 20.4109 1 0 1 0
45 15.9432 1 0 1 0
46 20.3644 1 0 1 0
47 17.8293 1 0 1 0
48 18.0935 1 0 1 0
49 18.1069 1 0 1 0
50 19.0267 1 0 1 0
51 18.9057 1 0 1 0
52 16.3315 1 0 1 0
53 14.8401 1 0 1 0
54 13.7526 1 0 1 0
55 14.2186 1 0 1 0
56 15.6403 1 0 1 0
57 14.0057 1 0 1 0
58 14.1667 1 0 1 0
