#control_step plq_rho plq_splitting wlq_rho nw_plq nw_wlq [watts]
0 14.0153 1 0 1 0
1 19.6694 1 0 1 0
2 25.0202 1 0 1 0
3 22.7379 1 0 1 0
4 17.5664 1 0 1 0
5 14.1709 1 0 1 0
6 19.389 1 0 1 0
7 16.775 1 0 1 0
8 23.5181 1 0 1 0
9 21.1658 1 0 1 0
10 16.1088 1 0 1 0
11 17.9081 1 0 1 0
12 19.2744 1 0 1 0
13 17.4954 1 0 1 0
14 19.6667 1 0 1 0
15 26.1125 1 0 1 0
16 21.5124 1 0 1 0
17 24.0952 1 0 1 0
18 26.9695 1 0 1 0
19 18.6722 1 0 1 0
20 19.2634 1 0 1 0
21 21.6672 1 0 1 0
22 21.8961 1 0 1 0
23 17.6869 1 0 1 0
24 17.0072 1 0 1 0
25 16.7908 1 0 1 0
26 15.2072 1 0 1 0
27 20.9023 1 0 1 0
28 23.5376 1 0 1 0
29 26.3922 1 0 1 0
30 26.842 1 0 1 0
31 27.5923 1 0 1 0
32 27.5424 1 0 1 0
33 24.7429 1 0 1 0
34 14.2016 1 0 1 0
35 14.1621 1 0 1 0
36 17.7844 1 0 1 0
37 19.2045 1 0 1 0
38 21.3765 1 0 1 0
39 20.5187 1 0 1 0
40 22.78 1 0 1 0
41 17.671 1 0 1 0
42 20.6753 1 0 1 0
43 20.3426 1 0 1 0
44 17.8639 1 0 1 0
45 19.7541 1 0 1 0
46 19.277 1 0 1 0
47 21.606 1 0 1 0
48 23.6541 1 0 1 0
49 23.3827 1 0 1 0
50 19.684 1 0 1 0
