#control_step plq_rho plq_splitting wlq_rho nw_plq nw_wlq [watts]
0 2.1752 2.2 0 12 0
1 0.672829 5.44 0 12 0
2 0.780079 4.12 0 12 0
3 0.910617 3.64 0 12 0
4 0.874884 3.24 0 12 0
5 0.887641 3.08 0 12 0
6 0.977186 3.16 0 12 0
7 0.88931 3 0 12 0
8 1.07865 3.52 0 12 0
9 0.84963 4.88 0 12 0
10 0.808104 4.15385 0 12 0
11 0.796147 3.68 0 12 0
12 0.829845 4.54167 0 12 0
13 0.845793 3.76923 0 12 0
14 0.869171 3.48 0 12 0
15 0.90998 4.24 0 12 0
16 0.835216 3.72 0 12 0
17 0.888709 3.56 0 12 0
18 0.911196 4.44 0 12 0
19 0.971431 3.52 0 12 0
20 0.877995 3.125 0 12 0
21 0.886872 3.23077 0 12 0
22 0.830959 3.96 0 12 0
23 0.945773 3.4 0 12 0
24 0.92563 3.8 0 12 0
25 0.875468 4.32 0 12 0
26 0.849066 3.92 0 12 0
27 0.849062 4.6 0 12 0
28 0.895095 3.8 0 12 0
29 0.818259 4.52 0 12 0
30 0.896443 3.92 0 12 0
31 0.893671 4.28 0 12 0
32 0.890691 4.16 0 12 0
33 0.814337 4.36 0 12 0
34 0.883796 3.72 0 12 0
35 0.872177 3.56 0 12 0
36 0.935525 3.72 0 12 0
37 0.840702 3.92 0 12 0
38 0.900475 3.76 0 12 0
39 0.969202 3.32 0 12 0
40 0.956083 4.16 0 12 0
41 0.91569 3.52 0 12 0
42 0.981147 3.76 0 12 0
43 0.857329 4.32 0 12 0
44 0.905088 3.76 0 12 0
45 0.91839 4.52 0 12 0
46 0.840407 3.72 0 12 0
47 0.945647 3.08 0 12 0
48 0.864575 3.76 0 12 0
49 0.832039 3.72 0 12 0
50 0.849647 3.85 0 12 0
