#control_step plq_rho plq_splitting wlq_rho nw_plq nw_wlq [watts]
0 0.0791218 19 0 19 0
1 0.0960952 19 0 19 0
2 0.132641 19 0 19 0
3 0.0871061 19 0 19 0
4 0.0884346 19 0 19 0
5 0.0947016 19 0 19 0
6 0.0879395 19 0 19 0
7 0.104117 19 0 19 0
8 0.0833965 19 0 19 0
9 0.0913495 19 0 19 0
10 0.0891282 19 0 19 0
11 0.0831845 19 0 19 0
12 0.101773 19 0 19 0
13 0.104494 19 0 19 0
14 0.0898024 19 0 19 0
15 0.0839172 19 0 19 0
16 0.0871819 19 0 19 0
17 0.087677 19 0 19 0
18 0.0927609 19 0 19 0
19 0.0866241 19 0 19 0
20 0.105538 19 0 19 0
21 0.0832834 19 0 19 0
22 0.0999307 19 0 19 0
23 0.0952914 19 0 19 0
24 0.120708 19 0 19 0
25 0.0958814 19 0 19 0
26 0.096016 19 0 19 0
27 0.0968137 19 0 19 0
28 0.10757 19 0 19 0
29 0.0910933 19 0 19 0
30 0.121485 19 0 19 0
31 0.0981878 19 0 19 0
32 0.0823912 19 0 19 0
33 0.0903061 19 0 19 0
34 0.085879 19 0 19 0
35 0.0977056 19 0 19 0
36 0.095165 19 0 19 0
37 0.125498 19 0 19 0
38 0.0856792 19 0 19 0
39 0.0842763 19 0 19 0
40 0.0929036 19 0 19 0
41 0.105998 19 0 19 0
42 0.213535 19 0 19 0
43 0.0887043 19 0 19 0
44 0.103919 19 0 19 0
45 0.0824906 19 0 19 0
46 0.0972452 19 0 19 0
47 0.0917171 19 0 19 0
48 0.0943693 19 0 19 0
49 0.0995665 19 0 19 0
50 0.0911981 19 0 19 0
51 0.0890602 19 0 19 0
52 0.094182 19 0 19 0
53 0.0823684 19 0 19 0
54 0.0856623 19 0 19 0
55 0.0841494 19 0 19 0
56 0.10323 19 0 19 0
57 0.109493 19 0 19 0
58 0.0979405 19 0 19 0
