#control_step plq_rho plq_splitting wlq_rho nw_plq nw_wlq [watts]
0 0.120562 18 0 18 0
1 0.123744 18 0 18 0
2 0.152208 18 0 18 0
3 0.152671 18 0 18 0
4 0.110876 18 0 18 0
5 0.111401 18 0 18 0
6 0.137725 18 0 18 0
7 0.0989562 18 0 18 0
8 0.17092 18 0 18 0
9 0.187002 18 0 18 0
10 0.161174 18 0 18 0
11 0.137894 18 0 18 0
12 0.16774 18 0 18 0
13 0.137034 18 0 18 0
14 0.132269 18 0 18 0
15 0.178157 18 0 18 0
16 0.139109 18 0 18 0
17 0.150377 18 0 18 0
18 0.183561 18 0 18 0
19 0.139021 18 0 18 0
20 0.111295 18 0 18 0
21 0.132162 18 0 18 0
22 0.141721 18 0 18 0
23 0.130223 18 0 18 0
24 0.154785 18 0 18 0
25 0.162054 18 0 18 0
26 0.152962 18 0 18 0
27 0.169322 18 0 18 0
28 0.152908 18 0 18 0
29 0.162278 18 0 18 0
30 0.164178 18 0 18 0
31 0.176681 18 0 18 0
32 0.162097 18 0 18 0
33 0.1521 18 0 18 0
34 0.133594 18 0 18 0
35 0.142564 18 0 18 0
36 0.148555 18 0 18 0
37 0.148579 18 0 18 0
38 0.147017 18 0 18 0
39 0.136056 18 0 18 0
40 0.170633 18 0 18 0
41 0.122363 18 0 18 0
42 0.164752 18 0 18 0
43 0.162384 18 0 18 0
44 0.145829 18 0 18 0
45 0.177933 18 0 18 0
46 0.131446 18 0 18 0
47 0.137532 18 0 18 0
48 0.138289 18 0 18 0
49 0.140858 18 0 18 0
50 0.12679 18 0 18 0
