#control_step plq_rho plq_splitting wlq_rho nw_plq nw_wlq [watts]
0 5.70094 2 0 2 0
1 5.40488 2 0 2 0
2 6.77301 2 0 2 0
3 5.54469 2 0 2 0
4 5.59508 2 0 2 0
5 6.34279 2 0 2 0
6 6.4931 2 0 2 0
7 4.77295 2 0 2 0
8 6.08321 2 0 2 0
9 8.87089 2 0 2 0
10 6.91552 2 0 2 0
11 5.16787 2 0 2 0
12 6.94152 2 0 2 0
13 5.87163 2 0 2 0
14 5.976 2 0 2 0
15 8.10031 2 0 2 0
16 7.29146 2 0 2 0
17 5.8842 2 0 2 0
18 7.86221 2 0 2 0
19 5.54722 2 0 2 0
20 5.11205 2 0 2 0
21 6.32466 2 0 2 0
22 6.47706 2 0 2 0
23 6.91217 2 0 2 0
24 8.07858 2 0 2 0
25 6.37645 2 0 2 0
26 5.66919 2 0 2 0
27 5.51112 2 0 2 0
28 7.44793 2 0 2 0
29 5.75514 2 0 2 0
30 6.96043 2 0 2 0
31 6.01887 2 0 2 0
32 6.18902 2 0 2 0
33 5.90454 2 0 2 0
34 6.26684 2 0 2 0
35 5.33428 2 0 2 0
36 5.94197 2 0 2 0
37 7.04791 2 0 2 0
38 5.8634 2 0 2 0
39 6.83629 2 0 2 0
40 6.77196 2 0 2 0
41 5.60716 2 0 2 0
42 5.7507 2 0 2 0
43 6.16402 2 0 2 0
44 5.22121 2 0 2 0
45 6.61678 2 0 2 0
46 4.99966 2 0 2 0
47 5.65851 2 0 2 0
48 6.4383 2 0 2 0
49 6.87972 2 0 2 0
50 5.72664 2 0 2 0
