#control_step plq_rho plq_splitting wlq_rho nw_plq nw_wlq [watts]
0 0.803936 5 0 5 0
1 0.973563 5 0 5 0
2 1.31461 5 0 5 0
3 1.04471 5 0 5 0
4 0.882758 5 0 5 0
5 0.984817 5 0 5 0
6 0.889306 5 0 5 0
7 1.06279 5 0 5 0
8 0.881022 5 0 5 0
9 0.946694 5 0 5 0
10 0.887687 5 0 5 0
11 0.868767 5 0 5 0
12 0.989888 5 0 5 0
13 1.12429 5 0 5 0
14 0.938021 5 0 5 0
15 0.854049 5 0 5 0
16 0.894831 5 0 5 0
17 0.890928 5 0 5 0
18 0.94061 5 0 5 0
19 0.886017 5 0 5 0
20 1.03915 5 0 5 0
21 0.892079 5 0 5 0
22 1.01416 5 0 5 0
23 0.950364 5 0 5 0
24 1.19031 5 0 5 0
25 1.08184 5 0 5 0
26 0.978026 5 0 5 0
27 1.01367 5 0 5 0
28 0.992958 5 0 5 0
29 1.0927 5 0 5 0
30 1.01884 5 0 5 0
31 1.31507 5 0 5 0
32 0.899134 5 0 5 0
33 0.88287 5 0 5 0
34 0.909743 5 0 5 0
35 0.950884 5 0 5 0
36 0.985326 5 0 5 0
37 1.12213 5 0 5 0
38 1.23519 5 0 5 0
39 0.877103 5 0 5 0
40 0.9139 5 0 5 0
41 1.03065 5 0 5 0
42 1.3184 5 0 5 0
43 2.31788 5 0 5 0
44 2.38333 5 0 5 0
45 0.854253 5 0 5 0
46 1.03172 5 0 5 0
47 0.943227 5 0 5 0
48 0.983202 5 0 5 0
49 1.01322 5 0 5 0
50 0.929627 5 0 5 0
51 0.946144 5 0 5 0
52 0.954751 5 0 5 0
53 0.892876 5 0 5 0
54 0.921538 5 0 5 0
55 0.873349 5 0 5 0
56 0.970579 5 0 5 0
57 0.999326 5 0 5 0
58 1.01011 5 0 5 0
