********************************PLQ worker 33********************************
Received tuples: 0
Received punctuations: 0
Average deque size: 0
Average pane instances closed per punct.: 0
Average processing time per tuple (us): 0
********************************PLQ worker 30********************************
Received tuples: 0
Received punctuations: 0
Average deque size: 0
Average pane instances closed per punct.: 0
Average processing time per tuple (us): 0
********************************PLQ worker 12********************************
Received tuples: 666646
Received punctuations: 8724
Average deque size: 5.14374
Average pane instances closed per punct.: 1
Average processing time per tuple (us): 32.1778
********************************PLQ worker 42********************************
Received tuples: 0
Received punctuations: 0
Average deque size: 0
Average pane instances closed per punct.: 0
Average processing time per tuple (us): 0
********************************PLQ worker 55********************************
Received tuples: 0
Received punctuations: 0
Average deque size: 0
Average pane instances closed per punct.: 0
Average processing time per tuple (us): 0
********************************PLQ worker 9********************************
Received tuples: 666646
Received punctuations: 8724
Average deque size: 5.14065
Average pane instances closed per punct.: 1
Average processing time per tuple (us): 32.1538
********************************PLQ worker 49********************************
Received tuples: 0
Received punctuations: 0
Average deque size: 0
Average pane instances closed per punct.: 0
Average processing time per tuple (us): 0
********************************PLQ worker 39********************************
Received tuples: 0
Received punctuations: 0
Average deque size: 0
Average pane instances closed per punct.: 0
Average processing time per tuple (us): 0
********************************PLQ worker 45********************************
Received tuples: 0
Received punctuations: 0
Average deque size: 0
Average pane instances closed per punct.: 0
Average processing time per tuple (us): 0
********************************PLQ worker 24********************************
Received tuples: 0
Received punctuations: 0
Average deque size: 0
Average pane instances closed per punct.: 0
Average processing time per tuple (us): 0
********************************PLQ worker 56********************************
Received tuples: 0
Received punctuations: 0
Average deque size: 0
Average pane instances closed per punct.: 0
Average processing time per tuple (us): 0
********************************PLQ worker 17********************************
Received tuples: 0
Received punctuations: 0
Average deque size: 0
Average pane instances closed per punct.: 0
Average processing time per tuple (us): 0
********************************PLQ worker 46********************************
Received tuples: 0
Received punctuations: 0
Average deque size: 0
Average pane instances closed per punct.: 0
Average processing time per tuple (us): 0
********************************PLQ worker 5********************************
Received tuples: 666646
Received punctuations: 8724
Average deque size: 5.13916
Average pane instances closed per punct.: 1
Average processing time per tuple (us): 32.1948
********************************PLQ worker 34********************************
Received tuples: 0
Received punctuations: 0
Average deque size: 0
Average pane instances closed per punct.: 0
Average processing time per tuple (us): 0
********************************PLQ worker 14********************************
Received tuples: 666645
Received punctuations: 8724
Average deque size: 5.13973
Average pane instances closed per punct.: 1
Average processing time per tuple (us): 32.1458
********************************PLQ worker 0********************************
Received tuples: 666646
Received punctuations: 8724
Average deque size: 5.14431
Average pane instances closed per punct.: 1
Average processing time per tuple (us): 32.1603
********************************PLQ worker 37********************************
Received tuples: 0
Received punctuations: 0
Average deque size: 0
Average pane instances closed per punct.: 0
Average processing time per tuple (us): 0
********************************PLQ worker 23********************************
Received tuples: 0
Received punctuations: 0
Average deque size: 0
Average pane instances closed per punct.: 0
Average processing time per tuple (us): 0
********************************PLQ worker 31********************************
Received tuples: 0
Received punctuations: 0
Average deque size: 0
Average pane instances closed per punct.: 0
Average processing time per tuple (us): 0
********************************PLQ worker 32********************************
Received tuples: 0
Received punctuations: 0
Average deque size: 0
Average pane instances closed per punct.: 0
Average processing time per tuple (us): 0
********************************PLQ worker 19********************************
Received tuples: 0
Received punctuations: 0
Average deque size: 0
Average pane instances closed per punct.: 0
Average processing time per tuple (us): 0
********************************PLQ worker 20********************************
Received tuples: 0
Received punctuations: 0
Average deque size: 0
Average pane instances closed per punct.: 0
Average processing time per tuple (us): 0
********************************PLQ worker 4********************************
Received tuples: 666646
Received punctuations: 8724
Average deque size: 5.1442
Average pane instances closed per punct.: 1
Average processing time per tuple (us): 32.1909
********************************PLQ worker 16********************************
Received tuples: 0
Received punctuations: 0
Average deque size: 0
Average pane instances closed per punct.: 0
Average processing time per tuple (us): 0
********************************PLQ worker 15********************************
Received tuples: 0
Received punctuations: 0
Average deque size: 0
Average pane instances closed per punct.: 0
Average processing time per tuple (us): 0
********************************PLQ worker 8********************************
Received tuples: 666646
Received punctuations: 8724
Average deque size: 5.14351
Average pane instances closed per punct.: 1
Average processing time per tuple (us): 32.1922
********************************PLQ worker 7********************************
Received tuples: 666646
Received punctuations: 8724
Average deque size: 5.14443
Average pane instances closed per punct.: 1
Average processing time per tuple (us): 32.1091
********************************PLQ worker 2********************************
Received tuples: 666646
Received punctuations: 8724
Average deque size: 5.14512
Average pane instances closed per punct.: 1
Average processing time per tuple (us): 32.0434
********************************PLQ worker 1********************************
Received tuples: 666646
Received punctuations: 8724
Average deque size: 5.14065
Average pane instances closed per punct.: 1
Average processing time per tuple (us): 32.0528
********************************PLQ worker 52********************************
Received tuples: 0
Received punctuations: 0
Average deque size: 0
Average pane instances closed per punct.: 0
Average processing time per tuple (us): 0
********************************PLQ worker 51********************************
Received tuples: 0
Received punctuations: 0
Average deque size: 0
Average pane instances closed per punct.: 0
Average processing time per tuple (us): 0
********************************PLQ worker 57********************************
Received tuples: 0
Received punctuations: 0
Average deque size: 0
Average pane instances closed per punct.: 0
Average processing time per tuple (us): 0
********************************PLQ worker 36********************************
Received tuples: 0
Received punctuations: 0
Average deque size: 0
Average pane instances closed per punct.: 0
Average processing time per tuple (us): 0
********************************PLQ worker 35********************************
Received tuples: 0
Received punctuations: 0
Average deque size: 0
Average pane instances closed per punct.: 0
Average processing time per tuple (us): 0
********************************PLQ worker 40********************************
Received tuples: 0
Received punctuations: 0
Average deque size: 0
Average pane instances closed per punct.: 0
Average processing time per tuple (us): 0
********************************PLQ worker 48********************************
Received tuples: 0
Received punctuations: 0
Average deque size: 0
Average pane instances closed per punct.: 0
Average processing time per tuple (us): 0
********************************PLQ worker 43********************************
Received tuples: 0
Received punctuations: 0
Average deque size: 0
Average pane instances closed per punct.: 0
Average processing time per tuple (us): 0
********************************PLQ worker 44********************************
Received tuples: 0
Received punctuations: 0
Average deque size: 0
Average pane instances closed per punct.: 0
Average processing time per tuple (us): 0
********************************PLQ worker 27********************************
Received tuples: 0
Received punctuations: 0
Average deque size: 0
Average pane instances closed per punct.: 0
Average processing time per tuple (us): 0
********************************PLQ worker 28********************************
Received tuples: 0
Received punctuations: 0
Average deque size: 0
Average pane instances closed per punct.: 0
Average processing time per tuple (us): 0
********************************PLQ worker 29********************************
Received tuples: 0
Received punctuations: 0
Average deque size: 0
Average pane instances closed per punct.: 0
Average processing time per tuple (us): 0
********************************PLQ worker 59********************************
Received tuples: 0
Received punctuations: 0
Average deque size: 0
Average pane instances closed per punct.: 0
Average processing time per tuple (us): 0
********************************PLQ worker 11********************************
Received tuples: 666646
Received punctuations: 8724
Average deque size: 5.14225
Average pane instances closed per punct.: 1
Average processing time per tuple (us): 32.0541
********************************PLQ worker 41********************************
Received tuples: 0
Received punctuations: 0
Average deque size: 0
Average pane instances closed per punct.: 0
Average processing time per tuple (us): 0
********************************PLQ worker 3********************************
Received tuples: 666646
Received punctuations: 8724
Average deque size: 5.14477
Average pane instances closed per punct.: 1
Average processing time per tuple (us): 32.1964
********************************PLQ worker 10********************************
Received tuples: 666646
Received punctuations: 8724
Average deque size: 5.14397
Average pane instances closed per punct.: 1
Average processing time per tuple (us): 32.1427
********************************PLQ worker 50********************************
Received tuples: 0
Received punctuations: 0
Average deque size: 0
Average pane instances closed per punct.: 0
Average processing time per tuple (us): 0
********************************PLQ worker 58********************************
Received tuples: 0
Received punctuations: 0
Average deque size: 0
Average pane instances closed per punct.: 0
Average processing time per tuple (us): 0
********************************PLQ worker 47********************************
Received tuples: 0
Received punctuations: 0
Average deque size: 0
Average pane instances closed per punct.: 0
Average processing time per tuple (us): 0
********************************PLQ worker 54********************************
Received tuples: 0
Received punctuations: 0
Average deque size: 0
Average pane instances closed per punct.: 0
Average processing time per tuple (us): 0
********************************PLQ worker 18********************************
Received tuples: 0
Received punctuations: 0
Average deque size: 0
Average pane instances closed per punct.: 0
Average processing time per tuple (us): 0
********************************PLQ worker 53********************************
Received tuples: 0
Received punctuations: 0
Average deque size: 0
Average pane instances closed per punct.: 0
Average processing time per tuple (us): 0
********************************PLQ worker 6********************************
Received tuples: 666646
Received punctuations: 8724
Average deque size: 5.13927
Average pane instances closed per punct.: 1
Average processing time per tuple (us): 32.0758
********************************PLQ worker 60********************************
Received tuples: 0
Received punctuations: 0
Average deque size: 0
Average pane instances closed per punct.: 0
Average processing time per tuple (us): 0
********************************PLQ worker 13********************************
Received tuples: 666645
Received punctuations: 8724
Average deque size: 5.14122
Average pane instances closed per punct.: 1
Average processing time per tuple (us): 32.1418
********************************PLQ worker 26********************************
Received tuples: 0
Received punctuations: 0
Average deque size: 0
Average pane instances closed per punct.: 0
Average processing time per tuple (us): 0
********************************PLQ worker 25********************************
Received tuples: 0
Received punctuations: 0
Average deque size: 0
Average pane instances closed per punct.: 0
Average processing time per tuple (us): 0
********************************PLQ worker 22********************************
Received tuples: 0
Received punctuations: 0
Average deque size: 0
Average pane instances closed per punct.: 0
Average processing time per tuple (us): 0
********************************PLQ worker 21********************************
Received tuples: 0
Received punctuations: 0
Average deque size: 0
Average pane instances closed per punct.: 0
Average processing time per tuple (us): 0
********************************PLQ worker 38********************************
Received tuples: 0
Received punctuations: 0
Average deque size: 0
Average pane instances closed per punct.: 0
Average processing time per tuple (us): 0
