********************************PLQ worker 20********************************
Received tuples: 0
Received punctuations: 0
Average deque size: 0
Average pane instances closed per punct.: 0
Average processing time per tuple (us): 0
********************************PLQ worker 44********************************
Received tuples: 0
Received punctuations: 0
Average deque size: 0
Average pane instances closed per punct.: 0
Average processing time per tuple (us): 0
********************************PLQ worker 50********************************
Received tuples: 0
Received punctuations: 0
Average deque size: 0
Average pane instances closed per punct.: 0
Average processing time per tuple (us): 0
********************************PLQ worker 13********************************
Received tuples: 499941
Received punctuations: 8037
Average deque size: 5.13201
Average pane instances closed per punct.: 1
Average processing time per tuple (us): 30.142
********************************PLQ worker 41********************************
Received tuples: 0
Received punctuations: 0
Average deque size: 0
Average pane instances closed per punct.: 0
Average processing time per tuple (us): 0
********************************PLQ worker 35********************************
Received tuples: 0
Received punctuations: 0
Average deque size: 0
Average pane instances closed per punct.: 0
Average processing time per tuple (us): 0
********************************PLQ worker 38********************************
Received tuples: 0
Received punctuations: 0
Average deque size: 0
Average pane instances closed per punct.: 0
Average processing time per tuple (us): 0
********************************PLQ worker 11********************************
Received tuples: 499941
Received punctuations: 8037
Average deque size: 5.13164
Average pane instances closed per punct.: 1
Average processing time per tuple (us): 30.1603
********************************PLQ worker 0********************************
Received tuples: 499942
Received punctuations: 8037
Average deque size: 5.12965
Average pane instances closed per punct.: 1
Average processing time per tuple (us): 30.0448
********************************PLQ worker 53********************************
Received tuples: 0
Received punctuations: 0
Average deque size: 0
Average pane instances closed per punct.: 0
Average processing time per tuple (us): 0
********************************PLQ worker 1********************************
Received tuples: 499942
Received punctuations: 8037
Average deque size: 5.13164
Average pane instances closed per punct.: 1
Average processing time per tuple (us): 29.9751
********************************PLQ worker 56********************************
Received tuples: 0
Received punctuations: 0
Average deque size: 0
Average pane instances closed per punct.: 0
Average processing time per tuple (us): 0
********************************PLQ worker 8********************************
Received tuples: 499941
Received punctuations: 8037
Average deque size: 5.13214
Average pane instances closed per punct.: 1
Average processing time per tuple (us): 30.0446
********************************PLQ worker 7********************************
Received tuples: 499941
Received punctuations: 8037
Average deque size: 5.13251
Average pane instances closed per punct.: 1
Average processing time per tuple (us): 30.0005
********************************PLQ worker 43********************************
Received tuples: 0
Received punctuations: 0
Average deque size: 0
Average pane instances closed per punct.: 0
Average processing time per tuple (us): 0
********************************PLQ worker 22********************************
Received tuples: 0
Received punctuations: 0
Average deque size: 0
Average pane instances closed per punct.: 0
Average processing time per tuple (us): 0
********************************PLQ worker 37********************************
Received tuples: 0
Received punctuations: 0
Average deque size: 0
Average pane instances closed per punct.: 0
Average processing time per tuple (us): 0
********************************PLQ worker 30********************************
Received tuples: 0
Received punctuations: 0
Average deque size: 0
Average pane instances closed per punct.: 0
Average processing time per tuple (us): 0
********************************PLQ worker 28********************************
Received tuples: 0
Received punctuations: 0
Average deque size: 0
Average pane instances closed per punct.: 0
Average processing time per tuple (us): 0
********************************PLQ worker 4********************************
Received tuples: 499942
Received punctuations: 8037
Average deque size: 5.13289
Average pane instances closed per punct.: 1
Average processing time per tuple (us): 29.9785
********************************PLQ worker 27********************************
Received tuples: 0
Received punctuations: 0
Average deque size: 0
Average pane instances closed per punct.: 0
Average processing time per tuple (us): 0
********************************PLQ worker 48********************************
Received tuples: 0
Received punctuations: 0
Average deque size: 0
Average pane instances closed per punct.: 0
Average processing time per tuple (us): 0
********************************PLQ worker 10********************************
Received tuples: 499941
Received punctuations: 8037
Average deque size: 5.13363
Average pane instances closed per punct.: 1
Average processing time per tuple (us): 30.0497
********************************PLQ worker 9********************************
Received tuples: 499941
Received punctuations: 8037
Average deque size: 5.13313
Average pane instances closed per punct.: 1
Average processing time per tuple (us): 30.0065
********************************PLQ worker 14********************************
Received tuples: 499941
Received punctuations: 8037
Average deque size: 5.1355
Average pane instances closed per punct.: 1
Average processing time per tuple (us): 30.0361
********************************PLQ worker 12********************************
Received tuples: 499941
Received punctuations: 8037
Average deque size: 5.12903
Average pane instances closed per punct.: 1
Average processing time per tuple (us): 30.0852
********************************PLQ worker 40********************************
Received tuples: 0
Received punctuations: 0
Average deque size: 0
Average pane instances closed per punct.: 0
Average processing time per tuple (us): 0
********************************PLQ worker 39********************************
Received tuples: 0
Received punctuations: 0
Average deque size: 0
Average pane instances closed per punct.: 0
Average processing time per tuple (us): 0
********************************PLQ worker 33********************************
Received tuples: 0
Received punctuations: 0
Average deque size: 0
Average pane instances closed per punct.: 0
Average processing time per tuple (us): 0
********************************PLQ worker 34********************************
Received tuples: 0
Received punctuations: 0
Average deque size: 0
Average pane instances closed per punct.: 0
Average processing time per tuple (us): 0
********************************PLQ worker 25********************************
Received tuples: 0
Received punctuations: 0
Average deque size: 0
Average pane instances closed per punct.: 0
Average processing time per tuple (us): 0
********************************PLQ worker 26********************************
Received tuples: 0
Received punctuations: 0
Average deque size: 0
Average pane instances closed per punct.: 0
Average processing time per tuple (us): 0
********************************PLQ worker 51********************************
Received tuples: 0
Received punctuations: 0
Average deque size: 0
Average pane instances closed per punct.: 0
Average processing time per tuple (us): 0
********************************PLQ worker 52********************************
Received tuples: 0
Received punctuations: 0
Average deque size: 0
Average pane instances closed per punct.: 0
Average processing time per tuple (us): 0
********************************PLQ worker 36********************************
Received tuples: 0
Received punctuations: 0
Average deque size: 0
Average pane instances closed per punct.: 0
Average processing time per tuple (us): 0
********************************PLQ worker 17********************************
Received tuples: 499941
Received punctuations: 8037
Average deque size: 5.13239
Average pane instances closed per punct.: 1
Average processing time per tuple (us): 30.0823
********************************PLQ worker 18********************************
Received tuples: 499941
Received punctuations: 8037
Average deque size: 5.13127
Average pane instances closed per punct.: 1
Average processing time per tuple (us): 30.0236
********************************PLQ worker 5********************************
Received tuples: 499942
Received punctuations: 8037
Average deque size: 5.13164
Average pane instances closed per punct.: 1
Average processing time per tuple (us): 29.9878
********************************PLQ worker 6********************************
Received tuples: 499942
Received punctuations: 8037
Average deque size: 5.13027
Average pane instances closed per punct.: 1
Average processing time per tuple (us): 29.9541
********************************PLQ worker 15********************************
Received tuples: 499941
Received punctuations: 8037
Average deque size: 5.13015
Average pane instances closed per punct.: 1
Average processing time per tuple (us): 30.0265
********************************PLQ worker 16********************************
Received tuples: 499941
Received punctuations: 8037
Average deque size: 5.13214
Average pane instances closed per punct.: 1
Average processing time per tuple (us): 30.0207
********************************PLQ worker 49********************************
Received tuples: 0
Received punctuations: 0
Average deque size: 0
Average pane instances closed per punct.: 0
Average processing time per tuple (us): 0
********************************PLQ worker 47********************************
Received tuples: 0
Received punctuations: 0
Average deque size: 0
Average pane instances closed per punct.: 0
Average processing time per tuple (us): 0
********************************PLQ worker 42********************************
Received tuples: 0
Received punctuations: 0
Average deque size: 0
Average pane instances closed per punct.: 0
Average processing time per tuple (us): 0
********************************PLQ worker 46********************************
Received tuples: 0
Received punctuations: 0
Average deque size: 0
Average pane instances closed per punct.: 0
Average processing time per tuple (us): 0
********************************PLQ worker 45********************************
Received tuples: 0
Received punctuations: 0
Average deque size: 0
Average pane instances closed per punct.: 0
Average processing time per tuple (us): 0
********************************PLQ worker 54********************************
Received tuples: 0
Received punctuations: 0
Average deque size: 0
Average pane instances closed per punct.: 0
Average processing time per tuple (us): 0
********************************PLQ worker 59********************************
Received tuples: 0
Received punctuations: 0
Average deque size: 0
Average pane instances closed per punct.: 0
Average processing time per tuple (us): 0
********************************PLQ worker 60********************************
Received tuples: 0
Received punctuations: 0
Average deque size: 0
Average pane instances closed per punct.: 0
Average processing time per tuple (us): 0
********************************PLQ worker 19********************************
Received tuples: 499941
Received punctuations: 8037
Average deque size: 5.13251
Average pane instances closed per punct.: 1
Average processing time per tuple (us): 30.0069
********************************PLQ worker 57********************************
Received tuples: 0
Received punctuations: 0
Average deque size: 0
Average pane instances closed per punct.: 0
Average processing time per tuple (us): 0
********************************PLQ worker 58********************************
Received tuples: 0
Received punctuations: 0
Average deque size: 0
Average pane instances closed per punct.: 0
Average processing time per tuple (us): 0
********************************PLQ worker 55********************************
Received tuples: 0
Received punctuations: 0
Average deque size: 0
Average pane instances closed per punct.: 0
Average processing time per tuple (us): 0
********************************PLQ worker 2********************************
Received tuples: 499942
Received punctuations: 8037
Average deque size: 5.12903
Average pane instances closed per punct.: 1
Average processing time per tuple (us): 30.0523
********************************PLQ worker 21********************************
Received tuples: 0
Received punctuations: 0
Average deque size: 0
Average pane instances closed per punct.: 0
Average processing time per tuple (us): 0
********************************PLQ worker 29********************************
Received tuples: 0
Received punctuations: 0
Average deque size: 0
Average pane instances closed per punct.: 0
Average processing time per tuple (us): 0
********************************PLQ worker 3********************************
Received tuples: 499942
Received punctuations: 8037
Average deque size: 5.13276
Average pane instances closed per punct.: 1
Average processing time per tuple (us): 29.9567
********************************PLQ worker 23********************************
Received tuples: 0
Received punctuations: 0
Average deque size: 0
Average pane instances closed per punct.: 0
Average processing time per tuple (us): 0
********************************PLQ worker 24********************************
Received tuples: 0
Received punctuations: 0
Average deque size: 0
Average pane instances closed per punct.: 0
Average processing time per tuple (us): 0
********************************PLQ worker 31********************************
Received tuples: 0
Received punctuations: 0
Average deque size: 0
Average pane instances closed per punct.: 0
Average processing time per tuple (us): 0
********************************PLQ worker 32********************************
Received tuples: 0
Received punctuations: 0
Average deque size: 0
Average pane instances closed per punct.: 0
Average processing time per tuple (us): 0
