********************************PLQ worker 43********************************
Received tuples: 0
Received punctuations: 0
Average deque size: 0
Average pane instances closed per punct.: 0
Average processing time per tuple (us): 0
********************************PLQ worker 2********************************
Received tuples: 498732
Received punctuations: 8425
Average deque size: 0.513828
Average pane instances closed per punct.: 1
Average processing time per tuple (us): 124.463
********************************PLQ worker 25********************************
Received tuples: 0
Received punctuations: 0
Average deque size: 0
Average pane instances closed per punct.: 0
Average processing time per tuple (us): 0
********************************PLQ worker 32********************************
Received tuples: 0
Received punctuations: 0
Average deque size: 0
Average pane instances closed per punct.: 0
Average processing time per tuple (us): 0
********************************PLQ worker 52********************************
Received tuples: 0
Received punctuations: 0
Average deque size: 0
Average pane instances closed per punct.: 0
Average processing time per tuple (us): 0
********************************PLQ worker 41********************************
Received tuples: 0
Received punctuations: 0
Average deque size: 0
Average pane instances closed per punct.: 0
Average processing time per tuple (us): 0
********************************PLQ worker 56********************************
Received tuples: 0
Received punctuations: 0
Average deque size: 0
Average pane instances closed per punct.: 0
Average processing time per tuple (us): 0
********************************PLQ worker 33********************************
Received tuples: 0
Received punctuations: 0
Average deque size: 0
Average pane instances closed per punct.: 0
Average processing time per tuple (us): 0
********************************PLQ worker 28********************************
Received tuples: 0
Received punctuations: 0
Average deque size: 0
Average pane instances closed per punct.: 0
Average processing time per tuple (us): 0
********************************PLQ worker 42********************************
Received tuples: 0
Received punctuations: 0
Average deque size: 0
Average pane instances closed per punct.: 0
Average processing time per tuple (us): 0
********************************PLQ worker 53********************************
Received tuples: 0
Received punctuations: 0
Average deque size: 0
Average pane instances closed per punct.: 0
Average processing time per tuple (us): 0
********************************PLQ worker 27********************************
Received tuples: 0
Received punctuations: 0
Average deque size: 0
Average pane instances closed per punct.: 0
Average processing time per tuple (us): 0
********************************PLQ worker 6********************************
Received tuples: 490012
Received punctuations: 8425
Average deque size: 0.515252
Average pane instances closed per punct.: 1
Average processing time per tuple (us): 126.103
********************************PLQ worker 14********************************
Received tuples: 510663
Received punctuations: 8425
Average deque size: 0.528427
Average pane instances closed per punct.: 1
Average processing time per tuple (us): 125.055
********************************PLQ worker 10********************************
Received tuples: 516458
Received punctuations: 8425
Average deque size: 0.523798
Average pane instances closed per punct.: 1
Average processing time per tuple (us): 126.957
********************************PLQ worker 16********************************
Received tuples: 507289
Received punctuations: 8425
Average deque size: 0.539347
Average pane instances closed per punct.: 1
Average processing time per tuple (us): 124.015
********************************PLQ worker 48********************************
Received tuples: 0
Received punctuations: 0
Average deque size: 0
Average pane instances closed per punct.: 0
Average processing time per tuple (us): 0
********************************PLQ worker 36********************************
Received tuples: 0
Received punctuations: 0
Average deque size: 0
Average pane instances closed per punct.: 0
Average processing time per tuple (us): 0
********************************PLQ worker 40********************************
Received tuples: 0
Received punctuations: 0
Average deque size: 0
Average pane instances closed per punct.: 0
Average processing time per tuple (us): 0
********************************PLQ worker 39********************************
Received tuples: 0
Received punctuations: 0
Average deque size: 0
Average pane instances closed per punct.: 0
Average processing time per tuple (us): 0
********************************PLQ worker 31********************************
Received tuples: 0
Received punctuations: 0
Average deque size: 0
Average pane instances closed per punct.: 0
Average processing time per tuple (us): 0
********************************PLQ worker 45********************************
Received tuples: 0
Received punctuations: 0
Average deque size: 0
Average pane instances closed per punct.: 0
Average processing time per tuple (us): 0
********************************PLQ worker 37********************************
Received tuples: 0
Received punctuations: 0
Average deque size: 0
Average pane instances closed per punct.: 0
Average processing time per tuple (us): 0
********************************PLQ worker 38********************************
Received tuples: 0
Received punctuations: 0
Average deque size: 0
Average pane instances closed per punct.: 0
Average processing time per tuple (us): 0
********************************PLQ worker 51********************************
Received tuples: 0
Received punctuations: 0
Average deque size: 0
Average pane instances closed per punct.: 0
Average processing time per tuple (us): 0
********************************PLQ worker 29********************************
Received tuples: 0
Received punctuations: 0
Average deque size: 0
Average pane instances closed per punct.: 0
Average processing time per tuple (us): 0
********************************PLQ worker 23********************************
Received tuples: 0
Received punctuations: 0
Average deque size: 0
Average pane instances closed per punct.: 0
Average processing time per tuple (us): 0
********************************PLQ worker 24********************************
Received tuples: 0
Received punctuations: 0
Average deque size: 0
Average pane instances closed per punct.: 0
Average processing time per tuple (us): 0
********************************PLQ worker 17********************************
Received tuples: 504467
Received punctuations: 8425
Average deque size: 0.55181
Average pane instances closed per punct.: 1
Average processing time per tuple (us): 123.347
********************************PLQ worker 18********************************
Received tuples: 503543
Received punctuations: 8425
Average deque size: 0.52546
Average pane instances closed per punct.: 1
Average processing time per tuple (us): 123.88
********************************PLQ worker 21********************************
Received tuples: 0
Received punctuations: 0
Average deque size: 0
Average pane instances closed per punct.: 0
Average processing time per tuple (us): 0
********************************PLQ worker 22********************************
Received tuples: 0
Received punctuations: 0
Average deque size: 0
Average pane instances closed per punct.: 0
Average processing time per tuple (us): 0
********************************PLQ worker 3********************************
Received tuples: 497185
Received punctuations: 8425
Average deque size: 0.527003
Average pane instances closed per punct.: 1
Average processing time per tuple (us): 125.784
********************************PLQ worker 49********************************
Received tuples: 0
Received punctuations: 0
Average deque size: 0
Average pane instances closed per punct.: 0
Average processing time per tuple (us): 0
********************************PLQ worker 50********************************
Received tuples: 0
Received punctuations: 0
Average deque size: 0
Average pane instances closed per punct.: 0
Average processing time per tuple (us): 0
********************************PLQ worker 54********************************
Received tuples: 0
Received punctuations: 0
Average deque size: 0
Average pane instances closed per punct.: 0
Average processing time per tuple (us): 0
********************************PLQ worker 59********************************
Received tuples: 0
Received punctuations: 0
Average deque size: 0
Average pane instances closed per punct.: 0
Average processing time per tuple (us): 0
********************************PLQ worker 60********************************
Received tuples: 0
Received punctuations: 0
Average deque size: 0
Average pane instances closed per punct.: 0
Average processing time per tuple (us): 0
********************************PLQ worker 34********************************
Received tuples: 0
Received punctuations: 0
Average deque size: 0
Average pane instances closed per punct.: 0
Average processing time per tuple (us): 0
********************************PLQ worker 58********************************
Received tuples: 0
Received punctuations: 0
Average deque size: 0
Average pane instances closed per punct.: 0
Average processing time per tuple (us): 0
********************************PLQ worker 57********************************
Received tuples: 0
Received punctuations: 0
Average deque size: 0
Average pane instances closed per punct.: 0
Average processing time per tuple (us): 0
********************************PLQ worker 15********************************
Received tuples: 487990
Received punctuations: 8425
Average deque size: 0.521899
Average pane instances closed per punct.: 1
Average processing time per tuple (us): 123.93
********************************PLQ worker 26********************************
Received tuples: 0
Received punctuations: 0
Average deque size: 0
Average pane instances closed per punct.: 0
Average processing time per tuple (us): 0
********************************PLQ worker 35********************************
Received tuples: 0
Received punctuations: 0
Average deque size: 0
Average pane instances closed per punct.: 0
Average processing time per tuple (us): 0
********************************PLQ worker 46********************************
Received tuples: 0
Received punctuations: 0
Average deque size: 0
Average pane instances closed per punct.: 0
Average processing time per tuple (us): 0
********************************PLQ worker 30********************************
Received tuples: 0
Received punctuations: 0
Average deque size: 0
Average pane instances closed per punct.: 0
Average processing time per tuple (us): 0
********************************PLQ worker 55********************************
Received tuples: 0
Received punctuations: 0
Average deque size: 0
Average pane instances closed per punct.: 0
Average processing time per tuple (us): 0
********************************PLQ worker 1********************************
Received tuples: 494765
Received punctuations: 8425
Average deque size: 0.50089
Average pane instances closed per punct.: 1
Average processing time per tuple (us): 128.31
********************************PLQ worker 20********************************
Received tuples: 0
Received punctuations: 0
Average deque size: 0
Average pane instances closed per punct.: 0
Average processing time per tuple (us): 0
********************************PLQ worker 44********************************
Received tuples: 0
Received punctuations: 0
Average deque size: 0
Average pane instances closed per punct.: 0
Average processing time per tuple (us): 0
********************************PLQ worker 19********************************
Received tuples: 480866
Received punctuations: 8425
Average deque size: 0.515727
Average pane instances closed per punct.: 1
Average processing time per tuple (us): 123.22
********************************PLQ worker 13********************************
Received tuples: 488964
Received punctuations: 8425
Average deque size: 0.544807
Average pane instances closed per punct.: 1
Average processing time per tuple (us): 123.357
********************************PLQ worker 5********************************
Received tuples: 494072
Received punctuations: 8425
Average deque size: 0.498991
Average pane instances closed per punct.: 1
Average processing time per tuple (us): 122.941
********************************PLQ worker 7********************************
Received tuples: 497637
Received punctuations: 8425
Average deque size: 0.511573
Average pane instances closed per punct.: 1
Average processing time per tuple (us): 124.624
********************************PLQ worker 8********************************
Received tuples: 522031
Received punctuations: 8425
Average deque size: 0.528309
Average pane instances closed per punct.: 1
Average processing time per tuple (us): 125.995
********************************PLQ worker 9********************************
Received tuples: 498166
Received punctuations: 8425
Average deque size: 0.527478
Average pane instances closed per punct.: 1
Average processing time per tuple (us): 126.76
********************************PLQ worker 11********************************
Received tuples: 500755
Received punctuations: 8425
Average deque size: 0.539822
Average pane instances closed per punct.: 1
Average processing time per tuple (us): 126.041
********************************PLQ worker 12********************************
Received tuples: 510919
Received punctuations: 8425
Average deque size: 0.526766
Average pane instances closed per punct.: 1
Average processing time per tuple (us): 127.267
********************************PLQ worker 47********************************
Received tuples: 0
Received punctuations: 0
Average deque size: 0
Average pane instances closed per punct.: 0
Average processing time per tuple (us): 0
********************************PLQ worker 0********************************
Received tuples: 499912
Received punctuations: 8425
Average deque size: 0.522255
Average pane instances closed per punct.: 1
Average processing time per tuple (us): 124.468
********************************PLQ worker 4********************************
Received tuples: 494401
Received punctuations: 8425
Average deque size: 0.522136
Average pane instances closed per punct.: 1
Average processing time per tuple (us): 129.931
