****************WLQ worker 22****************
Received WLQ tasks: 305
Average no. of tuples in the results set of a window: 4453.19
Average processing time per WLQ task (us): 253933
****************WLQ worker 43****************
Received WLQ tasks: 768
Average no. of tuples in the results set of a window: 4343.44
Average processing time per WLQ task (us): 257313
****************WLQ worker 51****************
Received WLQ tasks: 0
Average no. of tuples in the results set of a window: 0
Average processing time per WLQ task (us): 0
****************WLQ worker 56****************
Received WLQ tasks: 0
Average no. of tuples in the results set of a window: 0
Average processing time per WLQ task (us): 0
****************WLQ worker 15****************
Received WLQ tasks: 344
Average no. of tuples in the results set of a window: 4295.56
Average processing time per WLQ task (us): 222912
****************WLQ worker 21****************
Received WLQ tasks: 228
Average no. of tuples in the results set of a window: 4444.48
Average processing time per WLQ task (us): 296912
****************WLQ worker 20****************
Received WLQ tasks: 219
Average no. of tuples in the results set of a window: 4349.55
Average processing time per WLQ task (us): 247771
****************WLQ worker 23****************
Received WLQ tasks: 309
Average no. of tuples in the results set of a window: 4602.52
Average processing time per WLQ task (us): 294292
****************WLQ worker 24****************
Received WLQ tasks: 429
Average no. of tuples in the results set of a window: 4097.69
Average processing time per WLQ task (us): 251793
****************WLQ worker 38****************
Received WLQ tasks: 387
Average no. of tuples in the results set of a window: 5161.19
Average processing time per WLQ task (us): 290663
****************WLQ worker 16****************
Received WLQ tasks: 289
Average no. of tuples in the results set of a window: 4329.69
Average processing time per WLQ task (us): 258944
****************WLQ worker 48****************
Received WLQ tasks: 742
Average no. of tuples in the results set of a window: 4548.23
Average processing time per WLQ task (us): 276571
****************WLQ worker 47****************
Received WLQ tasks: 737
Average no. of tuples in the results set of a window: 4539.47
Average processing time per WLQ task (us): 290385
****************WLQ worker 41****************
Received WLQ tasks: 448
Average no. of tuples in the results set of a window: 4159.23
Average processing time per WLQ task (us): 257405
****************WLQ worker 42****************
Received WLQ tasks: 773
Average no. of tuples in the results set of a window: 4371.83
Average processing time per WLQ task (us): 269823
****************WLQ worker 13****************
Received WLQ tasks: 332
Average no. of tuples in the results set of a window: 4252.84
Average processing time per WLQ task (us): 251809
****************WLQ worker 14****************
Received WLQ tasks: 328
Average no. of tuples in the results set of a window: 4484.04
Average processing time per WLQ task (us): 244768
****************WLQ worker 33****************
Received WLQ tasks: 175
Average no. of tuples in the results set of a window: 5213.33
Average processing time per WLQ task (us): 324390
****************WLQ worker 34****************
Received WLQ tasks: 144
Average no. of tuples in the results set of a window: 5486.84
Average processing time per WLQ task (us): 442059
****************WLQ worker 10****************
Received WLQ tasks: 378
Average no. of tuples in the results set of a window: 4096.39
Average processing time per WLQ task (us): 249369
****************WLQ worker 9****************
Received WLQ tasks: 262
Average no. of tuples in the results set of a window: 4563.95
Average processing time per WLQ task (us): 259935
****************WLQ worker 26****************
Received WLQ tasks: 440
Average no. of tuples in the results set of a window: 4173.56
Average processing time per WLQ task (us): 282588
****************WLQ worker 25****************
Received WLQ tasks: 474
Average no. of tuples in the results set of a window: 4236.09
Average processing time per WLQ task (us): 292565
****************WLQ worker 44****************
Received WLQ tasks: 756
Average no. of tuples in the results set of a window: 4493.41
Average processing time per WLQ task (us): 284264
****************WLQ worker 35****************
Received WLQ tasks: 145
Average no. of tuples in the results set of a window: 4845.73
Average processing time per WLQ task (us): 335627
****************WLQ worker 36****************
Received WLQ tasks: 181
Average no. of tuples in the results set of a window: 4773.61
Average processing time per WLQ task (us): 322178
****************WLQ worker 30****************
Received WLQ tasks: 232
Average no. of tuples in the results set of a window: 4687.15
Average processing time per WLQ task (us): 320720
****************WLQ worker 29****************
Received WLQ tasks: 205
Average no. of tuples in the results set of a window: 4744.08
Average processing time per WLQ task (us): 361612
****************WLQ worker 6****************
Received WLQ tasks: 466
Average no. of tuples in the results set of a window: 4162.68
Average processing time per WLQ task (us): 257716
****************WLQ worker 5****************
Received WLQ tasks: 484
Average no. of tuples in the results set of a window: 4167.74
Average processing time per WLQ task (us): 230335
****************WLQ worker 57****************
Received WLQ tasks: 0
Average no. of tuples in the results set of a window: 0
Average processing time per WLQ task (us): 0
****************WLQ worker 58****************
Received WLQ tasks: 1084
Average no. of tuples in the results set of a window: 4146.14
Average processing time per WLQ task (us): 278872
****************WLQ worker 45****************
Received WLQ tasks: 796
Average no. of tuples in the results set of a window: 4415.27
Average processing time per WLQ task (us): 264758
****************WLQ worker 46****************
Received WLQ tasks: 732
Average no. of tuples in the results set of a window: 4335.18
Average processing time per WLQ task (us): 285002
****************WLQ worker 3****************
Received WLQ tasks: 563
Average no. of tuples in the results set of a window: 4005.71
Average processing time per WLQ task (us): 245354
****************WLQ worker 4****************
Received WLQ tasks: 255
Average no. of tuples in the results set of a window: 3859.51
Average processing time per WLQ task (us): 257176
****************WLQ worker 7****************
Received WLQ tasks: 471
Average no. of tuples in the results set of a window: 4135.92
Average processing time per WLQ task (us): 245612
****************WLQ worker 8****************
Received WLQ tasks: 413
Average no. of tuples in the results set of a window: 4175.18
Average processing time per WLQ task (us): 244656
****************WLQ worker 40****************
Received WLQ tasks: 548
Average no. of tuples in the results set of a window: 4628.69
Average processing time per WLQ task (us): 293451
****************WLQ worker 39****************
Received WLQ tasks: 380
Average no. of tuples in the results set of a window: 5030.03
Average processing time per WLQ task (us): 296118
****************WLQ worker 1****************
Received WLQ tasks: 356
Average no. of tuples in the results set of a window: 3922.81
Average processing time per WLQ task (us): 223826
****************WLQ worker 2****************
Received WLQ tasks: 574
Average no. of tuples in the results set of a window: 3960.77
Average processing time per WLQ task (us): 248333
****************WLQ worker 0****************
Received WLQ tasks: 299
Average no. of tuples in the results set of a window: 4211.39
Average processing time per WLQ task (us): 249867
****************WLQ worker 12****************
Received WLQ tasks: 301
Average no. of tuples in the results set of a window: 4361.11
Average processing time per WLQ task (us): 251353
****************WLQ worker 11****************
Received WLQ tasks: 423
Average no. of tuples in the results set of a window: 4134.39
Average processing time per WLQ task (us): 243777
****************WLQ worker 52****************
Received WLQ tasks: 0
Average no. of tuples in the results set of a window: 0
Average processing time per WLQ task (us): 0
****************WLQ worker 49****************
Received WLQ tasks: 0
Average no. of tuples in the results set of a window: 0
Average processing time per WLQ task (us): 0
****************WLQ worker 50****************
Received WLQ tasks: 0
Average no. of tuples in the results set of a window: 0
Average processing time per WLQ task (us): 0
****************WLQ worker 19****************
Received WLQ tasks: 282
Average no. of tuples in the results set of a window: 4182.96
Average processing time per WLQ task (us): 234544
****************WLQ worker 37****************
Received WLQ tasks: 329
Average no. of tuples in the results set of a window: 4942.24
Average processing time per WLQ task (us): 342889
****************WLQ worker 53****************
Received WLQ tasks: 0
Average no. of tuples in the results set of a window: 0
Average processing time per WLQ task (us): 0
****************WLQ worker 54****************
Received WLQ tasks: 0
Average no. of tuples in the results set of a window: 0
Average processing time per WLQ task (us): 0
****************WLQ worker 55****************
Received WLQ tasks: 0
Average no. of tuples in the results set of a window: 0
Average processing time per WLQ task (us): 0
****************WLQ worker 32****************
Received WLQ tasks: 110
Average no. of tuples in the results set of a window: 5541.12
Average processing time per WLQ task (us): 320961
****************WLQ worker 31****************
Received WLQ tasks: 174
Average no. of tuples in the results set of a window: 4385.92
Average processing time per WLQ task (us): 337202
****************WLQ worker 27****************
Received WLQ tasks: 426
Average no. of tuples in the results set of a window: 4267.2
Average processing time per WLQ task (us): 280972
****************WLQ worker 28****************
Received WLQ tasks: 220
Average no. of tuples in the results set of a window: 5042.45
Average processing time per WLQ task (us): 320023
****************WLQ worker 18****************
Received WLQ tasks: 285
Average no. of tuples in the results set of a window: 4329.59
Average processing time per WLQ task (us): 265104
****************WLQ worker 17****************
Received WLQ tasks: 329
Average no. of tuples in the results set of a window: 4176.56
Average processing time per WLQ task (us): 251804
