#control_step plq_rho plq_splitting wlq_rho nw_plq nw_wlq wlq_idle wlq_win_tasks wlq_merge_tasks [watts]
0 1.6521 1 1.33423 1 1 0.466308 7 0 144.35
1 1.24518 1.2 3.69931 2 2 0.130018 17 0 96.7159
2 0.394841 1.84615 7.6574 2 3 0.0399368 25 0 97.397
3 1.94414 1.38889 5.9764 1 5 0.033279 42 0 97.9303
4 1.48109 1.54545 2.91989 2 8 0.316869 68 0 100.175
5 0.495369 2.3 2.35196 3 12 0.102483 153 0 104.176
6 0.72051 1.88889 2.18714 2 18 0.0940745 140 0 107.971
7 0.648924 1.65 0.870865 2 27 0.165994 276 58 113.903
8 0.740162 1.9 0.43156 2 26 0.623569 62 42 111.747
9 0.736364 1.90909 0.817707 2 13 0.410682 78 14 105.289
10 0.787156 1.9 1.09695 2 11 0.0708934 87 5 103.426
11 0.62018 1.90909 0.8887 2 14 0.15378 90 26 105.36
12 0.627001 1.85714 1.52125 2 14 0.0955238 111 13 105.564
13 0.639487 1 0.681848 2 21 0.350924 96 25 109.232
14 0.492799 1 0.36249 2 15 0.674057 35 10 104.735
15 0.867262 1.25 0.577615 1 8 0.588862 83 5 99.5109
16 1.36262 1 1.39559 1 5 0.232009 45 0 98.2641
17 0.70569 1.27273 1.24582 2 8 0.271552 69 0 100.799
18 0.900093 1.38889 0.95034 2 11 0.279382 89 6 102.518
19 0.591233 1.90909 1.23964 2 12 0.263977 98 12 103.779
20 0.786308 1.8 0.660428 2 17 0.437875 112 38 106.443
21 0.945078 1.90909 1.11476 2 12 0.472984 57 4 103.977
22 0.802549 2 1.69297 2 15 0.156846 81 3 106.279
23 0.405538 2 0.948126 2 23 0.166579 142 31 112.078
24 1.14408 1.45 0.687526 1 24 0.276838 98 12 111.15
25 0.481127 2 0.431717 2 21 0.647208 93 52 108.61
26 2.07936 1.44444 0.418768 1 11 0.858422 35 6 101.625
27 1.03867 1.4 1.13763 2 8 0.278702 62 0 101.032
28 0.500932 1.65 2.28481 2 10 0.0292452 86 0 102.309
29 1.17052 1.27273 0.895241 1 15 0.27082 129 26 104.933
30 0.445296 2 0.649059 2 17 0.319746 102 24 106.196
31 0.940051 1.33333 0.568298 1 12 0.525339 93 21 102.361
32 2.62458 1 0.178929 1 8 0.817549 5 1 99.5813
33 1.0526 1.1 0.320377 2 6 0.833325 27 0 98.7788
34 0.792301 1 4.62787 2 4 0.137624 24 0 98.2409
35 0.335294 2 10.4865 2 6 0.132897 28 0 99.1023
36 2.64505 1 8.42877 1 9 0.350662 32 0 100.205
37 1.2924 1.2 1.78166 2 14 0.420058 131 0 104.5
38 0.5198 1.72222 1.62415 2 21 0.204247 209 0 109.695
39 1.05747 1.1 0.700154 1 32 0.332639 178 39 115.798
40 0.797668 1 0.279635 1 28 0.774151 36 11 112.273
41 1.03751 1 0.322293 1 14 0.782174 48 14 102.992
42 2.33723 1 0.356313 1 8 0.558859 28 0 99.4805
43 1.29953 1.2 0.349168 2 6 0.934186 26 0 98.6342
44 0.855252 2.36364 9.89844 3 4 0.129665 20 0 98.809
45 0.271871 3 11.4276 3 6 0.153411 30 0 99.5539
46 0.635625 2.72727 5.36908 2 9 0.0628533 89 0 101.232
47 0.680802 1.95238 3.81973 2 14 0.0662926 154 0 105.202
48 0.778992 2 2.64713 2 21 0.321729 181 0 109.291
49 0.747835 2 1.66914 2 32 0.290331 247 0 117
50 0.748865 2 0.864478 2 48 0.288096 262 71 130.279
51 0.632849 2 0.608053 2 45 0.358073 76 54 127.301
52 0.982046 2 0.535716 2 29 0.556774 63 47 115.434
53 1.15395 2 0.710215 2 19 0.419122 53 42 108.451
54 0.84158 2.90909 3.05788 3 17 0.266554 74 3 108.371
55 0.512314 3 1.83316 3 26 0.285036 155 2 113.844
56 1.10546 2.36364 0.894577 2 39 0.208184 169 145 124.278
57 0.581124 2.90909 0.708831 3 43 0.311657 83 86 125.916
58 1.08173 2.7 0.662544 2 33 0.459529 67 68 120.026
59 1.01926 2 0.689062 2 28 0.39593 66 47 114.352
60 0.829515 2 1.25492 2 23 0.245071 104 47 112.12
61 1.00439 2 0.840284 2 33 0.407339 86 70 117.618
62 1.13762 2 0.660405 2 32 0.431954 69 53 116.945
63 0.647623 2.8 0.804628 3 28 0.308105 90 52 115.387
64 0.372206 3 0.882669 3 24 0.312935 104 62 113.288
65 0.321493 2.45 1.02353 2 23 0.139896 150 79 111.663
66 2.17561 1.22222 0.221928 1 27 0.770925 21 13 110.708
67 1.94965 1.54545 0.306135 2 20 0.760671 33 12 107.435
68 1.21333 2.45455 1.09247 3 15 0.535416 76 15 105.594
69 0.1392 3.36364 1.35554 4 20 0.0557749 225 0 110.971
70 0.410421 3.63636 0.563137 2 30 0.455864 148 141 114.561
71 2.74028 1.55 0.448251 1 17 0.583725 73 37 105.387
72 1.80946 1.18182 0 2 13 1 0 0 102.291
73 0.981177 1.72727 2.43316 3 10 0.410379 58 3 102.567
74 0.137519 2.88889 2.07138 3 15 0.118178 125 0 106.159
75 0.732569 2.5 0.995187 2 23 0.136297 319 38 111.34
76 0.642338 2 0.630099 2 26 0.447197 79 64 112.349
77 0.808142 2 0.814083 2 17 0.41018 79 26 107.054
78 0.823622 2 1.05535 2 15 0.1978 79 19 106.072
79 0.586174 2 0.941142 2 18 0.111122 96 34 107.748
80 0.710731 2 0.68165 2 19 0.268369 87 19 107.867
81 0.63539 2 1.24784 2 14 0.276369 109 30 105.331
82 0.552516 2 0.877962 2 20 0.267221 126 46 109.105
83 0.690958 2 0.634781 2 19 0.4407 83 38 107.846
84 0.67024 2 0.980894 2 13 0.216564 81 15 104.595
85 0.307397 2 0.796417 2 15 0.172954 103 9 105.384
86 1.5347 1.52632 0.423908 1 13 0.59325 72 23 102.744
87 0.66389 1.7 1.28887 2 10 0.448189 66 3 101.594
88 0.3972 2 0.799244 2 15 0.2313 141 35 105.078
89 1.30608 1.7 0.546002 1 13 0.4528 70 15 102.595
90 0.568976 1.47619 1.20806 2 10 0.542453 69 2 101.434
91 0.620866 2 0.989443 2 14 0.324344 132 19 104.52
92 0.606289 2 0.907296 2 16 0.297733 91 28 105.819
93 0.460753 2 0.853297 2 16 0.130251 98 35 106.01
94 1.55576 1.7 0.553087 1 15 0.445105 68 18 104.401
95 0.655187 1.66667 1.04706 2 12 0.514763 85 9 102.982
96 0.52193 2 0.879863 2 14 0.359469 127 19 104.534
97 1.22891 1.3 0.729534 1 14 0.313579 73 24 104.165
98 0.514725 1.7 0.623177 2 13 0.345028 75 13 104.077
99 1.71709 1.8 0.773996 1 9 0.242366 86 4 100.437
100 0.836406 1.59091 0.987801 2 10 0.719892 59 2 101.23
101 0.416816 2 1.77394 2 11 0.0941216 114 0 102.706
102 1.45172 1.33333 0.778527 1 17 0.245063 131 29 105.794
103 0.565824 1.57895 0.788093 2 19 0.606577 66 25 106.803
104 0.490676 2 0.602478 2 16 0.497355 98 40 105.285
105 1.3498 1.2 1.04871 1 10 0.217268 60 2 101.675
106 0.97487 1.6 0.763891 2 13 0.280717 77 20 104.013
107 0.565459 2 1.24509 2 11 0.221562 83 1 102.724
108 0.349761 2 1.31096 2 16 0.108744 149 12 106.221
109 2.47757 1.2 0.445653 1 24 0.628306 49 28 109.388
110 2.00534 1.36364 0.246415 2 18 0.818099 38 11 106.137
111 1.38962 2 1.38287 3 14 0.444694 53 17 105.033
112 0.248211 3.27273 1.34623 4 21 0.0569183 214 2 111.632
113 0.758312 3.45455 0.688153 2 32 0.342755 140 130 116.717
114 0.603028 2 0.871022 2 24 0.341509 115 71 111.404
115 0.642409 2 0.6417 2 23 0.374446 69 50 110.375
116 0.651955 2 0.771994 2 16 0.387836 79 30 106.439
117 0.51088 2 0.866129 2 13 0.183966 83 18 104.03
118 2.487 1.72727 0.789499 1 12 0.200556 86 14 102.416
119 2.64558 1.33333 0.0758964 2 13 0.925687 10 0 102.391
120 1.79423 2.36364 0.337918 3 10 0.914531 21 3 101.912
121 0.322041 3.2 12.772 5 8 0.148918 27 0 102.534
122 0.441126 3.27273 8.32401 3 12 0.0715308 66 0 104.359
123 0.631166 2.07143 4.98585 2 18 0.0846782 123 0 108.273
124 0.681967 1.94118 1.82361 2 27 0.0411378 363 0 114.605
125 1.0225 2 0.975785 2 41 0.320646 304 49 124.853
126 1.00778 2 0.491422 2 47 0.515244 76 79 127.921
127 1.03765 2 0.737724 2 27 0.368428 61 41 114.323
128 1.06271 2 0.779682 2 24 0.301868 80 34 112.47
129 1.03639 2 0.826824 2 22 0.246287 65 32 110.786
130 0.8705 2 1.55349 2 21 0.210684 100 29 110.771
131 0.64442 2 0.815211 2 32 0.281184 126 62 117.376
132 0.557816 2 0.673599 2 28 0.350093 73 46 114.663
133 0.934688 2 0.549275 2 20 0.507461 59 40 108.917
134 0.639018 2 1.14699 2 13 0.228512 82 5 105.516
135 0.69597 2 1.48395 2 17 0.0449932 139 16 107.5
136 0.494841 2 0.732833 2 26 0.369298 125 55 113.029
137 2.90087 1.36364 0.369999 1 21 0.591167 25 4 108.112
138 2.13613 1.2 0.0721505 2 16 0.985786 23 6 104.845
139 1.41802 1.75 2.55054 3 12 0.123194 68 0 105.055
140 0.429396 3.09091 1.93318 4 18 0.16116 138 0 109.198
141 0.860016 2.95238 0.953623 2 27 0.0883475 244 101 114.647
142 0.831091 2 1.09194 2 29 0.144729 134 57 115.424
143 0.818794 2 0.618121 2 36 0.392496 68 65 119.54
144 0.902985 2 0.691651 2 23 0.548832 65 41 111.78
145 0.778925 2 1.12901 2 17 0.124415 89 8 107.634
146 1.04988 2 0.72004 2 22 0.272975 81 41 110.724
147 1.0105 2 0.826485 2 19 0.229204 75 35 109.503
148 1.03673 2 1.70566 2 18 0.107875 91 28 108.798
149 1.0603 2 1.31194 2 27 0.335864 107 22 113.855
150 1.02337 2 0.663819 2 41 0.463858 90 82 123.757
151 1.13375 2 0.662027 2 34 0.399653 63 50 119.526
152 0.851628 2.3 0.658972 3 29 0.391322 75 47 115.799
153 0.451968 3 1.45984 3 20 0.126993 152 51 110.971
154 0.977176 2.18182 0.761076 2 30 0.315735 116 106 115.915
155 0.98351 2 0.688293 2 26 0.312561 65 44 112.904
156 1.10232 2 0.652284 2 21 0.473753 61 43 109.768
157 0.654938 2.63636 1.09317 3 18 0.180204 107 17 108.934
158 0.535963 3 1.72605 3 22 0.157679 126 58 111.62
159 1.02812 2 1.22978 2 33 0.406649 123 64 117.307
160 1.11759 2 0.701901 2 45 0.555307 78 74 126.173
161 0.722664 2.72727 0.6488 3 40 0.418459 80 94 124.35
162 0.574966 3 0.794915 3 28 0.293896 90 75 116.902
163 1.16993 2.72727 0.820237 2 24 0.227696 97 55 113.186
164 0.741132 2.46154 0.88814 3 24 0.304871 88 61 112.73
165 0.548785 3 1.66852 3 23 0.0934758 128 47 112.735
166 0 -nan 0.896204 0 35 0.417299 76 58 116.235
167 0 -nan 0.52185 0 35 0.774536 7 0 114.265
