****************WLQ worker 7****************
Received WLQ tasks: 497
Average no. of tuples in the results set of a window: 4689.47
Average processing time per WLQ task (us): 423020
****************WLQ worker 46****************
Received WLQ tasks: 827
Average no. of tuples in the results set of a window: 4794.6
Average processing time per WLQ task (us): 523909
****************WLQ worker 4****************
Received WLQ tasks: 580
Average no. of tuples in the results set of a window: 4435.17
Average processing time per WLQ task (us): 367540
****************WLQ worker 3****************
Received WLQ tasks: 546
Average no. of tuples in the results set of a window: 4552.33
Average processing time per WLQ task (us): 387621
****************WLQ worker 10****************
Received WLQ tasks: 392
Average no. of tuples in the results set of a window: 4503.94
Average processing time per WLQ task (us): 386436
****************WLQ worker 9****************
Received WLQ tasks: 576
Average no. of tuples in the results set of a window: 4730.92
Average processing time per WLQ task (us): 407322
****************WLQ worker 2****************
Received WLQ tasks: 472
Average no. of tuples in the results set of a window: 4593.31
Average processing time per WLQ task (us): 445975
****************WLQ worker 1****************
Received WLQ tasks: 472
Average no. of tuples in the results set of a window: 4594.52
Average processing time per WLQ task (us): 407639
****************WLQ worker 12****************
Received WLQ tasks: 505
Average no. of tuples in the results set of a window: 4596.05
Average processing time per WLQ task (us): 408881
****************WLQ worker 11****************
Received WLQ tasks: 499
Average no. of tuples in the results set of a window: 4867.55
Average processing time per WLQ task (us): 427474
****************WLQ worker 21****************
Received WLQ tasks: 471
Average no. of tuples in the results set of a window: 4664.33
Average processing time per WLQ task (us): 345881
****************WLQ worker 22****************
Received WLQ tasks: 485
Average no. of tuples in the results set of a window: 4796.92
Average processing time per WLQ task (us): 437771
****************WLQ worker 34****************
Received WLQ tasks: 538
Average no. of tuples in the results set of a window: 4997.23
Average processing time per WLQ task (us): 456661
****************WLQ worker 33****************
Received WLQ tasks: 567
Average no. of tuples in the results set of a window: 4860.86
Average processing time per WLQ task (us): 473645
****************WLQ worker 5****************
Received WLQ tasks: 438
Average no. of tuples in the results set of a window: 4609.5
Average processing time per WLQ task (us): 390545
****************WLQ worker 6****************
Received WLQ tasks: 573
Average no. of tuples in the results set of a window: 4750.61
Average processing time per WLQ task (us): 380196
****************WLQ worker 27****************
Received WLQ tasks: 414
Average no. of tuples in the results set of a window: 4579.49
Average processing time per WLQ task (us): 479546
****************WLQ worker 28****************
Received WLQ tasks: 454
Average no. of tuples in the results set of a window: 4749.92
Average processing time per WLQ task (us): 489836
****************WLQ worker 50****************
Received WLQ tasks: 1236
Average no. of tuples in the results set of a window: 4534.87
Average processing time per WLQ task (us): 420750
****************WLQ worker 49****************
Received WLQ tasks: 998
Average no. of tuples in the results set of a window: 4719.51
Average processing time per WLQ task (us): 458370
****************WLQ worker 0****************
Received WLQ tasks: 529
Average no. of tuples in the results set of a window: 4519.29
Average processing time per WLQ task (us): 342121
****************WLQ worker 17****************
Received WLQ tasks: 498
Average no. of tuples in the results set of a window: 4620.98
Average processing time per WLQ task (us): 430952
****************WLQ worker 18****************
Received WLQ tasks: 522
Average no. of tuples in the results set of a window: 4667.67
Average processing time per WLQ task (us): 442145
****************WLQ worker 31****************
Received WLQ tasks: 506
Average no. of tuples in the results set of a window: 4799.53
Average processing time per WLQ task (us): 495685
****************WLQ worker 32****************
Received WLQ tasks: 596
Average no. of tuples in the results set of a window: 4680.55
Average processing time per WLQ task (us): 434244
****************WLQ worker 14****************
Received WLQ tasks: 482
Average no. of tuples in the results set of a window: 5094.38
Average processing time per WLQ task (us): 466692
****************WLQ worker 13****************
Received WLQ tasks: 543
Average no. of tuples in the results set of a window: 4856.83
Average processing time per WLQ task (us): 457960
****************WLQ worker 29****************
Received WLQ tasks: 505
Average no. of tuples in the results set of a window: 4819.03
Average processing time per WLQ task (us): 417126
****************WLQ worker 30****************
Received WLQ tasks: 566
Average no. of tuples in the results set of a window: 4586
Average processing time per WLQ task (us): 392719
****************WLQ worker 16****************
Received WLQ tasks: 536
Average no. of tuples in the results set of a window: 4779.98
Average processing time per WLQ task (us): 429160
****************WLQ worker 15****************
Received WLQ tasks: 527
Average no. of tuples in the results set of a window: 4945.4
Average processing time per WLQ task (us): 435716
****************WLQ worker 54****************
Received WLQ tasks: 1142
Average no. of tuples in the results set of a window: 4515.68
Average processing time per WLQ task (us): 445103
****************WLQ worker 53****************
Received WLQ tasks: 1186
Average no. of tuples in the results set of a window: 4570.65
Average processing time per WLQ task (us): 448178
****************WLQ worker 24****************
Received WLQ tasks: 377
Average no. of tuples in the results set of a window: 4799.42
Average processing time per WLQ task (us): 458278
****************WLQ worker 23****************
Received WLQ tasks: 474
Average no. of tuples in the results set of a window: 4830.5
Average processing time per WLQ task (us): 485591
****************WLQ worker 20****************
Received WLQ tasks: 312
Average no. of tuples in the results set of a window: 4789.58
Average processing time per WLQ task (us): 469506
****************WLQ worker 19****************
Received WLQ tasks: 425
Average no. of tuples in the results set of a window: 4807.44
Average processing time per WLQ task (us): 480114
****************WLQ worker 38****************
Received WLQ tasks: 504
Average no. of tuples in the results set of a window: 4993.18
Average processing time per WLQ task (us): 550023
****************WLQ worker 37****************
Received WLQ tasks: 536
Average no. of tuples in the results set of a window: 4933.1
Average processing time per WLQ task (us): 493915
****************WLQ worker 25****************
Received WLQ tasks: 404
Average no. of tuples in the results set of a window: 4848.78
Average processing time per WLQ task (us): 425662
****************WLQ worker 26****************
Received WLQ tasks: 415
Average no. of tuples in the results set of a window: 4786.74
Average processing time per WLQ task (us): 473459
****************WLQ worker 56****************
Received WLQ tasks: 1187
Average no. of tuples in the results set of a window: 4443.99
Average processing time per WLQ task (us): 443978
****************WLQ worker 55****************
Received WLQ tasks: 1181
Average no. of tuples in the results set of a window: 4564.42
Average processing time per WLQ task (us): 436865
****************WLQ worker 51****************
Received WLQ tasks: 1222
Average no. of tuples in the results set of a window: 4525.31
Average processing time per WLQ task (us): 419300
****************WLQ worker 52****************
Received WLQ tasks: 1184
Average no. of tuples in the results set of a window: 4567.11
Average processing time per WLQ task (us): 440282
****************WLQ worker 57****************
Received WLQ tasks: 1224
Average no. of tuples in the results set of a window: 4510.37
Average processing time per WLQ task (us): 421290
****************WLQ worker 40****************
Received WLQ tasks: 528
Average no. of tuples in the results set of a window: 5082.09
Average processing time per WLQ task (us): 479075
****************WLQ worker 39****************
Received WLQ tasks: 556
Average no. of tuples in the results set of a window: 4932.57
Average processing time per WLQ task (us): 510344
****************WLQ worker 35****************
Received WLQ tasks: 362
Average no. of tuples in the results set of a window: 4774.2
Average processing time per WLQ task (us): 488613
****************WLQ worker 36****************
Received WLQ tasks: 441
Average no. of tuples in the results set of a window: 4879.92
Average processing time per WLQ task (us): 431495
****************WLQ worker 43****************
Received WLQ tasks: 584
Average no. of tuples in the results set of a window: 4762.27
Average processing time per WLQ task (us): 483781
****************WLQ worker 44****************
Received WLQ tasks: 689
Average no. of tuples in the results set of a window: 4925.25
Average processing time per WLQ task (us): 461793
****************WLQ worker 48****************
Received WLQ tasks: 990
Average no. of tuples in the results set of a window: 4727.51
Average processing time per WLQ task (us): 459630
****************WLQ worker 47****************
Received WLQ tasks: 989
Average no. of tuples in the results set of a window: 4749.22
Average processing time per WLQ task (us): 426969
****************WLQ worker 58****************
Received WLQ tasks: 1244
Average no. of tuples in the results set of a window: 4530.59
Average processing time per WLQ task (us): 438384
****************WLQ worker 45****************
Received WLQ tasks: 793
Average no. of tuples in the results set of a window: 4962.63
Average processing time per WLQ task (us): 460980
****************WLQ worker 42****************
Received WLQ tasks: 570
Average no. of tuples in the results set of a window: 5075.8
Average processing time per WLQ task (us): 498611
****************WLQ worker 41****************
Received WLQ tasks: 471
Average no. of tuples in the results set of a window: 4979.13
Average processing time per WLQ task (us): 545889
****************WLQ worker 8****************
Received WLQ tasks: 580
Average no. of tuples in the results set of a window: 4603.36
Average processing time per WLQ task (us): 376520
