#second results avg_latency(ms)
0 0 0
1 0 0
2 1 2789.26
3 0 0
4 0 0
5 1 5291.17
6 1 6132.57
7 2 7254.93
8 1 8500.37
9 0 0
10 2 9948.65
11 2 10166.8
12 0 0
13 1 11702.1
14 2 12818.4
15 1 12893.1
16 4 13941
17 0 0
18 5 14897.8
19 2 15529.2
20 1 16167.1
21 1 16834.1
22 21 15308
23 2 14388.2
24 33 12087.1
25 10 8503.7
26 4 8077.95
27 24 6219.33
28 4 4092.99
29 3 4661.41
30 14 4271.45
31 1 3705.79
32 2 4178.25
33 10 3755.03
34 1 4340.73
35 1 4807.18
36 5 5480.1
37 3 5015.97
38 2 5800.35
39 1 6488.98
40 3 7082.82
41 8 6980.39
42 11 6192.28
43 2 5806.58
44 1 6645.95
45 6 6738.51
46 3 7245.51
47 7 6866.13
48 3 6926.53
49 8 6518.47
50 1 6830.65
51 2 7676.87
52 1 8179.47
53 7 8262.16
54 1 8338.6
55 21 7979.62
56 5 6309.81
57 7 5604.59
58 7 5734.02
59 6 5068.86
60 8 4484.82
61 6 3936.71
62 2 4511.81
63 5 4900.38
64 4 5146.38
65 2 5111.56
66 2 5988.27
67 0 0
68 9 7030.13
69 3 6808.85
70 3 7294.78
71 13 6539.49
72 4 5672.03
73 9 5516.12
74 1 4927.17
75 6 5960.01
76 7 5361.22
77 8 5302.46
78 1 4665.01
79 3 5803.71
80 0 0
81 8 6080.46
82 10 5557.03
83 1 5635.43
84 2 6164.76
85 11 5846.63
86 3 5727.45
87 4 5628.89
88 3 6286.18
89 2 6645.94
90 8 6782.32
91 2 6406.21
92 9 6307.34
93 8 6026.54
94 0 0
95 3 6796.37
96 8 7086.49
97 2 6635.97
98 3 7196.8
99 9 6760.28
100 21 4687.64
101 7 3288.92
102 5 2855.54
103 0 0
104 3 4152.25
105 2 4583.35
106 7 4645.99
107 2 4968.05
108 1 5452.17
109 16 4562.23
110 0 0
111 1 5269.95
112 2 5703.23
113 3 6499.08
114 6 6450.22
115 5 6476.31
116 2 6814.74
117 6 7243.53
118 2 6984.54
119 9 7450.05
120 10 5983.11
121 10 5253.42
122 1 5071.57
123 10 5154.1
124 1 4878.17
125 3 5583.85
126 8 5245.33
127 3 4953.1
128 6 5116.91
129 1 5545.04
130 2 6147.42
131 12 6059.34
132 8 5113.26
133 1 5157.46
134 2 5756.93
135 1 6494.41
136 3 6984.89
137 16 6256.01
138 1 5260.13
139 8 5224.83
140 1 5967.48
141 2 6428.21
142 16 5610.3
143 1 4863.02
144 1 5400.74
145 1 6154.26
146 9 6168.45
147 2 6773.97
148 10 6063.36
149 11 4709.15
150 1 4857.4
151 2 5394.37
152 1 6299.16
153 4 6623.92
154 1 7144.49
155 0 0
156 2 8617.32
157 1 9865.97
158 3 10230.3
159 18 9527.04
160 13 7290.14
161 3 6733.65
162 7 6372.55
163 5 6210.95
164 2 6780.53
165 0 0
166 14 6659.75
167 1 6472.04
168 7 6945.44
169 7 5990.39
170 0 0
171 1 7038
172 12 7302.91
173 1 6676.56
174 20 5340.33
175 3 4319.23
176 0 0
177 1 6186.99
178 1 6764.26
179 2 7214.68
180 6 7956.73
181 13 6652.12
182 2 6262.01
183 9 6308.06
184 4 5960.05
185 1 6357.32
186 9 6228.69
187 1 5990.31
188 11 5944.71
189 3 5836.36
190 8 5662.24
191 1 5565.59
192 2 6648.08
193 5 6794.61
194 1 6710.03
195 2 7980.28
196 0 0
197 17 7680.48
198 2 7434.16
199 2 7846.61
200 1 8676.67
201 1 9482.82
202 16 8760.44
203 6 6864.31
204 12 6679.89
205 4 6119.18
206 3 6009.35
207 1 7284.15
208 3 7395.92
209 9 6938.02
210 2 7368.68
211 8 7388.12
212 1 7662.23
213 1 8379.87
214 10 8087.62
215 4 7575.53
216 8 7573.2
217 11 6262.7
218 1 6633.05
219 9 6138.62
220 2 6194
221 2 6823.62
222 7 6747.31
223 0 0
224 11 6841.38
225 7 6409.07
226 1 5965.1
227 1 7087.37
228 1 7698.69
229 1 8629.04
230 0 0
231 21 8173.47
232 10 6849.51
233 1 6564.35
234 12 6178.47
235 6 5440.15
236 1 5233.52
237 4 6034.66
238 1 6990.73
239 5 6683.66
240 11 6578.64
241 2 5898.56
242 9 5941.46
243 1 6242.34
244 1 6704.03
245 1 7496.5
246 7 8089.85
247 16 6873.28
248 8 4980.2
249 2 5273.15
250 3 5444.86
251 5 5746.77
252 2 6259.13
253 8 5731.94
254 1 5755.81
255 2 6592.88
256 10 6622.61
257 9 5925.97
258 1 6087.37
259 1 7002.54
260 1 7567.71
261 2 8253.27
262 10 7811.8
263 11 6837.27
264 1 6961.94
265 3 7227.78
266 6 7242.56
267 1 7977.47
268 0 0
269 21 7824.68
270 2 5883.05
271 2 7103.52
272 1 7777.13
273 7 7864.8
274 1 7804.57
275 9 8039.8
276 1 8093.36
277 1 9065.92
278 0 0
279 9 9147.56
280 0 0
281 1 10358.7
282 11 10585.8
283 11 9432.09
284 1 9309.77
285 10 8437.14
286 11 7590.87
287 1 7719.17
288 17 6348.79
289 1 5951.66
290 2 6849.66
291 7 6677.1
292 3 6776.81
293 9 6873.25
294 2 6524.4
295 9 6703.6
296 2 6185.14
297 17 5435.72
298 2 4638.44
299 2 5227.9
300 1 6128.2
301 17 4889.85
302 2 3872.51
303 6 4453.03
304 0 0
305 0 0
306 0 0
307 1 7487.67
308 1 8428.91
309 2 9099.65
310 1 9607.31
311 15 9317.89
312 3 8347.24
313 7 8257.71
314 29 5981.86
315 4 3400.01
316 0 0
317 2 5038.67
318 2 5528.94
319 2 5830.58
320 13 5390.77
321 6 4548.82
322 6 4415.86
323 2 4367.53
324 5 5195.08
325 4 4770.11
326 2 5367.38
327 8 5545.08
328 2 5609.14
329 2 6088.93
330 8 6324.67
331 1 6164.55
332 2 6645.08
333 8 6676.91
334 1 7218.36
335 1 7393.3
336 13 7301.99
337 3 6627.74
338 6 6752.26
339 1 7403.73
340 18 6390.75
341 4 5050.66
342 6 4971.26
343 1 5154.37
344 7 5610.19
345 4 5357.19
346 2 6091.37
347 5 5992.88
348 6 5863.2
349 1 6594
350 9 6483.28
351 1 6240.49
352 10 6116.95
353 2 6009.12
354 3 6548.89
355 10 6083.61
356 6 5383.59
357 2 6015.22
358 3 6339.56
359 6 6235.58
360 1 6326.48
361 9 6944.85
362 2 6765.27
363 3 7411.38
364 6 7098.47
365 1 8017.87
366 7 8072.74
367 6 7202.66
368 3 7661.27
369 9 7147.57
370 8 6651.07
371 2 6544.73
372 8 6563.7
373 2 6497.38
374 9 6984.89
375 2 6591.38
376 8 6722.14
377 2 6381.53
378 5 6941.3
379 5 6664.59
380 2 6749.18
381 0 0
382 11 7377.11
383 9 6592.1
384 1 7007.86
385 9 6833
386 3 6441.79
387 8 6388.18
388 2 6632.15
389 1 7027.08
390 9 7061.41
391 1 7287.55
392 11 6805.28
393 0 0
394 11 6500.7
395 9 5756.91
396 9 5308.59
397 1 4881.22
398 4 5434.83
399 9 4932.72
400 7 4455.46
401 3 4835.77
402 7 4400.95
403 3 4474.84
404 4 5098.53
405 5 4627.45
406 2 5422.25
407 1 5889.14
408 8 5902.69
409 2 6230.14
410 5 6559.27
411 6 6091.62
412 9 6123.92
413 2 5813.16
414 3 6360.36
415 9 5946.31
416 9 5023.15
417 9 4605.82
418 1 4574.58
419 1 4928.66
420 2 5526.7
421 8 5492.56
422 2 5924.73
423 2 6472.89
424 7 6411.44
425 3 6669.22
426 1 7642.66
427 3 7736.6
428 6 7730.03
429 1 7805.2
430 9 8074.78
431 1 8297.36
432 1 8865.36
433 8 8849.96
434 2 9185.52
435 4 9271.06
436 8 8920.16
437 1 9180.38
438 0 0
439 30 8493.46
440 1 6107.87
441 11 5742.49
442 8 5162.55
443 9 4647.11
444 2 4495.03
445 9 4101.2
446 3 4166.45
447 7 3986.16
448 2 3999.58
449 3 4673.67
450 7 4622.61
451 2 4779.3
452 1 5475.27
453 9 5287.24
454 3 5114.18
455 2 6149.74
456 7 5710.38
457 2 5477.79
458 9 5965.51
459 2 5922.66
460 0 0
461 9 6737.89
462 9 5930.96
463 2 5612.12
464 4 6193.7
465 9 5578.23
466 7 5249.89
467 2 5315.02
468 9 5416.98
469 1 5034.84
470 10 5280.55
471 2 5000.4
472 2 5563.12
473 7 5810.65
474 1 6107.63
475 2 6665.15
476 8 6935.83
477 2 6732.71
478 1 7475
479 9 7022.67
480 3 7037.14
481 7 6974.76
482 9 6654.46
483 1 6509.1
484 1 7168.64
485 9 7513.34
486 2 7204.43
487 2 7860.4
488 9 7517.85
489 2 7370.79
490 9 7483.86
491 3 7157.31
492 8 7282.5
493 1 6832.52
494 9 7085.33
495 6 6710.95
496 4 6501.93
497 2 6784.14
498 9 6733.55
499 2 6607.99
500 11 6450.41
501 3 6663.3
502 8 6071.78
503 1 6082.96
504 9 5843.53
505 6 6021.08
506 6 5371.47
507 2 5869.63
508 6 6022.19
509 2 6099.82
510 2 6589.86
511 10 6216.46
512 8 5961.87
513 3 5456.97
514 5 5741.35
515 4 5527.91
516 2 6389.47
517 0 0
518 10 6905.84
519 11 6031.84
520 3 5720.12
521 7 5593.23
522 1 5622.23
523 11 5709.22
524 1 5561.67
525 3 6010.3
526 7 5786.46
527 3 6108.01
528 3 6502.51
529 5 6398.22
530 11 5895.46
531 2 5971.26
532 8 5663.09
533 1 5616.56
534 12 5439.95
535 10 4304.8
536 7 3575.91
537 1 3899.54
538 3 4352.7
539 9 4313.88
540 7 3573.22
541 2 3530.56
542 3 4201.48
543 8 4047.89
544 2 4290.71
545 5 4695.27
546 0 0
547 0 0
548 2 6764.65
549 2 7567.78
550 2 8065.89
551 10 7700.36
552 1 7874.04
553 10 7474.28
554 11 6326.36
555 8 5227.28
556 5 5064.78
557 6 5176.35
558 2 5487.45
559 8 5701.38
560 1 5437.67
561 7 5776.95
562 4 5365.51
563 2 5528.29
564 8 5889.04
565 1 6172.45
566 2 6703.15
567 9 6444.81
568 3 6413.64
569 7 6759.73
570 2 6655.37
571 5 7219.73
572 6 6525.76
573 9 6254.39
574 2 5798.49
575 9 5864.01
576 1 6371.03
577 9 5965.54
578 3 6085.28
579 7 5854.53
580 2 5765.02
581 1 6409.55
582 3 7429.97
583 9 7138.8
584 0 0
585 2 7916.37
586 18 6719.48
587 2 5874.99
588 3 6263.97
589 10 6349.8
590 2 5970.32
591 6 6198.81
592 16 4678.06
593 0 0
594 0 0
595 2 6111.02
596 3 6765.13
597 2 7212.19
598 4 7520.84
599 4 7629.15
600 10 7242.26
601 2 7202.75
602 14 6448.84
603 7 5207.16
604 8 4819.75
605 9 4468.63
606 2 4006.16
607 8 4053.89
608 1 4062.63
609 3 4834.48
610 9 4649.21
611 8 3903.71
612 4 3911.49
613 6 3736.41
614 1 4352.38
615 2 4952.42
616 9 4838.09
617 2 4546.65
618 3 4974.41
619 1 5608.32
620 6 5523.45
621 11 5077.37
622 4 4806.61
623 12 4256.76
624 6 3155.94
625 4 2903.4
626 0 0
627 0 0
628 2 5603.75
629 5 5838.13
630 4 6377.24
631 5 6033.56
632 6 5752.11
633 3 6543.48
634 13 5233.38
635 4 5052.89
636 8 4417.41
637 1 4775.58
638 1 5621.76
639 2 6296.26
640 22 5131.17
641 5 3050.16
642 3 3498.81
643 7 3336.16
644 8 3114.86
645 0 0
646 3 3812.5
647 7 3783.85
648 6 3548.05
649 4 3350.37
650 7 3406.64
651 0 0
652 0 0
653 2 5578.4
654 1 6072.09
655 2 6736.78
656 2 7446.53
657 6 7315.4
658 2 7852.36
659 0 0
660 16 7744.64
661 19 5161.55
662 2 4520.69
663 9 4745.65
664 1 4410.22
665 9 4513.71
666 2 4412.4
667 7 4718.86
668 3 4470.31
669 3 4773.8
670 4 5085.35
671 2 5637.58
672 2 6311.84
673 3 6699.72
674 6 6329.84
675 1 6759.26
676 2 7265.73
677 10 7244.39
678 2 7365.38
679 9 7073.43
680 17 5474.21
681 2 4801.04
682 4 5597.75
683 5 4848.2
684 3 5213.69
685 2 5908.42
686 2 6577.13
687 4 6913.83
688 13 6085.77
689 2 5910.94
690 7 5683.75
691 9 5167.83
692 2 5099.7
693 13 4782.01
694 4 3769.28
695 3 4299.6
696 2 4715.88
697 3 4892.37
698 1 5985.3
699 4 6390.94
700 2 6636.2
701 23 5137.57
702 2 3638.45
703 3 3971.08
704 4 4126.14
705 1 5180.49
706 1 5642.94
707 4 6213.45
708 20 5032.03
709 1 3714.11
710 6 3938.38
711 4 3987.04
712 12 3338.99
713 0 0
714 0 0
715 1 5561.28
716 2 6004.67
717 5 5979.07
718 8 5938.73
719 2 5558.03
720 1 6226.71
721 6 6860.82
722 10 6523.35
