#control_step plq_rho plq_splitting wlq_rho nw_plq nw_wlq [watts]
0 9.9851 1 0 1 0
1 7.17276 1 0 2 0
2 6.12818 1 0 3 0
3 3.3859 1 0 5 0
4 3.18838 1 0 8 0
5 2.68514 1 0 12 0
6 2.99811 1 0 18 0
7 2.62716 1 0 27 0
8 2.20824 1 0 41 0
9 2.02634 1 0 60 0
10 2.23978 1 0 60 0
11 1.88102 1 0 60 0
12 2.42711 1 0 60 0
13 2.18801 1 0 60 0
14 2.11192 1 0 60 0
15 1.94734 1 0 60 0
16 1.91449 1 0 60 0
17 1.99497 1 0 60 0
18 2.01798 1 0 60 0
19 1.95457 1 0 60 0
20 2.16111 1 0 60 0
21 1.89478 1 0 60 0
22 2.17284 1 0 60 0
23 2.02078 1 0 60 0
24 2.58721 1 0 60 0
25 2.01602 1 0 60 0
26 2.23742 1 0 60 0
27 2.13775 1 0 60 0
28 2.25935 1 0 60 0
29 2.21987 1 0 60 0
30 2.39552 1 0 60 0
31 2.28119 1 0 60 0
32 1.86784 1 0 60 0
33 2.19524 1 0 60 0
34 1.95566 1 0 60 0
35 2.08789 1 0 60 0
36 2.08931 1 0 60 0
37 2.54686 1 0 60 0
38 1.94497 1 0 60 0
39 1.88688 1 0 60 0
40 2.30235 1 0 60 0
41 2.20536 1 0 60 0
42 3.80961 1 0 60 0
43 1.94055 1 0 60 0
44 2.3257 1 0 60 0
45 1.91121 1 0 60 0
46 2.09483 1 0 60 0
47 2.28261 1 0 60 0
48 2.00821 1 0 60 0
49 2.57513 1 0 60 0
50 1.98746 1 0 60 0
51 2.58444 1 0 60 0
52 1.97711 1 0 60 0
53 1.8732 1 0 60 0
54 2.24196 1 0 60 0
55 1.86784 1 0 60 0
56 2.7937 1 0 60 0
57 2.22584 1 0 60 0
58 2.13338 1 0 60 0
