#control_step plq_rho plq_splitting wlq_rho nw_plq nw_wlq wlq_idle wlq_win_tasks wlq_merge_tasks [watts]
0 0.150123 1 1.1069 1 1 0.474221 20 0 175.579
1 0.103254 1 1.09275 1 2 0.0307538 72 0 95.3964
2 0.108657 1 0.74374 1 2 0.287712 70 0 95.4449
3 0.127739 1 0.792943 1 2 0.182525 63 0 95.4807
4 0.123214 1 0.834332 1 2 0.230127 62 0 95.4292
5 0.119524 1 0.791703 1 2 0.183206 63 0 95.3717
6 0.383674 1 1.41248 1 2 0.0877852 44 0 95.6872
7 0.174701 1 1.26414 1 3 0.0328636 63 0 96.2104
8 0.0721738 1 0.388636 1 4 0.599017 83 0 96.5243
9 0.0736902 1 0.545666 1 2 0.456715 60 0 95.1826
10 0.0737692 1 1.16509 1 1 0.032083 55 0 94.6828
11 0.0728225 1 0.590605 1 2 0.404202 70 0 95.3065
12 0.0864604 1 0.66526 1 2 0.376071 63 0 95.2972
13 0.171625 1 0.796664 1 2 0.280632 56 0 95.4496
14 0.345153 1 1.36249 1 2 0.0224498 51 0 95.6025
15 0.408345 1 1.57022 1 3 0.0393719 50 0 96.4601
16 0.268938 1 0.884899 1 5 0.117027 95 0 97.694
17 0.476893 1 0.706804 1 5 0.28765 60 0 97.5388
18 0.299643 1 0.77186 1 4 0.239199 65 0 97.1028
19 0.293344 1 0.926887 1 3 0.151039 57 0 96.1841
20 0.197559 1 0.849661 1 3 0.113995 68 0 96.0089
21 0.107003 1 0.515321 1 3 0.530896 63 0 95.7139
22 0.0867263 1 0.700987 1 2 0.311504 61 0 95.1847
23 0.0726273 1 0.575985 1 2 0.452465 63 0 95.024
24 0.120977 1 0.794861 1 2 0.243843 60 0 95.2746
25 0.207637 1 1.17916 1 2 0.0637371 54 0 95.3006
26 0.165496 1 0.846091 1 3 0.131522 74 0 96.1599
27 0.0926068 1 0.437317 1 3 0.571552 60 0 95.9107
28 0.0942896 1 0.710829 1 2 0.323293 64 0 95.201
29 0.0771375 1 0.647329 1 2 0.384703 63 0 95.0232
30 0.101426 1 0.632438 1 2 0.388391 61 0 95.1812
31 0.366472 1 1.21165 1 2 0.18742 45 0 95.4406
32 0.344357 1 1.72196 1 3 0.0576495 46 0 96.4307
33 0.239309 1 0.87527 1 5 0.139473 100 1 97.4635
34 0.138213 1 0.335028 1 5 0.662642 60 0 96.981
35 0.115385 1 0.517592 1 3 0.53387 63 0 95.8073
36 0.171719 1 0.922073 1 2 0.16825 56 0 95.4524
37 0.185102 1 1.23858 1 2 0.00572221 57 0 95.4312
38 0.218631 1 0.853005 1 3 0.182004 72 0 96.3741
39 0.308757 1 0.928786 1 3 0.127244 63 0 96.4059
40 0.535867 1 1.29466 1 3 0.051145 47 0 96.5339
41 1.21814 1 1.02261 1 4 0.125053 46 0 97.2299
42 0.517046 1.5 2.47799 2 5 0.0646448 49 0 98.6482
43 0.548639 1.15385 1.37691 1 8 0.0235848 111 0 99.8286
44 0.842173 1 0.545418 1 12 0.440737 91 0 101.924
45 1.85841 1 0.685496 1 7 0.419664 39 0 99.2828
46 3.11178 1.83333 0.451396 2 7 0.500613 31 0 99.4759
47 3.42849 2.38462 0.62441 3 5 0.539557 27 0 99.1619
48 1.88902 2.66667 7.45413 5 5 0.0111446 17 0 100.703
49 1.34907 3.46154 10.0904 6 8 0.104309 28 0 103.698
50 0.388484 5.08333 14.0279 8 12 0.110301 59 0 107.215
51 0.147994 4.23077 15.336 4 18 0.122458 71 0 109.39
52 0.354516 2.33333 8.07216 2 27 0.11461 142 0 114.776
53 0.905668 1.23077 2.82692 1 41 0.0692829 381 0 125.645
54 1.46113 1 1.02604 1 58 0.0474361 678 48 140.251
55 2.26672 1 0.324222 1 58 0.677605 58 0 132.801
56 2.61984 1 0.289504 1 44 0.889219 26 0 121.419
57 3.5096 1.23077 0.115553 2 33 0.915146 40 0 114.803
58 3.3004 1.5 0.29259 3 25 0.758477 45 0 111.554
59 1.26686 2.38462 0.845585 5 19 0.326423 96 14 110.833
60 0.787907 3.75 2.68557 7 21 0.0911981 108 3 113.954
61 0.649455 3.23077 2.2373 6 32 0.0993001 207 0 121.445
62 0.801682 3.08333 1.7129 4 48 0.0641546 300 1 133.736
63 1.49992 2.30769 0.823288 2 57 0.17014 171 134 138.684
64 0.827158 2 0.534974 2 56 0.601684 75 46 133.273
65 0.87897 2 0.628501 2 31 0.467634 79 49 117.004
66 0.733625 2 0.770079 2 20 0.347728 67 51 109.219
67 0.291121 2 1.22048 2 16 0.0744198 131 37 106.595
68 0.343107 1.25 0.413721 1 22 0.577451 108 13 107.655
69 0.336294 1 0.319933 1 11 0.704205 65 0 101.083
70 0.241396 1 0.421112 1 6 0.586235 60 0 98.0978
71 0.106457 1 0.5758 1 3 0.490754 63 0 96.1583
72 0.0711608 1 0.573781 1 2 0.415136 62 0 95.4016
73 0.0705336 1 0.549719 1 2 0.485976 63 0 95.4283
74 0.0916292 1 1.26279 1 1 0.0431556 47 0 94.9579
75 0.101927 1 0.888213 1 2 0.156373 77 0 95.6093
76 0.106136 1 0.675029 1 2 0.304172 63 0 95.5211
77 0.133902 1 0.817124 1 2 0.245899 62 0 95.5966
78 0.151252 1 0.897755 1 2 0.116516 62 0 95.6182
79 0.221733 1 1.14351 1 2 0.0644528 54 0 95.6917
80 0.499491 1 1.06623 1 3 0.0674699 64 0 96.5431
81 0.829395 1 1.38982 1 4 0.0197336 49 0 97.2987
82 1.01649 1 0.979427 1 6 0.0992642 61 0 98.5915
83 0.833597 1 0.742178 1 7 0.284488 52 0 98.9094
84 1.01967 1 0.801914 1 6 0.218593 51 0 98.6117
85 0.99085 1 0.868564 1 6 0.143486 45 0 98.5685
86 0.954926 1 0.830758 1 6 0.197065 44 0 98.5234
87 0.957507 1 0.798564 1 6 0.236174 45 0 98.4729
88 1.05678 1 1.1217 1 5 0.0342996 45 0 98.2849
89 1.48998 1 0.917778 1 6 0.0667037 56 0 98.6317
90 4.22422 1.30769 0.701162 2 8 0.384732 62 0 100.389
91 2.95946 1.41667 0.550432 3 8 0.446936 48 0 100.865
92 0.504396 2.15385 3.40002 5 7 0.172102 47 0 102.436
93 0.553256 2.41667 4.96756 3 10 0.104516 46 0 103.079
94 0.366375 1.23077 5.11032 2 15 0.083912 83 0 105.894
95 0.420566 1.25 1.89679 1 23 0.0666005 235 0 110.761
96 0.219094 1 0.538529 1 35 0.44736 268 11 117.112
97 0.376873 1 0.161807 1 19 0.848462 60 0 105.598
98 0.324453 1 0.36748 1 10 0.655393 65 0 100.399
99 0.226219 1 0.483083 1 5 0.5527 60 0 97.4201
100 0.186853 1 0.823412 1 3 0.244519 63 0 96.1003
101 0.074979 1 0.426545 1 3 0.563358 62 0 95.7983
102 0.0709614 1 0.565028 1 2 0.48155 62 0 95.2993
103 0.074471 1 0.609759 1 2 0.402817 62 0 95.3184
104 0.145668 1 0.744621 1 2 0.324246 60 0 95.51
105 0.217687 1 1.14267 1 2 0.0132843 57 0 95.674
106 0.293745 1 1.05675 1 3 0.0440144 68 0 96.3675
107 0.408059 1 0.945388 1 4 0.084027 65 0 96.9735
108 0.773869 1 1.21347 1 4 0.048256 48 0 97.1508
109 0.807286 1 0.934141 1 6 0.128278 65 1 98.4962
110 1.2296 1 0.790705 1 6 0.209935 47 0 98.4444
111 1.22112 1.66667 1.04999 2 6 0.201026 47 0 99.0379
112 0.691585 2.92308 3.92806 3 8 0.0244402 70 0 101.225
113 0.812286 2.25 2.96272 2 12 0.049484 113 0 103.716
114 3.56052 2 1.51148 2 18 0.0794941 165 0 108.217
115 3.9454 2.66667 0.812821 3 27 0.246197 74 54 114.642
116 4.3807 3.23077 0.470916 4 31 0.682161 35 11 116.225
117 2.51545 2.83333 0.921089 6 23 0.505078 56 20 114.942
118 0.53192 3.30769 1.49039 9 29 0.150691 173 22 121.226
119 0.999649 3.16667 1.24178 5 43 0.115999 229 38 130.616
120 0.383362 3 1.68159 5 54 0.153958 263 35 140.056
121 1.37239 1.83333 0.871992 2 57 0.14661 252 72 140.07
122 0.575466 2 0.632214 2 57 0.448609 64 34 135.02
123 0.150874 1.91667 0.633412 2 38 0.44061 186 67 123.35
124 0.176749 1.15385 0.328717 1 25 0.762075 73 2 109.583
125 0.106175 1 0.106629 1 13 0.891482 60 0 101.686
126 0.142608 1 0.243167 1 7 0.768694 65 0 98.296
127 0.117182 1 0.389121 1 4 0.597651 60 0 96.5292
128 0.119443 1 0.716546 1 2 0.339924 62 0 95.4815
129 0.123313 1 0.786136 1 2 0.189206 63 0 95.5088
130 0.168501 1 0.856192 1 2 0.209803 62 0 95.532
131 0.364887 1 1.53659 1 2 0 41 0 95.7447
132 0.414734 1 1.52941 1 3 0.0516001 55 0 96.4212
133 0.976345 1 1.02449 1 5 0.0728559 72 0 97.7874
134 0.827928 1 0.813317 1 6 0.196499 45 0 98.4973
135 0.373276 1 1.47332 1 5 0.0136517 67 0 98.1823
136 0.366769 1 0.674869 1 8 0.335612 96 2 99.3534
137 0.36955 1 0.562115 1 6 0.44934 60 0 98.2914
138 1.92315 1 0.919326 1 3 0.294964 26 0 96.6148
139 1.30683 1.5 1.43658 2 4 0.13617 37 0 98.2879
140 0.79261 2.46154 7.27897 3 6 0.0825572 34 0 99.8157
141 0.336059 2.75 4.11848 3 9 0.0489556 92 0 101.782
142 0.454261 1.15385 2.35407 2 14 0.0329548 156 0 104.888
143 0.855741 1.16667 1.16433 1 21 0.0405618 235 0 109.562
144 2.16177 1 0.309355 1 28 0.66822 56 9 111.989
145 2.64528 1.66667 0.246311 2 21 0.812203 40 0 107.769
146 2.15597 2.15385 0.481001 3 16 0.643354 44 0 105.897
147 0.536861 2.58333 2.50171 5 12 0.150462 80 6 105.984
148 0.454846 2.23077 3.36093 3 18 0.0740064 122 0 108.792
149 0.539022 2.16667 1.5729 2 27 0.0322636 270 0 114.525
150 2.22081 1.23077 0.533152 1 41 0.486667 109 84 121.699
151 2.26123 1.66667 0.216968 2 32 0.863255 40 0 114.684
152 2.0634 2.30769 0.391423 3 24 0.707278 61 6 110.901
153 1.08457 2.83333 1.44728 5 18 0.160888 129 3 110.01
154 0.311414 5.23077 3.2527 6 27 0.0866426 169 0 117.257
155 0.271759 3.46154 1.17865 3 41 0.0547538 415 102 126.981
156 1.43158 2.25 0.507908 2 55 0.543195 90 87 132.993
157 0.790071 2.76923 0.498948 3 42 0.654504 117 101 125.032
158 0.245393 3 0.898897 3 21 0.103317 115 81 111.35
159 0.470647 2.15385 0.599103 2 21 0.459084 89 50 108.743
160 0.738616 1.16667 0.438834 1 13 0.603014 66 4 102.978
161 0.93577 1 0.704769 1 7 0.334065 50 0 98.9234
162 0.584656 1 1.00267 1 6 0.101101 65 0 98.562
163 0.178985 1 0.550974 1 7 0.44031 80 0 98.657
164 0.262402 1 0.477975 1 4 0.555165 58 0 96.7499
165 0.37358 1 1.71795 1 2 0 39 0 95.8783
166 0.399746 1 1.49277 1 3 0.0675426 56 0 96.433
167 0.633121 1 1.26033 1 5 0.0524161 75 0 97.7252
168 0.457793 1 0.735573 1 7 0.25792 81 1 98.7702
