#control_step plq_rho plq_splitting wlq_rho nw_plq nw_wlq wlq_idle wlq_win_tasks wlq_merge_tasks [watts]
0 0.182383 1 1.55358 1 1 0.37857 17 0 177.068
1 0.120056 1 2.01083 1 2 0.0175007 44 0 95.4367
2 0.129683 1 1.04174 1 3 0.0588176 95 0 96.1518
3 0.151961 1 0.667613 1 4 0.356856 73 0 96.8776
4 0.146474 1 0.741519 1 3 0.250007 61 0 96.3186
5 0.14203 1 0.787441 1 3 0.249021 63 0 96.3516
6 0.461699 1 1.2806 1 3 0.0911987 44 0 96.6711
7 0.200355 1 1.45668 1 4 0.0358431 56 0 97.3001
8 0.0859896 1 0.411581 1 6 0.576624 87 0 97.6809
9 0.086926 1 0.570271 1 3 0.482371 63 0 96.1026
10 0.088033 1 0.755802 1 2 0.258936 61 0 95.3137
11 0.0864457 1 0.818429 1 2 0.219086 63 0 95.3351
12 0.103049 1 0.932848 1 2 0.081989 62 0 95.3882
13 0.207562 1 1.13583 1 2 0.156782 49 0 95.5372
14 0.417105 1 1.4128 1 3 0.0462065 53 0 96.6854
15 0.480621 1 1.43754 1 5 0.0330818 62 0 98.1949
16 0.326153 1 0.740994 1 8 0.247223 84 3 99.6138
17 0.565652 1 0.906792 1 6 0.208355 62 0 98.6561
18 0.353519 1 0.732935 1 6 0.238987 63 0 98.3321
19 0.350031 1 0.838772 1 5 0.229873 63 0 97.9254
20 0.229552 1 0.684033 1 5 0.270385 62 0 97.6376
21 0.127664 1 0.537988 1 4 0.491575 65 0 96.7162
22 0.101612 1 0.987717 1 2 0.0789017 56 0 95.6287
23 0.087068 1 0.865899 1 2 0.171795 66 0 95.3374
24 0.144224 1 1.18866 1 2 0.0191071 52 0 95.5117
25 0.251162 1 1.17957 1 3 0.0541238 62 0 96.4497
26 0.191844 1 0.907232 1 4 0.0595825 74 0 96.984
27 0.10993 1 0.503916 1 4 0.53925 64 0 96.4838
28 0.111982 1 0.949714 1 2 0.0662186 60 0 95.4431
29 0.0921334 1 0.925603 1 2 0.116472 63 0 95.3954
30 0.121519 1 0.924481 1 2 0.090224 62 0 95.3694
31 0.443546 1 1.6238 1 2 0.0415084 39 0 95.7363
32 0.407044 1 2.69155 1 3 0.104568 30 0 96.5268
33 0.281764 1 1.63738 1 5 0.0214688 75 0 98.0395
34 0.162804 1 0.640167 1 8 0.339101 106 1 99.2098
35 0.137493 1 0.451217 1 5 0.596208 65 0 97.2388
36 0.207439 1 0.869664 1 3 0.176137 57 0 96.4117
37 0.218539 1 1.13947 1 3 0.0114557 59 0 96.4849
38 0.262134 1 0.868936 1 4 0.136782 69 0 97.2749
39 0.372677 1 0.963756 1 4 0.115285 61 0 97.36
40 0.654637 1 1.40964 1 4 0.00912063 45 0 97.5455
41 1.40734 1 0.889806 1 6 0.122962 49 0 98.7965
42 0.754048 1.25 1.57464 2 7 0.120025 51 0 100.082
43 0.224825 2 1.82809 2 11 0.0452099 103 0 103.319
44 0.99144 1.16667 0.653105 1 17 0.326359 129 12 106.033
45 2.29963 1 0.543871 1 13 0.596266 34 1 102.866
46 3.65713 1.66667 0.532676 2 10 0.443393 35 0 102.134
47 4.20277 2.23077 0.496624 3 8 0.672744 23 0 101.299
48 2.30215 2.69231 3.07192 5 6 0.096074 22 0 102.242
49 1.94807 2.66667 6.47227 6 9 0.228358 22 0 105.131
50 0.678743 2.61538 12.5575 8 14 0.172798 39 0 110.645
51 0.246406 4.16667 10.3592 6 21 0.114822 84 0 114.01
52 0.368655 2.83333 7.54398 3 32 0.156474 126 0 121.567
53 0.335897 2.23077 4.02337 2 48 0.1063 248 0 134.707
54 1.80022 1.16667 1.97119 1 58 0.052342 401 0 143.672
55 2.72559 1 0.863638 1 58 0.0887448 340 82 142.12
56 3.05648 1 0.616615 1 57 0.794174 27 0 132.195
57 4.10185 1.25 0.165052 2 51 0.9028 31 0 127.824
58 3.84311 1.53846 0.211372 3 38 0.854614 35 0 120.114
59 1.48093 2.41667 0.68548 5 29 0.489569 77 15 118.344
60 0.745436 3.76923 2.3256 8 28 0.157002 126 9 121.765
61 0.734073 3.41667 1.90368 6 42 0.124082 217 11 133.219
62 1.99154 2.76923 1.0623 4 55 0.128705 179 108 142.514
63 0.762506 3.5 1.01813 4 55 0.147828 126 84 142.47
64 0.719478 3.23077 0.897623 3 56 0.26877 115 107 140.449
65 0.592129 3 0.957251 3 56 0.193049 161 192 141.874
66 0.793403 2.23077 0.743759 2 57 0.279019 87 86 138.482
67 0.296175 2 0.581219 2 46 0.468078 103 57 128.72
68 0.412198 1.23077 0.405974 1 28 0.663146 73 5 112.667
69 0.395026 1 0.388323 1 14 0.656536 62 0 103.286
70 0.284084 1 0.55087 1 7 0.483738 64 0 99.0244
71 0.126744 1 0.570899 1 4 0.449146 61 0 96.8787
72 0.0833367 1 0.853521 1 2 0.217529 62 0 95.489
73 0.0831412 1 0.76968 1 2 0.243371 62 0 95.4456
74 0.109922 1 0.98295 1 2 0.151515 57 0 95.6028
75 0.121026 1 1.12591 1 2 0.00463812 61 0 95.6898
76 0.126399 1 0.730243 1 3 0.302706 71 0 96.1003
77 0.159206 1 1.16413 1 2 0.0612285 50 0 95.7614
78 0.180041 1 0.993472 1 3 0.0584797 74 0 96.3244
79 0.266239 1 1.06128 1 3 0.0908091 54 0 96.4232
80 0.60017 1 1.11343 1 4 0.0494361 60 0 97.4106
81 0.961934 1 1.36191 1 5 0.106345 40 0 98.0049
82 1.20477 1 0.881302 1 8 0.173762 50 3 99.7879
83 0.835334 1.33333 1.06302 2 9 0.117493 75 0 101.319
84 0.400453 2 1.73822 2 11 0.0335922 103 0 103.196
85 1.10892 1.25 0.871343 1 17 0.131685 120 12 106.882
86 0.604345 1.84615 0.751652 2 18 0.368568 97 36 107.57
87 0.340651 2 0.89784 2 15 0.117995 85 38 106.253
88 1.22046 1.15385 0.649515 1 15 0.417532 51 7 104.854
89 1.18368 1.91667 0.802844 2 13 0.430564 59 13 104.108
90 1.19252 3 2.40292 3 13 0.0706325 74 0 106.072
91 0.640689 3.66667 2.63603 4 20 0.102315 141 6 112.02
92 0.344902 2.92308 1.90713 3 30 0.0716964 223 9 118.868
93 0.451882 1.83333 0.89662 2 45 0.134044 247 78 131.028
94 0.413356 1.07692 0.38602 1 45 0.633696 68 3 124.498
95 0.253709 1 0.178998 1 23 0.850393 61 0 108.496
96 0.260644 1 0.297726 1 12 0.73155 65 0 101.794
97 0.45281 1 0.716478 1 6 0.364866 59 0 98.6017
98 0.380614 1 1.02969 1 5 0.0192775 64 0 98.3465
99 0.269158 1 0.596132 1 6 0.400374 62 0 98.3161
100 0.21868 1 0.893717 1 4 0.165173 64 0 97.1546
101 0.0894499 1 0.440816 1 4 0.536661 61 0 96.6133
102 0.0838773 1 0.803777 1 2 0.258492 62 0 95.5888
103 0.0886774 1 0.868118 1 2 0.145778 62 0 95.6305
104 0.17586 1 1.03677 1 2 0.151785 54 0 95.692
105 0.260432 1 1.8 1 2 0 40 0 95.8324
106 0.353193 1 1.68643 1 3 0.0622579 55 0 96.6228
107 0.48668 1 1.42827 1 5 0.0491301 70 0 98.0071
108 0.93331 1 0.973199 1 8 0.103066 76 3 100.216
109 0.962074 1 0.713831 1 9 0.308288 47 0 100.25
110 1.36013 1 0.913557 1 7 0.121184 45 0 99.4886
111 1.68202 1.5 0.751718 2 9 0.303653 56 0 101.607
112 1.39291 2.53846 1.91535 3 10 0.108376 49 0 103.695
113 0.757778 3.58333 3.61608 4 15 0.0986718 110 0 107.907
114 2.10449 3.23077 2.29921 3 23 0.0534705 179 0 113.698
115 2.53425 4 1.11996 4 35 0.132426 111 146 124.598
116 2.54656 4.53846 0.918769 5 49 0.24185 79 109 136.635
117 2.46809 5.08333 1.01053 6 53 0.3109 83 96 140.703
118 0.473261 4.07692 1.60085 6 52 0.304862 141 63 142.228
119 2.93336 2.83333 1.93255 2 57 0.199818 211 45 142.876
120 1.10499 2 1.41835 2 57 0.190205 234 39 142.845
121 1.52461 1.25 0.960866 1 58 0.191802 160 60 142.652
122 0.854286 1 0.608609 1 57 0.514256 90 31 138.213
123 0.668291 1 0.706021 1 36 0.476328 42 0 123.601
124 0.488346 1 0.485203 1 27 0.669125 37 0 112.348
125 0.365293 1 0.877366 1 14 0.266325 49 6 105.511
126 0.33587 1 0.685052 1 14 0.385709 54 5 104.206
127 0.167964 1 0.935811 1 10 0.0937018 152 16 102.053
128 0.147697 1 0.721434 1 10 0.26444 180 18 101.322
129 0.146662 1 0.291997 1 8 0.713236 65 0 98.7657
130 0.206428 1 0.582662 1 4 0.432706 59 0 96.8633
131 0.432447 1 2.26645 1 2 0.0408621 28 0 96.0167
132 0.495248 1 2.32829 1 3 0.0753272 40 0 96.6419
133 1.18202 1 1.53389 1 5 0.0466052 63 0 98.0471
134 0.944159 1 1.06513 1 8 0.0598395 64 1 100.256
135 0.541164 1 1.00231 1 10 0.159115 61 6 101.878
136 0.428481 1 0.77714 1 11 0.253844 95 6 102.074
137 0.455959 1 0.707683 1 9 0.304234 76 0 100.748
138 2.2968 1 0.382838 1 7 0.647473 21 0 99.0008
139 1.63537 1.38462 1.40288 2 5 0.230273 31 0 98.9226
140 1.2824 2.25 2.32767 3 8 0.149904 36 0 102.003
141 0.583101 3.61538 5.82457 4 12 0.0855864 73 0 105.469
142 0.322185 2.25 3.73202 2 18 0.0796712 129 0 108.994
143 1.07361 1.07692 1.25715 1 27 0.0323652 330 0 114.949
144 2.33725 1 0.479706 1 38 0.527241 76 40 120.568
145 3.31607 1.53846 0.199375 2 29 0.860025 30 0 113.115
146 2.83569 1.83333 0.378379 3 22 0.709626 39 0 110.344
147 0.632057 2.61538 1.67233 5 17 0.279474 90 2 110.692
148 0.687627 2.66667 1.42529 3 26 0.101065 149 0 116.14
149 0.746084 2.23077 1.01429 2 39 0.115954 226 90 126.876
150 0.931153 2 0.679281 2 45 0.337122 88 54 128.03
151 1.23979 2 0.692255 2 34 0.459356 68 46 119.785
152 1.96955 2.66667 0.631529 3 32 0.45256 57 20 118.039
153 1.14644 3.23077 1.06419 5 29 0.30622 123 41 119.522
154 0.359395 5.25 2.34119 6 36 0.114083 210 17 126.897
155 0.325344 3.61538 0.99383 3 54 0.152277 283 242 140.771
156 1.71461 2.16667 0.624125 2 57 0.356188 55 37 136.571
157 0.875054 2 0.469841 2 52 0.730892 39 27 130.928
158 0.644254 2 0.953921 2 26 0.352313 88 62 118.221
159 0.560249 2 0.987824 2 28 0.161366 93 64 116.988
160 0.28813 2 0.776793 2 31 0.209943 119 74 117.684
161 1.08532 1.23077 0.391545 1 26 0.716075 49 10 110.959
162 0.721123 1 0.523669 1 16 0.597591 53 1 104.768
163 0.2206 1 0.789445 1 9 0.213002 93 1 101.055
164 0.319489 1 0.339548 1 8 0.683478 59 0 99.1077
165 0.439297 1 1.222 1 4 0.0589098 53 0 97.5296
166 0.478405 1 0.915134 1 6 0.10387 72 1 98.9253
167 0.749054 1 1.06221 1 6 0.0800245 53 0 98.9506
168 0.549123 1 0.900874 1 7 0.0860926 72 0 99.3333
