****************WLQ worker 3****************
Received WLQ tasks: 495
Average no. of tuples in the results set of a window: 2547.11
Average processing time per WLQ task (us): 277325
****************WLQ worker 29****************
Received WLQ tasks: 166
Average no. of tuples in the results set of a window: 4053.93
Average processing time per WLQ task (us): 437655
****************WLQ worker 35****************
Received WLQ tasks: 173
Average no. of tuples in the results set of a window: 3743.35
Average processing time per WLQ task (us): 434382
****************WLQ worker 1****************
Received WLQ tasks: 604
Average no. of tuples in the results set of a window: 2286.01
Average processing time per WLQ task (us): 233797
****************WLQ worker 0****************
Received WLQ tasks: 375
Average no. of tuples in the results set of a window: 2324.98
Average processing time per WLQ task (us): 238535
****************WLQ worker 12****************
Received WLQ tasks: 254
Average no. of tuples in the results set of a window: 3786.96
Average processing time per WLQ task (us): 413660
****************WLQ worker 31****************
Received WLQ tasks: 163
Average no. of tuples in the results set of a window: 3921.93
Average processing time per WLQ task (us): 465565
****************WLQ worker 41****************
Received WLQ tasks: 159
Average no. of tuples in the results set of a window: 3488
Average processing time per WLQ task (us): 458632
****************WLQ worker 36****************
Received WLQ tasks: 120
Average no. of tuples in the results set of a window: 3477
Average processing time per WLQ task (us): 418770
****************WLQ worker 33****************
Received WLQ tasks: 184
Average no. of tuples in the results set of a window: 3484.75
Average processing time per WLQ task (us): 429667
****************WLQ worker 26****************
Received WLQ tasks: 192
Average no. of tuples in the results set of a window: 3719.45
Average processing time per WLQ task (us): 384486
****************WLQ worker 57****************
Received WLQ tasks: 1072
Average no. of tuples in the results set of a window: 1854.73
Average processing time per WLQ task (us): 199102
****************WLQ worker 40****************
Received WLQ tasks: 179
Average no. of tuples in the results set of a window: 3639.17
Average processing time per WLQ task (us): 405454
****************WLQ worker 19****************
Received WLQ tasks: 174
Average no. of tuples in the results set of a window: 4002.86
Average processing time per WLQ task (us): 462591
****************WLQ worker 17****************
Received WLQ tasks: 196
Average no. of tuples in the results set of a window: 4118.25
Average processing time per WLQ task (us): 457598
****************WLQ worker 30****************
Received WLQ tasks: 151
Average no. of tuples in the results set of a window: 4383
Average processing time per WLQ task (us): 456539
****************WLQ worker 8****************
Received WLQ tasks: 299
Average no. of tuples in the results set of a window: 3462.59
Average processing time per WLQ task (us): 377160
****************WLQ worker 16****************
Received WLQ tasks: 155
Average no. of tuples in the results set of a window: 3757.13
Average processing time per WLQ task (us): 449065
****************WLQ worker 14****************
Received WLQ tasks: 271
Average no. of tuples in the results set of a window: 3651.96
Average processing time per WLQ task (us): 395584
****************WLQ worker 22****************
Received WLQ tasks: 191
Average no. of tuples in the results set of a window: 3965.86
Average processing time per WLQ task (us): 400333
****************WLQ worker 58****************
Received WLQ tasks: 1821
Average no. of tuples in the results set of a window: 1973.82
Average processing time per WLQ task (us): 183794
****************WLQ worker 55****************
Received WLQ tasks: 270
Average no. of tuples in the results set of a window: 2148.02
Average processing time per WLQ task (us): 283366
****************WLQ worker 56****************
Received WLQ tasks: 257
Average no. of tuples in the results set of a window: 2300.8
Average processing time per WLQ task (us): 274609
****************WLQ worker 38****************
Received WLQ tasks: 163
Average no. of tuples in the results set of a window: 3648.27
Average processing time per WLQ task (us): 469589
****************WLQ worker 37****************
Received WLQ tasks: 124
Average no. of tuples in the results set of a window: 3911
Average processing time per WLQ task (us): 538717
****************WLQ worker 47****************
Received WLQ tasks: 131
Average no. of tuples in the results set of a window: 3980.92
Average processing time per WLQ task (us): 468727
****************WLQ worker 48****************
Received WLQ tasks: 183
Average no. of tuples in the results set of a window: 3110.5
Average processing time per WLQ task (us): 381452
****************WLQ worker 53****************
Received WLQ tasks: 206
Average no. of tuples in the results set of a window: 2541.24
Average processing time per WLQ task (us): 318538
****************WLQ worker 54****************
Received WLQ tasks: 203
Average no. of tuples in the results set of a window: 2703.73
Average processing time per WLQ task (us): 334238
****************WLQ worker 51****************
Received WLQ tasks: 235
Average no. of tuples in the results set of a window: 2577.58
Average processing time per WLQ task (us): 275799
****************WLQ worker 52****************
Received WLQ tasks: 141
Average no. of tuples in the results set of a window: 2736.23
Average processing time per WLQ task (us): 268029
****************WLQ worker 45****************
Received WLQ tasks: 167
Average no. of tuples in the results set of a window: 3271.88
Average processing time per WLQ task (us): 364348
****************WLQ worker 46****************
Received WLQ tasks: 146
Average no. of tuples in the results set of a window: 3508.8
Average processing time per WLQ task (us): 435079
****************WLQ worker 49****************
Received WLQ tasks: 192
Average no. of tuples in the results set of a window: 2884.57
Average processing time per WLQ task (us): 327608
****************WLQ worker 50****************
Received WLQ tasks: 191
Average no. of tuples in the results set of a window: 2551.41
Average processing time per WLQ task (us): 341840
****************WLQ worker 43****************
Received WLQ tasks: 218
Average no. of tuples in the results set of a window: 3044.21
Average processing time per WLQ task (us): 359336
****************WLQ worker 44****************
Received WLQ tasks: 245
Average no. of tuples in the results set of a window: 3408.76
Average processing time per WLQ task (us): 337067
****************WLQ worker 34****************
Received WLQ tasks: 208
Average no. of tuples in the results set of a window: 3620.65
Average processing time per WLQ task (us): 399876
****************WLQ worker 18****************
Received WLQ tasks: 214
Average no. of tuples in the results set of a window: 3813.25
Average processing time per WLQ task (us): 356208
****************WLQ worker 2****************
Received WLQ tasks: 597
Average no. of tuples in the results set of a window: 2445.2
Average processing time per WLQ task (us): 248514
****************WLQ worker 6****************
Received WLQ tasks: 493
Average no. of tuples in the results set of a window: 2279.4
Average processing time per WLQ task (us): 327251
****************WLQ worker 11****************
Received WLQ tasks: 269
Average no. of tuples in the results set of a window: 3436.04
Average processing time per WLQ task (us): 383522
****************WLQ worker 24****************
Received WLQ tasks: 179
Average no. of tuples in the results set of a window: 3754.25
Average processing time per WLQ task (us): 395267
****************WLQ worker 42****************
Received WLQ tasks: 190
Average no. of tuples in the results set of a window: 3325.55
Average processing time per WLQ task (us): 395936
****************WLQ worker 39****************
Received WLQ tasks: 162
Average no. of tuples in the results set of a window: 3478.06
Average processing time per WLQ task (us): 451162
****************WLQ worker 25****************
Received WLQ tasks: 168
Average no. of tuples in the results set of a window: 3934.15
Average processing time per WLQ task (us): 441417
****************WLQ worker 20****************
Received WLQ tasks: 181
Average no. of tuples in the results set of a window: 4183.46
Average processing time per WLQ task (us): 458068
****************WLQ worker 5****************
Received WLQ tasks: 572
Average no. of tuples in the results set of a window: 2013.85
Average processing time per WLQ task (us): 199166
****************WLQ worker 10****************
Received WLQ tasks: 233
Average no. of tuples in the results set of a window: 3516.32
Average processing time per WLQ task (us): 365667
****************WLQ worker 9****************
Received WLQ tasks: 265
Average no. of tuples in the results set of a window: 3557.1
Average processing time per WLQ task (us): 359771
****************WLQ worker 4****************
Received WLQ tasks: 387
Average no. of tuples in the results set of a window: 2507.86
Average processing time per WLQ task (us): 288704
****************WLQ worker 7****************
Received WLQ tasks: 707
Average no. of tuples in the results set of a window: 2055.76
Average processing time per WLQ task (us): 232807
****************WLQ worker 27****************
Received WLQ tasks: 137
Average no. of tuples in the results set of a window: 4199.92
Average processing time per WLQ task (us): 521031
****************WLQ worker 28****************
Received WLQ tasks: 156
Average no. of tuples in the results set of a window: 3710.32
Average processing time per WLQ task (us): 478353
****************WLQ worker 23****************
Received WLQ tasks: 200
Average no. of tuples in the results set of a window: 3766.73
Average processing time per WLQ task (us): 395646
****************WLQ worker 15****************
Received WLQ tasks: 248
Average no. of tuples in the results set of a window: 3742.11
Average processing time per WLQ task (us): 388348
****************WLQ worker 13****************
Received WLQ tasks: 291
Average no. of tuples in the results set of a window: 3621.2
Average processing time per WLQ task (us): 329103
****************WLQ worker 21****************
Received WLQ tasks: 183
Average no. of tuples in the results set of a window: 4278.88
Average processing time per WLQ task (us): 457447
****************WLQ worker 32****************
Received WLQ tasks: 199
Average no. of tuples in the results set of a window: 3854.67
Average processing time per WLQ task (us): 423339
